000 (1354527.000.000) 02/17 06:59:30 Job submitted from host: <137.138.44.55:9618?addrs=137.138.44.55-9618+[2001-1458-d00-1a--48]-9618&alias=bigbird17.cern.ch&noUDP&sock=schedd_1694_8585_188>
...
040 (1354527.000.000) 02/17 07:04:03 Started transferring input files
	Transferring to host: <128.142.81.197:9618?addrs=128.142.81.197-9618+[2001-1458-301-f5--100-5ad]-9618&alias=b7s13n0602.cern.ch&noUDP&sock=slot1_8_16653_4b7e_9605>
...
040 (1354527.000.000) 02/17 07:04:03 Finished transferring input files
...
001 (1354527.000.000) 02/17 07:04:04 Job executing on host: <128.142.81.197:9618?addrs=128.142.81.197-9618+[2001-1458-301-f5--100-5ad]-9618&alias=b7s13n0602.cern.ch&noUDP&sock=startd_16685_19c5>
...
006 (1354527.000.000) 02/17 07:04:13 Image size of job updated: 88508
	33  -  MemoryUsage of job (MB)
	33600  -  ResidentSetSize of job (KB)
...
006 (1354527.000.000) 02/17 07:04:33 Image size of job updated: 1139328
	34  -  MemoryUsage of job (MB)
	34092  -  ResidentSetSize of job (KB)
...
040 (1354527.000.000) 02/17 07:04:33 Started transferring output files
...
040 (1354527.000.000) 02/17 07:04:33 Finished transferring output files
...
005 (1354527.000.000) 02/17 07:04:33 Job terminated.
	(1) Normal termination (return value 139)
		Usr 0 00:00:09, Sys 0 00:00:02  -  Run Remote Usage
		Usr 0 00:00:00, Sys 0 00:00:00  -  Run Local Usage
		Usr 0 00:00:09, Sys 0 00:00:02  -  Total Remote Usage
		Usr 0 00:00:00, Sys 0 00:00:00  -  Total Local Usage
	9956  -  Run Bytes Sent By Job
	1554  -  Run Bytes Received By Job
	9956  -  Total Bytes Sent By Job
	1554  -  Total Bytes Received By Job
	Partitionable Resources :    Usage  Request Allocated 
	   Cpus                 :                 1         1 
	   Disk (KB)            :       24        2    262917 
	   Memory (MB)          :       34     2000      2000 
...
