000 (1354707.000.000) 02/17 07:14:20 Job submitted from host: <137.138.44.55:9618?addrs=137.138.44.55-9618+[2001-1458-d00-1a--48]-9618&alias=bigbird17.cern.ch&noUDP&sock=schedd_1694_8585_188>
...
040 (1354707.000.000) 02/17 07:15:05 Started transferring input files
	Transferring to host: <128.142.79.86:9618?addrs=128.142.79.86-9618+[2001-1458-301-f4--100-22c]-9618&alias=b7s12n0967.cern.ch&noUDP&sock=slot1_9_23580_fe38_9516>
...
040 (1354707.000.000) 02/17 07:15:05 Finished transferring input files
...
001 (1354707.000.000) 02/17 07:15:06 Job executing on host: <128.142.79.86:9618?addrs=128.142.79.86-9618+[2001-1458-301-f4--100-22c]-9618&alias=b7s12n0967.cern.ch&noUDP&sock=startd_16456_0695>
...
006 (1354707.000.000) 02/17 07:15:15 Image size of job updated: 143288
	14  -  MemoryUsage of job (MB)
	13632  -  ResidentSetSize of job (KB)
...
006 (1354707.000.000) 02/17 07:18:18 Image size of job updated: 825660
	14  -  MemoryUsage of job (MB)
	13632  -  ResidentSetSize of job (KB)
...
040 (1354707.000.000) 02/17 07:18:18 Started transferring output files
...
040 (1354707.000.000) 02/17 07:18:18 Finished transferring output files
...
005 (1354707.000.000) 02/17 07:18:19 Job terminated.
	(1) Normal termination (return value 0)
		Usr 0 00:01:54, Sys 0 00:00:02  -  Run Remote Usage
		Usr 0 00:00:00, Sys 0 00:00:00  -  Run Local Usage
		Usr 0 00:01:54, Sys 0 00:00:02  -  Total Remote Usage
		Usr 0 00:00:00, Sys 0 00:00:00  -  Total Local Usage
	7996  -  Run Bytes Sent By Job
	1595  -  Run Bytes Received By Job
	7996  -  Total Bytes Sent By Job
	1595  -  Total Bytes Received By Job
	Partitionable Resources :    Usage  Request Allocated 
	   Cpus                 :                 1         1 
	   Disk (KB)            :       22        2    248550 
	   Memory (MB)          :       14     2000      2000 
...
