000 (1354720.000.000) 02/17 07:15:11 Job submitted from host: <137.138.44.55:9618?addrs=137.138.44.55-9618+[2001-1458-d00-1a--48]-9618&alias=bigbird17.cern.ch&noUDP&sock=schedd_1694_8585_188>
...
040 (1354720.000.000) 02/17 07:15:54 Started transferring input files
	Transferring to host: <128.142.82.239:9618?addrs=128.142.82.239-9618+[2001-1458-301-f5--100-9c]-9618&noUDP&sock=16919_b749_26888>
...
040 (1354720.000.000) 02/17 07:15:54 Finished transferring input files
...
001 (1354720.000.000) 02/17 07:15:55 Job executing on host: <128.142.82.239:9618?addrs=128.142.82.239-9618+[2001-1458-301-f5--100-9c]-9618&noUDP&sock=16763_9a29_3>
...
006 (1354720.000.000) 02/17 07:16:04 Image size of job updated: 327776
	261  -  MemoryUsage of job (MB)
	266972  -  ResidentSetSize of job (KB)
...
006 (1354720.000.000) 02/17 07:16:12 Image size of job updated: 592672
	261  -  MemoryUsage of job (MB)
	267068  -  ResidentSetSize of job (KB)
...
040 (1354720.000.000) 02/17 07:16:12 Started transferring output files
...
040 (1354720.000.000) 02/17 07:16:12 Finished transferring output files
...
005 (1354720.000.000) 02/17 07:16:12 Job terminated.
	(1) Normal termination (return value 139)
		Usr 0 00:00:10, Sys 0 00:00:02  -  Run Remote Usage
		Usr 0 00:00:00, Sys 0 00:00:00  -  Run Local Usage
		Usr 0 00:00:10, Sys 0 00:00:02  -  Total Remote Usage
		Usr 0 00:00:00, Sys 0 00:00:00  -  Total Local Usage
	9963  -  Run Bytes Sent By Job
	1595  -  Run Bytes Received By Job
	9963  -  Total Bytes Sent By Job
	1595  -  Total Bytes Received By Job
	Partitionable Resources :    Usage  Request Allocated 
	   Cpus                 :        0        1         1 
	   Disk (KB)            :       33        2    226947 
	   Memory (MB)          :      261     2000      2000 
...
