000 (1354471.000.000) 02/17 06:56:28 Job submitted from host: <137.138.44.55:9618?addrs=137.138.44.55-9618+[2001-1458-d00-1a--48]-9618&alias=bigbird17.cern.ch&noUDP&sock=schedd_1694_8585_188>
...
040 (1354471.000.000) 02/17 07:04:42 Started transferring input files
	Transferring to host: <188.184.210.131:9618?addrs=188.184.210.131-9618+[2001-1458-301-10b--100-2f0]-9618&alias=b7g23n1473.cern.ch&noUDP&sock=slot1_5_29443_01c6_2067>
...
040 (1354471.000.000) 02/17 07:04:42 Finished transferring input files
...
001 (1354471.000.000) 02/17 07:04:43 Job executing on host: <188.184.210.131:9618?addrs=188.184.210.131-9618+[2001-1458-301-10b--100-2f0]-9618&alias=b7g23n1473.cern.ch&noUDP&sock=startd_29342_bffa>
...
006 (1354471.000.000) 02/17 07:04:52 Image size of job updated: 558228
	152  -  MemoryUsage of job (MB)
	154908  -  ResidentSetSize of job (KB)
...
006 (1354471.000.000) 02/17 07:08:58 Image size of job updated: 826484
	152  -  MemoryUsage of job (MB)
	154908  -  ResidentSetSize of job (KB)
...
040 (1354471.000.000) 02/17 07:08:58 Started transferring output files
...
040 (1354471.000.000) 02/17 07:08:58 Finished transferring output files
...
005 (1354471.000.000) 02/17 07:08:58 Job terminated.
	(1) Normal termination (return value 0)
		Usr 0 00:01:52, Sys 0 00:00:02  -  Run Remote Usage
		Usr 0 00:00:00, Sys 0 00:00:00  -  Run Local Usage
		Usr 0 00:01:52, Sys 0 00:00:02  -  Total Remote Usage
		Usr 0 00:00:00, Sys 0 00:00:00  -  Total Local Usage
	7956  -  Run Bytes Sent By Job
	1554  -  Run Bytes Received By Job
	7956  -  Total Bytes Sent By Job
	1554  -  Total Bytes Received By Job
	Partitionable Resources :    Usage  Request Allocated 
	   Cpus                 :     0.43        1         1 
	   Disk (KB)            :    30           2    346882 
	   Memory (MB)          :   152        2000      2000 
...
