000 (1355307.000.000) 02/17 07:43:21 Job submitted from host: <137.138.44.55:9618?addrs=137.138.44.55-9618+[2001-1458-d00-1a--48]-9618&alias=bigbird17.cern.ch&noUDP&sock=schedd_1694_8585_188>
...
040 (1355307.000.000) 02/17 07:46:23 Started transferring input files
	Transferring to host: <128.142.77.23:9618?addrs=128.142.77.23-9618+[2001-1458-301-f4--100-6e7]-9618&noUDP&sock=16886_76e8_30329>
...
040 (1355307.000.000) 02/17 07:46:23 Finished transferring input files
...
001 (1355307.000.000) 02/17 07:46:24 Job executing on host: <128.142.77.23:9618?addrs=128.142.77.23-9618+[2001-1458-301-f4--100-6e7]-9618&noUDP&sock=16730_f789_3>
...
006 (1355307.000.000) 02/17 07:46:33 Image size of job updated: 91172
	34  -  MemoryUsage of job (MB)
	34520  -  ResidentSetSize of job (KB)
...
006 (1355307.000.000) 02/17 07:46:48 Image size of job updated: 243328
	35  -  MemoryUsage of job (MB)
	34916  -  ResidentSetSize of job (KB)
...
040 (1355307.000.000) 02/17 07:46:48 Started transferring output files
...
040 (1355307.000.000) 02/17 07:46:48 Finished transferring output files
...
005 (1355307.000.000) 02/17 07:46:48 Job terminated.
	(1) Normal termination (return value 0)
		Usr 0 00:00:07, Sys 0 00:00:01  -  Run Remote Usage
		Usr 0 00:00:00, Sys 0 00:00:00  -  Run Local Usage
		Usr 0 00:00:07, Sys 0 00:00:01  -  Total Remote Usage
		Usr 0 00:00:00, Sys 0 00:00:00  -  Total Local Usage
	8141  -  Run Bytes Sent By Job
	1486  -  Run Bytes Received By Job
	8141  -  Total Bytes Sent By Job
	1486  -  Total Bytes Received By Job
	Partitionable Resources :    Usage  Request Allocated 
	   Cpus                 :     0.06        1         1 
	   Disk (KB)            :    31           2    255779 
	   Memory (MB)          :    35        2000      2000 
...
