000 (1354466.000.000) 02/17 06:56:11 Job submitted from host: <137.138.44.55:9618?addrs=137.138.44.55-9618+[2001-1458-d00-1a--48]-9618&alias=bigbird17.cern.ch&noUDP&sock=schedd_1694_8585_188>
...
040 (1354466.000.000) 02/17 07:04:37 Started transferring input files
	Transferring to host: <128.142.80.153:9618?addrs=128.142.80.153-9618+[2001-1458-301-f5--100-5ae]-9618&noUDP&sock=16863_4247_26725>
...
040 (1354466.000.000) 02/17 07:04:37 Finished transferring input files
...
001 (1354466.000.000) 02/17 07:04:38 Job executing on host: <128.142.80.153:9618?addrs=128.142.80.153-9618+[2001-1458-301-f5--100-5ae]-9618&noUDP&sock=16706_8143_3>
...
006 (1354466.000.000) 02/17 07:04:47 Image size of job updated: 380196
	312  -  MemoryUsage of job (MB)
	319392  -  ResidentSetSize of job (KB)
...
006 (1354466.000.000) 02/17 07:04:53 Image size of job updated: 380196
	313  -  MemoryUsage of job (MB)
	319516  -  ResidentSetSize of job (KB)
...
040 (1354466.000.000) 02/17 07:04:53 Started transferring output files
...
040 (1354466.000.000) 02/17 07:04:53 Finished transferring output files
...
005 (1354466.000.000) 02/17 07:04:53 Job terminated.
	(1) Normal termination (return value 139)
		Usr 0 00:00:08, Sys 0 00:00:02  -  Run Remote Usage
		Usr 0 00:00:00, Sys 0 00:00:00  -  Run Local Usage
		Usr 0 00:00:08, Sys 0 00:00:02  -  Total Remote Usage
		Usr 0 00:00:00, Sys 0 00:00:00  -  Total Local Usage
	9955  -  Run Bytes Sent By Job
	1554  -  Run Bytes Received By Job
	9955  -  Total Bytes Sent By Job
	1554  -  Total Bytes Received By Job
	Partitionable Resources :    Usage  Request Allocated 
	   Cpus                 :        0        1         1 
	   Disk (KB)            :       33        2    157462 
	   Memory (MB)          :      313     2000      2000 
...
