000 (1354452.000.000) 02/17 06:55:08 Job submitted from host: <137.138.44.55:9618?addrs=137.138.44.55-9618+[2001-1458-d00-1a--48]-9618&alias=bigbird17.cern.ch&noUDP&sock=schedd_1694_8585_188>
...
040 (1354452.000.000) 02/17 07:03:35 Started transferring input files
	Transferring to host: <188.185.105.145:9618?addrs=188.185.105.145-9618+[2001-1458-d00-3e--100-6d]-9618&alias=b7g50s5167.cern.ch&noUDP&sock=slot1_3_12272_7bec_4353>
...
040 (1354452.000.000) 02/17 07:03:35 Finished transferring input files
...
001 (1354452.000.000) 02/17 07:03:36 Job executing on host: <188.185.105.145:9618?addrs=188.185.105.145-9618+[2001-1458-d00-3e--100-6d]-9618&alias=b7g50s5167.cern.ch&noUDP&sock=startd_18668_4613>
...
006 (1354452.000.000) 02/17 07:03:45 Image size of job updated: 617328
	145  -  MemoryUsage of job (MB)
	147840  -  ResidentSetSize of job (KB)
...
040 (1354452.000.000) 02/17 07:03:53 Started transferring output files
...
040 (1354452.000.000) 02/17 07:03:53 Finished transferring output files
...
005 (1354452.000.000) 02/17 07:03:53 Job terminated.
	(1) Normal termination (return value 139)
		Usr 0 00:00:06, Sys 0 00:00:01  -  Run Remote Usage
		Usr 0 00:00:00, Sys 0 00:00:00  -  Run Local Usage
		Usr 0 00:00:06, Sys 0 00:00:01  -  Total Remote Usage
		Usr 0 00:00:00, Sys 0 00:00:00  -  Total Local Usage
	9955  -  Run Bytes Sent By Job
	1553  -  Run Bytes Received By Job
	9955  -  Total Bytes Sent By Job
	1553  -  Total Bytes Received By Job
	Partitionable Resources :    Usage  Request Allocated 
	   Cpus                 :                 1         1 
	   Disk (KB)            :       24        2    561341 
	   Memory (MB)          :      145     2000      2000 
...
