000 (1355252.000.000) 02/17 07:41:09 Job submitted from host: <137.138.44.55:9618?addrs=137.138.44.55-9618+[2001-1458-d00-1a--48]-9618&alias=bigbird17.cern.ch&noUDP&sock=schedd_1694_8585_188>
...
040 (1355252.000.000) 02/17 07:41:12 Started transferring input files
	Transferring to host: <188.184.210.79:9618?addrs=188.184.210.79-9618+[2001-1458-301-10b--100-a5]-9618&alias=b7g23n1727.cern.ch&noUDP&sock=slot1_12_22126_84bd_4628>
...
040 (1355252.000.000) 02/17 07:41:12 Finished transferring input files
...
001 (1355252.000.000) 02/17 07:41:13 Job executing on host: <188.184.210.79:9618?addrs=188.184.210.79-9618+[2001-1458-301-10b--100-a5]-9618&alias=b7g23n1727.cern.ch&noUDP&sock=startd_17848_d26a>
...
006 (1355252.000.000) 02/17 07:41:22 Image size of job updated: 227788
	164  -  MemoryUsage of job (MB)
	167316  -  ResidentSetSize of job (KB)
...
006 (1355252.000.000) 02/17 07:41:30 Image size of job updated: 654856
	164  -  MemoryUsage of job (MB)
	167316  -  ResidentSetSize of job (KB)
...
040 (1355252.000.000) 02/17 07:41:30 Started transferring output files
...
040 (1355252.000.000) 02/17 07:41:30 Finished transferring output files
...
005 (1355252.000.000) 02/17 07:41:30 Job terminated.
	(1) Normal termination (return value 0)
		Usr 0 00:00:07, Sys 0 00:00:01  -  Run Remote Usage
		Usr 0 00:00:00, Sys 0 00:00:00  -  Run Local Usage
		Usr 0 00:00:07, Sys 0 00:00:01  -  Total Remote Usage
		Usr 0 00:00:00, Sys 0 00:00:00  -  Total Local Usage
	8183  -  Run Bytes Sent By Job
	1528  -  Run Bytes Received By Job
	8183  -  Total Bytes Sent By Job
	1528  -  Total Bytes Received By Job
	Partitionable Resources :    Usage  Request Allocated 
	   Cpus                 :                 1         1 
	   Disk (KB)            :       23        2    354388 
	   Memory (MB)          :      164     2000      2000 
...
