000 (1355186.000.000) 02/17 07:37:31 Job submitted from host: <137.138.44.55:9618?addrs=137.138.44.55-9618+[2001-1458-d00-1a--48]-9618&alias=bigbird17.cern.ch&noUDP&sock=schedd_1694_8585_188>
...
040 (1355186.000.000) 02/17 07:37:37 Started transferring input files
	Transferring to host: <188.184.207.63:9618?addrs=188.184.207.63-9618+[2001-1458-301-7d--100-316]-9618&alias=b7g27n0163.cern.ch&noUDP&sock=slot1_10_14495_c9e7_9515>
...
040 (1355186.000.000) 02/17 07:37:37 Finished transferring input files
...
001 (1355186.000.000) 02/17 07:37:38 Job executing on host: <188.184.207.63:9618?addrs=188.184.207.63-9618+[2001-1458-301-7d--100-316]-9618&alias=b7g27n0163.cern.ch&noUDP&sock=startd_2259_1088>
...
006 (1355186.000.000) 02/17 07:37:47 Image size of job updated: 247588
	175  -  MemoryUsage of job (MB)
	178644  -  ResidentSetSize of job (KB)
...
006 (1355186.000.000) 02/17 07:39:42 Image size of job updated: 776656
	175  -  MemoryUsage of job (MB)
	178644  -  ResidentSetSize of job (KB)
...
040 (1355186.000.000) 02/17 07:39:42 Started transferring output files
...
040 (1355186.000.000) 02/17 07:39:42 Finished transferring output files
...
005 (1355186.000.000) 02/17 07:39:42 Job terminated.
	(1) Normal termination (return value 0)
		Usr 0 00:01:24, Sys 0 00:00:03  -  Run Remote Usage
		Usr 0 00:00:00, Sys 0 00:00:00  -  Run Local Usage
		Usr 0 00:01:24, Sys 0 00:00:03  -  Total Remote Usage
		Usr 0 00:00:00, Sys 0 00:00:00  -  Total Local Usage
	13050  -  Run Bytes Sent By Job
	1559  -  Run Bytes Received By Job
	13050  -  Total Bytes Sent By Job
	1559  -  Total Bytes Received By Job
	Partitionable Resources :    Usage  Request Allocated 
	   Cpus                 :                 1         1 
	   Disk (KB)            :       28        2     99526 
	   Memory (MB)          :      175     2000      2000 
...
