000 (1354410.000.000) 02/17 06:52:22 Job submitted from host: <137.138.44.55:9618?addrs=137.138.44.55-9618+[2001-1458-d00-1a--48]-9618&alias=bigbird17.cern.ch&noUDP&sock=schedd_1694_8585_188>
...
040 (1354410.000.000) 02/17 07:03:58 Started transferring input files
	Transferring to host: <128.142.149.64:9618?addrs=128.142.149.64-9618+[2001-1458-301-b--100-23a]-9618&alias=b7g41n0420.cern.ch&noUDP&sock=slot1_5_28842_8c4e_24608>
...
040 (1354410.000.000) 02/17 07:03:58 Finished transferring input files
...
001 (1354410.000.000) 02/17 07:03:59 Job executing on host: <128.142.149.64:9618?addrs=128.142.149.64-9618+[2001-1458-301-b--100-23a]-9618&alias=b7g41n0420.cern.ch&noUDP&sock=startd_6564_efbe>
...
006 (1354410.000.000) 02/17 07:04:07 Image size of job updated: 311632
	245  -  MemoryUsage of job (MB)
	250848  -  ResidentSetSize of job (KB)
...
006 (1354410.000.000) 02/17 07:04:15 Image size of job updated: 1225404
	246  -  MemoryUsage of job (MB)
	250908  -  ResidentSetSize of job (KB)
...
040 (1354410.000.000) 02/17 07:04:15 Started transferring output files
...
040 (1354410.000.000) 02/17 07:04:15 Finished transferring output files
...
005 (1354410.000.000) 02/17 07:04:16 Job terminated.
	(1) Normal termination (return value 139)
		Usr 0 00:00:09, Sys 0 00:00:02  -  Run Remote Usage
		Usr 0 00:00:00, Sys 0 00:00:00  -  Run Local Usage
		Usr 0 00:00:09, Sys 0 00:00:02  -  Total Remote Usage
		Usr 0 00:00:00, Sys 0 00:00:00  -  Total Local Usage
	9946  -  Run Bytes Sent By Job
	1512  -  Run Bytes Received By Job
	9946  -  Total Bytes Sent By Job
	1512  -  Total Bytes Received By Job
	Partitionable Resources :    Usage  Request Allocated 
	   Cpus                 :                 1         1 
	   Disk (KB)            :       25        2    340804 
	   Memory (MB)          :      246     2000      2000 
...
