000 (1354524.000.000) 02/17 06:59:19 Job submitted from host: <137.138.44.55:9618?addrs=137.138.44.55-9618+[2001-1458-d00-1a--48]-9618&alias=bigbird17.cern.ch&noUDP&sock=schedd_1694_8585_188>
...
040 (1354524.000.000) 02/17 07:05:25 Started transferring input files
	Transferring to host: <128.142.85.32:9618?addrs=128.142.85.32-9618+[2001-1458-301-f6--100-45f]-9618&noUDP&sock=16888_dfa8_27238>
...
040 (1354524.000.000) 02/17 07:05:25 Finished transferring input files
...
001 (1354524.000.000) 02/17 07:05:26 Job executing on host: <128.142.85.32:9618?addrs=128.142.85.32-9618+[2001-1458-301-f6--100-45f]-9618&noUDP&sock=16731_a721_3>
...
006 (1354524.000.000) 02/17 07:05:35 Image size of job updated: 208040
	145  -  MemoryUsage of job (MB)
	148136  -  ResidentSetSize of job (KB)
...
006 (1354524.000.000) 02/17 07:05:52 Image size of job updated: 231416
	145  -  MemoryUsage of job (MB)
	148136  -  ResidentSetSize of job (KB)
...
040 (1354524.000.000) 02/17 07:05:52 Started transferring output files
...
040 (1354524.000.000) 02/17 07:05:52 Finished transferring output files
...
005 (1354524.000.000) 02/17 07:05:52 Job terminated.
	(1) Normal termination (return value 139)
		Usr 0 00:00:10, Sys 0 00:00:02  -  Run Remote Usage
		Usr 0 00:00:00, Sys 0 00:00:00  -  Run Local Usage
		Usr 0 00:00:10, Sys 0 00:00:02  -  Total Remote Usage
		Usr 0 00:00:00, Sys 0 00:00:00  -  Total Local Usage
	9955  -  Run Bytes Sent By Job
	1555  -  Run Bytes Received By Job
	9955  -  Total Bytes Sent By Job
	1555  -  Total Bytes Received By Job
	Partitionable Resources :    Usage  Request Allocated 
	   Cpus                 :        0        1         1 
	   Disk (KB)            :       32        2    249099 
	   Memory (MB)          :      145     2000      2000 
...
