000 (1354863.000.000) 02/17 07:22:22 Job submitted from host: <137.138.44.55:9618?addrs=137.138.44.55-9618+[2001-1458-d00-1a--48]-9618&alias=bigbird17.cern.ch&noUDP&sock=schedd_1694_8585_188>
...
040 (1354863.000.000) 02/17 07:22:27 Started transferring input files
	Transferring to host: <128.142.112.99:9618?addrs=128.142.112.99-9618+[2001-1458-301-90--100-47f]-9618&alias=b7s05n0508.cern.ch&noUDP&sock=slot1_4_27749_6e41_10437>
...
040 (1354863.000.000) 02/17 07:22:27 Finished transferring input files
...
001 (1354863.000.000) 02/17 07:22:28 Job executing on host: <128.142.112.99:9618?addrs=128.142.112.99-9618+[2001-1458-301-90--100-47f]-9618&alias=b7s05n0508.cern.ch&noUDP&sock=startd_2101_b091>
...
006 (1354863.000.000) 02/17 07:22:37 Image size of job updated: 615108
	145  -  MemoryUsage of job (MB)
	147780  -  ResidentSetSize of job (KB)
...
040 (1354863.000.000) 02/17 07:22:52 Started transferring output files
...
040 (1354863.000.000) 02/17 07:22:52 Finished transferring output files
...
005 (1354863.000.000) 02/17 07:22:52 Job terminated.
	(1) Normal termination (return value 139)
		Usr 0 00:00:11, Sys 0 00:00:03  -  Run Remote Usage
		Usr 0 00:00:00, Sys 0 00:00:00  -  Run Local Usage
		Usr 0 00:00:11, Sys 0 00:00:03  -  Total Remote Usage
		Usr 0 00:00:00, Sys 0 00:00:00  -  Total Local Usage
	9964  -  Run Bytes Sent By Job
	1594  -  Run Bytes Received By Job
	9964  -  Total Bytes Sent By Job
	1594  -  Total Bytes Received By Job
	Partitionable Resources :    Usage  Request Allocated 
	   Cpus                 :     0.60        1         1 
	   Disk (KB)            :    32           2    190015 
	   Memory (MB)          :   145        2000      2000 
...
