000 (1354421.000.000) 02/17 06:52:59 Job submitted from host: <137.138.44.55:9618?addrs=137.138.44.55-9618+[2001-1458-d00-1a--48]-9618&alias=bigbird17.cern.ch&noUDP&sock=schedd_1694_8585_188>
...
040 (1354421.000.000) 02/17 07:04:20 Started transferring input files
	Transferring to host: <128.142.120.149:9618?addrs=128.142.120.149-9618+[2001-1458-301-b5--100-e0]-9618&alias=b7s07n8117.cern.ch&noUDP&sock=slot1_1_32680_c42a_9323>
...
040 (1354421.000.000) 02/17 07:04:20 Finished transferring input files
...
001 (1354421.000.000) 02/17 07:04:21 Job executing on host: <128.142.120.149:9618?addrs=128.142.120.149-9618+[2001-1458-301-b5--100-e0]-9618&alias=b7s07n8117.cern.ch&noUDP&sock=startd_1671_bed8>
...
006 (1354421.000.000) 02/17 07:04:30 Image size of job updated: 271200
	232  -  MemoryUsage of job (MB)
	237440  -  ResidentSetSize of job (KB)
...
006 (1354421.000.000) 02/17 07:04:40 Image size of job updated: 1002628
	233  -  MemoryUsage of job (MB)
	237944  -  ResidentSetSize of job (KB)
...
040 (1354421.000.000) 02/17 07:04:40 Started transferring output files
...
040 (1354421.000.000) 02/17 07:04:40 Finished transferring output files
...
005 (1354421.000.000) 02/17 07:04:40 Job terminated.
	(1) Normal termination (return value 139)
		Usr 0 00:00:10, Sys 0 00:00:02  -  Run Remote Usage
		Usr 0 00:00:00, Sys 0 00:00:00  -  Run Local Usage
		Usr 0 00:00:10, Sys 0 00:00:02  -  Total Remote Usage
		Usr 0 00:00:00, Sys 0 00:00:00  -  Total Local Usage
	9945  -  Run Bytes Sent By Job
	1508  -  Run Bytes Received By Job
	9945  -  Total Bytes Sent By Job
	1508  -  Total Bytes Received By Job
	Partitionable Resources :    Usage  Request Allocated 
	   Cpus                 :                 1         1 
	   Disk (KB)            :       25        2    210672 
	   Memory (MB)          :      233     2000      2000 
...
