000 (1355094.000.000) 02/17 07:32:37 Job submitted from host: <137.138.44.55:9618?addrs=137.138.44.55-9618+[2001-1458-d00-1a--48]-9618&alias=bigbird17.cern.ch&noUDP&sock=schedd_1694_8585_188>
...
040 (1355094.000.000) 02/17 07:34:07 Started transferring input files
	Transferring to host: <188.184.143.99:9618?addrs=188.184.143.99-9618+[2001-1458-301-46--100-177]-9618&noUDP&sock=2967_4512_103415>
...
040 (1355094.000.000) 02/17 07:34:07 Finished transferring input files
...
001 (1355094.000.000) 02/17 07:34:08 Job executing on host: <188.184.143.99:9618?addrs=188.184.143.99-9618+[2001-1458-301-46--100-177]-9618&noUDP&sock=2002_c8b1_3>
...
006 (1355094.000.000) 02/17 07:34:16 Image size of job updated: 42216
	17  -  MemoryUsage of job (MB)
	17364  -  ResidentSetSize of job (KB)
...
040 (1355094.000.000) 02/17 07:36:48 Started transferring output files
...
040 (1355094.000.000) 02/17 07:36:48 Finished transferring output files
...
005 (1355094.000.000) 02/17 07:36:48 Job terminated.
	(1) Normal termination (return value 0)
		Usr 0 00:01:38, Sys 0 00:00:02  -  Run Remote Usage
		Usr 0 00:00:00, Sys 0 00:00:00  -  Run Local Usage
		Usr 0 00:01:38, Sys 0 00:00:02  -  Total Remote Usage
		Usr 0 00:00:00, Sys 0 00:00:00  -  Total Local Usage
	13014  -  Run Bytes Sent By Job
	1524  -  Run Bytes Received By Job
	13014  -  Total Bytes Sent By Job
	1524  -  Total Bytes Received By Job
	Partitionable Resources :    Usage  Request Allocated 
	   Cpus                 :     0.76        1         1 
	   Disk (KB)            :    36           2    210311 
	   Memory (MB)          :    17        2000      2000 
...
