000 (1354664.000.000) 02/17 07:10:55 Job submitted from host: <137.138.44.55:9618?addrs=137.138.44.55-9618+[2001-1458-d00-1a--48]-9618&alias=bigbird17.cern.ch&noUDP&sock=schedd_1694_8585_188>
...
040 (1354664.000.000) 02/17 07:11:29 Started transferring input files
	Transferring to host: <128.142.120.50:9618?addrs=128.142.120.50-9618+[2001-1458-301-b5--100-2d]-9618&alias=b7s07n3728.cern.ch&noUDP&sock=slot1_1_20644_50c1_4122>
...
040 (1354664.000.000) 02/17 07:11:29 Finished transferring input files
...
001 (1354664.000.000) 02/17 07:11:30 Job executing on host: <128.142.120.50:9618?addrs=128.142.120.50-9618+[2001-1458-301-b5--100-2d]-9618&alias=b7s07n3728.cern.ch&noUDP&sock=startd_1811_c61a>
...
006 (1354664.000.000) 02/17 07:11:39 Image size of job updated: 419728
	2  -  MemoryUsage of job (MB)
	1728  -  ResidentSetSize of job (KB)
...
006 (1354664.000.000) 02/17 07:12:35 Image size of job updated: 906720
	2  -  MemoryUsage of job (MB)
	1728  -  ResidentSetSize of job (KB)
...
040 (1354664.000.000) 02/17 07:12:35 Started transferring output files
...
040 (1354664.000.000) 02/17 07:12:35 Finished transferring output files
...
005 (1354664.000.000) 02/17 07:12:35 Job terminated.
	(1) Normal termination (return value 139)
		Usr 0 00:00:11, Sys 0 00:00:03  -  Run Remote Usage
		Usr 0 00:00:00, Sys 0 00:00:00  -  Run Local Usage
		Usr 0 00:00:11, Sys 0 00:00:03  -  Total Remote Usage
		Usr 0 00:00:00, Sys 0 00:00:00  -  Total Local Usage
	9954  -  Run Bytes Sent By Job
	1549  -  Run Bytes Received By Job
	9954  -  Total Bytes Sent By Job
	1549  -  Total Bytes Received By Job
	Partitionable Resources :    Usage  Request Allocated 
	   Cpus                 :                 1         1 
	   Disk (KB)            :       24        2    179287 
	   Memory (MB)          :        2     2000      2000 
...
