000 (1354722.000.000) 02/17 07:15:13 Job submitted from host: <137.138.44.55:9618?addrs=137.138.44.55-9618+[2001-1458-d00-1a--48]-9618&alias=bigbird17.cern.ch&noUDP&sock=schedd_1694_8585_188>
...
040 (1354722.000.000) 02/17 07:15:54 Started transferring input files
	Transferring to host: <128.142.74.98:9618?addrs=128.142.74.98-9618&alias=b7s11n5200.cern.ch&noUDP&sock=slot1_16_2789_da4a_8706>
...
040 (1354722.000.000) 02/17 07:15:54 Finished transferring input files
...
001 (1354722.000.000) 02/17 07:15:55 Job executing on host: <128.142.74.98:9618?addrs=128.142.74.98-9618&alias=b7s11n5200.cern.ch&noUDP&sock=startd_16706_8143>
...
006 (1354722.000.000) 02/17 07:16:04 Image size of job updated: 262000
	149  -  MemoryUsage of job (MB)
	152484  -  ResidentSetSize of job (KB)
...
006 (1354722.000.000) 02/17 07:19:03 Image size of job updated: 826948
	149  -  MemoryUsage of job (MB)
	152484  -  ResidentSetSize of job (KB)
...
040 (1354722.000.000) 02/17 07:19:03 Started transferring output files
...
040 (1354722.000.000) 02/17 07:19:03 Finished transferring output files
...
005 (1354722.000.000) 02/17 07:19:03 Job terminated.
	(1) Normal termination (return value 0)
		Usr 0 00:02:04, Sys 0 00:00:02  -  Run Remote Usage
		Usr 0 00:00:00, Sys 0 00:00:00  -  Run Local Usage
		Usr 0 00:02:04, Sys 0 00:00:02  -  Total Remote Usage
		Usr 0 00:00:00, Sys 0 00:00:00  -  Total Local Usage
	7997  -  Run Bytes Sent By Job
	1595  -  Run Bytes Received By Job
	7997  -  Total Bytes Sent By Job
	1595  -  Total Bytes Received By Job
	Partitionable Resources :    Usage  Request Allocated 
	   Cpus                 :                 1         1 
	   Disk (KB)            :       22        2    172232 
	   Memory (MB)          :      149     2000      2000 
...
