000 (1354534.000.000) 02/17 06:59:57 Job submitted from host: <137.138.44.55:9618?addrs=137.138.44.55-9618+[2001-1458-d00-1a--48]-9618&alias=bigbird17.cern.ch&noUDP&sock=schedd_1694_8585_188>
...
040 (1354534.000.000) 02/17 07:05:53 Started transferring input files
	Transferring to host: <128.142.110.181:9618?addrs=128.142.110.181-9618&alias=b7s04n7179.cern.ch&noUDP&sock=slot1_3_10805_d990_9553>
...
040 (1354534.000.000) 02/17 07:05:53 Finished transferring input files
...
001 (1354534.000.000) 02/17 07:05:54 Job executing on host: <128.142.110.181:9618?addrs=128.142.110.181-9618&alias=b7s04n7179.cern.ch&noUDP&sock=startd_11203_e797>
...
006 (1354534.000.000) 02/17 07:06:03 Image size of job updated: 207660
	145  -  MemoryUsage of job (MB)
	147748  -  ResidentSetSize of job (KB)
...
006 (1354534.000.000) 02/17 07:06:19 Image size of job updated: 1016800
	145  -  MemoryUsage of job (MB)
	147748  -  ResidentSetSize of job (KB)
...
040 (1354534.000.000) 02/17 07:06:19 Started transferring output files
...
040 (1354534.000.000) 02/17 07:06:19 Finished transferring output files
...
005 (1354534.000.000) 02/17 07:06:19 Job terminated.
	(1) Normal termination (return value 139)
		Usr 0 00:00:12, Sys 0 00:00:04  -  Run Remote Usage
		Usr 0 00:00:00, Sys 0 00:00:00  -  Run Local Usage
		Usr 0 00:00:12, Sys 0 00:00:04  -  Total Remote Usage
		Usr 0 00:00:00, Sys 0 00:00:00  -  Total Local Usage
	9954  -  Run Bytes Sent By Job
	1554  -  Run Bytes Received By Job
	9954  -  Total Bytes Sent By Job
	1554  -  Total Bytes Received By Job
	Partitionable Resources :    Usage  Request Allocated 
	   Cpus                 :     0.96        1         1 
	   Disk (KB)            :    31           2    199077 
	   Memory (MB)          :   145        2000      2000 
...
