000 (1354802.000.000) 02/17 07:19:33 Job submitted from host: <137.138.44.55:9618?addrs=137.138.44.55-9618+[2001-1458-d00-1a--48]-9618&alias=bigbird17.cern.ch&noUDP&sock=schedd_1694_8585_188>
...
040 (1354802.000.000) 02/17 07:20:27 Started transferring input files
	Transferring to host: <128.142.71.194:9618?addrs=128.142.71.194-9618+[2001-1458-301-52--100-6ab]-9618&alias=b7s10n8407.cern.ch&noUDP&sock=slot1_12_3150_35b9_3908>
...
040 (1354802.000.000) 02/17 07:20:27 Finished transferring input files
...
001 (1354802.000.000) 02/17 07:20:28 Job executing on host: <128.142.71.194:9618?addrs=128.142.71.194-9618+[2001-1458-301-52--100-6ab]-9618&alias=b7s10n8407.cern.ch&noUDP&sock=startd_2140_70c3>
...
006 (1354802.000.000) 02/17 07:20:37 Image size of job updated: 511928
	43  -  MemoryUsage of job (MB)
	43388  -  ResidentSetSize of job (KB)
...
006 (1354802.000.000) 02/17 07:20:58 Image size of job updated: 1081676
	43  -  MemoryUsage of job (MB)
	43396  -  ResidentSetSize of job (KB)
...
040 (1354802.000.000) 02/17 07:20:58 Started transferring output files
...
040 (1354802.000.000) 02/17 07:20:58 Finished transferring output files
...
005 (1354802.000.000) 02/17 07:20:59 Job terminated.
	(1) Normal termination (return value 139)
		Usr 0 00:00:10, Sys 0 00:00:02  -  Run Remote Usage
		Usr 0 00:00:00, Sys 0 00:00:00  -  Run Local Usage
		Usr 0 00:00:10, Sys 0 00:00:02  -  Total Remote Usage
		Usr 0 00:00:00, Sys 0 00:00:00  -  Total Local Usage
	9964  -  Run Bytes Sent By Job
	1595  -  Run Bytes Received By Job
	9964  -  Total Bytes Sent By Job
	1595  -  Total Bytes Received By Job
	Partitionable Resources :    Usage  Request Allocated 
	   Cpus                 :                 1         1 
	   Disk (KB)            :       24        2    241060 
	   Memory (MB)          :       43     2000      2000 
...
