000 (1354907.000.000) 02/17 07:24:25 Job submitted from host: <137.138.44.55:9618?addrs=137.138.44.55-9618+[2001-1458-d00-1a--48]-9618&alias=bigbird17.cern.ch&noUDP&sock=schedd_1694_8585_188>
...
040 (1354907.000.000) 02/17 07:25:08 Started transferring input files
	Transferring to host: <128.142.121.23:9618?addrs=128.142.121.23-9618+[2001-1458-301-b5--100-195]-9618&alias=b7s07n5335.cern.ch&noUDP&sock=slot1_5_23456_9fb3_4768>
...
040 (1354907.000.000) 02/17 07:25:08 Finished transferring input files
...
001 (1354907.000.000) 02/17 07:25:09 Job executing on host: <128.142.121.23:9618?addrs=128.142.121.23-9618+[2001-1458-301-b5--100-195]-9618&alias=b7s07n5335.cern.ch&noUDP&sock=startd_1911_5d93>
...
006 (1354907.000.000) 02/17 07:25:17 Image size of job updated: 241100
	177  -  MemoryUsage of job (MB)
	180628  -  ResidentSetSize of job (KB)
...
006 (1354907.000.000) 02/17 07:28:52 Image size of job updated: 783340
	177  -  MemoryUsage of job (MB)
	180628  -  ResidentSetSize of job (KB)
...
040 (1354907.000.000) 02/17 07:28:52 Started transferring output files
...
040 (1354907.000.000) 02/17 07:28:52 Finished transferring output files
...
005 (1354907.000.000) 02/17 07:28:52 Job terminated.
	(1) Normal termination (return value 0)
		Usr 0 00:02:34, Sys 0 00:00:02  -  Run Remote Usage
		Usr 0 00:00:00, Sys 0 00:00:00  -  Run Local Usage
		Usr 0 00:02:34, Sys 0 00:00:02  -  Total Remote Usage
		Usr 0 00:00:00, Sys 0 00:00:00  -  Total Local Usage
	12759  -  Run Bytes Sent By Job
	1417  -  Run Bytes Received By Job
	12759  -  Total Bytes Sent By Job
	1417  -  Total Bytes Received By Job
	Partitionable Resources :    Usage  Request Allocated 
	   Cpus                 :                 1         1 
	   Disk (KB)            :       28        2    204250 
	   Memory (MB)          :      177     2000      2000 
...
