000 (1354766.000.000) 02/17 07:17:57 Job submitted from host: <137.138.44.55:9618?addrs=137.138.44.55-9618+[2001-1458-d00-1a--48]-9618&alias=bigbird17.cern.ch&noUDP&sock=schedd_1694_8585_188>
...
040 (1354766.000.000) 02/17 07:18:44 Started transferring input files
	Transferring to host: <128.142.69.184:9618?addrs=128.142.69.184-9618+[2001-1458-301-52--100-2ee]-9618&alias=b7s10n2121.cern.ch&noUDP&sock=slot1_3_4673_4d17_4339>
...
040 (1354766.000.000) 02/17 07:18:44 Finished transferring input files
...
001 (1354766.000.000) 02/17 07:18:45 Job executing on host: <128.142.69.184:9618?addrs=128.142.69.184-9618+[2001-1458-301-52--100-2ee]-9618&alias=b7s10n2121.cern.ch&noUDP&sock=startd_3732_6b89>
...
006 (1354766.000.000) 02/17 07:18:53 Image size of job updated: 814948
	170  -  MemoryUsage of job (MB)
	173768  -  ResidentSetSize of job (KB)
...
006 (1354766.000.000) 02/17 07:20:55 Image size of job updated: 826652
	170  -  MemoryUsage of job (MB)
	173768  -  ResidentSetSize of job (KB)
...
040 (1354766.000.000) 02/17 07:20:55 Started transferring output files
...
040 (1354766.000.000) 02/17 07:20:55 Finished transferring output files
...
005 (1354766.000.000) 02/17 07:20:55 Job terminated.
	(1) Normal termination (return value 0)
		Usr 0 00:01:42, Sys 0 00:00:03  -  Run Remote Usage
		Usr 0 00:00:00, Sys 0 00:00:00  -  Run Local Usage
		Usr 0 00:01:42, Sys 0 00:00:03  -  Total Remote Usage
		Usr 0 00:00:00, Sys 0 00:00:00  -  Total Local Usage
	7996  -  Run Bytes Sent By Job
	1594  -  Run Bytes Received By Job
	7996  -  Total Bytes Sent By Job
	1594  -  Total Bytes Received By Job
	Partitionable Resources :    Usage  Request Allocated 
	   Cpus                 :                 1         1 
	   Disk (KB)            :       23        2    246660 
	   Memory (MB)          :      170     2000      2000 
...
