000 (1354965.000.000) 02/17 07:27:04 Job submitted from host: <137.138.44.55:9618?addrs=137.138.44.55-9618+[2001-1458-d00-1a--48]-9618&alias=bigbird17.cern.ch&noUDP&sock=schedd_1694_8585_188>
...
040 (1354965.000.000) 02/17 07:27:10 Started transferring input files
	Transferring to host: <188.184.211.0:9618?addrs=188.184.211.0-9618+[2001-1458-301-10b--100-27]-9618&alias=b7g23n1767.cern.ch&noUDP&sock=slot1_12_32454_8761_2974>
...
040 (1354965.000.000) 02/17 07:27:10 Finished transferring input files
...
001 (1354965.000.000) 02/17 07:27:11 Job executing on host: <188.184.211.0:9618?addrs=188.184.211.0-9618+[2001-1458-301-10b--100-27]-9618&alias=b7g23n1767.cern.ch&noUDP&sock=startd_16503_4389>
...
006 (1354965.000.000) 02/17 07:27:19 Image size of job updated: 622520
	0  -  MemoryUsage of job (MB)
	0  -  ResidentSetSize of job (KB)
...
040 (1354965.000.000) 02/17 07:27:19 Started transferring output files
...
040 (1354965.000.000) 02/17 07:27:19 Finished transferring output files
...
005 (1354965.000.000) 02/17 07:27:19 Job terminated.
	(1) Normal termination (return value 0)
		Usr 0 00:00:04, Sys 0 00:00:01  -  Run Remote Usage
		Usr 0 00:00:00, Sys 0 00:00:00  -  Run Local Usage
		Usr 0 00:00:04, Sys 0 00:00:01  -  Total Remote Usage
		Usr 0 00:00:00, Sys 0 00:00:00  -  Total Local Usage
	12877  -  Run Bytes Sent By Job
	1460  -  Run Bytes Received By Job
	12877  -  Total Bytes Sent By Job
	1460  -  Total Bytes Received By Job
	Partitionable Resources :    Usage  Request Allocated 
	   Cpus                 :                 1         1 
	   Disk (KB)            :       28        2    329951 
	   Memory (MB)          :        0     2000      2000 
...
