000 (1354959.000.000) 02/17 07:26:52 Job submitted from host: <137.138.44.55:9618?addrs=137.138.44.55-9618+[2001-1458-d00-1a--48]-9618&alias=bigbird17.cern.ch&noUDP&sock=schedd_1694_8585_188>
...
040 (1354959.000.000) 02/17 07:27:01 Started transferring input files
	Transferring to host: <188.184.213.79:9618?addrs=188.184.213.79-9618+[2001-1458-301-10c--100-181]-9618&noUDP&sock=32151_09b4_71825>
...
040 (1354959.000.000) 02/17 07:27:01 Finished transferring input files
...
001 (1354959.000.000) 02/17 07:27:02 Job executing on host: <188.184.213.79:9618?addrs=188.184.213.79-9618+[2001-1458-301-10c--100-181]-9618&noUDP&sock=32113_6ce9_3>
...
006 (1354959.000.000) 02/17 07:27:07 Image size of job updated: 261864
	0  -  MemoryUsage of job (MB)
	0  -  ResidentSetSize of job (KB)
...
040 (1354959.000.000) 02/17 07:27:07 Started transferring output files
...
040 (1354959.000.000) 02/17 07:27:07 Finished transferring output files
...
005 (1354959.000.000) 02/17 07:27:07 Job terminated.
	(1) Normal termination (return value 0)
		Usr 0 00:00:02, Sys 0 00:00:00  -  Run Remote Usage
		Usr 0 00:00:00, Sys 0 00:00:00  -  Run Local Usage
		Usr 0 00:00:02, Sys 0 00:00:00  -  Total Remote Usage
		Usr 0 00:00:00, Sys 0 00:00:00  -  Total Local Usage
	12873  -  Run Bytes Sent By Job
	1457  -  Run Bytes Received By Job
	12873  -  Total Bytes Sent By Job
	1457  -  Total Bytes Received By Job
	Partitionable Resources :    Usage  Request Allocated 
	   Cpus                 :        0        1         1 
	   Disk (KB)            :       36        2    281832 
	   Memory (MB)          :        0     2000      2000 
...
