000 (1355221.000.000) 02/17 07:39:10 Job submitted from host: <137.138.44.55:9618?addrs=137.138.44.55-9618+[2001-1458-d00-1a--48]-9618&alias=bigbird17.cern.ch&noUDP&sock=schedd_1694_8585_188>
...
040 (1355221.000.000) 02/17 07:39:12 Started transferring input files
	Transferring to host: <188.184.197.130:9618?addrs=188.184.197.130-9618&alias=b7g23n9249.cern.ch&noUDP&sock=slot1_3_6224_1ef6_4152>
...
040 (1355221.000.000) 02/17 07:39:12 Finished transferring input files
...
001 (1355221.000.000) 02/17 07:39:13 Job executing on host: <188.184.197.130:9618?addrs=188.184.197.130-9618&alias=b7g23n9249.cern.ch&noUDP&sock=startd_18337_3c3a>
...
006 (1355221.000.000) 02/17 07:39:21 Image size of job updated: 654836
	167  -  MemoryUsage of job (MB)
	170356  -  ResidentSetSize of job (KB)
...
006 (1355221.000.000) 02/17 07:39:27 Image size of job updated: 654836
	167  -  MemoryUsage of job (MB)
	170444  -  ResidentSetSize of job (KB)
...
040 (1355221.000.000) 02/17 07:39:28 Started transferring output files
...
040 (1355221.000.000) 02/17 07:39:28 Finished transferring output files
...
005 (1355221.000.000) 02/17 07:39:28 Job terminated.
	(1) Normal termination (return value 0)
		Usr 0 00:00:08, Sys 0 00:00:01  -  Run Remote Usage
		Usr 0 00:00:00, Sys 0 00:00:00  -  Run Local Usage
		Usr 0 00:00:08, Sys 0 00:00:01  -  Total Remote Usage
		Usr 0 00:00:00, Sys 0 00:00:00  -  Total Local Usage
	8181  -  Run Bytes Sent By Job
	1528  -  Run Bytes Received By Job
	8181  -  Total Bytes Sent By Job
	1528  -  Total Bytes Received By Job
	Partitionable Resources :    Usage  Request Allocated 
	   Cpus                 :                 1         1 
	   Disk (KB)            :       23        2    243927 
	   Memory (MB)          :      167     2000      2000 
...
