000 (1354779.000.000) 02/17 07:18:37 Job submitted from host: <137.138.44.55:9618?addrs=137.138.44.55-9618+[2001-1458-d00-1a--48]-9618&alias=bigbird17.cern.ch&noUDP&sock=schedd_1694_8585_188>
...
040 (1354779.000.000) 02/17 07:19:46 Started transferring input files
	Transferring to host: <128.142.84.199:9618?addrs=128.142.84.199-9618+[2001-1458-301-f6--100-48b]-9618&noUDP&sock=16772_2423_29003>
...
040 (1354779.000.000) 02/17 07:19:46 Finished transferring input files
...
001 (1354779.000.000) 02/17 07:19:47 Job executing on host: <128.142.84.199:9618?addrs=128.142.84.199-9618+[2001-1458-301-f6--100-48b]-9618&noUDP&sock=16616_c5bd_3>
...
006 (1354779.000.000) 02/17 07:19:55 Image size of job updated: 242672
	175  -  MemoryUsage of job (MB)
	178356  -  ResidentSetSize of job (KB)
...
006 (1354779.000.000) 02/17 07:20:06 Image size of job updated: 242672
	175  -  MemoryUsage of job (MB)
	178368  -  ResidentSetSize of job (KB)
...
040 (1354779.000.000) 02/17 07:20:06 Started transferring output files
...
040 (1354779.000.000) 02/17 07:20:06 Finished transferring output files
...
005 (1354779.000.000) 02/17 07:20:07 Job terminated.
	(1) Normal termination (return value 139)
		Usr 0 00:00:10, Sys 0 00:00:02  -  Run Remote Usage
		Usr 0 00:00:00, Sys 0 00:00:00  -  Run Local Usage
		Usr 0 00:00:10, Sys 0 00:00:02  -  Total Remote Usage
		Usr 0 00:00:00, Sys 0 00:00:00  -  Total Local Usage
	9964  -  Run Bytes Sent By Job
	1594  -  Run Bytes Received By Job
	9964  -  Total Bytes Sent By Job
	1594  -  Total Bytes Received By Job
	Partitionable Resources :    Usage  Request Allocated 
	   Cpus                 :        0        1         1 
	   Disk (KB)            :       33        2    247917 
	   Memory (MB)          :      175     2000      2000 
...
