000 (1355190.000.000) 02/17 07:37:42 Job submitted from host: <137.138.44.55:9618?addrs=137.138.44.55-9618+[2001-1458-d00-1a--48]-9618&alias=bigbird17.cern.ch&noUDP&sock=schedd_1694_8585_188>
...
040 (1355190.000.000) 02/17 07:37:56 Started transferring input files
	Transferring to host: <188.184.132.199:9618?addrs=188.184.132.199-9618+[2001-1458-301-a0--100-e5]-9618&noUDP&sock=14053_5c15_157477>
...
040 (1355190.000.000) 02/17 07:37:56 Finished transferring input files
...
001 (1355190.000.000) 02/17 07:37:57 Job executing on host: <188.184.132.199:9618?addrs=188.184.132.199-9618+[2001-1458-301-a0--100-e5]-9618&noUDP&sock=2425_ed41_3>
...
006 (1355190.000.000) 02/17 07:38:06 Image size of job updated: 241032
	177  -  MemoryUsage of job (MB)
	180560  -  ResidentSetSize of job (KB)
...
006 (1355190.000.000) 02/17 07:41:27 Image size of job updated: 361172
	177  -  MemoryUsage of job (MB)
	180560  -  ResidentSetSize of job (KB)
...
040 (1355190.000.000) 02/17 07:41:27 Started transferring output files
...
040 (1355190.000.000) 02/17 07:41:27 Finished transferring output files
...
005 (1355190.000.000) 02/17 07:41:28 Job terminated.
	(1) Normal termination (return value 0)
		Usr 0 00:01:47, Sys 0 00:00:02  -  Run Remote Usage
		Usr 0 00:00:00, Sys 0 00:00:00  -  Run Local Usage
		Usr 0 00:01:47, Sys 0 00:00:02  -  Total Remote Usage
		Usr 0 00:00:00, Sys 0 00:00:00  -  Total Local Usage
	13050  -  Run Bytes Sent By Job
	1560  -  Run Bytes Received By Job
	13050  -  Total Bytes Sent By Job
	1560  -  Total Bytes Received By Job
	Partitionable Resources :    Usage  Request Allocated 
	   Cpus                 :        0        1         1 
	   Disk (KB)            :       36        2    203875 
	   Memory (MB)          :      177     2000      2000 
...
