000 (1354632.000.000) 02/17 07:08:06 Job submitted from host: <137.138.44.55:9618?addrs=137.138.44.55-9618+[2001-1458-d00-1a--48]-9618&alias=bigbird17.cern.ch&noUDP&sock=schedd_1694_8585_188>
...
040 (1354632.000.000) 02/17 07:09:16 Started transferring input files
	Transferring to host: <188.184.169.74:9618?addrs=188.184.169.74-9618+[2001-1458-301-c0--100-4d4]-9618&noUDP&sock=16933_948a_72114>
...
040 (1354632.000.000) 02/17 07:09:16 Finished transferring input files
...
001 (1354632.000.000) 02/17 07:09:17 Job executing on host: <188.184.169.74:9618?addrs=188.184.169.74-9618+[2001-1458-301-c0--100-4d4]-9618&noUDP&sock=16798_9bf9_3>
...
006 (1354632.000.000) 02/17 07:09:26 Image size of job updated: 1356
	2  -  MemoryUsage of job (MB)
	1356  -  ResidentSetSize of job (KB)
...
006 (1354632.000.000) 02/17 07:14:27 Image size of job updated: 401092
	326  -  MemoryUsage of job (MB)
	332856  -  ResidentSetSize of job (KB)
...
006 (1354632.000.000) 02/17 07:14:28 Image size of job updated: 401188
	326  -  MemoryUsage of job (MB)
	332856  -  ResidentSetSize of job (KB)
...
040 (1354632.000.000) 02/17 07:14:28 Started transferring output files
...
040 (1354632.000.000) 02/17 07:14:28 Finished transferring output files
...
005 (1354632.000.000) 02/17 07:14:28 Job terminated.
	(1) Normal termination (return value 0)
		Usr 0 00:01:41, Sys 0 00:00:01  -  Run Remote Usage
		Usr 0 00:00:00, Sys 0 00:00:00  -  Run Local Usage
		Usr 0 00:01:41, Sys 0 00:00:01  -  Total Remote Usage
		Usr 0 00:00:00, Sys 0 00:00:00  -  Total Local Usage
	7956  -  Run Bytes Sent By Job
	1555  -  Run Bytes Received By Job
	7956  -  Total Bytes Sent By Job
	1555  -  Total Bytes Received By Job
	Partitionable Resources :    Usage  Request Allocated 
	   Cpus                 :     0.15        1         1 
	   Disk (KB)            :    31           2    255217 
	   Memory (MB)          :   326        2000      2000 
...
