000 (1355050.000.000) 02/17 07:31:17 Job submitted from host: <137.138.44.55:9618?addrs=137.138.44.55-9618+[2001-1458-d00-1a--48]-9618&alias=bigbird17.cern.ch&noUDP&sock=schedd_1694_8585_188>
...
040 (1355050.000.000) 02/17 07:31:38 Started transferring input files
	Transferring to host: <128.142.86.182:9618?addrs=128.142.86.182-9618+[2001-1458-301-f6--100-23f]-9618&noUDP&sock=7155_183c_10677>
...
040 (1355050.000.000) 02/17 07:31:38 Finished transferring input files
...
001 (1355050.000.000) 02/17 07:31:39 Job executing on host: <128.142.86.182:9618?addrs=128.142.86.182-9618+[2001-1458-301-f6--100-23f]-9618&noUDP&sock=5277_295b_3>
...
006 (1355050.000.000) 02/17 07:31:48 Image size of job updated: 238200
	170  -  MemoryUsage of job (MB)
	173972  -  ResidentSetSize of job (KB)
...
040 (1355050.000.000) 02/17 07:31:49 Started transferring output files
...
040 (1355050.000.000) 02/17 07:31:49 Finished transferring output files
...
005 (1355050.000.000) 02/17 07:31:50 Job terminated.
	(1) Normal termination (return value 0)
		Usr 0 00:00:03, Sys 0 00:00:02  -  Run Remote Usage
		Usr 0 00:00:00, Sys 0 00:00:00  -  Run Local Usage
		Usr 0 00:00:03, Sys 0 00:00:02  -  Total Remote Usage
		Usr 0 00:00:00, Sys 0 00:00:00  -  Total Local Usage
	12912  -  Run Bytes Sent By Job
	1495  -  Run Bytes Received By Job
	12912  -  Total Bytes Sent By Job
	1495  -  Total Bytes Received By Job
	Partitionable Resources :    Usage  Request Allocated 
	   Cpus                 :        0        1         1 
	   Disk (KB)            :       36        2    227198 
	   Memory (MB)          :      170     2000      2000 
...
