000 (1354409.000.000) 02/17 06:52:19 Job submitted from host: <137.138.44.55:9618?addrs=137.138.44.55-9618+[2001-1458-d00-1a--48]-9618&alias=bigbird17.cern.ch&noUDP&sock=schedd_1694_8585_188>
...
040 (1354409.000.000) 02/17 07:03:57 Started transferring input files
	Transferring to host: <188.185.105.252:9618?addrs=188.185.105.252-9618+[2001-1458-d00-3e--100-b]-9618&noUDP&sock=20902_198b_70954>
...
040 (1354409.000.000) 02/17 07:03:58 Finished transferring input files
...
001 (1354409.000.000) 02/17 07:03:59 Job executing on host: <188.185.105.252:9618?addrs=188.185.105.252-9618+[2001-1458-d00-3e--100-b]-9618&noUDP&sock=20863_dc75_3>
...
006 (1354409.000.000) 02/17 07:04:07 Image size of job updated: 487376
	416  -  MemoryUsage of job (MB)
	425660  -  ResidentSetSize of job (KB)
...
006 (1354409.000.000) 02/17 07:04:09 Image size of job updated: 513932
	416  -  MemoryUsage of job (MB)
	425660  -  ResidentSetSize of job (KB)
...
040 (1354409.000.000) 02/17 07:04:09 Started transferring output files
...
040 (1354409.000.000) 02/17 07:04:09 Finished transferring output files
...
005 (1354409.000.000) 02/17 07:04:10 Job terminated.
	(1) Normal termination (return value 139)
		Usr 0 00:00:06, Sys 0 00:00:01  -  Run Remote Usage
		Usr 0 00:00:00, Sys 0 00:00:00  -  Run Local Usage
		Usr 0 00:00:06, Sys 0 00:00:01  -  Total Remote Usage
		Usr 0 00:00:00, Sys 0 00:00:00  -  Total Local Usage
	9946  -  Run Bytes Sent By Job
	1513  -  Run Bytes Received By Job
	9946  -  Total Bytes Sent By Job
	1513  -  Total Bytes Received By Job
	Partitionable Resources :    Usage  Request Allocated 
	   Cpus                 :        0        1         1 
	   Disk (KB)            :       33        2    538393 
	   Memory (MB)          :      416     2000      2000 
...
