000 (1355085.000.000) 02/17 07:32:21 Job submitted from host: <137.138.44.55:9618?addrs=137.138.44.55-9618+[2001-1458-d00-1a--48]-9618&alias=bigbird17.cern.ch&noUDP&sock=schedd_1694_8585_188>
...
040 (1355085.000.000) 02/17 07:36:37 Started transferring input files
	Transferring to host: <188.184.197.147:9618?addrs=188.184.197.147-9618+[2001-1458-301-103--100-3eb]-9618&noUDP&sock=18841_f057_84326>
...
040 (1355085.000.000) 02/17 07:36:37 Finished transferring input files
...
001 (1355085.000.000) 02/17 07:36:38 Job executing on host: <188.184.197.147:9618?addrs=188.184.197.147-9618+[2001-1458-301-103--100-3eb]-9618&noUDP&sock=18705_a714_3>
...
006 (1355085.000.000) 02/17 07:36:47 Image size of job updated: 200600
	170  -  MemoryUsage of job (MB)
	173672  -  ResidentSetSize of job (KB)
...
006 (1355085.000.000) 02/17 07:38:29 Image size of job updated: 802344
	170  -  MemoryUsage of job (MB)
	173672  -  ResidentSetSize of job (KB)
...
040 (1355085.000.000) 02/17 07:38:29 Started transferring output files
...
040 (1355085.000.000) 02/17 07:38:29 Finished transferring output files
...
005 (1355085.000.000) 02/17 07:38:29 Job terminated.
	(1) Normal termination (return value 0)
		Usr 0 00:01:24, Sys 0 00:00:02  -  Run Remote Usage
		Usr 0 00:00:00, Sys 0 00:00:00  -  Run Local Usage
		Usr 0 00:01:24, Sys 0 00:00:02  -  Total Remote Usage
		Usr 0 00:00:00, Sys 0 00:00:00  -  Total Local Usage
	13015  -  Run Bytes Sent By Job
	1524  -  Run Bytes Received By Job
	13015  -  Total Bytes Sent By Job
	1524  -  Total Bytes Received By Job
	Partitionable Resources :    Usage  Request Allocated 
	   Cpus                 :     0.71        1         1 
	   Disk (KB)            :    35           2    345650 
	   Memory (MB)          :   170        2000      2000 
...
