000 (1354995.000.000) 02/17 07:27:53 Job submitted from host: <137.138.44.55:9618?addrs=137.138.44.55-9618+[2001-1458-d00-1a--48]-9618&alias=bigbird17.cern.ch&noUDP&sock=schedd_1694_8585_188>
...
040 (1354995.000.000) 02/17 07:27:59 Started transferring input files
	Transferring to host: <128.142.70.98:9618?addrs=128.142.70.98-9618&noUDP&sock=3237_825d_100760>
...
040 (1354995.000.000) 02/17 07:27:59 Finished transferring input files
...
001 (1354995.000.000) 02/17 07:28:00 Job executing on host: <128.142.70.98:9618?addrs=128.142.70.98-9618&noUDP&sock=2179_30f4_3>
...
006 (1354995.000.000) 02/17 07:28:08 Image size of job updated: 86272
	33  -  MemoryUsage of job (MB)
	33772  -  ResidentSetSize of job (KB)
...
006 (1354995.000.000) 02/17 07:28:18 Image size of job updated: 241492
	33  -  MemoryUsage of job (MB)
	33772  -  ResidentSetSize of job (KB)
...
040 (1354995.000.000) 02/17 07:28:18 Started transferring output files
...
040 (1354995.000.000) 02/17 07:28:18 Finished transferring output files
...
005 (1354995.000.000) 02/17 07:28:18 Job terminated.
	(1) Normal termination (return value 0)
		Usr 0 00:00:04, Sys 0 00:00:01  -  Run Remote Usage
		Usr 0 00:00:00, Sys 0 00:00:00  -  Run Local Usage
		Usr 0 00:00:04, Sys 0 00:00:01  -  Total Remote Usage
		Usr 0 00:00:00, Sys 0 00:00:00  -  Total Local Usage
	12914  -  Run Bytes Sent By Job
	1499  -  Run Bytes Received By Job
	12914  -  Total Bytes Sent By Job
	1499  -  Total Bytes Received By Job
	Partitionable Resources :    Usage  Request Allocated 
	   Cpus                 :        0        1         1 
	   Disk (KB)            :       35        2    255306 
	   Memory (MB)          :       33     2000      2000 
...
