000 (1354893.000.000) 02/17 07:23:40 Job submitted from host: <137.138.44.55:9618?addrs=137.138.44.55-9618+[2001-1458-d00-1a--48]-9618&alias=bigbird17.cern.ch&noUDP&sock=schedd_1694_8585_188>
...
040 (1354893.000.000) 02/17 07:24:12 Started transferring input files
	Transferring to host: <128.142.75.90:9618?addrs=128.142.75.90-9618+[2001-1458-301-75--100-168]-9618&alias=b7s11n2121.cern.ch&noUDP&sock=slot1_16_23082_1b64_9268>
...
040 (1354893.000.000) 02/17 07:24:12 Finished transferring input files
...
001 (1354893.000.000) 02/17 07:24:13 Job executing on host: <128.142.75.90:9618?addrs=128.142.75.90-9618+[2001-1458-301-75--100-168]-9618&alias=b7s11n2121.cern.ch&noUDP&sock=startd_16274_3059>
...
006 (1354893.000.000) 02/17 07:24:22 Image size of job updated: 501660
	165  -  MemoryUsage of job (MB)
	168820  -  ResidentSetSize of job (KB)
...
006 (1354893.000.000) 02/17 07:29:23 Image size of job updated: 780168
	298  -  MemoryUsage of job (MB)
	304420  -  ResidentSetSize of job (KB)
...
040 (1354893.000.000) 02/17 07:29:46 Started transferring output files
...
040 (1354893.000.000) 02/17 07:29:46 Finished transferring output files
...
005 (1354893.000.000) 02/17 07:29:46 Job terminated.
	(1) Normal termination (return value 0)
		Usr 0 00:02:49, Sys 0 00:00:02  -  Run Remote Usage
		Usr 0 00:00:00, Sys 0 00:00:00  -  Run Local Usage
		Usr 0 00:02:49, Sys 0 00:00:02  -  Total Remote Usage
		Usr 0 00:00:00, Sys 0 00:00:00  -  Total Local Usage
	12729  -  Run Bytes Sent By Job
	1387  -  Run Bytes Received By Job
	12729  -  Total Bytes Sent By Job
	1387  -  Total Bytes Received By Job
	Partitionable Resources :    Usage  Request Allocated 
	   Cpus                 :     0.70        1         1 
	   Disk (KB)            :    35           2    248779 
	   Memory (MB)          :   298        2000      2000 
...
