000 (1354627.000.000) 02/17 07:07:36 Job submitted from host: <137.138.44.55:9618?addrs=137.138.44.55-9618+[2001-1458-d00-1a--48]-9618&alias=bigbird17.cern.ch&noUDP&sock=schedd_1694_8585_188>
...
040 (1354627.000.000) 02/17 07:09:51 Started transferring input files
	Transferring to host: <128.142.85.32:9618?addrs=128.142.85.32-9618+[2001-1458-301-f6--100-45f]-9618&noUDP&sock=16888_dfa8_27241>
...
040 (1354627.000.000) 02/17 07:09:51 Finished transferring input files
...
001 (1354627.000.000) 02/17 07:09:52 Job executing on host: <128.142.85.32:9618?addrs=128.142.85.32-9618+[2001-1458-301-f6--100-45f]-9618&noUDP&sock=16731_a721_3>
...
006 (1354627.000.000) 02/17 07:10:00 Image size of job updated: 312416
	246  -  MemoryUsage of job (MB)
	251632  -  ResidentSetSize of job (KB)
...
006 (1354627.000.000) 02/17 07:10:07 Image size of job updated: 447748
	246  -  MemoryUsage of job (MB)
	251632  -  ResidentSetSize of job (KB)
...
040 (1354627.000.000) 02/17 07:10:07 Started transferring output files
...
040 (1354627.000.000) 02/17 07:10:07 Finished transferring output files
...
005 (1354627.000.000) 02/17 07:10:08 Job terminated.
	(1) Normal termination (return value 139)
		Usr 0 00:00:10, Sys 0 00:00:02  -  Run Remote Usage
		Usr 0 00:00:00, Sys 0 00:00:00  -  Run Local Usage
		Usr 0 00:00:10, Sys 0 00:00:02  -  Total Remote Usage
		Usr 0 00:00:00, Sys 0 00:00:00  -  Total Local Usage
	9955  -  Run Bytes Sent By Job
	1554  -  Run Bytes Received By Job
	9955  -  Total Bytes Sent By Job
	1554  -  Total Bytes Received By Job
	Partitionable Resources :    Usage  Request Allocated 
	   Cpus                 :     0.04        1         1 
	   Disk (KB)            :    33           2    248771 
	   Memory (MB)          :   246        2000      2000 
...
