000 (1355200.000.000) 02/17 07:38:05 Job submitted from host: <137.138.44.55:9618?addrs=137.138.44.55-9618+[2001-1458-d00-1a--48]-9618&alias=bigbird17.cern.ch&noUDP&sock=schedd_1694_8585_188>
...
040 (1355200.000.000) 02/17 07:38:31 Started transferring input files
	Transferring to host: <188.184.132.125:9618?addrs=188.184.132.125-9618+[2001-1458-301-a0--100-76]-9618&noUDP&sock=30493_d3b1_158662>
...
040 (1355200.000.000) 02/17 07:38:31 Finished transferring input files
...
001 (1355200.000.000) 02/17 07:38:32 Job executing on host: <188.184.132.125:9618?addrs=188.184.132.125-9618+[2001-1458-301-a0--100-76]-9618&noUDP&sock=2362_b6c9_3>
...
006 (1355200.000.000) 02/17 07:38:41 Image size of job updated: 246076
	180  -  MemoryUsage of job (MB)
	183796  -  ResidentSetSize of job (KB)
...
040 (1355200.000.000) 02/17 07:38:43 Started transferring output files
...
040 (1355200.000.000) 02/17 07:38:43 Finished transferring output files
...
005 (1355200.000.000) 02/17 07:38:43 Job terminated.
	(1) Normal termination (return value 0)
		Usr 0 00:00:06, Sys 0 00:00:01  -  Run Remote Usage
		Usr 0 00:00:00, Sys 0 00:00:00  -  Run Local Usage
		Usr 0 00:00:06, Sys 0 00:00:01  -  Total Remote Usage
		Usr 0 00:00:00, Sys 0 00:00:00  -  Total Local Usage
	8181  -  Run Bytes Sent By Job
	1526  -  Run Bytes Received By Job
	8181  -  Total Bytes Sent By Job
	1526  -  Total Bytes Received By Job
	Partitionable Resources :    Usage  Request Allocated 
	   Cpus                 :     0.04        1         1 
	   Disk (KB)            :    32           2    194423 
	   Memory (MB)          :   180        2000      2000 
...
