000 (1354520.000.000) 02/17 06:59:05 Job submitted from host: <137.138.44.55:9618?addrs=137.138.44.55-9618+[2001-1458-d00-1a--48]-9618&alias=bigbird17.cern.ch&noUDP&sock=schedd_1694_8585_188>
...
040 (1354520.000.000) 02/17 07:05:21 Started transferring input files
	Transferring to host: <188.185.105.135:9618?addrs=188.185.105.135-9618+[2001-1458-d00-3e--100-347]-9618&noUDP&sock=31282_bfb1_75677>
...
040 (1354520.000.000) 02/17 07:05:22 Finished transferring input files
...
001 (1354520.000.000) 02/17 07:05:22 Job executing on host: <188.185.105.135:9618?addrs=188.185.105.135-9618+[2001-1458-d00-3e--100-347]-9618&noUDP&sock=31243_ad83_3>
...
006 (1354520.000.000) 02/17 07:05:31 Image size of job updated: 274128
	209  -  MemoryUsage of job (MB)
	213660  -  ResidentSetSize of job (KB)
...
006 (1354520.000.000) 02/17 07:06:54 Image size of job updated: 398032
	210  -  MemoryUsage of job (MB)
	214384  -  ResidentSetSize of job (KB)
...
040 (1354520.000.000) 02/17 07:06:54 Started transferring output files
...
040 (1354520.000.000) 02/17 07:06:54 Finished transferring output files
...
005 (1354520.000.000) 02/17 07:06:54 Job terminated.
	(1) Normal termination (return value 0)
		Usr 0 00:01:12, Sys 0 00:00:01  -  Run Remote Usage
		Usr 0 00:00:00, Sys 0 00:00:00  -  Run Local Usage
		Usr 0 00:01:12, Sys 0 00:00:01  -  Total Remote Usage
		Usr 0 00:00:00, Sys 0 00:00:00  -  Total Local Usage
	7957  -  Run Bytes Sent By Job
	1555  -  Run Bytes Received By Job
	7957  -  Total Bytes Sent By Job
	1555  -  Total Bytes Received By Job
	Partitionable Resources :    Usage  Request Allocated 
	   Cpus                 :     0.91        1         1 
	   Disk (KB)            :    32           2    561547 
	   Memory (MB)          :   210        2000      2000 
...
