000 (1354689.000.000) 02/17 07:12:46 Job submitted from host: <137.138.44.55:9618?addrs=137.138.44.55-9618+[2001-1458-d00-1a--48]-9618&alias=bigbird17.cern.ch&noUDP&sock=schedd_1694_8585_188>
...
040 (1354689.000.000) 02/17 07:12:50 Started transferring input files
	Transferring to host: <188.184.133.181:9618?addrs=188.184.133.181-9618+[2001-1458-301-a0--100-1c2]-9618&noUDP&sock=31806_f446_169240>
...
040 (1354689.000.000) 02/17 07:12:50 Finished transferring input files
...
001 (1354689.000.000) 02/17 07:12:51 Job executing on host: <188.184.133.181:9618?addrs=188.184.133.181-9618+[2001-1458-301-a0--100-1c2]-9618&noUDP&sock=2353_8a6f_3>
...
006 (1354689.000.000) 02/17 07:13:00 Image size of job updated: 246796
	178  -  MemoryUsage of job (MB)
	182152  -  ResidentSetSize of job (KB)
...
006 (1354689.000.000) 02/17 07:13:13 Image size of job updated: 597808
	178  -  MemoryUsage of job (MB)
	182252  -  ResidentSetSize of job (KB)
...
040 (1354689.000.000) 02/17 07:13:13 Started transferring output files
...
040 (1354689.000.000) 02/17 07:13:13 Finished transferring output files
...
005 (1354689.000.000) 02/17 07:13:13 Job terminated.
	(1) Normal termination (return value 139)
		Usr 0 00:00:11, Sys 0 00:00:03  -  Run Remote Usage
		Usr 0 00:00:00, Sys 0 00:00:00  -  Run Local Usage
		Usr 0 00:00:11, Sys 0 00:00:03  -  Total Remote Usage
		Usr 0 00:00:00, Sys 0 00:00:00  -  Total Local Usage
	9964  -  Run Bytes Sent By Job
	1595  -  Run Bytes Received By Job
	9964  -  Total Bytes Sent By Job
	1595  -  Total Bytes Received By Job
	Partitionable Resources :    Usage  Request Allocated 
	   Cpus                 :        0        1         1 
	   Disk (KB)            :       33        2    189382 
	   Memory (MB)          :      178     2000      2000 
...
