000 (1354964.000.000) 02/17 07:27:03 Job submitted from host: <137.138.44.55:9618?addrs=137.138.44.55-9618+[2001-1458-d00-1a--48]-9618&alias=bigbird17.cern.ch&noUDP&sock=schedd_1694_8585_188>
...
040 (1354964.000.000) 02/17 07:27:10 Started transferring input files
	Transferring to host: <188.184.138.176:9618?addrs=188.184.138.176-9618+[2001-1458-301-45--100-a9]-9618&noUDP&sock=1163_3048_171373>
...
040 (1354964.000.000) 02/17 07:27:10 Finished transferring input files
...
001 (1354964.000.000) 02/17 07:27:11 Job executing on host: <188.184.138.176:9618?addrs=188.184.138.176-9618+[2001-1458-301-45--100-a9]-9618&noUDP&sock=5714_e83e_3>
...
006 (1354964.000.000) 02/17 07:27:20 Image size of job updated: 158640
	63  -  MemoryUsage of job (MB)
	63608  -  ResidentSetSize of job (KB)
...
006 (1354964.000.000) 02/17 07:27:28 Image size of job updated: 677656
	63  -  MemoryUsage of job (MB)
	63632  -  ResidentSetSize of job (KB)
...
040 (1354964.000.000) 02/17 07:27:28 Started transferring output files
...
040 (1354964.000.000) 02/17 07:27:28 Finished transferring output files
...
005 (1354964.000.000) 02/17 07:27:28 Job terminated.
	(1) Normal termination (return value 0)
		Usr 0 00:00:04, Sys 0 00:00:01  -  Run Remote Usage
		Usr 0 00:00:00, Sys 0 00:00:00  -  Run Local Usage
		Usr 0 00:00:04, Sys 0 00:00:01  -  Total Remote Usage
		Usr 0 00:00:00, Sys 0 00:00:00  -  Total Local Usage
	12876  -  Run Bytes Sent By Job
	1459  -  Run Bytes Received By Job
	12876  -  Total Bytes Sent By Job
	1459  -  Total Bytes Received By Job
	Partitionable Resources :    Usage  Request Allocated 
	   Cpus                 :        0        1         1 
	   Disk (KB)            :       36        2    281419 
	   Memory (MB)          :       63     2000      2000 
...
