000 (1354759.000.000) 02/17 07:17:30 Job submitted from host: <137.138.44.55:9618?addrs=137.138.44.55-9618+[2001-1458-d00-1a--48]-9618&alias=bigbird17.cern.ch&noUDP&sock=schedd_1694_8585_188>
...
040 (1354759.000.000) 02/17 07:17:36 Started transferring input files
	Transferring to host: <128.142.121.23:9618?addrs=128.142.121.23-9618+[2001-1458-301-b5--100-195]-9618&alias=b7s07n5335.cern.ch&noUDP&sock=slot1_5_23456_9fb3_4760>
...
040 (1354759.000.000) 02/17 07:17:36 Finished transferring input files
...
001 (1354759.000.000) 02/17 07:17:37 Job executing on host: <128.142.121.23:9618?addrs=128.142.121.23-9618+[2001-1458-301-b5--100-195]-9618&alias=b7s07n5335.cern.ch&noUDP&sock=startd_1911_5d93>
...
006 (1354759.000.000) 02/17 07:17:46 Image size of job updated: 119780
	41  -  MemoryUsage of job (MB)
	41724  -  ResidentSetSize of job (KB)
...
006 (1354759.000.000) 02/17 07:20:03 Image size of job updated: 825784
	41  -  MemoryUsage of job (MB)
	41840  -  ResidentSetSize of job (KB)
...
040 (1354759.000.000) 02/17 07:20:03 Started transferring output files
...
040 (1354759.000.000) 02/17 07:20:03 Finished transferring output files
...
005 (1354759.000.000) 02/17 07:20:03 Job terminated.
	(1) Normal termination (return value 0)
		Usr 0 00:01:46, Sys 0 00:00:02  -  Run Remote Usage
		Usr 0 00:00:00, Sys 0 00:00:00  -  Run Local Usage
		Usr 0 00:01:46, Sys 0 00:00:02  -  Total Remote Usage
		Usr 0 00:00:00, Sys 0 00:00:00  -  Total Local Usage
	7995  -  Run Bytes Sent By Job
	1594  -  Run Bytes Received By Job
	7995  -  Total Bytes Sent By Job
	1594  -  Total Bytes Received By Job
	Partitionable Resources :    Usage  Request Allocated 
	   Cpus                 :                 1         1 
	   Disk (KB)            :       22        2    204916 
	   Memory (MB)          :       41     2000      2000 
...
