000 (1355336.000.000) 02/17 07:44:31 Job submitted from host: <137.138.44.55:9618?addrs=137.138.44.55-9618+[2001-1458-d00-1a--48]-9618&alias=bigbird17.cern.ch&noUDP&sock=schedd_1694_8585_188>
...
040 (1355336.000.000) 02/17 07:46:57 Started transferring input files
	Transferring to host: <128.142.75.183:9618?addrs=128.142.75.183-9618+[2001-1458-301-75--100-4b0]-9618&noUDP&sock=16913_7d09_26716>
...
040 (1355336.000.000) 02/17 07:46:57 Finished transferring input files
...
001 (1355336.000.000) 02/17 07:46:58 Job executing on host: <128.142.75.183:9618?addrs=128.142.75.183-9618+[2001-1458-301-75--100-4b0]-9618&noUDP&sock=16757_7c97_3>
...
006 (1355336.000.000) 02/17 07:47:06 Image size of job updated: 234884
	169  -  MemoryUsage of job (MB)
	172616  -  ResidentSetSize of job (KB)
...
006 (1355336.000.000) 02/17 07:47:13 Image size of job updated: 244348
	169  -  MemoryUsage of job (MB)
	172616  -  ResidentSetSize of job (KB)
...
040 (1355336.000.000) 02/17 07:47:13 Started transferring output files
...
040 (1355336.000.000) 02/17 07:47:13 Finished transferring output files
...
005 (1355336.000.000) 02/17 07:47:13 Job terminated.
	(1) Normal termination (return value 0)
		Usr 0 00:00:07, Sys 0 00:00:01  -  Run Remote Usage
		Usr 0 00:00:00, Sys 0 00:00:00  -  Run Local Usage
		Usr 0 00:00:07, Sys 0 00:00:01  -  Total Remote Usage
		Usr 0 00:00:00, Sys 0 00:00:00  -  Total Local Usage
	8143  -  Run Bytes Sent By Job
	1489  -  Run Bytes Received By Job
	8143  -  Total Bytes Sent By Job
	1489  -  Total Bytes Received By Job
	Partitionable Resources :    Usage  Request Allocated 
	   Cpus                 :        0        1         1 
	   Disk (KB)            :       31        2    251720 
	   Memory (MB)          :      169     2000      2000 
...
