000 (1354412.000.000) 02/17 06:52:28 Job submitted from host: <137.138.44.55:9618?addrs=137.138.44.55-9618+[2001-1458-d00-1a--48]-9618&alias=bigbird17.cern.ch&noUDP&sock=schedd_1694_8585_188>
...
040 (1354412.000.000) 02/17 07:04:09 Started transferring input files
	Transferring to host: <188.185.105.101:9618?addrs=188.185.105.101-9618+[2001-1458-d00-3e--100-1d9]-9618&alias=b7g50s3149.cern.ch&noUDP&sock=slot1_12_32440_aa20_5479>
...
040 (1354412.000.000) 02/17 07:04:09 Finished transferring input files
...
001 (1354412.000.000) 02/17 07:04:10 Job executing on host: <188.185.105.101:9618?addrs=188.185.105.101-9618+[2001-1458-d00-3e--100-1d9]-9618&alias=b7g50s3149.cern.ch&noUDP&sock=startd_25291_19d2>
...
006 (1354412.000.000) 02/17 07:04:19 Image size of job updated: 813976
	254  -  MemoryUsage of job (MB)
	259348  -  ResidentSetSize of job (KB)
...
006 (1354412.000.000) 02/17 07:05:42 Image size of job updated: 826532
	254  -  MemoryUsage of job (MB)
	259348  -  ResidentSetSize of job (KB)
...
040 (1354412.000.000) 02/17 07:05:42 Started transferring output files
...
040 (1354412.000.000) 02/17 07:05:42 Finished transferring output files
...
005 (1354412.000.000) 02/17 07:05:42 Job terminated.
	(1) Normal termination (return value 0)
		Usr 0 00:01:13, Sys 0 00:00:01  -  Run Remote Usage
		Usr 0 00:00:00, Sys 0 00:00:00  -  Run Local Usage
		Usr 0 00:01:13, Sys 0 00:00:01  -  Total Remote Usage
		Usr 0 00:00:00, Sys 0 00:00:00  -  Total Local Usage
	7914  -  Run Bytes Sent By Job
	1512  -  Run Bytes Received By Job
	7914  -  Total Bytes Sent By Job
	1512  -  Total Bytes Received By Job
	Partitionable Resources :    Usage  Request Allocated 
	   Cpus                 :                 1         1 
	   Disk (KB)            :       23        2    571948 
	   Memory (MB)          :      254     2000      2000 
...
