000 (1355370.000.000) 02/17 07:46:02 Job submitted from host: <137.138.44.55:9618?addrs=137.138.44.55-9618+[2001-1458-d00-1a--48]-9618&alias=bigbird17.cern.ch&noUDP&sock=schedd_1694_8585_188>
...
040 (1355370.000.000) 02/17 07:47:15 Started transferring input files
	Transferring to host: <128.142.74.54:9618?addrs=128.142.74.54-9618+[2001-1458-301-75--100-698]-9618&alias=b7s11n3547.cern.ch&noUDP&sock=slot1_16_30999_5986_9525>
...
040 (1355370.000.000) 02/17 07:47:15 Finished transferring input files
...
001 (1355370.000.000) 02/17 07:47:16 Job executing on host: <128.142.74.54:9618?addrs=128.142.74.54-9618+[2001-1458-301-75--100-698]-9618&alias=b7s11n3547.cern.ch&noUDP&sock=startd_16847_381d>
...
006 (1355370.000.000) 02/17 07:47:25 Image size of job updated: 64740
	16  -  MemoryUsage of job (MB)
	16188  -  ResidentSetSize of job (KB)
...
006 (1355370.000.000) 02/17 07:47:46 Image size of job updated: 654844
	16  -  MemoryUsage of job (MB)
	16188  -  ResidentSetSize of job (KB)
...
040 (1355370.000.000) 02/17 07:47:46 Started transferring output files
...
040 (1355370.000.000) 02/17 07:47:46 Finished transferring output files
...
005 (1355370.000.000) 02/17 07:47:46 Job terminated.
	(1) Normal termination (return value 0)
		Usr 0 00:00:09, Sys 0 00:00:01  -  Run Remote Usage
		Usr 0 00:00:00, Sys 0 00:00:00  -  Run Local Usage
		Usr 0 00:00:09, Sys 0 00:00:01  -  Total Remote Usage
		Usr 0 00:00:00, Sys 0 00:00:00  -  Total Local Usage
	8138  -  Run Bytes Sent By Job
	1483  -  Run Bytes Received By Job
	8138  -  Total Bytes Sent By Job
	1483  -  Total Bytes Received By Job
	Partitionable Resources :    Usage  Request Allocated 
	   Cpus                 :                 1         1 
	   Disk (KB)            :       22        2    130066 
	   Memory (MB)          :       16     2000      2000 
...
