000 (1355351.000.000) 02/17 07:44:54 Job submitted from host: <137.138.44.55:9618?addrs=137.138.44.55-9618+[2001-1458-d00-1a--48]-9618&alias=bigbird17.cern.ch&noUDP&sock=schedd_1694_8585_188>
...
040 (1355351.000.000) 02/17 07:46:24 Started transferring input files
	Transferring to host: <128.142.75.183:9618?addrs=128.142.75.183-9618+[2001-1458-301-75--100-4b0]-9618&noUDP&sock=16913_7d09_26715>
...
040 (1355351.000.000) 02/17 07:46:24 Finished transferring input files
...
001 (1355351.000.000) 02/17 07:46:25 Job executing on host: <128.142.75.183:9618?addrs=128.142.75.183-9618+[2001-1458-301-75--100-4b0]-9618&noUDP&sock=16757_7c97_3>
...
006 (1355351.000.000) 02/17 07:46:34 Image size of job updated: 64820
	18  -  MemoryUsage of job (MB)
	17428  -  ResidentSetSize of job (KB)
...
006 (1355351.000.000) 02/17 07:46:54 Image size of job updated: 679276
	18  -  MemoryUsage of job (MB)
	17440  -  ResidentSetSize of job (KB)
...
040 (1355351.000.000) 02/17 07:46:54 Started transferring output files
...
040 (1355351.000.000) 02/17 07:46:54 Finished transferring output files
...
005 (1355351.000.000) 02/17 07:46:54 Job terminated.
	(1) Normal termination (return value 0)
		Usr 0 00:00:08, Sys 0 00:00:01  -  Run Remote Usage
		Usr 0 00:00:00, Sys 0 00:00:00  -  Run Local Usage
		Usr 0 00:00:08, Sys 0 00:00:01  -  Total Remote Usage
		Usr 0 00:00:00, Sys 0 00:00:00  -  Total Local Usage
	8143  -  Run Bytes Sent By Job
	1489  -  Run Bytes Received By Job
	8143  -  Total Bytes Sent By Job
	1489  -  Total Bytes Received By Job
	Partitionable Resources :    Usage  Request Allocated 
	   Cpus                 :        0        1         1 
	   Disk (KB)            :       30        2    252104 
	   Memory (MB)          :       18     2000      2000 
...
