000 (1355323.000.000) 02/17 07:44:09 Job submitted from host: <137.138.44.55:9618?addrs=137.138.44.55-9618+[2001-1458-d00-1a--48]-9618&alias=bigbird17.cern.ch&noUDP&sock=schedd_1694_8585_188>
...
040 (1355323.000.000) 02/17 07:46:49 Started transferring input files
	Transferring to host: <128.142.66.118:9618?addrs=128.142.66.118-9618&noUDP&sock=3161_f5da_103710>
...
040 (1355323.000.000) 02/17 07:46:49 Finished transferring input files
...
001 (1355323.000.000) 02/17 07:46:50 Job executing on host: <128.142.66.118:9618?addrs=128.142.66.118-9618&noUDP&sock=2038_7a1a_3>
...
006 (1355323.000.000) 02/17 07:46:59 Image size of job updated: 240624
	175  -  MemoryUsage of job (MB)
	178356  -  ResidentSetSize of job (KB)
...
006 (1355323.000.000) 02/17 07:47:04 Image size of job updated: 246388
	175  -  MemoryUsage of job (MB)
	178356  -  ResidentSetSize of job (KB)
...
040 (1355323.000.000) 02/17 07:47:05 Started transferring output files
...
040 (1355323.000.000) 02/17 07:47:05 Finished transferring output files
...
005 (1355323.000.000) 02/17 07:47:05 Job terminated.
	(1) Normal termination (return value 0)
		Usr 0 00:00:08, Sys 0 00:00:01  -  Run Remote Usage
		Usr 0 00:00:00, Sys 0 00:00:00  -  Run Local Usage
		Usr 0 00:00:08, Sys 0 00:00:01  -  Total Remote Usage
		Usr 0 00:00:00, Sys 0 00:00:00  -  Total Local Usage
	8138  -  Run Bytes Sent By Job
	1483  -  Run Bytes Received By Job
	8138  -  Total Bytes Sent By Job
	1483  -  Total Bytes Received By Job
	Partitionable Resources :    Usage  Request Allocated 
	   Cpus                 :        0        1         1 
	   Disk (KB)            :       31        2    265794 
	   Memory (MB)          :      175     2000      2000 
...
