000 (1355148.000.000) 02/17 07:35:39 Job submitted from host: <137.138.44.55:9618?addrs=137.138.44.55-9618+[2001-1458-d00-1a--48]-9618&alias=bigbird17.cern.ch&noUDP&sock=schedd_1694_8585_188>
...
040 (1355148.000.000) 02/17 07:36:57 Started transferring input files
	Transferring to host: <128.142.105.4:9618?addrs=128.142.105.4-9618+[2001-1458-301-8b--100-f9]-9618&alias=b7s03n0777.cern.ch&noUDP&sock=slot1_2_23076_e123_4239>
...
040 (1355148.000.000) 02/17 07:36:57 Finished transferring input files
...
001 (1355148.000.000) 02/17 07:36:58 Job executing on host: <128.142.105.4:9618?addrs=128.142.105.4-9618+[2001-1458-301-8b--100-f9]-9618&alias=b7s03n0777.cern.ch&noUDP&sock=startd_1303_53fe>
...
006 (1355148.000.000) 02/17 07:37:07 Image size of job updated: 374032
	16  -  MemoryUsage of job (MB)
	15716  -  ResidentSetSize of job (KB)
...
006 (1355148.000.000) 02/17 07:39:51 Image size of job updated: 776276
	16  -  MemoryUsage of job (MB)
	15716  -  ResidentSetSize of job (KB)
...
040 (1355148.000.000) 02/17 07:39:51 Started transferring output files
...
040 (1355148.000.000) 02/17 07:39:51 Finished transferring output files
...
005 (1355148.000.000) 02/17 07:39:51 Job terminated.
	(1) Normal termination (return value 0)
		Usr 0 00:01:46, Sys 0 00:00:02  -  Run Remote Usage
		Usr 0 00:00:00, Sys 0 00:00:00  -  Run Local Usage
		Usr 0 00:01:46, Sys 0 00:00:02  -  Total Remote Usage
		Usr 0 00:00:00, Sys 0 00:00:00  -  Total Local Usage
	13054  -  Run Bytes Sent By Job
	1563  -  Run Bytes Received By Job
	13054  -  Total Bytes Sent By Job
	1563  -  Total Bytes Received By Job
	Partitionable Resources :    Usage  Request Allocated 
	   Cpus                 :                 1         1 
	   Disk (KB)            :       27        2    188923 
	   Memory (MB)          :       16     2000      2000 
...
