000 (1355044.000.000) 02/17 07:30:54 Job submitted from host: <137.138.44.55:9618?addrs=137.138.44.55-9618+[2001-1458-d00-1a--48]-9618&alias=bigbird17.cern.ch&noUDP&sock=schedd_1694_8585_188>
...
040 (1355044.000.000) 02/17 07:30:58 Started transferring input files
	Transferring to host: <128.142.86.182:9618?addrs=128.142.86.182-9618+[2001-1458-301-f6--100-23f]-9618&noUDP&sock=7155_183c_10676>
...
040 (1355044.000.000) 02/17 07:30:58 Finished transferring input files
...
001 (1355044.000.000) 02/17 07:30:59 Job executing on host: <128.142.86.182:9618?addrs=128.142.86.182-9618+[2001-1458-301-f6--100-23f]-9618&noUDP&sock=5277_295b_3>
...
006 (1355044.000.000) 02/17 07:31:08 Image size of job updated: 56948
	14  -  MemoryUsage of job (MB)
	14044  -  ResidentSetSize of job (KB)
...
006 (1355044.000.000) 02/17 07:31:22 Image size of job updated: 677672
	14  -  MemoryUsage of job (MB)
	14044  -  ResidentSetSize of job (KB)
...
040 (1355044.000.000) 02/17 07:31:22 Started transferring output files
...
040 (1355044.000.000) 02/17 07:31:22 Finished transferring output files
...
005 (1355044.000.000) 02/17 07:31:23 Job terminated.
	(1) Normal termination (return value 0)
		Usr 0 00:00:04, Sys 0 00:00:02  -  Run Remote Usage
		Usr 0 00:00:00, Sys 0 00:00:00  -  Run Local Usage
		Usr 0 00:00:04, Sys 0 00:00:02  -  Total Remote Usage
		Usr 0 00:00:00, Sys 0 00:00:00  -  Total Local Usage
	12912  -  Run Bytes Sent By Job
	1495  -  Run Bytes Received By Job
	12912  -  Total Bytes Sent By Job
	1495  -  Total Bytes Received By Job
	Partitionable Resources :    Usage  Request Allocated 
	   Cpus                 :        0        1         1 
	   Disk (KB)            :       35        2    227740 
	   Memory (MB)          :       14     2000      2000 
...
