000 (1354424.000.000) 02/17 06:53:13 Job submitted from host: <137.138.44.55:9618?addrs=137.138.44.55-9618+[2001-1458-d00-1a--48]-9618&alias=bigbird17.cern.ch&noUDP&sock=schedd_1694_8585_188>
...
040 (1354424.000.000) 02/17 07:03:53 Started transferring input files
	Transferring to host: <188.184.182.125:9618?addrs=188.184.182.125-9618+[2001-1458-301-2b--100-565]-9618&noUDP&sock=28399_6a1c_167675>
...
040 (1354424.000.000) 02/17 07:03:53 Finished transferring input files
...
001 (1354424.000.000) 02/17 07:03:54 Job executing on host: <188.184.182.125:9618?addrs=188.184.182.125-9618+[2001-1458-301-2b--100-565]-9618&noUDP&sock=14369_846e_3>
...
006 (1354424.000.000) 02/17 07:04:03 Image size of job updated: 128060
	43  -  MemoryUsage of job (MB)
	44028  -  ResidentSetSize of job (KB)
...
006 (1354424.000.000) 02/17 07:04:26 Image size of job updated: 477372
	44  -  MemoryUsage of job (MB)
	44036  -  ResidentSetSize of job (KB)
...
040 (1354424.000.000) 02/17 07:04:26 Started transferring output files
...
040 (1354424.000.000) 02/17 07:04:26 Finished transferring output files
...
005 (1354424.000.000) 02/17 07:04:26 Job terminated.
	(1) Normal termination (return value 139)
		Usr 0 00:00:10, Sys 0 00:00:02  -  Run Remote Usage
		Usr 0 00:00:00, Sys 0 00:00:00  -  Run Local Usage
		Usr 0 00:00:10, Sys 0 00:00:02  -  Total Remote Usage
		Usr 0 00:00:00, Sys 0 00:00:00  -  Total Local Usage
	9946  -  Run Bytes Sent By Job
	1509  -  Run Bytes Received By Job
	9946  -  Total Bytes Sent By Job
	1509  -  Total Bytes Received By Job
	Partitionable Resources :    Usage  Request Allocated 
	   Cpus                 :        0        1         1 
	   Disk (KB)            :       32        2    195817 
	   Memory (MB)          :       44     2000      2000 
...
