000 (1354998.000.000) 02/17 07:27:57 Job submitted from host: <137.138.44.55:9618?addrs=137.138.44.55-9618+[2001-1458-d00-1a--48]-9618&alias=bigbird17.cern.ch&noUDP&sock=schedd_1694_8585_188>
...
040 (1354998.000.000) 02/17 07:28:18 Started transferring input files
	Transferring to host: <128.142.114.247:9618?addrs=128.142.114.247-9618+[2001-1458-301-90--100-3ff]-9618&noUDP&sock=32519_53c3_159586>
...
040 (1354998.000.000) 02/17 07:28:18 Finished transferring input files
...
001 (1354998.000.000) 02/17 07:28:19 Job executing on host: <128.142.114.247:9618?addrs=128.142.114.247-9618+[2001-1458-301-90--100-3ff]-9618&noUDP&sock=1377_1600_3>
...
006 (1354998.000.000) 02/17 07:28:28 Image size of job updated: 235076
	169  -  MemoryUsage of job (MB)
	172344  -  ResidentSetSize of job (KB)
...
006 (1354998.000.000) 02/17 07:28:29 Image size of job updated: 235168
	169  -  MemoryUsage of job (MB)
	172436  -  ResidentSetSize of job (KB)
...
040 (1354998.000.000) 02/17 07:28:29 Started transferring output files
...
040 (1354998.000.000) 02/17 07:28:29 Finished transferring output files
...
005 (1354998.000.000) 02/17 07:28:29 Job terminated.
	(1) Normal termination (return value 0)
		Usr 0 00:00:04, Sys 0 00:00:01  -  Run Remote Usage
		Usr 0 00:00:00, Sys 0 00:00:00  -  Run Local Usage
		Usr 0 00:00:04, Sys 0 00:00:01  -  Total Remote Usage
		Usr 0 00:00:00, Sys 0 00:00:00  -  Total Local Usage
	12917  -  Run Bytes Sent By Job
	1500  -  Run Bytes Received By Job
	12917  -  Total Bytes Sent By Job
	1500  -  Total Bytes Received By Job
	Partitionable Resources :    Usage  Request Allocated 
	   Cpus                 :     0.04        1         1 
	   Disk (KB)            :    36           2    192880 
	   Memory (MB)          :   169        2000      2000 
...
