000 (1355207.000.000) 02/17 07:38:30 Job submitted from host: <137.138.44.55:9618?addrs=137.138.44.55-9618+[2001-1458-d00-1a--48]-9618&alias=bigbird17.cern.ch&noUDP&sock=schedd_1694_8585_188>
...
040 (1355207.000.000) 02/17 07:38:40 Started transferring input files
	Transferring to host: <128.142.121.38:9618?addrs=128.142.121.38-9618+[2001-1458-301-b5--100-575]-9618&alias=b7s07n0311.cern.ch&noUDP&sock=slot1_6_7468_a1a9_25201>
...
040 (1355207.000.000) 02/17 07:38:40 Finished transferring input files
...
001 (1355207.000.000) 02/17 07:38:41 Job executing on host: <128.142.121.38:9618?addrs=128.142.121.38-9618+[2001-1458-301-b5--100-575]-9618&alias=b7s07n0311.cern.ch&noUDP&sock=startd_1655_c554>
...
006 (1355207.000.000) 02/17 07:38:50 Image size of job updated: 374064
	43  -  MemoryUsage of job (MB)
	43412  -  ResidentSetSize of job (KB)
...
006 (1355207.000.000) 02/17 07:39:07 Image size of job updated: 654928
	43  -  MemoryUsage of job (MB)
	43452  -  ResidentSetSize of job (KB)
...
040 (1355207.000.000) 02/17 07:39:07 Started transferring output files
...
040 (1355207.000.000) 02/17 07:39:07 Finished transferring output files
...
005 (1355207.000.000) 02/17 07:39:07 Job terminated.
	(1) Normal termination (return value 0)
		Usr 0 00:00:10, Sys 0 00:00:01  -  Run Remote Usage
		Usr 0 00:00:00, Sys 0 00:00:00  -  Run Local Usage
		Usr 0 00:00:10, Sys 0 00:00:01  -  Total Remote Usage
		Usr 0 00:00:00, Sys 0 00:00:00  -  Total Local Usage
	8180  -  Run Bytes Sent By Job
	1526  -  Run Bytes Received By Job
	8180  -  Total Bytes Sent By Job
	1526  -  Total Bytes Received By Job
	Partitionable Resources :    Usage  Request Allocated 
	   Cpus                 :                 1         1 
	   Disk (KB)            :       22        2    209573 
	   Memory (MB)          :       43     2000      2000 
...
