000 (1354723.000.000) 02/17 07:15:21 Job submitted from host: <137.138.44.55:9618?addrs=137.138.44.55-9618+[2001-1458-d00-1a--48]-9618&alias=bigbird17.cern.ch&noUDP&sock=schedd_1694_8585_188>
...
040 (1354723.000.000) 02/17 07:16:03 Started transferring input files
	Transferring to host: <188.184.211.156:9618?addrs=188.184.211.156-9618+[2001-1458-301-10b--100-506]-9618&noUDP&sock=17230_d7f6_79725>
...
040 (1354723.000.000) 02/17 07:16:03 Finished transferring input files
...
001 (1354723.000.000) 02/17 07:16:04 Job executing on host: <188.184.211.156:9618?addrs=188.184.211.156-9618+[2001-1458-301-10b--100-506]-9618&noUDP&sock=17076_4b4d_3>
...
006 (1354723.000.000) 02/17 07:16:13 Image size of job updated: 3272
	3  -  MemoryUsage of job (MB)
	2620  -  ResidentSetSize of job (KB)
...
006 (1354723.000.000) 02/17 07:21:14 Image size of job updated: 401264
	332  -  MemoryUsage of job (MB)
	339000  -  ResidentSetSize of job (KB)
...
040 (1354723.000.000) 02/17 07:21:47 Started transferring output files
...
040 (1354723.000.000) 02/17 07:21:47 Finished transferring output files
...
005 (1354723.000.000) 02/17 07:21:48 Job terminated.
	(1) Normal termination (return value 0)
		Usr 0 00:01:54, Sys 0 00:00:01  -  Run Remote Usage
		Usr 0 00:00:00, Sys 0 00:00:00  -  Run Local Usage
		Usr 0 00:01:54, Sys 0 00:00:01  -  Total Remote Usage
		Usr 0 00:00:00, Sys 0 00:00:00  -  Total Local Usage
	7996  -  Run Bytes Sent By Job
	1594  -  Run Bytes Received By Job
	7996  -  Total Bytes Sent By Job
	1594  -  Total Bytes Received By Job
	Partitionable Resources :    Usage  Request Allocated 
	   Cpus                 :     0.73        1         1 
	   Disk (KB)            :    32           2    359286 
	   Memory (MB)          :   332        2000      2000 
...
