000 (1354726.000.000) 02/17 07:15:31 Job submitted from host: <137.138.44.55:9618?addrs=137.138.44.55-9618+[2001-1458-d00-1a--48]-9618&alias=bigbird17.cern.ch&noUDP&sock=schedd_1694_8585_188>
...
040 (1354726.000.000) 02/17 07:16:08 Started transferring input files
	Transferring to host: <128.142.84.177:9618?addrs=128.142.84.177-9618+[2001-1458-301-f6--100-5f7]-9618&noUDP&sock=16320_aa91_20830>
...
040 (1354726.000.000) 02/17 07:16:08 Finished transferring input files
...
001 (1354726.000.000) 02/17 07:16:09 Job executing on host: <128.142.84.177:9618?addrs=128.142.84.177-9618+[2001-1458-301-f6--100-5f7]-9618&noUDP&sock=16164_bcee_3>
...
006 (1354726.000.000) 02/17 07:16:18 Image size of job updated: 262008
	197  -  MemoryUsage of job (MB)
	201300  -  ResidentSetSize of job (KB)
...
006 (1354726.000.000) 02/17 07:16:29 Image size of job updated: 616096
	197  -  MemoryUsage of job (MB)
	201300  -  ResidentSetSize of job (KB)
...
040 (1354726.000.000) 02/17 07:16:29 Started transferring output files
...
040 (1354726.000.000) 02/17 07:16:29 Finished transferring output files
...
005 (1354726.000.000) 02/17 07:16:29 Job terminated.
	(1) Normal termination (return value 139)
		Usr 0 00:00:10, Sys 0 00:00:02  -  Run Remote Usage
		Usr 0 00:00:00, Sys 0 00:00:00  -  Run Local Usage
		Usr 0 00:00:10, Sys 0 00:00:02  -  Total Remote Usage
		Usr 0 00:00:00, Sys 0 00:00:00  -  Total Local Usage
	9962  -  Run Bytes Sent By Job
	1592  -  Run Bytes Received By Job
	9962  -  Total Bytes Sent By Job
	1592  -  Total Bytes Received By Job
	Partitionable Resources :    Usage  Request Allocated 
	   Cpus                 :        0        1         1 
	   Disk (KB)            :       33        2    253172 
	   Memory (MB)          :      197     2000      2000 
...
