000 (1354972.000.000) 02/17 07:27:23 Job submitted from host: <137.138.44.55:9618?addrs=137.138.44.55-9618+[2001-1458-d00-1a--48]-9618&alias=bigbird17.cern.ch&noUDP&sock=schedd_1694_8585_188>
...
040 (1354972.000.000) 02/17 07:27:27 Started transferring input files
	Transferring to host: <188.184.212.68:9618?addrs=188.184.212.68-9618+[2001-1458-301-10c--100-48]-9618&alias=b7g24n0136.cern.ch&noUDP&sock=slot1_12_24830_bb2b_4209>
...
040 (1354972.000.000) 02/17 07:27:27 Finished transferring input files
...
001 (1354972.000.000) 02/17 07:27:28 Job executing on host: <188.184.212.68:9618?addrs=188.184.212.68-9618+[2001-1458-301-10c--100-48]-9618&alias=b7g24n0136.cern.ch&noUDP&sock=startd_3246_1082>
...
006 (1354972.000.000) 02/17 07:27:36 Image size of job updated: 563420
	0  -  MemoryUsage of job (MB)
	0  -  ResidentSetSize of job (KB)
...
040 (1354972.000.000) 02/17 07:27:36 Started transferring output files
...
040 (1354972.000.000) 02/17 07:27:36 Finished transferring output files
...
005 (1354972.000.000) 02/17 07:27:36 Job terminated.
	(1) Normal termination (return value 0)
		Usr 0 00:00:03, Sys 0 00:00:01  -  Run Remote Usage
		Usr 0 00:00:00, Sys 0 00:00:00  -  Run Local Usage
		Usr 0 00:00:03, Sys 0 00:00:01  -  Total Remote Usage
		Usr 0 00:00:00, Sys 0 00:00:00  -  Total Local Usage
	12873  -  Run Bytes Sent By Job
	1456  -  Run Bytes Received By Job
	12873  -  Total Bytes Sent By Job
	1456  -  Total Bytes Received By Job
	Partitionable Resources :    Usage  Request Allocated 
	   Cpus                 :                 1         1 
	   Disk (KB)            :       28        2    223007 
	   Memory (MB)          :        0     2000      2000 
...
