000 (1354606.000.000) 02/17 07:06:14 Job submitted from host: <137.138.44.55:9618?addrs=137.138.44.55-9618+[2001-1458-d00-1a--48]-9618&alias=bigbird17.cern.ch&noUDP&sock=schedd_1694_8585_188>
...
040 (1354606.000.000) 02/17 07:09:23 Started transferring input files
	Transferring to host: <188.184.183.221:9618?addrs=188.184.183.221-9618+[2001-1458-301-2b--100-3a0]-9618&alias=b7g41n1197.cern.ch&noUDP&sock=slot1_8_13995_7e52_10993>
...
040 (1354606.000.000) 02/17 07:09:23 Finished transferring input files
...
001 (1354606.000.000) 02/17 07:09:24 Job executing on host: <188.184.183.221:9618?addrs=188.184.183.221-9618+[2001-1458-301-2b--100-3a0]-9618&alias=b7g41n1197.cern.ch&noUDP&sock=startd_14163_37ec>
...
006 (1354606.000.000) 02/17 07:09:33 Image size of job updated: 183636
	51  -  MemoryUsage of job (MB)
	51428  -  ResidentSetSize of job (KB)
...
006 (1354606.000.000) 02/17 07:12:02 Image size of job updated: 826760
	51  -  MemoryUsage of job (MB)
	51444  -  ResidentSetSize of job (KB)
...
040 (1354606.000.000) 02/17 07:12:02 Started transferring output files
...
040 (1354606.000.000) 02/17 07:12:02 Finished transferring output files
...
005 (1354606.000.000) 02/17 07:12:02 Job terminated.
	(1) Normal termination (return value 0)
		Usr 0 00:01:40, Sys 0 00:00:02  -  Run Remote Usage
		Usr 0 00:00:00, Sys 0 00:00:00  -  Run Local Usage
		Usr 0 00:01:40, Sys 0 00:00:02  -  Total Remote Usage
		Usr 0 00:00:00, Sys 0 00:00:00  -  Total Local Usage
	7957  -  Run Bytes Sent By Job
	1555  -  Run Bytes Received By Job
	7957  -  Total Bytes Sent By Job
	1555  -  Total Bytes Received By Job
	Partitionable Resources :    Usage  Request Allocated 
	   Cpus                 :                 1         1 
	   Disk (KB)            :       22        2    347767 
	   Memory (MB)          :       51     2000      2000 
...
