000 (1354997.000.000) 02/17 07:27:56 Job submitted from host: <137.138.44.55:9618?addrs=137.138.44.55-9618+[2001-1458-d00-1a--48]-9618&alias=bigbird17.cern.ch&noUDP&sock=schedd_1694_8585_188>
...
040 (1354997.000.000) 02/17 07:28:18 Started transferring input files
	Transferring to host: <188.184.138.31:9618?addrs=188.184.138.31-9618+[2001-1458-301-45--100-4a]-9618&noUDP&sock=27825_fac5_161050>
...
040 (1354997.000.000) 02/17 07:28:18 Finished transferring input files
...
001 (1354997.000.000) 02/17 07:28:19 Job executing on host: <188.184.138.31:9618?addrs=188.184.138.31-9618+[2001-1458-301-45--100-4a]-9618&noUDP&sock=5597_a7a9_3>
...
006 (1354997.000.000) 02/17 07:28:27 Image size of job updated: 175912
	79  -  MemoryUsage of job (MB)
	80380  -  ResidentSetSize of job (KB)
...
006 (1354997.000.000) 02/17 07:28:35 Image size of job updated: 231396
	79  -  MemoryUsage of job (MB)
	80636  -  ResidentSetSize of job (KB)
...
040 (1354997.000.000) 02/17 07:28:36 Started transferring output files
...
040 (1354997.000.000) 02/17 07:28:36 Finished transferring output files
...
005 (1354997.000.000) 02/17 07:28:36 Job terminated.
	(1) Normal termination (return value 0)
		Usr 0 00:00:04, Sys 0 00:00:01  -  Run Remote Usage
		Usr 0 00:00:00, Sys 0 00:00:00  -  Run Local Usage
		Usr 0 00:00:04, Sys 0 00:00:01  -  Total Remote Usage
		Usr 0 00:00:00, Sys 0 00:00:00  -  Total Local Usage
	12916  -  Run Bytes Sent By Job
	1499  -  Run Bytes Received By Job
	12916  -  Total Bytes Sent By Job
	1499  -  Total Bytes Received By Job
	Partitionable Resources :    Usage  Request Allocated 
	   Cpus                 :        0        1         1 
	   Disk (KB)            :       36        2    177626 
	   Memory (MB)          :       79     2000      2000 
...
