000 (1354542.000.000) 02/17 07:01:05 Job submitted from host: <137.138.44.55:9618?addrs=137.138.44.55-9618+[2001-1458-d00-1a--48]-9618&alias=bigbird17.cern.ch&noUDP&sock=schedd_1694_8585_188>
...
040 (1354542.000.000) 02/17 07:06:14 Started transferring input files
	Transferring to host: <188.184.198.115:9618?addrs=188.184.198.115-9618&noUDP&sock=3316_2c00_11381>
...
040 (1354542.000.000) 02/17 07:06:14 Finished transferring input files
...
001 (1354542.000.000) 02/17 07:06:15 Job executing on host: <188.184.198.115:9618?addrs=188.184.198.115-9618&noUDP&sock=2145_debc_3>
...
006 (1354542.000.000) 02/17 07:06:23 Image size of job updated: 397708
	330  -  MemoryUsage of job (MB)
	336904  -  ResidentSetSize of job (KB)
...
006 (1354542.000.000) 02/17 07:06:27 Image size of job updated: 602468
	330  -  MemoryUsage of job (MB)
	336904  -  ResidentSetSize of job (KB)
...
040 (1354542.000.000) 02/17 07:06:27 Started transferring output files
...
040 (1354542.000.000) 02/17 07:06:27 Finished transferring output files
...
005 (1354542.000.000) 02/17 07:06:28 Job terminated.
	(1) Normal termination (return value 139)
		Usr 0 00:00:07, Sys 0 00:00:01  -  Run Remote Usage
		Usr 0 00:00:00, Sys 0 00:00:00  -  Run Local Usage
		Usr 0 00:00:07, Sys 0 00:00:01  -  Total Remote Usage
		Usr 0 00:00:00, Sys 0 00:00:00  -  Total Local Usage
	9956  -  Run Bytes Sent By Job
	1555  -  Run Bytes Received By Job
	9956  -  Total Bytes Sent By Job
	1555  -  Total Bytes Received By Job
	Partitionable Resources :    Usage  Request Allocated 
	   Cpus                 :        0        1         1 
	   Disk (KB)            :       33        2    201267 
	   Memory (MB)          :      330     2000      2000 
...
