000 (1355142.000.000) 02/17 07:35:20 Job submitted from host: <137.138.44.55:9618?addrs=137.138.44.55-9618+[2001-1458-d00-1a--48]-9618&alias=bigbird17.cern.ch&noUDP&sock=schedd_1694_8585_188>
...
040 (1355142.000.000) 02/17 07:36:18 Started transferring input files
	Transferring to host: <188.184.196.164:9618?addrs=188.184.196.164-9618+[2001-1458-301-102--100-9d]-9618&alias=b7g24n0281.cern.ch&noUDP&sock=slot1_7_347_3e27_4093>
...
040 (1355142.000.000) 02/17 07:36:18 Finished transferring input files
...
001 (1355142.000.000) 02/17 07:36:19 Job executing on host: <188.184.196.164:9618?addrs=188.184.196.164-9618+[2001-1458-301-102--100-9d]-9618&alias=b7g24n0281.cern.ch&noUDP&sock=startd_2041_88e2>
...
006 (1355142.000.000) 02/17 07:36:28 Image size of job updated: 302388
	82  -  MemoryUsage of job (MB)
	83148  -  ResidentSetSize of job (KB)
...
006 (1355142.000.000) 02/17 07:38:25 Image size of job updated: 775812
	82  -  MemoryUsage of job (MB)
	83252  -  ResidentSetSize of job (KB)
...
040 (1355142.000.000) 02/17 07:38:25 Started transferring output files
...
040 (1355142.000.000) 02/17 07:38:25 Finished transferring output files
...
005 (1355142.000.000) 02/17 07:38:25 Job terminated.
	(1) Normal termination (return value 0)
		Usr 0 00:01:33, Sys 0 00:00:02  -  Run Remote Usage
		Usr 0 00:00:00, Sys 0 00:00:00  -  Run Local Usage
		Usr 0 00:01:33, Sys 0 00:00:02  -  Total Remote Usage
		Usr 0 00:00:00, Sys 0 00:00:00  -  Total Local Usage
	13055  -  Run Bytes Sent By Job
	1564  -  Run Bytes Received By Job
	13055  -  Total Bytes Sent By Job
	1564  -  Total Bytes Received By Job
	Partitionable Resources :    Usage  Request Allocated 
	   Cpus                 :                 1         1 
	   Disk (KB)            :       27        2    285677 
	   Memory (MB)          :       82     2000      2000 
...
