000 (1354646.000.000) 02/17 07:09:20 Job submitted from host: <137.138.44.55:9618?addrs=137.138.44.55-9618+[2001-1458-d00-1a--48]-9618&alias=bigbird17.cern.ch&noUDP&sock=schedd_1694_8585_188>
...
040 (1354646.000.000) 02/17 07:10:03 Started transferring input files
	Transferring to host: <128.142.85.240:9618?addrs=128.142.85.240-9618+[2001-1458-301-f6--100-2c0]-9618&alias=b7s14n1471.cern.ch&noUDP&sock=slot1_2_17336_87ba_4159>
...
040 (1354646.000.000) 02/17 07:10:03 Finished transferring input files
...
001 (1354646.000.000) 02/17 07:10:04 Job executing on host: <128.142.85.240:9618?addrs=128.142.85.240-9618+[2001-1458-301-f6--100-2c0]-9618&alias=b7s14n1471.cern.ch&noUDP&sock=startd_16624_427f>
...
006 (1354646.000.000) 02/17 07:10:14 Image size of job updated: 511928
	173  -  MemoryUsage of job (MB)
	176756  -  ResidentSetSize of job (KB)
...
006 (1354646.000.000) 02/17 07:10:22 Image size of job updated: 1279012
	173  -  MemoryUsage of job (MB)
	176756  -  ResidentSetSize of job (KB)
...
040 (1354646.000.000) 02/17 07:10:22 Started transferring output files
...
040 (1354646.000.000) 02/17 07:10:22 Finished transferring output files
...
005 (1354646.000.000) 02/17 07:10:23 Job terminated.
	(1) Normal termination (return value 139)
		Usr 0 00:00:09, Sys 0 00:00:02  -  Run Remote Usage
		Usr 0 00:00:00, Sys 0 00:00:00  -  Run Local Usage
		Usr 0 00:00:09, Sys 0 00:00:02  -  Total Remote Usage
		Usr 0 00:00:00, Sys 0 00:00:00  -  Total Local Usage
	9957  -  Run Bytes Sent By Job
	1560  -  Run Bytes Received By Job
	9957  -  Total Bytes Sent By Job
	1560  -  Total Bytes Received By Job
	Partitionable Resources :    Usage  Request Allocated 
	   Cpus                 :                 1         1 
	   Disk (KB)            :       25        2    259599 
	   Memory (MB)          :      173     2000      2000 
...
