000 (1354909.000.000) 02/17 07:24:32 Job submitted from host: <137.138.44.55:9618?addrs=137.138.44.55-9618+[2001-1458-d00-1a--48]-9618&alias=bigbird17.cern.ch&noUDP&sock=schedd_1694_8585_188>
...
040 (1354909.000.000) 02/17 07:25:16 Started transferring input files
	Transferring to host: <128.142.81.174:9618?addrs=128.142.81.174-9618+[2001-1458-301-f5--100-da]-9618&noUDP&sock=16674_175f_28602>
...
040 (1354909.000.000) 02/17 07:25:16 Finished transferring input files
...
001 (1354909.000.000) 02/17 07:25:17 Job executing on host: <128.142.81.174:9618?addrs=128.142.81.174-9618+[2001-1458-301-f5--100-da]-9618&noUDP&sock=16518_8d75_3>
...
006 (1354909.000.000) 02/17 07:25:26 Image size of job updated: 220456
	157  -  MemoryUsage of job (MB)
	160380  -  ResidentSetSize of job (KB)
...
006 (1354909.000.000) 02/17 07:30:26 Image size of job updated: 365452
	297  -  MemoryUsage of job (MB)
	303184  -  ResidentSetSize of job (KB)
...
006 (1354909.000.000) 02/17 07:31:52 Image size of job updated: 365792
	297  -  MemoryUsage of job (MB)
	303184  -  ResidentSetSize of job (KB)
...
040 (1354909.000.000) 02/17 07:31:52 Started transferring output files
...
040 (1354909.000.000) 02/17 07:31:52 Finished transferring output files
...
005 (1354909.000.000) 02/17 07:31:52 Job terminated.
	(1) Normal termination (return value 0)
		Usr 0 00:03:07, Sys 0 00:00:03  -  Run Remote Usage
		Usr 0 00:00:00, Sys 0 00:00:00  -  Run Local Usage
		Usr 0 00:03:07, Sys 0 00:00:03  -  Total Remote Usage
		Usr 0 00:00:00, Sys 0 00:00:00  -  Total Local Usage
	12757  -  Run Bytes Sent By Job
	1416  -  Run Bytes Received By Job
	12757  -  Total Bytes Sent By Job
	1416  -  Total Bytes Received By Job
	Partitionable Resources :    Usage  Request Allocated 
	   Cpus                 :     0.28        1         1 
	   Disk (KB)            :    36           2    254879 
	   Memory (MB)          :   297        2000      2000 
...
