000 (1355081.000.000) 02/17 07:32:18 Job submitted from host: <137.138.44.55:9618?addrs=137.138.44.55-9618+[2001-1458-d00-1a--48]-9618&alias=bigbird17.cern.ch&noUDP&sock=schedd_1694_8585_188>
...
040 (1355081.000.000) 02/17 07:36:20 Started transferring input files
	Transferring to host: <188.184.182.13:9618?addrs=188.184.182.13-9618+[2001-1458-301-2b--100-24]-9618&noUDP&sock=13306_07d6_160541>
...
040 (1355081.000.000) 02/17 07:36:20 Finished transferring input files
...
001 (1355081.000.000) 02/17 07:36:21 Job executing on host: <188.184.182.13:9618?addrs=188.184.182.13-9618+[2001-1458-301-2b--100-24]-9618&noUDP&sock=6519_11fb_3>
...
006 (1355081.000.000) 02/17 07:36:30 Image size of job updated: 39832
	8  -  MemoryUsage of job (MB)
	8064  -  ResidentSetSize of job (KB)
...
006 (1355081.000.000) 02/17 07:41:31 Image size of job updated: 363424
	294  -  MemoryUsage of job (MB)
	300564  -  ResidentSetSize of job (KB)
...
006 (1355081.000.000) 02/17 07:43:02 Image size of job updated: 367760
	294  -  MemoryUsage of job (MB)
	300564  -  ResidentSetSize of job (KB)
...
040 (1355081.000.000) 02/17 07:43:02 Started transferring output files
...
040 (1355081.000.000) 02/17 07:43:02 Finished transferring output files
...
005 (1355081.000.000) 02/17 07:43:02 Job terminated.
	(1) Normal termination (return value 0)
		Usr 0 00:02:09, Sys 0 00:00:02  -  Run Remote Usage
		Usr 0 00:00:00, Sys 0 00:00:00  -  Run Local Usage
		Usr 0 00:02:09, Sys 0 00:00:02  -  Total Remote Usage
		Usr 0 00:00:00, Sys 0 00:00:00  -  Total Local Usage
	13015  -  Run Bytes Sent By Job
	1524  -  Run Bytes Received By Job
	13015  -  Total Bytes Sent By Job
	1524  -  Total Bytes Received By Job
	Partitionable Resources :    Usage  Request Allocated 
	   Cpus                 :     0.09        1         1 
	   Disk (KB)            :    36           2    274748 
	   Memory (MB)          :   294        2000      2000 
...
