000 (1355344.000.000) 02/17 07:44:45 Job submitted from host: <137.138.44.55:9618?addrs=137.138.44.55-9618+[2001-1458-d00-1a--48]-9618&alias=bigbird17.cern.ch&noUDP&sock=schedd_1694_8585_188>
...
040 (1355344.000.000) 02/17 07:46:27 Started transferring input files
	Transferring to host: <128.142.65.60:9618?addrs=128.142.65.60-9618&noUDP&sock=10466_fe63_1584>
...
040 (1355344.000.000) 02/17 07:46:27 Finished transferring input files
...
001 (1355344.000.000) 02/17 07:46:28 Job executing on host: <128.142.65.60:9618?addrs=128.142.65.60-9618&noUDP&sock=2162_87d8_143>
...
006 (1355344.000.000) 02/17 07:46:37 Image size of job updated: 2328
	2  -  MemoryUsage of job (MB)
	2032  -  ResidentSetSize of job (KB)
...
006 (1355344.000.000) 02/17 07:47:14 Image size of job updated: 244600
	2  -  MemoryUsage of job (MB)
	2032  -  ResidentSetSize of job (KB)
...
040 (1355344.000.000) 02/17 07:47:14 Started transferring output files
...
040 (1355344.000.000) 02/17 07:47:14 Finished transferring output files
...
005 (1355344.000.000) 02/17 07:47:14 Job terminated.
	(1) Normal termination (return value 0)
		Usr 0 00:00:06, Sys 0 00:00:01  -  Run Remote Usage
		Usr 0 00:00:00, Sys 0 00:00:00  -  Run Local Usage
		Usr 0 00:00:06, Sys 0 00:00:01  -  Total Remote Usage
		Usr 0 00:00:00, Sys 0 00:00:00  -  Total Local Usage
	8144  -  Run Bytes Sent By Job
	1489  -  Run Bytes Received By Job
	8144  -  Total Bytes Sent By Job
	1489  -  Total Bytes Received By Job
	Partitionable Resources :    Usage  Request Allocated 
	   Cpus                 :        0        1         1 
	   Disk (KB)            :       30        2    268141 
	   Memory (MB)          :        2     2000      2000 
...
