000 (1355298.000.000) 02/17 07:42:55 Job submitted from host: <137.138.44.55:9618?addrs=137.138.44.55-9618+[2001-1458-d00-1a--48]-9618&alias=bigbird17.cern.ch&noUDP&sock=schedd_1694_8585_188>
...
040 (1355298.000.000) 02/17 07:44:23 Started transferring input files
	Transferring to host: <128.142.108.59:9618?addrs=128.142.108.59-9618&alias=b7s04n0167.cern.ch&noUDP&sock=slot1_8_27411_4774_3852>
...
040 (1355298.000.000) 02/17 07:44:23 Finished transferring input files
...
001 (1355298.000.000) 02/17 07:44:24 Job executing on host: <128.142.108.59:9618?addrs=128.142.108.59-9618&alias=b7s04n0167.cern.ch&noUDP&sock=startd_1959_4a1e>
...
006 (1355298.000.000) 02/17 07:44:33 Image size of job updated: 228280
	164  -  MemoryUsage of job (MB)
	167812  -  ResidentSetSize of job (KB)
...
006 (1355298.000.000) 02/17 07:44:42 Image size of job updated: 654888
	164  -  MemoryUsage of job (MB)
	167812  -  ResidentSetSize of job (KB)
...
040 (1355298.000.000) 02/17 07:44:42 Started transferring output files
...
040 (1355298.000.000) 02/17 07:44:42 Finished transferring output files
...
005 (1355298.000.000) 02/17 07:44:43 Job terminated.
	(1) Normal termination (return value 0)
		Usr 0 00:00:08, Sys 0 00:00:01  -  Run Remote Usage
		Usr 0 00:00:00, Sys 0 00:00:00  -  Run Local Usage
		Usr 0 00:00:08, Sys 0 00:00:01  -  Total Remote Usage
		Usr 0 00:00:00, Sys 0 00:00:00  -  Total Local Usage
	8143  -  Run Bytes Sent By Job
	1488  -  Run Bytes Received By Job
	8143  -  Total Bytes Sent By Job
	1488  -  Total Bytes Received By Job
	Partitionable Resources :    Usage  Request Allocated 
	   Cpus                 :                 1         1 
	   Disk (KB)            :       23        2    196135 
	   Memory (MB)          :      164     2000      2000 
...
