000 (1355029.000.000) 02/17 07:30:01 Job submitted from host: <137.138.44.55:9618?addrs=137.138.44.55-9618+[2001-1458-d00-1a--48]-9618&alias=bigbird17.cern.ch&noUDP&sock=schedd_1694_8585_188>
...
040 (1355029.000.000) 02/17 07:30:13 Started transferring input files
	Transferring to host: <128.142.114.116:9618?addrs=128.142.114.116-9618+[2001-1458-301-90--100-180]-9618&alias=b7s05n6988.cern.ch&noUDP&sock=slot1_7_23551_8f57_4122>
...
040 (1355029.000.000) 02/17 07:30:13 Finished transferring input files
...
001 (1355029.000.000) 02/17 07:30:14 Job executing on host: <128.142.114.116:9618?addrs=128.142.114.116-9618+[2001-1458-301-90--100-180]-9618&alias=b7s05n6988.cern.ch&noUDP&sock=startd_1991_3d26>
...
006 (1355029.000.000) 02/17 07:30:23 Image size of job updated: 63884
	17  -  MemoryUsage of job (MB)
	16928  -  ResidentSetSize of job (KB)
...
006 (1355029.000.000) 02/17 07:30:49 Image size of job updated: 622520
	17  -  MemoryUsage of job (MB)
	16928  -  ResidentSetSize of job (KB)
...
040 (1355029.000.000) 02/17 07:30:49 Started transferring output files
...
040 (1355029.000.000) 02/17 07:30:49 Finished transferring output files
...
005 (1355029.000.000) 02/17 07:30:49 Job terminated.
	(1) Normal termination (return value 0)
		Usr 0 00:00:04, Sys 0 00:00:01  -  Run Remote Usage
		Usr 0 00:00:00, Sys 0 00:00:00  -  Run Local Usage
		Usr 0 00:00:04, Sys 0 00:00:01  -  Total Remote Usage
		Usr 0 00:00:00, Sys 0 00:00:00  -  Total Local Usage
	12918  -  Run Bytes Sent By Job
	1501  -  Run Bytes Received By Job
	12918  -  Total Bytes Sent By Job
	1501  -  Total Bytes Received By Job
	Partitionable Resources :    Usage  Request Allocated 
	   Cpus                 :                 1         1 
	   Disk (KB)            :       28        2    185590 
	   Memory (MB)          :       17     2000      2000 
...
