000 (1354905.000.000) 02/17 07:24:23 Job submitted from host: <137.138.44.55:9618?addrs=137.138.44.55-9618+[2001-1458-d00-1a--48]-9618&alias=bigbird17.cern.ch&noUDP&sock=schedd_1694_8585_188>
...
040 (1354905.000.000) 02/17 07:25:03 Started transferring input files
	Transferring to host: <128.142.117.80:9618?addrs=128.142.117.80-9618+[2001-1458-301-ae--100-1cf]-9618&noUDP&sock=18720_aef2_79358>
...
040 (1354905.000.000) 02/17 07:25:03 Finished transferring input files
...
001 (1354905.000.000) 02/17 07:25:04 Job executing on host: <128.142.117.80:9618?addrs=128.142.117.80-9618+[2001-1458-301-ae--100-1cf]-9618&noUDP&sock=18585_57b7_3>
...
006 (1354905.000.000) 02/17 07:25:13 Image size of job updated: 300192
	234  -  MemoryUsage of job (MB)
	239408  -  ResidentSetSize of job (KB)
...
006 (1354905.000.000) 02/17 07:25:23 Image size of job updated: 503924
	235  -  MemoryUsage of job (MB)
	240232  -  ResidentSetSize of job (KB)
...
040 (1354905.000.000) 02/17 07:25:23 Started transferring output files
...
040 (1354905.000.000) 02/17 07:25:23 Finished transferring output files
...
005 (1354905.000.000) 02/17 07:25:23 Job terminated.
	(1) Normal termination (return value 139)
		Usr 0 00:00:11, Sys 0 00:00:02  -  Run Remote Usage
		Usr 0 00:00:00, Sys 0 00:00:00  -  Run Local Usage
		Usr 0 00:00:11, Sys 0 00:00:02  -  Total Remote Usage
		Usr 0 00:00:00, Sys 0 00:00:00  -  Total Local Usage
	14858  -  Run Bytes Sent By Job
	1417  -  Run Bytes Received By Job
	14858  -  Total Bytes Sent By Job
	1417  -  Total Bytes Received By Job
	Partitionable Resources :    Usage  Request Allocated 
	   Cpus                 :        0        1         1 
	   Disk (KB)            :       38        2    206216 
	   Memory (MB)          :      235     2000      2000 
...
