000 (1354800.000.000) 02/17 07:19:30 Job submitted from host: <137.138.44.55:9618?addrs=137.138.44.55-9618+[2001-1458-d00-1a--48]-9618&alias=bigbird17.cern.ch&noUDP&sock=schedd_1694_8585_188>
...
040 (1354800.000.000) 02/17 07:21:07 Started transferring input files
	Transferring to host: <128.142.71.194:9618?addrs=128.142.71.194-9618+[2001-1458-301-52--100-6ab]-9618&alias=b7s10n8407.cern.ch&noUDP&sock=slot1_12_3150_35b9_3909>
...
040 (1354800.000.000) 02/17 07:21:07 Finished transferring input files
...
001 (1354800.000.000) 02/17 07:21:08 Job executing on host: <128.142.71.194:9618?addrs=128.142.71.194-9618+[2001-1458-301-52--100-6ab]-9618&alias=b7s10n8407.cern.ch&noUDP&sock=startd_2140_70c3>
...
006 (1354800.000.000) 02/17 07:21:17 Image size of job updated: 232636
	169  -  MemoryUsage of job (MB)
	172168  -  ResidentSetSize of job (KB)
...
006 (1354800.000.000) 02/17 07:23:27 Image size of job updated: 825900
	169  -  MemoryUsage of job (MB)
	172168  -  ResidentSetSize of job (KB)
...
040 (1354800.000.000) 02/17 07:23:27 Started transferring output files
...
040 (1354800.000.000) 02/17 07:23:27 Finished transferring output files
...
005 (1354800.000.000) 02/17 07:23:28 Job terminated.
	(1) Normal termination (return value 0)
		Usr 0 00:01:46, Sys 0 00:00:03  -  Run Remote Usage
		Usr 0 00:00:00, Sys 0 00:00:00  -  Run Local Usage
		Usr 0 00:01:46, Sys 0 00:00:03  -  Total Remote Usage
		Usr 0 00:00:00, Sys 0 00:00:00  -  Total Local Usage
	7997  -  Run Bytes Sent By Job
	1595  -  Run Bytes Received By Job
	7997  -  Total Bytes Sent By Job
	1595  -  Total Bytes Received By Job
	Partitionable Resources :    Usage  Request Allocated 
	   Cpus                 :                 1         1 
	   Disk (KB)            :       23        2    241512 
	   Memory (MB)          :      169     2000      2000 
...
