000 (1355049.000.000) 02/17 07:31:12 Job submitted from host: <137.138.44.55:9618?addrs=137.138.44.55-9618+[2001-1458-d00-1a--48]-9618&alias=bigbird17.cern.ch&noUDP&sock=schedd_1694_8585_188>
...
040 (1355049.000.000) 02/17 07:31:38 Started transferring input files
	Transferring to host: <128.142.73.179:9618?addrs=128.142.73.179-9618+[2001-1458-301-75--100-72]-9618&noUDP&sock=16834_d366_29630>
...
040 (1355049.000.000) 02/17 07:31:38 Finished transferring input files
...
001 (1355049.000.000) 02/17 07:31:39 Job executing on host: <128.142.73.179:9618?addrs=128.142.73.179-9618+[2001-1458-301-75--100-72]-9618&noUDP&sock=16678_4c9c_3>
...
006 (1355049.000.000) 02/17 07:31:48 Image size of job updated: 241672
	170  -  MemoryUsage of job (MB)
	173540  -  ResidentSetSize of job (KB)
...
040 (1355049.000.000) 02/17 07:31:48 Started transferring output files
...
040 (1355049.000.000) 02/17 07:31:48 Finished transferring output files
...
005 (1355049.000.000) 02/17 07:31:49 Job terminated.
	(1) Normal termination (return value 0)
		Usr 0 00:00:03, Sys 0 00:00:01  -  Run Remote Usage
		Usr 0 00:00:00, Sys 0 00:00:00  -  Run Local Usage
		Usr 0 00:00:03, Sys 0 00:00:01  -  Total Remote Usage
		Usr 0 00:00:00, Sys 0 00:00:00  -  Total Local Usage
	12913  -  Run Bytes Sent By Job
	1496  -  Run Bytes Received By Job
	12913  -  Total Bytes Sent By Job
	1496  -  Total Bytes Received By Job
	Partitionable Resources :    Usage  Request Allocated 
	   Cpus                 :     0.04        1         1 
	   Disk (KB)            :    36           2    255143 
	   Memory (MB)          :   170        2000      2000 
...
