000 (1355228.000.000) 02/17 07:39:26 Job submitted from host: <137.138.44.55:9618?addrs=137.138.44.55-9618+[2001-1458-d00-1a--48]-9618&alias=bigbird17.cern.ch&noUDP&sock=schedd_1694_8585_188>
...
040 (1355228.000.000) 02/17 07:39:31 Started transferring input files
	Transferring to host: <188.184.143.99:9618?addrs=188.184.143.99-9618+[2001-1458-301-46--100-177]-9618&noUDP&sock=2967_4512_103423>
...
040 (1355228.000.000) 02/17 07:39:31 Finished transferring input files
...
001 (1355228.000.000) 02/17 07:39:32 Job executing on host: <188.184.143.99:9618?addrs=188.184.143.99-9618+[2001-1458-301-46--100-177]-9618&noUDP&sock=2002_c8b1_3>
...
006 (1355228.000.000) 02/17 07:39:40 Image size of job updated: 236464
	171  -  MemoryUsage of job (MB)
	174196  -  ResidentSetSize of job (KB)
...
040 (1355228.000.000) 02/17 07:39:43 Started transferring output files
...
040 (1355228.000.000) 02/17 07:39:43 Finished transferring output files
...
005 (1355228.000.000) 02/17 07:39:43 Job terminated.
	(1) Normal termination (return value 0)
		Usr 0 00:00:05, Sys 0 00:00:01  -  Run Remote Usage
		Usr 0 00:00:00, Sys 0 00:00:00  -  Run Local Usage
		Usr 0 00:00:05, Sys 0 00:00:01  -  Total Remote Usage
		Usr 0 00:00:00, Sys 0 00:00:00  -  Total Local Usage
	8182  -  Run Bytes Sent By Job
	1528  -  Run Bytes Received By Job
	8182  -  Total Bytes Sent By Job
	1528  -  Total Bytes Received By Job
	Partitionable Resources :    Usage  Request Allocated 
	   Cpus                 :     0.55        1         1 
	   Disk (KB)            :    31           2    208083 
	   Memory (MB)          :   171        2000      2000 
...
