000 (1355235.000.000) 02/17 07:39:39 Job submitted from host: <137.138.44.55:9618?addrs=137.138.44.55-9618+[2001-1458-d00-1a--48]-9618&alias=bigbird17.cern.ch&noUDP&sock=schedd_1694_8585_188>
...
040 (1355235.000.000) 02/17 07:39:40 Started transferring input files
	Transferring to host: <128.142.104.210:9618?addrs=128.142.104.210-9618+[2001-1458-301-8b--100-cf]-9618&alias=b7s03n0720.cern.ch&noUDP&sock=slot1_8_27445_3c35_9868>
...
040 (1355235.000.000) 02/17 07:39:41 Finished transferring input files
...
001 (1355235.000.000) 02/17 07:39:42 Job executing on host: <128.142.104.210:9618?addrs=128.142.104.210-9618+[2001-1458-301-8b--100-cf]-9618&alias=b7s03n0720.cern.ch&noUDP&sock=startd_2146_8e54>
...
006 (1355235.000.000) 02/17 07:39:50 Image size of job updated: 262336
	144  -  MemoryUsage of job (MB)
	147376  -  ResidentSetSize of job (KB)
...
006 (1355235.000.000) 02/17 07:40:04 Image size of job updated: 654912
	144  -  MemoryUsage of job (MB)
	147376  -  ResidentSetSize of job (KB)
...
040 (1355235.000.000) 02/17 07:40:04 Started transferring output files
...
040 (1355235.000.000) 02/17 07:40:04 Finished transferring output files
...
005 (1355235.000.000) 02/17 07:40:04 Job terminated.
	(1) Normal termination (return value 0)
		Usr 0 00:00:11, Sys 0 00:00:02  -  Run Remote Usage
		Usr 0 00:00:00, Sys 0 00:00:00  -  Run Local Usage
		Usr 0 00:00:11, Sys 0 00:00:02  -  Total Remote Usage
		Usr 0 00:00:00, Sys 0 00:00:00  -  Total Local Usage
	8182  -  Run Bytes Sent By Job
	1527  -  Run Bytes Received By Job
	8182  -  Total Bytes Sent By Job
	1527  -  Total Bytes Received By Job
	Partitionable Resources :    Usage  Request Allocated 
	   Cpus                 :                 1         1 
	   Disk (KB)            :       23        2    203013 
	   Memory (MB)          :      144     2000      2000 
...
