000 (1355181.000.000) 02/17 07:37:08 Job submitted from host: <137.138.44.55:9618?addrs=137.138.44.55-9618+[2001-1458-d00-1a--48]-9618&alias=bigbird17.cern.ch&noUDP&sock=schedd_1694_8585_188>
...
040 (1355181.000.000) 02/17 07:37:21 Started transferring input files
	Transferring to host: <188.184.205.217:9618?addrs=188.184.205.217-9618+[2001-1458-301-7d--100-292]-9618&noUDP&sock=3156_6ff9_70283>
...
040 (1355181.000.000) 02/17 07:37:21 Finished transferring input files
...
001 (1355181.000.000) 02/17 07:37:22 Job executing on host: <188.184.205.217:9618?addrs=188.184.205.217-9618+[2001-1458-301-7d--100-292]-9618&noUDP&sock=3117_94ca_3>
...
006 (1355181.000.000) 02/17 07:37:30 Image size of job updated: 214712
	152  -  MemoryUsage of job (MB)
	154688  -  ResidentSetSize of job (KB)
...
006 (1355181.000.000) 02/17 07:40:33 Image size of job updated: 360656
	152  -  MemoryUsage of job (MB)
	154852  -  ResidentSetSize of job (KB)
...
040 (1355181.000.000) 02/17 07:40:33 Started transferring output files
...
040 (1355181.000.000) 02/17 07:40:33 Finished transferring output files
...
005 (1355181.000.000) 02/17 07:40:34 Job terminated.
	(1) Normal termination (return value 0)
		Usr 0 00:01:39, Sys 0 00:00:02  -  Run Remote Usage
		Usr 0 00:00:00, Sys 0 00:00:00  -  Run Local Usage
		Usr 0 00:01:39, Sys 0 00:00:02  -  Total Remote Usage
		Usr 0 00:00:00, Sys 0 00:00:00  -  Total Local Usage
	13052  -  Run Bytes Sent By Job
	1562  -  Run Bytes Received By Job
	13052  -  Total Bytes Sent By Job
	1562  -  Total Bytes Received By Job
	Partitionable Resources :    Usage  Request Allocated 
	   Cpus                 :     0.05        1         1 
	   Disk (KB)            :    36           2    192285 
	   Memory (MB)          :   152        2000      2000 
...
