000 (1354734.000.000) 02/17 07:15:58 Job submitted from host: <137.138.44.55:9618?addrs=137.138.44.55-9618+[2001-1458-d00-1a--48]-9618&alias=bigbird17.cern.ch&noUDP&sock=schedd_1694_8585_188>
...
040 (1354734.000.000) 02/17 07:16:22 Started transferring input files
	Transferring to host: <128.142.84.32:9618?addrs=128.142.84.32-9618+[2001-1458-301-f6--100-1bb]-9618&alias=b7s14n5701.cern.ch&noUDP&sock=slot1_7_20818_ea08_9587>
...
040 (1354734.000.000) 02/17 07:16:22 Finished transferring input files
...
001 (1354734.000.000) 02/17 07:16:23 Job executing on host: <128.142.84.32:9618?addrs=128.142.84.32-9618+[2001-1458-301-f6--100-1bb]-9618&alias=b7s14n5701.cern.ch&noUDP&sock=startd_16558_fd3e>
...
006 (1354734.000.000) 02/17 07:16:32 Image size of job updated: 547888
	168  -  MemoryUsage of job (MB)
	171148  -  ResidentSetSize of job (KB)
...
006 (1354734.000.000) 02/17 07:19:07 Image size of job updated: 825640
	168  -  MemoryUsage of job (MB)
	171312  -  ResidentSetSize of job (KB)
...
040 (1354734.000.000) 02/17 07:19:07 Started transferring output files
...
040 (1354734.000.000) 02/17 07:19:07 Finished transferring output files
...
005 (1354734.000.000) 02/17 07:19:08 Job terminated.
	(1) Normal termination (return value 0)
		Usr 0 00:02:01, Sys 0 00:00:02  -  Run Remote Usage
		Usr 0 00:00:00, Sys 0 00:00:00  -  Run Local Usage
		Usr 0 00:02:01, Sys 0 00:00:02  -  Total Remote Usage
		Usr 0 00:00:00, Sys 0 00:00:00  -  Total Local Usage
	7997  -  Run Bytes Sent By Job
	1595  -  Run Bytes Received By Job
	7997  -  Total Bytes Sent By Job
	1595  -  Total Bytes Received By Job
	Partitionable Resources :    Usage  Request Allocated 
	   Cpus                 :                 1         1 
	   Disk (KB)            :       23        2    259347 
	   Memory (MB)          :      168     2000      2000 
...
