000 (1355197.000.000) 02/17 07:37:57 Job submitted from host: <137.138.44.55:9618?addrs=137.138.44.55-9618+[2001-1458-d00-1a--48]-9618&alias=bigbird17.cern.ch&noUDP&sock=schedd_1694_8585_188>
...
040 (1355197.000.000) 02/17 07:38:26 Started transferring input files
	Transferring to host: <188.184.196.164:9618?addrs=188.184.196.164-9618+[2001-1458-301-102--100-9d]-9618&alias=b7g24n0281.cern.ch&noUDP&sock=slot1_7_347_3e27_4095>
...
040 (1355197.000.000) 02/17 07:38:26 Finished transferring input files
...
001 (1355197.000.000) 02/17 07:38:27 Job executing on host: <188.184.196.164:9618?addrs=188.184.196.164-9618+[2001-1458-301-102--100-9d]-9618&alias=b7g24n0281.cern.ch&noUDP&sock=startd_2041_88e2>
...
006 (1355197.000.000) 02/17 07:38:35 Image size of job updated: 770980
	175  -  MemoryUsage of job (MB)
	178684  -  ResidentSetSize of job (KB)
...
006 (1355197.000.000) 02/17 07:40:32 Image size of job updated: 776712
	175  -  MemoryUsage of job (MB)
	178684  -  ResidentSetSize of job (KB)
...
040 (1355197.000.000) 02/17 07:40:32 Started transferring output files
...
040 (1355197.000.000) 02/17 07:40:32 Finished transferring output files
...
005 (1355197.000.000) 02/17 07:40:32 Job terminated.
	(1) Normal termination (return value 0)
		Usr 0 00:00:54, Sys 0 00:00:02  -  Run Remote Usage
		Usr 0 00:00:00, Sys 0 00:00:00  -  Run Local Usage
		Usr 0 00:00:54, Sys 0 00:00:02  -  Total Remote Usage
		Usr 0 00:00:00, Sys 0 00:00:00  -  Total Local Usage
	12585  -  Run Bytes Sent By Job
	1168  -  Run Bytes Received By Job
	12585  -  Total Bytes Sent By Job
	1168  -  Total Bytes Received By Job
	Partitionable Resources :    Usage  Request Allocated 
	   Cpus                 :                 1         1 
	   Disk (KB)            :       27        2    285154 
	   Memory (MB)          :      175     2000      2000 
...
