000 (1355321.000.000) 02/17 07:43:52 Job submitted from host: <137.138.44.55:9618?addrs=137.138.44.55-9618+[2001-1458-d00-1a--48]-9618&alias=bigbird17.cern.ch&noUDP&sock=schedd_1694_8585_188>
...
040 (1355321.000.000) 02/17 07:46:22 Started transferring input files
	Transferring to host: <128.142.71.22:9618?addrs=128.142.71.22-9618+[2001-1458-301-52--100-474]-9618&noUDP&sock=2499_857f_62340>
...
040 (1355321.000.000) 02/17 07:46:22 Finished transferring input files
...
001 (1355321.000.000) 02/17 07:46:23 Job executing on host: <128.142.71.22:9618?addrs=128.142.71.22-9618+[2001-1458-301-52--100-474]-9618&noUDP&sock=2291_0390_3>
...
006 (1355321.000.000) 02/17 07:46:32 Image size of job updated: 144600
	51  -  MemoryUsage of job (MB)
	51568  -  ResidentSetSize of job (KB)
...
006 (1355321.000.000) 02/17 07:46:44 Image size of job updated: 246864
	51  -  MemoryUsage of job (MB)
	51780  -  ResidentSetSize of job (KB)
...
040 (1355321.000.000) 02/17 07:46:44 Started transferring output files
...
040 (1355321.000.000) 02/17 07:46:44 Finished transferring output files
...
005 (1355321.000.000) 02/17 07:46:44 Job terminated.
	(1) Normal termination (return value 0)
		Usr 0 00:00:08, Sys 0 00:00:01  -  Run Remote Usage
		Usr 0 00:00:00, Sys 0 00:00:00  -  Run Local Usage
		Usr 0 00:00:08, Sys 0 00:00:01  -  Total Remote Usage
		Usr 0 00:00:00, Sys 0 00:00:00  -  Total Local Usage
	8137  -  Run Bytes Sent By Job
	1483  -  Run Bytes Received By Job
	8137  -  Total Bytes Sent By Job
	1483  -  Total Bytes Received By Job
	Partitionable Resources :    Usage  Request Allocated 
	   Cpus                 :        0        1         1 
	   Disk (KB)            :       30        2    273213 
	   Memory (MB)          :       51     2000      2000 
...
