000 (1354718.000.000) 02/17 07:15:04 Job submitted from host: <137.138.44.55:9618?addrs=137.138.44.55-9618+[2001-1458-d00-1a--48]-9618&alias=bigbird17.cern.ch&noUDP&sock=schedd_1694_8585_188>
...
040 (1354718.000.000) 02/17 07:15:11 Started transferring input files
	Transferring to host: <128.142.82.239:9618?addrs=128.142.82.239-9618+[2001-1458-301-f5--100-9c]-9618&noUDP&sock=16919_b749_26886>
...
040 (1354718.000.000) 02/17 07:15:11 Finished transferring input files
...
001 (1354718.000.000) 02/17 07:15:12 Job executing on host: <128.142.82.239:9618?addrs=128.142.82.239-9618+[2001-1458-301-f5--100-9c]-9618&noUDP&sock=16763_9a29_3>
...
006 (1354718.000.000) 02/17 07:15:20 Image size of job updated: 62380
	16  -  MemoryUsage of job (MB)
	16152  -  ResidentSetSize of job (KB)
...
006 (1354718.000.000) 02/17 07:15:52 Image size of job updated: 596680
	16  -  MemoryUsage of job (MB)
	16164  -  ResidentSetSize of job (KB)
...
040 (1354718.000.000) 02/17 07:15:52 Started transferring output files
...
040 (1354718.000.000) 02/17 07:15:52 Finished transferring output files
...
005 (1354718.000.000) 02/17 07:15:52 Job terminated.
	(1) Normal termination (return value 139)
		Usr 0 00:00:10, Sys 0 00:00:02  -  Run Remote Usage
		Usr 0 00:00:00, Sys 0 00:00:00  -  Run Local Usage
		Usr 0 00:00:10, Sys 0 00:00:02  -  Total Remote Usage
		Usr 0 00:00:00, Sys 0 00:00:00  -  Total Local Usage
	9963  -  Run Bytes Sent By Job
	1595  -  Run Bytes Received By Job
	9963  -  Total Bytes Sent By Job
	1595  -  Total Bytes Received By Job
	Partitionable Resources :    Usage  Request Allocated 
	   Cpus                 :     0.17        1         1 
	   Disk (KB)            :    33           2    227467 
	   Memory (MB)          :    16        2000      2000 
...
