000 (1354485.000.000) 02/17 06:57:10 Job submitted from host: <137.138.44.55:9618?addrs=137.138.44.55-9618+[2001-1458-d00-1a--48]-9618&alias=bigbird17.cern.ch&noUDP&sock=schedd_1694_8585_188>
...
040 (1354485.000.000) 02/17 07:04:54 Started transferring input files
	Transferring to host: <128.142.80.153:9618?addrs=128.142.80.153-9618+[2001-1458-301-f5--100-5ae]-9618&noUDP&sock=16863_4247_26726>
...
040 (1354485.000.000) 02/17 07:04:54 Finished transferring input files
...
001 (1354485.000.000) 02/17 07:04:55 Job executing on host: <128.142.80.153:9618?addrs=128.142.80.153-9618+[2001-1458-301-f5--100-5ae]-9618&noUDP&sock=16706_8143_3>
...
006 (1354485.000.000) 02/17 07:05:04 Image size of job updated: 390304
	322  -  MemoryUsage of job (MB)
	329500  -  ResidentSetSize of job (KB)
...
006 (1354485.000.000) 02/17 07:05:10 Image size of job updated: 545004
	322  -  MemoryUsage of job (MB)
	329500  -  ResidentSetSize of job (KB)
...
040 (1354485.000.000) 02/17 07:05:10 Started transferring output files
...
040 (1354485.000.000) 02/17 07:05:10 Finished transferring output files
...
005 (1354485.000.000) 02/17 07:05:10 Job terminated.
	(1) Normal termination (return value 139)
		Usr 0 00:00:09, Sys 0 00:00:02  -  Run Remote Usage
		Usr 0 00:00:00, Sys 0 00:00:00  -  Run Local Usage
		Usr 0 00:00:09, Sys 0 00:00:02  -  Total Remote Usage
		Usr 0 00:00:00, Sys 0 00:00:00  -  Total Local Usage
	9955  -  Run Bytes Sent By Job
	1553  -  Run Bytes Received By Job
	9955  -  Total Bytes Sent By Job
	1553  -  Total Bytes Received By Job
	Partitionable Resources :    Usage  Request Allocated 
	   Cpus                 :        0        1         1 
	   Disk (KB)            :       33        2    157416 
	   Memory (MB)          :      322     2000      2000 
...
