000 (1354807.000.000) 02/17 07:19:45 Job submitted from host: <137.138.44.55:9618?addrs=137.138.44.55-9618+[2001-1458-d00-1a--48]-9618&alias=bigbird17.cern.ch&noUDP&sock=schedd_1694_8585_188>
...
040 (1354807.000.000) 02/17 07:20:30 Started transferring input files
	Transferring to host: <128.142.78.197:9618?addrs=128.142.78.197-9618+[2001-1458-301-f4--100-2c3]-9618&noUDP&sock=16801_9304_26428>
...
040 (1354807.000.000) 02/17 07:20:30 Finished transferring input files
...
001 (1354807.000.000) 02/17 07:20:31 Job executing on host: <128.142.78.197:9618?addrs=128.142.78.197-9618+[2001-1458-301-f4--100-2c3]-9618&noUDP&sock=16645_a9fc_3>
...
006 (1354807.000.000) 02/17 07:20:40 Image size of job updated: 4160
	3  -  MemoryUsage of job (MB)
	2916  -  ResidentSetSize of job (KB)
...
006 (1354807.000.000) 02/17 07:21:10 Image size of job updated: 483412
	3  -  MemoryUsage of job (MB)
	2916  -  ResidentSetSize of job (KB)
...
040 (1354807.000.000) 02/17 07:21:10 Started transferring output files
...
040 (1354807.000.000) 02/17 07:21:10 Finished transferring output files
...
005 (1354807.000.000) 02/17 07:21:10 Job terminated.
	(1) Normal termination (return value 139)
		Usr 0 00:00:11, Sys 0 00:00:02  -  Run Remote Usage
		Usr 0 00:00:00, Sys 0 00:00:00  -  Run Local Usage
		Usr 0 00:00:11, Sys 0 00:00:02  -  Total Remote Usage
		Usr 0 00:00:00, Sys 0 00:00:00  -  Total Local Usage
	9963  -  Run Bytes Sent By Job
	1595  -  Run Bytes Received By Job
	9963  -  Total Bytes Sent By Job
	1595  -  Total Bytes Received By Job
	Partitionable Resources :    Usage  Request Allocated 
	   Cpus                 :        0        1         1 
	   Disk (KB)            :       32        2    260216 
	   Memory (MB)          :        3     2000      2000 
...
