000 (1355345.000.000) 02/17 07:44:47 Job submitted from host: <137.138.44.55:9618?addrs=137.138.44.55-9618+[2001-1458-d00-1a--48]-9618&alias=bigbird17.cern.ch&noUDP&sock=schedd_1694_8585_188>
...
040 (1355345.000.000) 02/17 07:46:25 Started transferring input files
	Transferring to host: <128.142.66.118:9618?addrs=128.142.66.118-9618&noUDP&sock=3161_f5da_103709>
...
040 (1355345.000.000) 02/17 07:46:25 Finished transferring input files
...
001 (1355345.000.000) 02/17 07:46:26 Job executing on host: <128.142.66.118:9618?addrs=128.142.66.118-9618&noUDP&sock=2038_7a1a_3>
...
006 (1355345.000.000) 02/17 07:46:35 Image size of job updated: 144852
	51  -  MemoryUsage of job (MB)
	51788  -  ResidentSetSize of job (KB)
...
006 (1355345.000.000) 02/17 07:46:48 Image size of job updated: 243636
	51  -  MemoryUsage of job (MB)
	51788  -  ResidentSetSize of job (KB)
...
040 (1355345.000.000) 02/17 07:46:48 Started transferring output files
...
040 (1355345.000.000) 02/17 07:46:48 Finished transferring output files
...
005 (1355345.000.000) 02/17 07:46:48 Job terminated.
	(1) Normal termination (return value 0)
		Usr 0 00:00:08, Sys 0 00:00:01  -  Run Remote Usage
		Usr 0 00:00:00, Sys 0 00:00:00  -  Run Local Usage
		Usr 0 00:00:08, Sys 0 00:00:01  -  Total Remote Usage
		Usr 0 00:00:00, Sys 0 00:00:00  -  Total Local Usage
	8142  -  Run Bytes Sent By Job
	1487  -  Run Bytes Received By Job
	8142  -  Total Bytes Sent By Job
	1487  -  Total Bytes Received By Job
	Partitionable Resources :    Usage  Request Allocated 
	   Cpus                 :        0        1         1 
	   Disk (KB)            :       30        2    265148 
	   Memory (MB)          :       51     2000      2000 
...
