000 (1354614.000.000) 02/17 07:07:00 Job submitted from host: <137.138.44.55:9618?addrs=137.138.44.55-9618+[2001-1458-d00-1a--48]-9618&alias=bigbird17.cern.ch&noUDP&sock=schedd_1694_8585_188>
...
040 (1354614.000.000) 02/17 07:09:32 Started transferring input files
	Transferring to host: <128.142.120.149:9618?addrs=128.142.120.149-9618+[2001-1458-301-b5--100-e0]-9618&alias=b7s07n8117.cern.ch&noUDP&sock=slot1_4_32680_c42a_9332>
...
040 (1354614.000.000) 02/17 07:09:32 Finished transferring input files
...
001 (1354614.000.000) 02/17 07:09:33 Job executing on host: <128.142.120.149:9618?addrs=128.142.120.149-9618+[2001-1458-301-b5--100-e0]-9618&alias=b7s07n8117.cern.ch&noUDP&sock=startd_1671_bed8>
...
006 (1354614.000.000) 02/17 07:09:42 Image size of job updated: 1061208
	176  -  MemoryUsage of job (MB)
	180048  -  ResidentSetSize of job (KB)
...
006 (1354614.000.000) 02/17 07:09:52 Image size of job updated: 1214636
	176  -  MemoryUsage of job (MB)
	180048  -  ResidentSetSize of job (KB)
...
040 (1354614.000.000) 02/17 07:09:52 Started transferring output files
...
040 (1354614.000.000) 02/17 07:09:52 Finished transferring output files
...
005 (1354614.000.000) 02/17 07:09:52 Job terminated.
	(1) Normal termination (return value 139)
		Usr 0 00:00:10, Sys 0 00:00:02  -  Run Remote Usage
		Usr 0 00:00:00, Sys 0 00:00:00  -  Run Local Usage
		Usr 0 00:00:10, Sys 0 00:00:02  -  Total Remote Usage
		Usr 0 00:00:00, Sys 0 00:00:00  -  Total Local Usage
	9953  -  Run Bytes Sent By Job
	1552  -  Run Bytes Received By Job
	9953  -  Total Bytes Sent By Job
	1552  -  Total Bytes Received By Job
	Partitionable Resources :    Usage  Request Allocated 
	   Cpus                 :                 1         1 
	   Disk (KB)            :       25        2    210578 
	   Memory (MB)          :      176     2000      2000 
...
