000 (1354994.000.000) 02/17 07:27:51 Job submitted from host: <137.138.44.55:9618?addrs=137.138.44.55-9618+[2001-1458-d00-1a--48]-9618&alias=bigbird17.cern.ch&noUDP&sock=schedd_1694_8585_188>
...
040 (1354994.000.000) 02/17 07:27:59 Started transferring input files
	Transferring to host: <128.142.82.6:9618?addrs=128.142.82.6-9618+[2001-1458-301-f5--100-51b]-9618&noUDP&sock=16711_2941_28779>
...
040 (1354994.000.000) 02/17 07:27:59 Finished transferring input files
...
001 (1354994.000.000) 02/17 07:28:00 Job executing on host: <128.142.82.6:9618?addrs=128.142.82.6-9618+[2001-1458-301-f5--100-51b]-9618&noUDP&sock=16554_3edd_3>
...
006 (1354994.000.000) 02/17 07:28:09 Image size of job updated: 93152
	35  -  MemoryUsage of job (MB)
	34928  -  ResidentSetSize of job (KB)
...
006 (1354994.000.000) 02/17 07:28:18 Image size of job updated: 677656
	35  -  MemoryUsage of job (MB)
	34928  -  ResidentSetSize of job (KB)
...
040 (1354994.000.000) 02/17 07:28:18 Started transferring output files
...
040 (1354994.000.000) 02/17 07:28:18 Finished transferring output files
...
005 (1354994.000.000) 02/17 07:28:19 Job terminated.
	(1) Normal termination (return value 0)
		Usr 0 00:00:03, Sys 0 00:00:01  -  Run Remote Usage
		Usr 0 00:00:00, Sys 0 00:00:00  -  Run Local Usage
		Usr 0 00:00:03, Sys 0 00:00:01  -  Total Remote Usage
		Usr 0 00:00:00, Sys 0 00:00:00  -  Total Local Usage
	12916  -  Run Bytes Sent By Job
	1500  -  Run Bytes Received By Job
	12916  -  Total Bytes Sent By Job
	1500  -  Total Bytes Received By Job
	Partitionable Resources :    Usage  Request Allocated 
	   Cpus                 :        0        1         1 
	   Disk (KB)            :       35        2    261063 
	   Memory (MB)          :       35     2000      2000 
...
