000 (1355100.000.000) 02/17 07:32:58 Job submitted from host: <137.138.44.55:9618?addrs=137.138.44.55-9618+[2001-1458-d00-1a--48]-9618&alias=bigbird17.cern.ch&noUDP&sock=schedd_1694_8585_188>
...
040 (1355100.000.000) 02/17 07:36:37 Started transferring input files
	Transferring to host: <188.184.210.91:9618?addrs=188.184.210.91-9618+[2001-1458-301-10b--100-d9]-9618&noUDP&sock=16640_229e_86021>
...
040 (1355100.000.000) 02/17 07:36:37 Finished transferring input files
...
001 (1355100.000.000) 02/17 07:36:38 Job executing on host: <188.184.210.91:9618?addrs=188.184.210.91-9618+[2001-1458-301-10b--100-d9]-9618&noUDP&sock=16505_a2b9_3>
...
006 (1355100.000.000) 02/17 07:36:47 Image size of job updated: 83536
	33  -  MemoryUsage of job (MB)
	33468  -  ResidentSetSize of job (KB)
...
006 (1355100.000.000) 02/17 07:40:42 Image size of job updated: 362872
	33  -  MemoryUsage of job (MB)
	33468  -  ResidentSetSize of job (KB)
...
040 (1355100.000.000) 02/17 07:40:42 Started transferring output files
...
040 (1355100.000.000) 02/17 07:40:42 Finished transferring output files
...
005 (1355100.000.000) 02/17 07:40:42 Job terminated.
	(1) Normal termination (return value 0)
		Usr 0 00:02:10, Sys 0 00:00:02  -  Run Remote Usage
		Usr 0 00:00:00, Sys 0 00:00:00  -  Run Local Usage
		Usr 0 00:02:10, Sys 0 00:00:02  -  Total Remote Usage
		Usr 0 00:00:00, Sys 0 00:00:00  -  Total Local Usage
	13010  -  Run Bytes Sent By Job
	1519  -  Run Bytes Received By Job
	13010  -  Total Bytes Sent By Job
	1519  -  Total Bytes Received By Job
	Partitionable Resources :    Usage  Request Allocated 
	   Cpus                 :        0        1         1 
	   Disk (KB)            :       36        2    276917 
	   Memory (MB)          :       33     2000      2000 
...
