000 (1355167.000.000) 02/17 07:36:27 Job submitted from host: <137.138.44.55:9618?addrs=137.138.44.55-9618+[2001-1458-d00-1a--48]-9618&alias=bigbird17.cern.ch&noUDP&sock=schedd_1694_8585_188>
...
040 (1355167.000.000) 02/17 07:37:13 Started transferring input files
	Transferring to host: <188.184.132.111:9618?addrs=188.184.132.111-9618+[2001-1458-301-a0--100-70]-9618&alias=b7g28n0338.cern.ch&noUDP&sock=slot1_1_2561_34c1_9332>
...
040 (1355167.000.000) 02/17 07:37:13 Finished transferring input files
...
001 (1355167.000.000) 02/17 07:37:14 Job executing on host: <188.184.132.111:9618?addrs=188.184.132.111-9618+[2001-1458-301-a0--100-70]-9618&alias=b7g28n0338.cern.ch&noUDP&sock=startd_2275_0a0c>
...
006 (1355167.000.000) 02/17 07:37:22 Image size of job updated: 240908
	177  -  MemoryUsage of job (MB)
	180436  -  ResidentSetSize of job (KB)
...
006 (1355167.000.000) 02/17 07:38:59 Image size of job updated: 776392
	177  -  MemoryUsage of job (MB)
	180436  -  ResidentSetSize of job (KB)
...
040 (1355167.000.000) 02/17 07:38:59 Started transferring output files
...
040 (1355167.000.000) 02/17 07:38:59 Finished transferring output files
...
005 (1355167.000.000) 02/17 07:38:59 Job terminated.
	(1) Normal termination (return value 0)
		Usr 0 00:01:17, Sys 0 00:00:02  -  Run Remote Usage
		Usr 0 00:00:00, Sys 0 00:00:00  -  Run Local Usage
		Usr 0 00:01:17, Sys 0 00:00:02  -  Total Remote Usage
		Usr 0 00:00:00, Sys 0 00:00:00  -  Total Local Usage
	13056  -  Run Bytes Sent By Job
	1565  -  Run Bytes Received By Job
	13056  -  Total Bytes Sent By Job
	1565  -  Total Bytes Received By Job
	Partitionable Resources :    Usage  Request Allocated 
	   Cpus                 :                 1         1 
	   Disk (KB)            :       28        2    127870 
	   Memory (MB)          :      177     2000      2000 
...
