000 (1354884.000.000) 02/17 07:23:18 Job submitted from host: <137.138.44.55:9618?addrs=137.138.44.55-9618+[2001-1458-d00-1a--48]-9618&alias=bigbird17.cern.ch&noUDP&sock=schedd_1694_8585_188>
...
040 (1354884.000.000) 02/17 07:23:24 Started transferring input files
	Transferring to host: <128.142.117.203:9618?addrs=128.142.117.203-9618+[2001-1458-301-ae--100-69d]-9618&noUDP&sock=14559_e1e9_111123>
...
040 (1354884.000.000) 02/17 07:23:24 Finished transferring input files
...
001 (1354884.000.000) 02/17 07:23:25 Job executing on host: <128.142.117.203:9618?addrs=128.142.117.203-9618+[2001-1458-301-ae--100-69d]-9618&noUDP&sock=14424_3e24_3>
...
006 (1354884.000.000) 02/17 07:23:34 Image size of job updated: 234692
	171  -  MemoryUsage of job (MB)
	174464  -  ResidentSetSize of job (KB)
...
006 (1354884.000.000) 02/17 07:28:35 Image size of job updated: 350176
	291  -  MemoryUsage of job (MB)
	297060  -  ResidentSetSize of job (KB)
...
040 (1354884.000.000) 02/17 07:28:42 Started transferring output files
...
040 (1354884.000.000) 02/17 07:28:42 Finished transferring output files
...
005 (1354884.000.000) 02/17 07:28:42 Job terminated.
	(1) Normal termination (return value 0)
		Usr 0 00:02:56, Sys 0 00:00:03  -  Run Remote Usage
		Usr 0 00:00:00, Sys 0 00:00:00  -  Run Local Usage
		Usr 0 00:02:56, Sys 0 00:00:03  -  Total Remote Usage
		Usr 0 00:00:00, Sys 0 00:00:00  -  Total Local Usage
	12728  -  Run Bytes Sent By Job
	1386  -  Run Bytes Received By Job
	12728  -  Total Bytes Sent By Job
	1386  -  Total Bytes Received By Job
	Partitionable Resources :    Usage  Request Allocated 
	   Cpus                 :     0.70        1         1 
	   Disk (KB)            :    36           2    181978 
	   Memory (MB)          :   291        2000      2000 
...
