000 (1354870.000.000) 02/17 07:22:31 Job submitted from host: <137.138.44.55:9618?addrs=137.138.44.55-9618+[2001-1458-d00-1a--48]-9618&alias=bigbird17.cern.ch&noUDP&sock=schedd_1694_8585_188>
...
040 (1354870.000.000) 02/17 07:22:52 Started transferring input files
	Transferring to host: <128.142.109.116:9618?addrs=128.142.109.116-9618&noUDP&sock=2268_c2d5_155234>
...
040 (1354870.000.000) 02/17 07:22:52 Finished transferring input files
...
001 (1354870.000.000) 02/17 07:22:53 Job executing on host: <128.142.109.116:9618?addrs=128.142.109.116-9618&noUDP&sock=2127_8608_3>
...
006 (1354870.000.000) 02/17 07:23:01 Image size of job updated: 319196
	253  -  MemoryUsage of job (MB)
	258412  -  ResidentSetSize of job (KB)
...
006 (1354870.000.000) 02/17 07:23:07 Image size of job updated: 486744
	253  -  MemoryUsage of job (MB)
	258456  -  ResidentSetSize of job (KB)
...
040 (1354870.000.000) 02/17 07:23:07 Started transferring output files
...
040 (1354870.000.000) 02/17 07:23:07 Finished transferring output files
...
005 (1354870.000.000) 02/17 07:23:07 Job terminated.
	(1) Normal termination (return value 139)
		Usr 0 00:00:07, Sys 0 00:00:02  -  Run Remote Usage
		Usr 0 00:00:00, Sys 0 00:00:00  -  Run Local Usage
		Usr 0 00:00:07, Sys 0 00:00:02  -  Total Remote Usage
		Usr 0 00:00:00, Sys 0 00:00:00  -  Total Local Usage
	9964  -  Run Bytes Sent By Job
	1594  -  Run Bytes Received By Job
	9964  -  Total Bytes Sent By Job
	1594  -  Total Bytes Received By Job
	Partitionable Resources :    Usage  Request Allocated 
	   Cpus                 :     0.05        1         1 
	   Disk (KB)            :    33           2    210504 
	   Memory (MB)          :   253        2000      2000 
...
