000 (1355263.000.000) 02/17 07:41:45 Job submitted from host: <137.138.44.55:9618?addrs=137.138.44.55-9618+[2001-1458-d00-1a--48]-9618&alias=bigbird17.cern.ch&noUDP&sock=schedd_1694_8585_188>
...
040 (1355263.000.000) 02/17 07:42:04 Started transferring input files
	Transferring to host: <128.142.105.125:9618?addrs=128.142.105.125-9618+[2001-1458-301-8b--100-190]-9618&noUDP&sock=17164_5733_160910>
...
040 (1355263.000.000) 02/17 07:42:04 Finished transferring input files
...
001 (1355263.000.000) 02/17 07:42:05 Job executing on host: <128.142.105.125:9618?addrs=128.142.105.125-9618+[2001-1458-301-8b--100-190]-9618&noUDP&sock=1304_0396_3>
...
006 (1355263.000.000) 02/17 07:42:14 Image size of job updated: 157748
	62  -  MemoryUsage of job (MB)
	62744  -  ResidentSetSize of job (KB)
...
006 (1355263.000.000) 02/17 07:42:39 Image size of job updated: 679316
	62  -  MemoryUsage of job (MB)
	62744  -  ResidentSetSize of job (KB)
...
040 (1355263.000.000) 02/17 07:42:39 Started transferring output files
...
040 (1355263.000.000) 02/17 07:42:39 Finished transferring output files
...
005 (1355263.000.000) 02/17 07:42:40 Job terminated.
	(1) Normal termination (return value 0)
		Usr 0 00:00:11, Sys 0 00:00:01  -  Run Remote Usage
		Usr 0 00:00:00, Sys 0 00:00:00  -  Run Local Usage
		Usr 0 00:00:11, Sys 0 00:00:01  -  Total Remote Usage
		Usr 0 00:00:00, Sys 0 00:00:00  -  Total Local Usage
	8177  -  Run Bytes Sent By Job
	1522  -  Run Bytes Received By Job
	8177  -  Total Bytes Sent By Job
	1522  -  Total Bytes Received By Job
	Partitionable Resources :    Usage  Request Allocated 
	   Cpus                 :     0.32        1         1 
	   Disk (KB)            :    31           2    189004 
	   Memory (MB)          :    62        2000      2000 
...
