000 (1354482.000.000) 02/17 06:57:05 Job submitted from host: <137.138.44.55:9618?addrs=137.138.44.55-9618+[2001-1458-d00-1a--48]-9618&alias=bigbird17.cern.ch&noUDP&sock=schedd_1694_8585_188>
...
040 (1354482.000.000) 02/17 07:04:52 Started transferring input files
	Transferring to host: <128.142.85.1:9618?addrs=128.142.85.1-9618+[2001-1458-301-f6--100-13b]-9618&alias=b7s14n6965.cern.ch&noUDP&sock=slot1_2_8044_79c0_9369>
...
040 (1354482.000.000) 02/17 07:04:52 Finished transferring input files
...
001 (1354482.000.000) 02/17 07:04:53 Job executing on host: <128.142.85.1:9618?addrs=128.142.85.1-9618+[2001-1458-301-f6--100-13b]-9618&alias=b7s14n6965.cern.ch&noUDP&sock=startd_16597_bd70>
...
006 (1354482.000.000) 02/17 07:05:01 Image size of job updated: 501660
	224  -  MemoryUsage of job (MB)
	228600  -  ResidentSetSize of job (KB)
...
006 (1354482.000.000) 02/17 07:05:08 Image size of job updated: 501660
	224  -  MemoryUsage of job (MB)
	228716  -  ResidentSetSize of job (KB)
...
040 (1354482.000.000) 02/17 07:05:09 Started transferring output files
...
040 (1354482.000.000) 02/17 07:05:09 Finished transferring output files
...
005 (1354482.000.000) 02/17 07:05:09 Job terminated.
	(1) Normal termination (return value 139)
		Usr 0 00:00:08, Sys 0 00:00:02  -  Run Remote Usage
		Usr 0 00:00:00, Sys 0 00:00:00  -  Run Local Usage
		Usr 0 00:00:08, Sys 0 00:00:02  -  Total Remote Usage
		Usr 0 00:00:00, Sys 0 00:00:00  -  Total Local Usage
	9954  -  Run Bytes Sent By Job
	1554  -  Run Bytes Received By Job
	9954  -  Total Bytes Sent By Job
	1554  -  Total Bytes Received By Job
	Partitionable Resources :    Usage  Request Allocated 
	   Cpus                 :                 1         1 
	   Disk (KB)            :       25        2    252192 
	   Memory (MB)          :      224     2000      2000 
...
