000 (1355065.000.000) 02/17 07:31:50 Job submitted from host: <137.138.44.55:9618?addrs=137.138.44.55-9618+[2001-1458-d00-1a--48]-9618&alias=bigbird17.cern.ch&noUDP&sock=schedd_1694_8585_188>
...
040 (1355065.000.000) 02/17 07:34:09 Started transferring input files
	Transferring to host: <128.142.110.233:9618?addrs=128.142.110.233-9618+[2001-1458-301-8f--100-175]-9618&noUDP&sock=2245_8e34_80744>
...
040 (1355065.000.000) 02/17 07:34:09 Finished transferring input files
...
001 (1355065.000.000) 02/17 07:34:10 Job executing on host: <128.142.110.233:9618?addrs=128.142.110.233-9618+[2001-1458-301-8f--100-175]-9618&noUDP&sock=2100_00f9_3>
...
006 (1355065.000.000) 02/17 07:34:19 Image size of job updated: 157764
	62  -  MemoryUsage of job (MB)
	62760  -  ResidentSetSize of job (KB)
...
006 (1355065.000.000) 02/17 07:37:44 Image size of job updated: 360928
	62  -  MemoryUsage of job (MB)
	62872  -  ResidentSetSize of job (KB)
...
040 (1355065.000.000) 02/17 07:37:44 Started transferring output files
...
040 (1355065.000.000) 02/17 07:37:44 Finished transferring output files
...
005 (1355065.000.000) 02/17 07:37:44 Job terminated.
	(1) Normal termination (return value 0)
		Usr 0 00:01:43, Sys 0 00:00:02  -  Run Remote Usage
		Usr 0 00:00:00, Sys 0 00:00:00  -  Run Local Usage
		Usr 0 00:01:43, Sys 0 00:00:02  -  Total Remote Usage
		Usr 0 00:00:00, Sys 0 00:00:00  -  Total Local Usage
	13015  -  Run Bytes Sent By Job
	1524  -  Run Bytes Received By Job
	13015  -  Total Bytes Sent By Job
	1524  -  Total Bytes Received By Job
	Partitionable Resources :    Usage  Request Allocated 
	   Cpus                 :     0.03        1         1 
	   Disk (KB)            :    36           2    201624 
	   Memory (MB)          :    62        2000      2000 
...
