000 (1355268.000.000) 02/17 07:41:56 Job submitted from host: <137.138.44.55:9618?addrs=137.138.44.55-9618+[2001-1458-d00-1a--48]-9618&alias=bigbird17.cern.ch&noUDP&sock=schedd_1694_8585_188>
...
040 (1355268.000.000) 02/17 07:42:33 Started transferring input files
	Transferring to host: <188.184.200.240:9618?addrs=188.184.200.240-9618+[2001-1458-301-68--100-39b]-9618&alias=b7g26n0068.cern.ch&noUDP&sock=slot1_3_8367_0eed_24931>
...
040 (1355268.000.000) 02/17 07:42:33 Finished transferring input files
...
001 (1355268.000.000) 02/17 07:42:34 Job executing on host: <188.184.200.240:9618?addrs=188.184.200.240-9618+[2001-1458-301-68--100-39b]-9618&alias=b7g26n0068.cern.ch&noUDP&sock=startd_14705_fc40>
...
006 (1355268.000.000) 02/17 07:42:42 Image size of job updated: 226228
	162  -  MemoryUsage of job (MB)
	165760  -  ResidentSetSize of job (KB)
...
006 (1355268.000.000) 02/17 07:42:56 Image size of job updated: 654868
	162  -  MemoryUsage of job (MB)
	165760  -  ResidentSetSize of job (KB)
...
040 (1355268.000.000) 02/17 07:42:56 Started transferring output files
...
040 (1355268.000.000) 02/17 07:42:56 Finished transferring output files
...
005 (1355268.000.000) 02/17 07:42:57 Job terminated.
	(1) Normal termination (return value 0)
		Usr 0 00:00:09, Sys 0 00:00:01  -  Run Remote Usage
		Usr 0 00:00:00, Sys 0 00:00:00  -  Run Local Usage
		Usr 0 00:00:09, Sys 0 00:00:01  -  Total Remote Usage
		Usr 0 00:00:00, Sys 0 00:00:00  -  Total Local Usage
	8178  -  Run Bytes Sent By Job
	1523  -  Run Bytes Received By Job
	8178  -  Total Bytes Sent By Job
	1523  -  Total Bytes Received By Job
	Partitionable Resources :    Usage  Request Allocated 
	   Cpus                 :                 1         1 
	   Disk (KB)            :       23        2    193309 
	   Memory (MB)          :      162     2000      2000 
...
