000 (1354982.000.000) 02/17 07:27:36 Job submitted from host: <137.138.44.55:9618?addrs=137.138.44.55-9618+[2001-1458-d00-1a--48]-9618&alias=bigbird17.cern.ch&noUDP&sock=schedd_1694_8585_188>
...
040 (1354982.000.000) 02/17 07:27:45 Started transferring input files
	Transferring to host: <188.184.138.176:9618?addrs=188.184.138.176-9618+[2001-1458-301-45--100-a9]-9618&noUDP&sock=1163_3048_171375>
...
040 (1354982.000.000) 02/17 07:27:46 Finished transferring input files
...
001 (1354982.000.000) 02/17 07:27:47 Job executing on host: <188.184.138.176:9618?addrs=188.184.138.176-9618+[2001-1458-301-45--100-a9]-9618&noUDP&sock=5714_e83e_3>
...
006 (1354982.000.000) 02/17 07:27:55 Image size of job updated: 128472
	44  -  MemoryUsage of job (MB)
	44684  -  ResidentSetSize of job (KB)
...
006 (1354982.000.000) 02/17 07:28:11 Image size of job updated: 677644
	44  -  MemoryUsage of job (MB)
	44684  -  ResidentSetSize of job (KB)
...
040 (1354982.000.000) 02/17 07:28:11 Started transferring output files
...
040 (1354982.000.000) 02/17 07:28:11 Finished transferring output files
...
005 (1354982.000.000) 02/17 07:28:12 Job terminated.
	(1) Normal termination (return value 0)
		Usr 0 00:00:03, Sys 0 00:00:01  -  Run Remote Usage
		Usr 0 00:00:00, Sys 0 00:00:00  -  Run Local Usage
		Usr 0 00:00:03, Sys 0 00:00:01  -  Total Remote Usage
		Usr 0 00:00:00, Sys 0 00:00:00  -  Total Local Usage
	12872  -  Run Bytes Sent By Job
	1455  -  Run Bytes Received By Job
	12872  -  Total Bytes Sent By Job
	1455  -  Total Bytes Received By Job
	Partitionable Resources :    Usage  Request Allocated 
	   Cpus                 :     0.03        1         1 
	   Disk (KB)            :    36           2    281391 
	   Memory (MB)          :    44        2000      2000 
...
