000 (1355222.000.000) 02/17 07:39:14 Job submitted from host: <137.138.44.55:9618?addrs=137.138.44.55-9618+[2001-1458-d00-1a--48]-9618&alias=bigbird17.cern.ch&noUDP&sock=schedd_1694_8585_188>
...
040 (1355222.000.000) 02/17 07:39:16 Started transferring input files
	Transferring to host: <128.142.123.245:9618?addrs=128.142.123.245-9618&noUDP&sock=2957_3951_89335>
...
040 (1355222.000.000) 02/17 07:39:16 Finished transferring input files
...
001 (1355222.000.000) 02/17 07:39:17 Job executing on host: <128.142.123.245:9618?addrs=128.142.123.245-9618&noUDP&sock=1940_41d2_3>
...
006 (1355222.000.000) 02/17 07:39:26 Image size of job updated: 233796
	168  -  MemoryUsage of job (MB)
	171528  -  ResidentSetSize of job (KB)
...
006 (1355222.000.000) 02/17 07:39:34 Image size of job updated: 245660
	168  -  MemoryUsage of job (MB)
	171792  -  ResidentSetSize of job (KB)
...
040 (1355222.000.000) 02/17 07:39:34 Started transferring output files
...
040 (1355222.000.000) 02/17 07:39:34 Finished transferring output files
...
005 (1355222.000.000) 02/17 07:39:34 Job terminated.
	(1) Normal termination (return value 0)
		Usr 0 00:00:09, Sys 0 00:00:01  -  Run Remote Usage
		Usr 0 00:00:00, Sys 0 00:00:00  -  Run Local Usage
		Usr 0 00:00:09, Sys 0 00:00:01  -  Total Remote Usage
		Usr 0 00:00:00, Sys 0 00:00:00  -  Total Local Usage
	8182  -  Run Bytes Sent By Job
	1527  -  Run Bytes Received By Job
	8182  -  Total Bytes Sent By Job
	1527  -  Total Bytes Received By Job
	Partitionable Resources :    Usage  Request Allocated 
	   Cpus                 :     0.59        1         1 
	   Disk (KB)            :    31           2    198015 
	   Memory (MB)          :   168        2000      2000 
...
