000 (1355016.000.000) 02/17 07:29:00 Job submitted from host: <137.138.44.55:9618?addrs=137.138.44.55-9618+[2001-1458-d00-1a--48]-9618&alias=bigbird17.cern.ch&noUDP&sock=schedd_1694_8585_188>
...
040 (1355016.000.000) 02/17 07:29:11 Started transferring input files
	Transferring to host: <128.142.85.130:9618?addrs=128.142.85.130-9618+[2001-1458-301-f6--100-6c]-9618&noUDP&sock=16825_7c05_20764>
...
040 (1355016.000.000) 02/17 07:29:11 Finished transferring input files
...
001 (1355016.000.000) 02/17 07:29:12 Job executing on host: <128.142.85.130:9618?addrs=128.142.85.130-9618+[2001-1458-301-f6--100-6c]-9618&noUDP&sock=16669_2042_3>
...
006 (1355016.000.000) 02/17 07:29:20 Image size of job updated: 677676
	0  -  MemoryUsage of job (MB)
	0  -  ResidentSetSize of job (KB)
...
040 (1355016.000.000) 02/17 07:29:20 Started transferring output files
...
040 (1355016.000.000) 02/17 07:29:20 Finished transferring output files
...
005 (1355016.000.000) 02/17 07:29:20 Job terminated.
	(1) Normal termination (return value 0)
		Usr 0 00:00:03, Sys 0 00:00:01  -  Run Remote Usage
		Usr 0 00:00:00, Sys 0 00:00:00  -  Run Local Usage
		Usr 0 00:00:03, Sys 0 00:00:01  -  Total Remote Usage
		Usr 0 00:00:00, Sys 0 00:00:00  -  Total Local Usage
	12918  -  Run Bytes Sent By Job
	1501  -  Run Bytes Received By Job
	12918  -  Total Bytes Sent By Job
	1501  -  Total Bytes Received By Job
	Partitionable Resources :    Usage  Request Allocated 
	   Cpus                 :        0        1         1 
	   Disk (KB)            :       36        2    262381 
	   Memory (MB)          :        0     2000      2000 
...
