000 (1354645.000.000) 02/17 07:09:13 Job submitted from host: <137.138.44.55:9618?addrs=137.138.44.55-9618+[2001-1458-d00-1a--48]-9618&alias=bigbird17.cern.ch&noUDP&sock=schedd_1694_8585_188>
...
040 (1354645.000.000) 02/17 07:10:01 Started transferring input files
	Transferring to host: <128.142.240.154:9618?addrs=128.142.240.154-9618+[2001-1458-301-9--100-3e3]-9618&noUDP&sock=21115_2d74_154289>
...
040 (1354645.000.000) 02/17 07:10:01 Finished transferring input files
...
001 (1354645.000.000) 02/17 07:10:02 Job executing on host: <128.142.240.154:9618?addrs=128.142.240.154-9618+[2001-1458-301-9--100-3e3]-9618&noUDP&sock=1359_bd4b_3>
...
006 (1354645.000.000) 02/17 07:10:11 Image size of job updated: 206400
	144  -  MemoryUsage of job (MB)
	146872  -  ResidentSetSize of job (KB)
...
006 (1354645.000.000) 02/17 07:10:27 Image size of job updated: 530132
	144  -  MemoryUsage of job (MB)
	147012  -  ResidentSetSize of job (KB)
...
040 (1354645.000.000) 02/17 07:10:27 Started transferring output files
...
040 (1354645.000.000) 02/17 07:10:27 Finished transferring output files
...
005 (1354645.000.000) 02/17 07:10:27 Job terminated.
	(1) Normal termination (return value 139)
		Usr 0 00:00:11, Sys 0 00:00:03  -  Run Remote Usage
		Usr 0 00:00:00, Sys 0 00:00:00  -  Run Local Usage
		Usr 0 00:00:11, Sys 0 00:00:03  -  Total Remote Usage
		Usr 0 00:00:00, Sys 0 00:00:00  -  Total Local Usage
	9957  -  Run Bytes Sent By Job
	1560  -  Run Bytes Received By Job
	9957  -  Total Bytes Sent By Job
	1560  -  Total Bytes Received By Job
	Partitionable Resources :    Usage  Request Allocated 
	   Cpus                 :     0.04        1         1 
	   Disk (KB)            :    33           2    342646 
	   Memory (MB)          :   144        2000      2000 
...
