000 (1355317.000.000) 02/17 07:43:42 Job submitted from host: <137.138.44.55:9618?addrs=137.138.44.55-9618+[2001-1458-d00-1a--48]-9618&alias=bigbird17.cern.ch&noUDP&sock=schedd_1694_8585_188>
...
040 (1355317.000.000) 02/17 07:46:47 Started transferring input files
	Transferring to host: <128.142.83.140:9618?addrs=128.142.83.140-9618+[2001-1458-301-f5--100-441]-9618&noUDP&sock=16553_d5fa_29458>
...
040 (1355317.000.000) 02/17 07:46:47 Finished transferring input files
...
001 (1355317.000.000) 02/17 07:46:48 Job executing on host: <128.142.83.140:9618?addrs=128.142.83.140-9618+[2001-1458-301-f5--100-441]-9618&noUDP&sock=16396_dee7_3>
...
006 (1355317.000.000) 02/17 07:46:57 Image size of job updated: 240400
	174  -  MemoryUsage of job (MB)
	178136  -  ResidentSetSize of job (KB)
...
006 (1355317.000.000) 02/17 07:47:07 Image size of job updated: 246536
	174  -  MemoryUsage of job (MB)
	178136  -  ResidentSetSize of job (KB)
...
040 (1355317.000.000) 02/17 07:47:07 Started transferring output files
...
040 (1355317.000.000) 02/17 07:47:07 Finished transferring output files
...
005 (1355317.000.000) 02/17 07:47:07 Job terminated.
	(1) Normal termination (return value 0)
		Usr 0 00:00:10, Sys 0 00:00:01  -  Run Remote Usage
		Usr 0 00:00:00, Sys 0 00:00:00  -  Run Local Usage
		Usr 0 00:00:10, Sys 0 00:00:01  -  Total Remote Usage
		Usr 0 00:00:00, Sys 0 00:00:00  -  Total Local Usage
	8138  -  Run Bytes Sent By Job
	1483  -  Run Bytes Received By Job
	8138  -  Total Bytes Sent By Job
	1483  -  Total Bytes Received By Job
	Partitionable Resources :    Usage  Request Allocated 
	   Cpus                 :        0        1         1 
	   Disk (KB)            :       31        2    241166 
	   Memory (MB)          :      174     2000      2000 
...
