000 (1354809.000.000) 02/17 07:19:51 Job submitted from host: <137.138.44.55:9618?addrs=137.138.44.55-9618+[2001-1458-d00-1a--48]-9618&alias=bigbird17.cern.ch&noUDP&sock=schedd_1694_8585_188>
...
040 (1354809.000.000) 02/17 07:20:28 Started transferring input files
	Transferring to host: <128.142.75.90:9618?addrs=128.142.75.90-9618+[2001-1458-301-75--100-168]-9618&alias=b7s11n2121.cern.ch&noUDP&sock=slot1_16_23082_1b64_9267>
...
040 (1354809.000.000) 02/17 07:20:28 Finished transferring input files
...
001 (1354809.000.000) 02/17 07:20:29 Job executing on host: <128.142.75.90:9618?addrs=128.142.75.90-9618+[2001-1458-301-75--100-168]-9618&alias=b7s11n2121.cern.ch&noUDP&sock=startd_16274_3059>
...
006 (1354809.000.000) 02/17 07:20:38 Image size of job updated: 126248
	10  -  MemoryUsage of job (MB)
	10108  -  ResidentSetSize of job (KB)
...
006 (1354809.000.000) 02/17 07:24:10 Image size of job updated: 826452
	10  -  MemoryUsage of job (MB)
	10108  -  ResidentSetSize of job (KB)
...
040 (1354809.000.000) 02/17 07:24:10 Started transferring output files
...
040 (1354809.000.000) 02/17 07:24:10 Finished transferring output files
...
005 (1354809.000.000) 02/17 07:24:11 Job terminated.
	(1) Normal termination (return value 0)
		Usr 0 00:01:54, Sys 0 00:00:02  -  Run Remote Usage
		Usr 0 00:00:00, Sys 0 00:00:00  -  Run Local Usage
		Usr 0 00:01:54, Sys 0 00:00:02  -  Total Remote Usage
		Usr 0 00:00:00, Sys 0 00:00:00  -  Total Local Usage
	7997  -  Run Bytes Sent By Job
	1595  -  Run Bytes Received By Job
	7997  -  Total Bytes Sent By Job
	1595  -  Total Bytes Received By Job
	Partitionable Resources :    Usage  Request Allocated 
	   Cpus                 :                 1         1 
	   Disk (KB)            :       22        2    249401 
	   Memory (MB)          :       10     2000      2000 
...
