000 (1354852.000.000) 02/17 07:22:02 Job submitted from host: <137.138.44.55:9618?addrs=137.138.44.55-9618+[2001-1458-d00-1a--48]-9618&alias=bigbird17.cern.ch&noUDP&sock=schedd_1694_8585_188>
...
040 (1354852.000.000) 02/17 07:22:13 Started transferring input files
	Transferring to host: <128.142.64.219:9618?addrs=128.142.64.219-9618&noUDP&sock=3217_6adc_103254>
...
040 (1354852.000.000) 02/17 07:22:13 Finished transferring input files
...
001 (1354852.000.000) 02/17 07:22:14 Job executing on host: <128.142.64.219:9618?addrs=128.142.64.219-9618&noUDP&sock=2113_ebb4_3>
...
006 (1354852.000.000) 02/17 07:22:23 Image size of job updated: 287904
	222  -  MemoryUsage of job (MB)
	227120  -  ResidentSetSize of job (KB)
...
006 (1354852.000.000) 02/17 07:22:32 Image size of job updated: 585848
	223  -  MemoryUsage of job (MB)
	227532  -  ResidentSetSize of job (KB)
...
040 (1354852.000.000) 02/17 07:22:32 Started transferring output files
...
040 (1354852.000.000) 02/17 07:22:32 Finished transferring output files
...
005 (1354852.000.000) 02/17 07:22:32 Job terminated.
	(1) Normal termination (return value 139)
		Usr 0 00:00:09, Sys 0 00:00:02  -  Run Remote Usage
		Usr 0 00:00:00, Sys 0 00:00:00  -  Run Local Usage
		Usr 0 00:00:09, Sys 0 00:00:02  -  Total Remote Usage
		Usr 0 00:00:00, Sys 0 00:00:00  -  Total Local Usage
	9964  -  Run Bytes Sent By Job
	1594  -  Run Bytes Received By Job
	9964  -  Total Bytes Sent By Job
	1594  -  Total Bytes Received By Job
	Partitionable Resources :    Usage  Request Allocated 
	   Cpus                 :        0        1         1 
	   Disk (KB)            :       33        2    262559 
	   Memory (MB)          :      223     2000      2000 
...
