000 (1354675.000.000) 02/17 07:11:35 Job submitted from host: <137.138.44.55:9618?addrs=137.138.44.55-9618+[2001-1458-d00-1a--48]-9618&alias=bigbird17.cern.ch&noUDP&sock=schedd_1694_8585_188>
...
040 (1354675.000.000) 02/17 07:11:58 Started transferring input files
	Transferring to host: <128.142.240.167:9618?addrs=128.142.240.167-9618+[2001-1458-301-9--100-c4]-9618&alias=b7g41n6568.cern.ch&noUDP&sock=slot1_7_11311_5f65_9606>
...
040 (1354675.000.000) 02/17 07:11:58 Finished transferring input files
...
001 (1354675.000.000) 02/17 07:11:59 Job executing on host: <128.142.240.167:9618?addrs=128.142.240.167-9618+[2001-1458-301-9--100-c4]-9618&alias=b7g41n6568.cern.ch&noUDP&sock=startd_6497_fae6>
...
006 (1354675.000.000) 02/17 07:12:08 Image size of job updated: 241968
	176  -  MemoryUsage of job (MB)
	179700  -  ResidentSetSize of job (KB)
...
006 (1354675.000.000) 02/17 07:12:25 Image size of job updated: 1140764
	176  -  MemoryUsage of job (MB)
	179700  -  ResidentSetSize of job (KB)
...
040 (1354675.000.000) 02/17 07:12:25 Started transferring output files
...
040 (1354675.000.000) 02/17 07:12:25 Finished transferring output files
...
005 (1354675.000.000) 02/17 07:12:26 Job terminated.
	(1) Normal termination (return value 139)
		Usr 0 00:00:11, Sys 0 00:00:03  -  Run Remote Usage
		Usr 0 00:00:00, Sys 0 00:00:00  -  Run Local Usage
		Usr 0 00:00:11, Sys 0 00:00:03  -  Total Remote Usage
		Usr 0 00:00:00, Sys 0 00:00:00  -  Total Local Usage
	9953  -  Run Bytes Sent By Job
	1549  -  Run Bytes Received By Job
	9953  -  Total Bytes Sent By Job
	1549  -  Total Bytes Received By Job
	Partitionable Resources :    Usage  Request Allocated 
	   Cpus                 :                 1         1 
	   Disk (KB)            :       25        2    322537 
	   Memory (MB)          :      176     2000      2000 
...
