000 (1355001.000.000) 02/17 07:28:01 Job submitted from host: <137.138.44.55:9618?addrs=137.138.44.55-9618+[2001-1458-d00-1a--48]-9618&alias=bigbird17.cern.ch&noUDP&sock=schedd_1694_8585_188>
...
040 (1355001.000.000) 02/17 07:28:19 Started transferring input files
	Transferring to host: <128.142.70.98:9618?addrs=128.142.70.98-9618&noUDP&sock=3237_825d_100761>
...
040 (1355001.000.000) 02/17 07:28:19 Finished transferring input files
...
001 (1355001.000.000) 02/17 07:28:20 Job executing on host: <128.142.70.98:9618?addrs=128.142.70.98-9618&noUDP&sock=2179_30f4_3>
...
006 (1355001.000.000) 02/17 07:28:29 Image size of job updated: 229888
	0  -  MemoryUsage of job (MB)
	0  -  ResidentSetSize of job (KB)
...
040 (1355001.000.000) 02/17 07:28:29 Started transferring output files
...
040 (1355001.000.000) 02/17 07:28:29 Finished transferring output files
...
005 (1355001.000.000) 02/17 07:28:29 Job terminated.
	(1) Normal termination (return value 0)
		Usr 0 00:00:04, Sys 0 00:00:01  -  Run Remote Usage
		Usr 0 00:00:00, Sys 0 00:00:00  -  Run Local Usage
		Usr 0 00:00:04, Sys 0 00:00:01  -  Total Remote Usage
		Usr 0 00:00:00, Sys 0 00:00:00  -  Total Local Usage
	12915  -  Run Bytes Sent By Job
	1499  -  Run Bytes Received By Job
	12915  -  Total Bytes Sent By Job
	1499  -  Total Bytes Received By Job
	Partitionable Resources :    Usage  Request Allocated 
	   Cpus                 :        0        1         1 
	   Disk (KB)            :       35        2    255065 
	   Memory (MB)          :        0     2000      2000 
...
