000 (1354486.000.000) 02/17 06:57:15 Job submitted from host: <137.138.44.55:9618?addrs=137.138.44.55-9618+[2001-1458-d00-1a--48]-9618&alias=bigbird17.cern.ch&noUDP&sock=schedd_1694_8585_188>
...
040 (1354486.000.000) 02/17 07:04:59 Started transferring input files
	Transferring to host: <188.184.182.198:9618?addrs=188.184.182.198-9618+[2001-1458-301-2b--100-4aa]-9618&noUDP&sock=13069_0aed_157025>
...
040 (1354486.000.000) 02/17 07:04:59 Finished transferring input files
...
001 (1354486.000.000) 02/17 07:05:00 Job executing on host: <188.184.182.198:9618?addrs=188.184.182.198-9618+[2001-1458-301-2b--100-4aa]-9618&noUDP&sock=17064_102a_3>
...
006 (1354486.000.000) 02/17 07:05:09 Image size of job updated: 233476
	169  -  MemoryUsage of job (MB)
	173004  -  ResidentSetSize of job (KB)
...
006 (1354486.000.000) 02/17 07:06:44 Image size of job updated: 401272
	169  -  MemoryUsage of job (MB)
	173004  -  ResidentSetSize of job (KB)
...
040 (1354486.000.000) 02/17 07:06:44 Started transferring output files
...
040 (1354486.000.000) 02/17 07:06:44 Finished transferring output files
...
005 (1354486.000.000) 02/17 07:06:44 Job terminated.
	(1) Normal termination (return value 0)
		Usr 0 00:01:24, Sys 0 00:00:02  -  Run Remote Usage
		Usr 0 00:00:00, Sys 0 00:00:00  -  Run Local Usage
		Usr 0 00:01:24, Sys 0 00:00:02  -  Total Remote Usage
		Usr 0 00:00:00, Sys 0 00:00:00  -  Total Local Usage
	7955  -  Run Bytes Sent By Job
	1554  -  Run Bytes Received By Job
	7955  -  Total Bytes Sent By Job
	1554  -  Total Bytes Received By Job
	Partitionable Resources :    Usage  Request Allocated 
	   Cpus                 :     0.04        1         1 
	   Disk (KB)            :    31           2    332509 
	   Memory (MB)          :   169        2000      2000 
...
