000 (1354693.000.000) 02/17 07:13:04 Job submitted from host: <137.138.44.55:9618?addrs=137.138.44.55-9618+[2001-1458-d00-1a--48]-9618&alias=bigbird17.cern.ch&noUDP&sock=schedd_1694_8585_188>
...
040 (1354693.000.000) 02/17 07:13:14 Started transferring input files
	Transferring to host: <188.184.133.181:9618?addrs=188.184.133.181-9618+[2001-1458-301-a0--100-1c2]-9618&noUDP&sock=31806_f446_169241>
...
040 (1354693.000.000) 02/17 07:13:14 Finished transferring input files
...
001 (1354693.000.000) 02/17 07:13:15 Job executing on host: <188.184.133.181:9618?addrs=188.184.133.181-9618+[2001-1458-301-a0--100-1c2]-9618&noUDP&sock=2353_8a6f_3>
...
006 (1354693.000.000) 02/17 07:13:23 Image size of job updated: 238088
	172  -  MemoryUsage of job (MB)
	175404  -  ResidentSetSize of job (KB)
...
006 (1354693.000.000) 02/17 07:13:36 Image size of job updated: 754996
	172  -  MemoryUsage of job (MB)
	175680  -  ResidentSetSize of job (KB)
...
040 (1354693.000.000) 02/17 07:13:36 Started transferring output files
...
040 (1354693.000.000) 02/17 07:13:36 Finished transferring output files
...
005 (1354693.000.000) 02/17 07:13:36 Job terminated.
	(1) Normal termination (return value 139)
		Usr 0 00:00:11, Sys 0 00:00:03  -  Run Remote Usage
		Usr 0 00:00:00, Sys 0 00:00:00  -  Run Local Usage
		Usr 0 00:00:11, Sys 0 00:00:03  -  Total Remote Usage
		Usr 0 00:00:00, Sys 0 00:00:00  -  Total Local Usage
	9964  -  Run Bytes Sent By Job
	1595  -  Run Bytes Received By Job
	9964  -  Total Bytes Sent By Job
	1595  -  Total Bytes Received By Job
	Partitionable Resources :    Usage  Request Allocated 
	   Cpus                 :        0        1         1 
	   Disk (KB)            :       33        2    189338 
	   Memory (MB)          :      172     2000      2000 
...
