000 (1355352.000.000) 02/17 07:44:55 Job submitted from host: <137.138.44.55:9618?addrs=137.138.44.55-9618+[2001-1458-d00-1a--48]-9618&alias=bigbird17.cern.ch&noUDP&sock=schedd_1694_8585_188>
...
040 (1355352.000.000) 02/17 07:47:18 Started transferring input files
	Transferring to host: <128.142.83.111:9618?addrs=128.142.83.111-9618+[2001-1458-301-f5--100-3f5]-9618&noUDP&sock=16408_ab94_18456>
...
040 (1355352.000.000) 02/17 07:47:18 Finished transferring input files
...
001 (1355352.000.000) 02/17 07:47:19 Job executing on host: <128.142.83.111:9618?addrs=128.142.83.111-9618+[2001-1458-301-f5--100-3f5]-9618&noUDP&sock=16250_ba13_3>
...
006 (1355352.000.000) 02/17 07:47:27 Image size of job updated: 66432
	17  -  MemoryUsage of job (MB)
	17168  -  ResidentSetSize of job (KB)
...
006 (1355352.000.000) 02/17 07:47:48 Image size of job updated: 247452
	17  -  MemoryUsage of job (MB)
	17208  -  ResidentSetSize of job (KB)
...
040 (1355352.000.000) 02/17 07:47:48 Started transferring output files
...
040 (1355352.000.000) 02/17 07:47:48 Finished transferring output files
...
005 (1355352.000.000) 02/17 07:47:48 Job terminated.
	(1) Normal termination (return value 0)
		Usr 0 00:00:10, Sys 0 00:00:01  -  Run Remote Usage
		Usr 0 00:00:00, Sys 0 00:00:00  -  Run Local Usage
		Usr 0 00:00:10, Sys 0 00:00:01  -  Total Remote Usage
		Usr 0 00:00:00, Sys 0 00:00:00  -  Total Local Usage
	8143  -  Run Bytes Sent By Job
	1488  -  Run Bytes Received By Job
	8143  -  Total Bytes Sent By Job
	1488  -  Total Bytes Received By Job
	Partitionable Resources :    Usage  Request Allocated 
	   Cpus                 :        0        1         1 
	   Disk (KB)            :       31        2    228405 
	   Memory (MB)          :       17     2000      2000 
...
