000 (1354702.000.000) 02/17 07:13:58 Job submitted from host: <137.138.44.55:9618?addrs=137.138.44.55-9618+[2001-1458-d00-1a--48]-9618&alias=bigbird17.cern.ch&noUDP&sock=schedd_1694_8585_188>
...
040 (1354702.000.000) 02/17 07:14:37 Started transferring input files
	Transferring to host: <188.184.183.221:9618?addrs=188.184.183.221-9618+[2001-1458-301-2b--100-3a0]-9618&alias=b7g41n1197.cern.ch&noUDP&sock=slot1_8_13995_7e52_10998>
...
040 (1354702.000.000) 02/17 07:14:37 Finished transferring input files
...
001 (1354702.000.000) 02/17 07:14:38 Job executing on host: <188.184.183.221:9618?addrs=188.184.183.221-9618+[2001-1458-301-2b--100-3a0]-9618&alias=b7g41n1197.cern.ch&noUDP&sock=startd_14163_37ec>
...
006 (1354702.000.000) 02/17 07:14:46 Image size of job updated: 558260
	172  -  MemoryUsage of job (MB)
	175804  -  ResidentSetSize of job (KB)
...
006 (1354702.000.000) 02/17 07:14:59 Image size of job updated: 1284516
	172  -  MemoryUsage of job (MB)
	175804  -  ResidentSetSize of job (KB)
...
040 (1354702.000.000) 02/17 07:14:59 Started transferring output files
...
040 (1354702.000.000) 02/17 07:14:59 Finished transferring output files
...
005 (1354702.000.000) 02/17 07:15:00 Job terminated.
	(1) Normal termination (return value 139)
		Usr 0 00:00:11, Sys 0 00:00:03  -  Run Remote Usage
		Usr 0 00:00:00, Sys 0 00:00:00  -  Run Local Usage
		Usr 0 00:00:11, Sys 0 00:00:03  -  Total Remote Usage
		Usr 0 00:00:00, Sys 0 00:00:00  -  Total Local Usage
	9964  -  Run Bytes Sent By Job
	1595  -  Run Bytes Received By Job
	9964  -  Total Bytes Sent By Job
	1595  -  Total Bytes Received By Job
	Partitionable Resources :    Usage  Request Allocated 
	   Cpus                 :                 1         1 
	   Disk (KB)            :       25        2    347032 
	   Memory (MB)          :      172     2000      2000 
...
