000 (1355054.000.000) 02/17 07:31:33 Job submitted from host: <137.138.44.55:9618?addrs=137.138.44.55-9618+[2001-1458-d00-1a--48]-9618&alias=bigbird17.cern.ch&noUDP&sock=schedd_1694_8585_188>
...
040 (1355054.000.000) 02/17 07:31:50 Started transferring input files
	Transferring to host: <128.142.73.179:9618?addrs=128.142.73.179-9618+[2001-1458-301-75--100-72]-9618&noUDP&sock=16834_d366_29631>
...
040 (1355054.000.000) 02/17 07:31:50 Finished transferring input files
...
001 (1355054.000.000) 02/17 07:31:51 Job executing on host: <128.142.73.179:9618?addrs=128.142.73.179-9618+[2001-1458-301-75--100-72]-9618&noUDP&sock=16678_4c9c_3>
...
006 (1355054.000.000) 02/17 07:31:59 Image size of job updated: 218504
	155  -  MemoryUsage of job (MB)
	158428  -  ResidentSetSize of job (KB)
...
006 (1355054.000.000) 02/17 07:34:56 Image size of job updated: 366388
	155  -  MemoryUsage of job (MB)
	158428  -  ResidentSetSize of job (KB)
...
040 (1355054.000.000) 02/17 07:34:56 Started transferring output files
...
040 (1355054.000.000) 02/17 07:34:57 Finished transferring output files
...
005 (1355054.000.000) 02/17 07:34:57 Job terminated.
	(1) Normal termination (return value 0)
		Usr 0 00:02:01, Sys 0 00:00:02  -  Run Remote Usage
		Usr 0 00:00:00, Sys 0 00:00:00  -  Run Local Usage
		Usr 0 00:02:01, Sys 0 00:00:02  -  Total Remote Usage
		Usr 0 00:00:00, Sys 0 00:00:00  -  Total Local Usage
	13014  -  Run Bytes Sent By Job
	1523  -  Run Bytes Received By Job
	13014  -  Total Bytes Sent By Job
	1523  -  Total Bytes Received By Job
	Partitionable Resources :    Usage  Request Allocated 
	   Cpus                 :     0.04        1         1 
	   Disk (KB)            :    36           2    255128 
	   Memory (MB)          :   155        2000      2000 
...
