000 (1354764.000.000) 02/17 07:17:49 Job submitted from host: <137.138.44.55:9618?addrs=137.138.44.55-9618+[2001-1458-d00-1a--48]-9618&alias=bigbird17.cern.ch&noUDP&sock=schedd_1694_8585_188>
...
040 (1354764.000.000) 02/17 07:18:24 Started transferring input files
	Transferring to host: <128.142.69.184:9618?addrs=128.142.69.184-9618+[2001-1458-301-52--100-2ee]-9618&alias=b7s10n2121.cern.ch&noUDP&sock=slot1_3_4673_4d17_4338>
...
040 (1354764.000.000) 02/17 07:18:24 Finished transferring input files
...
001 (1354764.000.000) 02/17 07:18:25 Job executing on host: <128.142.69.184:9618?addrs=128.142.69.184-9618+[2001-1458-301-52--100-2ee]-9618&alias=b7s10n2121.cern.ch&noUDP&sock=startd_3732_6b89>
...
006 (1354764.000.000) 02/17 07:18:34 Image size of job updated: 281748
	216  -  MemoryUsage of job (MB)
	220964  -  ResidentSetSize of job (KB)
...
006 (1354764.000.000) 02/17 07:18:43 Image size of job updated: 1103448
	216  -  MemoryUsage of job (MB)
	221176  -  ResidentSetSize of job (KB)
...
040 (1354764.000.000) 02/17 07:18:43 Started transferring output files
...
040 (1354764.000.000) 02/17 07:18:43 Finished transferring output files
...
005 (1354764.000.000) 02/17 07:18:43 Job terminated.
	(1) Normal termination (return value 139)
		Usr 0 00:00:10, Sys 0 00:00:02  -  Run Remote Usage
		Usr 0 00:00:00, Sys 0 00:00:00  -  Run Local Usage
		Usr 0 00:00:10, Sys 0 00:00:02  -  Total Remote Usage
		Usr 0 00:00:00, Sys 0 00:00:00  -  Total Local Usage
	9964  -  Run Bytes Sent By Job
	1595  -  Run Bytes Received By Job
	9964  -  Total Bytes Sent By Job
	1595  -  Total Bytes Received By Job
	Partitionable Resources :    Usage  Request Allocated 
	   Cpus                 :                 1         1 
	   Disk (KB)            :       25        2    246700 
	   Memory (MB)          :      216     2000      2000 
...
