000 (1354641.000.000) 02/17 07:08:48 Job submitted from host: <137.138.44.55:9618?addrs=137.138.44.55-9618+[2001-1458-d00-1a--48]-9618&alias=bigbird17.cern.ch&noUDP&sock=schedd_1694_8585_188>
...
040 (1354641.000.000) 02/17 07:09:28 Started transferring input files
	Transferring to host: <188.184.210.57:9618?addrs=188.184.210.57-9618+[2001-1458-301-10b--100-170]-9618&alias=b7g23n8525.cern.ch&noUDP&sock=slot1_7_32170_6cd5_9601>
...
040 (1354641.000.000) 02/17 07:09:28 Finished transferring input files
...
001 (1354641.000.000) 02/17 07:09:29 Job executing on host: <188.184.210.57:9618?addrs=188.184.210.57-9618+[2001-1458-301-10b--100-170]-9618&alias=b7g23n8525.cern.ch&noUDP&sock=startd_18665_374a>
...
006 (1354641.000.000) 02/17 07:09:38 Image size of job updated: 147864
	53  -  MemoryUsage of job (MB)
	53396  -  ResidentSetSize of job (KB)
...
006 (1354641.000.000) 02/17 07:11:53 Image size of job updated: 826376
	53  -  MemoryUsage of job (MB)
	53560  -  ResidentSetSize of job (KB)
...
040 (1354641.000.000) 02/17 07:11:53 Started transferring output files
...
040 (1354641.000.000) 02/17 07:11:53 Finished transferring output files
...
005 (1354641.000.000) 02/17 07:11:53 Job terminated.
	(1) Normal termination (return value 0)
		Usr 0 00:01:36, Sys 0 00:00:02  -  Run Remote Usage
		Usr 0 00:00:00, Sys 0 00:00:00  -  Run Local Usage
		Usr 0 00:01:36, Sys 0 00:00:02  -  Total Remote Usage
		Usr 0 00:00:00, Sys 0 00:00:00  -  Total Local Usage
	7962  -  Run Bytes Sent By Job
	1560  -  Run Bytes Received By Job
	7962  -  Total Bytes Sent By Job
	1560  -  Total Bytes Received By Job
	Partitionable Resources :    Usage  Request Allocated 
	   Cpus                 :                 1         1 
	   Disk (KB)            :       22        2    335585 
	   Memory (MB)          :       53     2000      2000 
...
