000 (1354780.000.000) 02/17 07:18:38 Job submitted from host: <137.138.44.55:9618?addrs=137.138.44.55-9618+[2001-1458-d00-1a--48]-9618&alias=bigbird17.cern.ch&noUDP&sock=schedd_1694_8585_188>
...
040 (1354780.000.000) 02/17 07:19:45 Started transferring input files
	Transferring to host: <128.142.66.177:9618?addrs=128.142.66.177-9618+[2001-1458-301-4c--100-63e]-9618&alias=b7s09n7710.cern.ch&noUDP&sock=slot1_1_26263_68c5_9771>
...
040 (1354780.000.000) 02/17 07:19:45 Finished transferring input files
...
001 (1354780.000.000) 02/17 07:19:46 Job executing on host: <128.142.66.177:9618?addrs=128.142.66.177-9618+[2001-1458-301-4c--100-63e]-9618&alias=b7s09n7710.cern.ch&noUDP&sock=startd_5872_4835>
...
006 (1354780.000.000) 02/17 07:19:55 Image size of job updated: 937852
	205  -  MemoryUsage of job (MB)
	209572  -  ResidentSetSize of job (KB)
...
006 (1354780.000.000) 02/17 07:20:03 Image size of job updated: 1327092
	205  -  MemoryUsage of job (MB)
	209572  -  ResidentSetSize of job (KB)
...
040 (1354780.000.000) 02/17 07:20:03 Started transferring output files
...
040 (1354780.000.000) 02/17 07:20:03 Finished transferring output files
...
005 (1354780.000.000) 02/17 07:20:04 Job terminated.
	(1) Normal termination (return value 139)
		Usr 0 00:00:09, Sys 0 00:00:02  -  Run Remote Usage
		Usr 0 00:00:00, Sys 0 00:00:00  -  Run Local Usage
		Usr 0 00:00:09, Sys 0 00:00:02  -  Total Remote Usage
		Usr 0 00:00:00, Sys 0 00:00:00  -  Total Local Usage
	9963  -  Run Bytes Sent By Job
	1595  -  Run Bytes Received By Job
	9963  -  Total Bytes Sent By Job
	1595  -  Total Bytes Received By Job
	Partitionable Resources :    Usage  Request Allocated 
	   Cpus                 :                 1         1 
	   Disk (KB)            :       25        2    248081 
	   Memory (MB)          :      205     2000      2000 
...
