000 (1354642.000.000) 02/17 07:08:57 Job submitted from host: <137.138.44.55:9618?addrs=137.138.44.55-9618+[2001-1458-d00-1a--48]-9618&alias=bigbird17.cern.ch&noUDP&sock=schedd_1694_8585_188>
...
040 (1354642.000.000) 02/17 07:09:33 Started transferring input files
	Transferring to host: <128.142.85.83:9618?addrs=128.142.85.83-9618+[2001-1458-301-f6--100-48a]-9618&noUDP&sock=16383_0e33_21002>
...
040 (1354642.000.000) 02/17 07:09:33 Finished transferring input files
...
001 (1354642.000.000) 02/17 07:09:34 Job executing on host: <128.142.85.83:9618?addrs=128.142.85.83-9618+[2001-1458-301-f6--100-48a]-9618&noUDP&sock=16227_f365_3>
...
006 (1354642.000.000) 02/17 07:09:42 Image size of job updated: 158868
	62  -  MemoryUsage of job (MB)
	63472  -  ResidentSetSize of job (KB)
...
006 (1354642.000.000) 02/17 07:09:57 Image size of job updated: 496124
	62  -  MemoryUsage of job (MB)
	63472  -  ResidentSetSize of job (KB)
...
040 (1354642.000.000) 02/17 07:09:57 Started transferring output files
...
040 (1354642.000.000) 02/17 07:09:57 Finished transferring output files
...
005 (1354642.000.000) 02/17 07:09:57 Job terminated.
	(1) Normal termination (return value 139)
		Usr 0 00:00:09, Sys 0 00:00:02  -  Run Remote Usage
		Usr 0 00:00:00, Sys 0 00:00:00  -  Run Local Usage
		Usr 0 00:00:09, Sys 0 00:00:02  -  Total Remote Usage
		Usr 0 00:00:00, Sys 0 00:00:00  -  Total Local Usage
	9956  -  Run Bytes Sent By Job
	1560  -  Run Bytes Received By Job
	9956  -  Total Bytes Sent By Job
	1560  -  Total Bytes Received By Job
	Partitionable Resources :    Usage  Request Allocated 
	   Cpus                 :                 1         1 
	   Disk (KB)            :       25        2    258815 
	   Memory (MB)          :       62     2000      2000 
...
