000 (1355314.000.000) 02/17 07:43:33 Job submitted from host: <137.138.44.55:9618?addrs=137.138.44.55-9618+[2001-1458-d00-1a--48]-9618&alias=bigbird17.cern.ch&noUDP&sock=schedd_1694_8585_188>
...
040 (1355314.000.000) 02/17 07:46:19 Started transferring input files
	Transferring to host: <128.142.69.163:9618?addrs=128.142.69.163-9618+[2001-1458-301-52--100-30b]-9618&alias=b7s10n6379.cern.ch&noUDP&sock=slot1_6_19352_fc0c_8930>
...
040 (1355314.000.000) 02/17 07:46:19 Finished transferring input files
...
001 (1355314.000.000) 02/17 07:46:20 Job executing on host: <128.142.69.163:9618?addrs=128.142.69.163-9618+[2001-1458-301-52--100-30b]-9618&alias=b7s10n6379.cern.ch&noUDP&sock=startd_5785_9b78>
...
006 (1355314.000.000) 02/17 07:46:29 Image size of job updated: 302280
	74  -  MemoryUsage of job (MB)
	74760  -  ResidentSetSize of job (KB)
...
006 (1355314.000.000) 02/17 07:46:40 Image size of job updated: 654920
	74  -  MemoryUsage of job (MB)
	74760  -  ResidentSetSize of job (KB)
...
040 (1355314.000.000) 02/17 07:46:40 Started transferring output files
...
040 (1355314.000.000) 02/17 07:46:40 Finished transferring output files
...
005 (1355314.000.000) 02/17 07:46:40 Job terminated.
	(1) Normal termination (return value 0)
		Usr 0 00:00:07, Sys 0 00:00:01  -  Run Remote Usage
		Usr 0 00:00:00, Sys 0 00:00:00  -  Run Local Usage
		Usr 0 00:00:07, Sys 0 00:00:01  -  Total Remote Usage
		Usr 0 00:00:00, Sys 0 00:00:00  -  Total Local Usage
	8138  -  Run Bytes Sent By Job
	1483  -  Run Bytes Received By Job
	8138  -  Total Bytes Sent By Job
	1483  -  Total Bytes Received By Job
	Partitionable Resources :    Usage  Request Allocated 
	   Cpus                 :                 1         1 
	   Disk (KB)            :       22        2    245555 
	   Memory (MB)          :       74     2000      2000 
...
