000 (1354437.000.000) 02/17 06:54:07 Job submitted from host: <137.138.44.55:9618?addrs=137.138.44.55-9618+[2001-1458-d00-1a--48]-9618&alias=bigbird17.cern.ch&noUDP&sock=schedd_1694_8585_188>
...
040 (1354437.000.000) 02/17 07:03:55 Started transferring input files
	Transferring to host: <188.184.211.156:9618?addrs=188.184.211.156-9618+[2001-1458-301-10b--100-506]-9618&noUDP&sock=17230_d7f6_79715>
...
040 (1354437.000.000) 02/17 07:03:55 Finished transferring input files
...
001 (1354437.000.000) 02/17 07:03:56 Job executing on host: <188.184.211.156:9618?addrs=188.184.211.156-9618+[2001-1458-301-10b--100-506]-9618&noUDP&sock=17076_4b4d_3>
...
006 (1354437.000.000) 02/17 07:04:04 Image size of job updated: 9816
	10  -  MemoryUsage of job (MB)
	9816  -  ResidentSetSize of job (KB)
...
006 (1354437.000.000) 02/17 07:09:04 Image size of job updated: 374680
	305  -  MemoryUsage of job (MB)
	311824  -  ResidentSetSize of job (KB)
...
006 (1354437.000.000) 02/17 07:11:53 Image size of job updated: 388748
	305  -  MemoryUsage of job (MB)
	311824  -  ResidentSetSize of job (KB)
...
040 (1354437.000.000) 02/17 07:11:53 Started transferring output files
...
040 (1354437.000.000) 02/17 07:11:53 Finished transferring output files
...
005 (1354437.000.000) 02/17 07:11:53 Job terminated.
	(1) Normal termination (return value 0)
		Usr 0 00:01:46, Sys 0 00:00:01  -  Run Remote Usage
		Usr 0 00:00:00, Sys 0 00:00:00  -  Run Local Usage
		Usr 0 00:01:46, Sys 0 00:00:01  -  Total Remote Usage
		Usr 0 00:00:00, Sys 0 00:00:00  -  Total Local Usage
	7956  -  Run Bytes Sent By Job
	1554  -  Run Bytes Received By Job
	7956  -  Total Bytes Sent By Job
	1554  -  Total Bytes Received By Job
	Partitionable Resources :    Usage  Request Allocated 
	   Cpus                 :     0.34        1         1 
	   Disk (KB)            :    31           2    360210 
	   Memory (MB)          :   305        2000      2000 
...
