000 (1355110.000.000) 02/17 07:33:42 Job submitted from host: <137.138.44.55:9618?addrs=137.138.44.55-9618+[2001-1458-d00-1a--48]-9618&alias=bigbird17.cern.ch&noUDP&sock=schedd_1694_8585_188>
...
040 (1355110.000.000) 02/17 07:36:51 Started transferring input files
	Transferring to host: <128.142.120.184:9618?addrs=128.142.120.184-9618&noUDP&sock=2980_6df2_92023>
...
040 (1355110.000.000) 02/17 07:36:51 Finished transferring input files
...
001 (1355110.000.000) 02/17 07:36:52 Job executing on host: <128.142.120.184:9618?addrs=128.142.120.184-9618&noUDP&sock=1857_5375_3>
...
006 (1355110.000.000) 02/17 07:37:00 Image size of job updated: 61604
	16  -  MemoryUsage of job (MB)
	16028  -  ResidentSetSize of job (KB)
...
006 (1355110.000.000) 02/17 07:40:32 Image size of job updated: 312888
	16  -  MemoryUsage of job (MB)
	16028  -  ResidentSetSize of job (KB)
...
040 (1355110.000.000) 02/17 07:40:32 Started transferring output files
...
040 (1355110.000.000) 02/17 07:40:32 Finished transferring output files
...
005 (1355110.000.000) 02/17 07:40:33 Job terminated.
	(1) Normal termination (return value 0)
		Usr 0 00:01:56, Sys 0 00:00:02  -  Run Remote Usage
		Usr 0 00:00:00, Sys 0 00:00:00  -  Run Local Usage
		Usr 0 00:01:56, Sys 0 00:00:02  -  Total Remote Usage
		Usr 0 00:00:00, Sys 0 00:00:00  -  Total Local Usage
	13009  -  Run Bytes Sent By Job
	1518  -  Run Bytes Received By Job
	13009  -  Total Bytes Sent By Job
	1518  -  Total Bytes Received By Job
	Partitionable Resources :    Usage  Request Allocated 
	   Cpus                 :     0.67        1         1 
	   Disk (KB)            :    35           2    193891 
	   Memory (MB)          :    16        2000      2000 
...
