000 (1355285.000.000) 02/17 07:42:33 Job submitted from host: <137.138.44.55:9618?addrs=137.138.44.55-9618+[2001-1458-d00-1a--48]-9618&alias=bigbird17.cern.ch&noUDP&sock=schedd_1694_8585_188>
...
040 (1355285.000.000) 02/17 07:43:45 Started transferring input files
	Transferring to host: <188.184.182.13:9618?addrs=188.184.182.13-9618+[2001-1458-301-2b--100-24]-9618&noUDP&sock=13306_07d6_160545>
...
040 (1355285.000.000) 02/17 07:43:45 Finished transferring input files
...
001 (1355285.000.000) 02/17 07:43:46 Job executing on host: <188.184.182.13:9618?addrs=188.184.182.13-9618+[2001-1458-301-2b--100-24]-9618&noUDP&sock=6519_11fb_3>
...
006 (1355285.000.000) 02/17 07:43:54 Image size of job updated: 224796
	114  -  MemoryUsage of job (MB)
	115760  -  ResidentSetSize of job (KB)
...
006 (1355285.000.000) 02/17 07:44:18 Image size of job updated: 245864
	114  -  MemoryUsage of job (MB)
	115976  -  ResidentSetSize of job (KB)
...
040 (1355285.000.000) 02/17 07:44:18 Started transferring output files
...
040 (1355285.000.000) 02/17 07:44:18 Finished transferring output files
...
005 (1355285.000.000) 02/17 07:44:18 Job terminated.
	(1) Normal termination (return value 0)
		Usr 0 00:00:09, Sys 0 00:00:01  -  Run Remote Usage
		Usr 0 00:00:00, Sys 0 00:00:00  -  Run Local Usage
		Usr 0 00:00:09, Sys 0 00:00:01  -  Total Remote Usage
		Usr 0 00:00:00, Sys 0 00:00:00  -  Total Local Usage
	8142  -  Run Bytes Sent By Job
	1487  -  Run Bytes Received By Job
	8142  -  Total Bytes Sent By Job
	1487  -  Total Bytes Received By Job
	Partitionable Resources :    Usage  Request Allocated 
	   Cpus                 :        0        1         1 
	   Disk (KB)            :       31        2    273985 
	   Memory (MB)          :      114     2000      2000 
...
