000 (1354517.000.000) 02/17 06:58:54 Job submitted from host: <137.138.44.55:9618?addrs=137.138.44.55-9618+[2001-1458-d00-1a--48]-9618&alias=bigbird17.cern.ch&noUDP&sock=schedd_1694_8585_188>
...
040 (1354517.000.000) 02/17 07:05:16 Started transferring input files
	Transferring to host: <128.142.123.77:9618?addrs=128.142.123.77-9618+[2001-1458-301-b5--100-b6]-9618&noUDP&sock=6059_dd0f_80132>
...
040 (1354517.000.000) 02/17 07:05:16 Finished transferring input files
...
001 (1354517.000.000) 02/17 07:05:17 Job executing on host: <128.142.123.77:9618?addrs=128.142.123.77-9618+[2001-1458-301-b5--100-b6]-9618&noUDP&sock=4757_7c1c_3>
...
006 (1354517.000.000) 02/17 07:05:25 Image size of job updated: 141908
	50  -  MemoryUsage of job (MB)
	51140  -  ResidentSetSize of job (KB)
...
006 (1354517.000.000) 02/17 07:08:31 Image size of job updated: 841924
	50  -  MemoryUsage of job (MB)
	51144  -  ResidentSetSize of job (KB)
...
040 (1354517.000.000) 02/17 07:08:31 Started transferring output files
...
040 (1354517.000.000) 02/17 07:08:31 Finished transferring output files
...
005 (1354517.000.000) 02/17 07:08:31 Job terminated.
	(1) Normal termination (return value 0)
		Usr 0 00:01:40, Sys 0 00:00:02  -  Run Remote Usage
		Usr 0 00:00:00, Sys 0 00:00:00  -  Run Local Usage
		Usr 0 00:01:40, Sys 0 00:00:02  -  Total Remote Usage
		Usr 0 00:00:00, Sys 0 00:00:00  -  Total Local Usage
	7957  -  Run Bytes Sent By Job
	1555  -  Run Bytes Received By Job
	7957  -  Total Bytes Sent By Job
	1555  -  Total Bytes Received By Job
	Partitionable Resources :    Usage  Request Allocated 
	   Cpus                 :     0.94        1         1 
	   Disk (KB)            :    31           2    201011 
	   Memory (MB)          :    50        2000      2000 
...
