000 (1354474.000.000) 02/17 06:56:35 Job submitted from host: <137.138.44.55:9618?addrs=137.138.44.55-9618+[2001-1458-d00-1a--48]-9618&alias=bigbird17.cern.ch&noUDP&sock=schedd_1694_8585_188>
...
040 (1354474.000.000) 02/17 07:04:42 Started transferring input files
	Transferring to host: <188.185.105.252:9618?addrs=188.185.105.252-9618+[2001-1458-d00-3e--100-b]-9618&noUDP&sock=20902_198b_70957>
...
040 (1354474.000.000) 02/17 07:04:42 Finished transferring input files
...
001 (1354474.000.000) 02/17 07:04:43 Job executing on host: <188.185.105.252:9618?addrs=188.185.105.252-9618+[2001-1458-d00-3e--100-b]-9618&noUDP&sock=20863_dc75_3>
...
006 (1354474.000.000) 02/17 07:04:51 Image size of job updated: 381372
	314  -  MemoryUsage of job (MB)
	320568  -  ResidentSetSize of job (KB)
...
006 (1354474.000.000) 02/17 07:04:55 Image size of job updated: 592068
	314  -  MemoryUsage of job (MB)
	320664  -  ResidentSetSize of job (KB)
...
040 (1354474.000.000) 02/17 07:04:56 Started transferring output files
...
040 (1354474.000.000) 02/17 07:04:56 Finished transferring output files
...
005 (1354474.000.000) 02/17 07:04:57 Job terminated.
	(1) Normal termination (return value 139)
		Usr 0 00:00:06, Sys 0 00:00:01  -  Run Remote Usage
		Usr 0 00:00:00, Sys 0 00:00:00  -  Run Local Usage
		Usr 0 00:00:06, Sys 0 00:00:01  -  Total Remote Usage
		Usr 0 00:00:00, Sys 0 00:00:00  -  Total Local Usage
	9955  -  Run Bytes Sent By Job
	1553  -  Run Bytes Received By Job
	9955  -  Total Bytes Sent By Job
	1553  -  Total Bytes Received By Job
	Partitionable Resources :    Usage  Request Allocated 
	   Cpus                 :        0        1         1 
	   Disk (KB)            :       33        2    538414 
	   Memory (MB)          :      314     2000      2000 
...
