000 (1354820.000.000) 02/17 07:20:16 Job submitted from host: <137.138.44.55:9618?addrs=137.138.44.55-9618+[2001-1458-d00-1a--48]-9618&alias=bigbird17.cern.ch&noUDP&sock=schedd_1694_8585_188>
...
040 (1354820.000.000) 02/17 07:21:18 Started transferring input files
	Transferring to host: <128.142.112.99:9618?addrs=128.142.112.99-9618+[2001-1458-301-90--100-47f]-9618&alias=b7s05n0508.cern.ch&noUDP&sock=slot1_4_27749_6e41_10436>
...
040 (1354820.000.000) 02/17 07:21:19 Finished transferring input files
...
001 (1354820.000.000) 02/17 07:21:19 Job executing on host: <128.142.112.99:9618?addrs=128.142.112.99-9618+[2001-1458-301-90--100-47f]-9618&alias=b7s05n0508.cern.ch&noUDP&sock=startd_2101_b091>
...
006 (1354820.000.000) 02/17 07:21:28 Image size of job updated: 143288
	3  -  MemoryUsage of job (MB)
	2252  -  ResidentSetSize of job (KB)
...
006 (1354820.000.000) 02/17 07:22:26 Image size of job updated: 1198712
	3  -  MemoryUsage of job (MB)
	2260  -  ResidentSetSize of job (KB)
...
040 (1354820.000.000) 02/17 07:22:26 Started transferring output files
...
040 (1354820.000.000) 02/17 07:22:26 Finished transferring output files
...
005 (1354820.000.000) 02/17 07:22:26 Job terminated.
	(1) Normal termination (return value 139)
		Usr 0 00:00:11, Sys 0 00:00:04  -  Run Remote Usage
		Usr 0 00:00:00, Sys 0 00:00:00  -  Run Local Usage
		Usr 0 00:00:11, Sys 0 00:00:04  -  Total Remote Usage
		Usr 0 00:00:00, Sys 0 00:00:00  -  Total Local Usage
	9964  -  Run Bytes Sent By Job
	1595  -  Run Bytes Received By Job
	9964  -  Total Bytes Sent By Job
	1595  -  Total Bytes Received By Job
	Partitionable Resources :    Usage  Request Allocated 
	   Cpus                 :                 1         1 
	   Disk (KB)            :       24        2    178249 
	   Memory (MB)          :        3     2000      2000 
...
