000 (1355048.000.000) 02/17 07:31:05 Job submitted from host: <137.138.44.55:9618?addrs=137.138.44.55-9618+[2001-1458-d00-1a--48]-9618&alias=bigbird17.cern.ch&noUDP&sock=schedd_1694_8585_188>
...
040 (1355048.000.000) 02/17 07:31:24 Started transferring input files
	Transferring to host: <128.142.114.116:9618?addrs=128.142.114.116-9618+[2001-1458-301-90--100-180]-9618&alias=b7s05n6988.cern.ch&noUDP&sock=slot1_7_23551_8f57_4124>
...
040 (1355048.000.000) 02/17 07:31:24 Finished transferring input files
...
001 (1355048.000.000) 02/17 07:31:25 Job executing on host: <128.142.114.116:9618?addrs=128.142.114.116-9618+[2001-1458-301-90--100-180]-9618&alias=b7s05n6988.cern.ch&noUDP&sock=startd_1991_3d26>
...
006 (1355048.000.000) 02/17 07:31:33 Image size of job updated: 417880
	17  -  MemoryUsage of job (MB)
	17140  -  ResidentSetSize of job (KB)
...
006 (1355048.000.000) 02/17 07:31:51 Image size of job updated: 575608
	17  -  MemoryUsage of job (MB)
	17148  -  ResidentSetSize of job (KB)
...
040 (1355048.000.000) 02/17 07:31:51 Started transferring output files
...
040 (1355048.000.000) 02/17 07:31:51 Finished transferring output files
...
005 (1355048.000.000) 02/17 07:31:51 Job terminated.
	(1) Normal termination (return value 0)
		Usr 0 00:00:04, Sys 0 00:00:01  -  Run Remote Usage
		Usr 0 00:00:00, Sys 0 00:00:00  -  Run Local Usage
		Usr 0 00:00:04, Sys 0 00:00:01  -  Total Remote Usage
		Usr 0 00:00:00, Sys 0 00:00:00  -  Total Local Usage
	12911  -  Run Bytes Sent By Job
	1495  -  Run Bytes Received By Job
	12911  -  Total Bytes Sent By Job
	1495  -  Total Bytes Received By Job
	Partitionable Resources :    Usage  Request Allocated 
	   Cpus                 :                 1         1 
	   Disk (KB)            :       28        2    186608 
	   Memory (MB)          :       17     2000      2000 
...
