000 (1354514.000.000) 02/17 06:58:41 Job submitted from host: <137.138.44.55:9618?addrs=137.138.44.55-9618+[2001-1458-d00-1a--48]-9618&alias=bigbird17.cern.ch&noUDP&sock=schedd_1694_8585_188>
...
040 (1354514.000.000) 02/17 07:05:11 Started transferring input files
	Transferring to host: <128.142.85.1:9618?addrs=128.142.85.1-9618+[2001-1458-301-f6--100-13b]-9618&alias=b7s14n6965.cern.ch&noUDP&sock=slot1_2_8044_79c0_9371>
...
040 (1354514.000.000) 02/17 07:05:11 Finished transferring input files
...
001 (1354514.000.000) 02/17 07:05:12 Job executing on host: <128.142.85.1:9618?addrs=128.142.85.1-9618+[2001-1458-301-f6--100-13b]-9618&alias=b7s14n6965.cern.ch&noUDP&sock=startd_16597_bd70>
...
006 (1354514.000.000) 02/17 07:05:21 Image size of job updated: 235352
	171  -  MemoryUsage of job (MB)
	174884  -  ResidentSetSize of job (KB)
...
006 (1354514.000.000) 02/17 07:07:06 Image size of job updated: 826668
	171  -  MemoryUsage of job (MB)
	174884  -  ResidentSetSize of job (KB)
...
040 (1354514.000.000) 02/17 07:07:06 Started transferring output files
...
040 (1354514.000.000) 02/17 07:07:06 Finished transferring output files
...
005 (1354514.000.000) 02/17 07:07:06 Job terminated.
	(1) Normal termination (return value 0)
		Usr 0 00:01:31, Sys 0 00:00:01  -  Run Remote Usage
		Usr 0 00:00:00, Sys 0 00:00:00  -  Run Local Usage
		Usr 0 00:01:31, Sys 0 00:00:01  -  Total Remote Usage
		Usr 0 00:00:00, Sys 0 00:00:00  -  Total Local Usage
	7955  -  Run Bytes Sent By Job
	1554  -  Run Bytes Received By Job
	7955  -  Total Bytes Sent By Job
	1554  -  Total Bytes Received By Job
	Partitionable Resources :    Usage  Request Allocated 
	   Cpus                 :                 1         1 
	   Disk (KB)            :       23        2    252138 
	   Memory (MB)          :      171     2000      2000 
...
