000 (1355084.000.000) 02/17 07:32:20 Job submitted from host: <137.138.44.55:9618?addrs=137.138.44.55-9618+[2001-1458-d00-1a--48]-9618&alias=bigbird17.cern.ch&noUDP&sock=schedd_1694_8585_188>
...
040 (1355084.000.000) 02/17 07:36:32 Started transferring input files
	Transferring to host: <188.184.210.79:9618?addrs=188.184.210.79-9618+[2001-1458-301-10b--100-a5]-9618&alias=b7g23n1727.cern.ch&noUDP&sock=slot1_12_22126_84bd_4623>
...
040 (1355084.000.000) 02/17 07:36:32 Finished transferring input files
...
001 (1355084.000.000) 02/17 07:36:33 Job executing on host: <188.184.210.79:9618?addrs=188.184.210.79-9618+[2001-1458-301-10b--100-a5]-9618&alias=b7g23n1727.cern.ch&noUDP&sock=startd_17848_d26a>
...
006 (1355084.000.000) 02/17 07:36:42 Image size of job updated: 147940
	17  -  MemoryUsage of job (MB)
	16852  -  ResidentSetSize of job (KB)
...
006 (1355084.000.000) 02/17 07:40:43 Image size of job updated: 778252
	17  -  MemoryUsage of job (MB)
	16852  -  ResidentSetSize of job (KB)
...
040 (1355084.000.000) 02/17 07:40:43 Started transferring output files
...
040 (1355084.000.000) 02/17 07:40:43 Finished transferring output files
...
005 (1355084.000.000) 02/17 07:40:44 Job terminated.
	(1) Normal termination (return value 0)
		Usr 0 00:01:53, Sys 0 00:00:03  -  Run Remote Usage
		Usr 0 00:00:00, Sys 0 00:00:00  -  Run Local Usage
		Usr 0 00:01:53, Sys 0 00:00:03  -  Total Remote Usage
		Usr 0 00:00:00, Sys 0 00:00:00  -  Total Local Usage
	13014  -  Run Bytes Sent By Job
	1523  -  Run Bytes Received By Job
	13014  -  Total Bytes Sent By Job
	1523  -  Total Bytes Received By Job
	Partitionable Resources :    Usage  Request Allocated 
	   Cpus                 :                 1         1 
	   Disk (KB)            :       27        2    355103 
	   Memory (MB)          :       17     2000      2000 
...
