000 (1354892.000.000) 02/17 07:23:36 Job submitted from host: <137.138.44.55:9618?addrs=137.138.44.55-9618+[2001-1458-d00-1a--48]-9618&alias=bigbird17.cern.ch&noUDP&sock=schedd_1694_8585_188>
...
040 (1354892.000.000) 02/17 07:23:58 Started transferring input files
	Transferring to host: <128.142.68.142:9618?addrs=128.142.68.142-9618+[2001-1458-301-52--100-299]-9618&alias=b7s10n3605.cern.ch&noUDP&sock=slot1_4_14323_9960_9693>
...
040 (1354892.000.000) 02/17 07:23:58 Finished transferring input files
...
001 (1354892.000.000) 02/17 07:23:59 Job executing on host: <128.142.68.142:9618?addrs=128.142.68.142-9618+[2001-1458-301-52--100-299]-9618&alias=b7s10n3605.cern.ch&noUDP&sock=startd_2288_f4c7>
...
006 (1354892.000.000) 02/17 07:24:08 Image size of job updated: 563376
	175  -  MemoryUsage of job (MB)
	178972  -  ResidentSetSize of job (KB)
...
006 (1354892.000.000) 02/17 07:27:55 Image size of job updated: 779960
	175  -  MemoryUsage of job (MB)
	178972  -  ResidentSetSize of job (KB)
...
040 (1354892.000.000) 02/17 07:27:56 Started transferring output files
...
040 (1354892.000.000) 02/17 07:27:56 Finished transferring output files
...
005 (1354892.000.000) 02/17 07:27:56 Job terminated.
	(1) Normal termination (return value 0)
		Usr 0 00:02:37, Sys 0 00:00:04  -  Run Remote Usage
		Usr 0 00:00:00, Sys 0 00:00:00  -  Run Local Usage
		Usr 0 00:02:37, Sys 0 00:00:04  -  Total Remote Usage
		Usr 0 00:00:00, Sys 0 00:00:00  -  Total Local Usage
	12728  -  Run Bytes Sent By Job
	1386  -  Run Bytes Received By Job
	12728  -  Total Bytes Sent By Job
	1386  -  Total Bytes Received By Job
	Partitionable Resources :    Usage  Request Allocated 
	   Cpus                 :                 1         1 
	   Disk (KB)            :       28        2    263292 
	   Memory (MB)          :      175     2000      2000 
...
