000 (1355265.000.000) 02/17 07:41:48 Job submitted from host: <137.138.44.55:9618?addrs=137.138.44.55-9618+[2001-1458-d00-1a--48]-9618&alias=bigbird17.cern.ch&noUDP&sock=schedd_1694_8585_188>
...
040 (1355265.000.000) 02/17 07:42:33 Started transferring input files
	Transferring to host: <128.142.108.151:9618?addrs=128.142.108.151-9618+[2001-1458-301-8f--100-b2]-9618&noUDP&sock=2010_fa0b_81882>
...
040 (1355265.000.000) 02/17 07:42:33 Finished transferring input files
...
001 (1355265.000.000) 02/17 07:42:34 Job executing on host: <128.142.108.151:9618?addrs=128.142.108.151-9618+[2001-1458-301-8f--100-b2]-9618&noUDP&sock=1934_2440_3>
...
006 (1355265.000.000) 02/17 07:42:42 Image size of job updated: 230572
	166  -  MemoryUsage of job (MB)
	169100  -  ResidentSetSize of job (KB)
...
006 (1355265.000.000) 02/17 07:42:51 Image size of job updated: 244892
	166  -  MemoryUsage of job (MB)
	169100  -  ResidentSetSize of job (KB)
...
040 (1355265.000.000) 02/17 07:42:51 Started transferring output files
...
040 (1355265.000.000) 02/17 07:42:51 Finished transferring output files
...
005 (1355265.000.000) 02/17 07:42:51 Job terminated.
	(1) Normal termination (return value 0)
		Usr 0 00:00:08, Sys 0 00:00:01  -  Run Remote Usage
		Usr 0 00:00:00, Sys 0 00:00:00  -  Run Local Usage
		Usr 0 00:00:08, Sys 0 00:00:01  -  Total Remote Usage
		Usr 0 00:00:00, Sys 0 00:00:00  -  Total Local Usage
	8177  -  Run Bytes Sent By Job
	1522  -  Run Bytes Received By Job
	8177  -  Total Bytes Sent By Job
	1522  -  Total Bytes Received By Job
	Partitionable Resources :    Usage  Request Allocated 
	   Cpus                 :        0        1         1 
	   Disk (KB)            :       31        2    206981 
	   Memory (MB)          :      166     2000      2000 
...
