000 (1354808.000.000) 02/17 07:19:48 Job submitted from host: <137.138.44.55:9618?addrs=137.138.44.55-9618+[2001-1458-d00-1a--48]-9618&alias=bigbird17.cern.ch&noUDP&sock=schedd_1694_8585_188>
...
040 (1354808.000.000) 02/17 07:20:30 Started transferring input files
	Transferring to host: <128.142.64.219:9618?addrs=128.142.64.219-9618&noUDP&sock=3217_6adc_103251>
...
040 (1354808.000.000) 02/17 07:20:30 Finished transferring input files
...
001 (1354808.000.000) 02/17 07:20:32 Job executing on host: <128.142.64.219:9618?addrs=128.142.64.219-9618&noUDP&sock=2113_ebb4_3>
...
006 (1354808.000.000) 02/17 07:20:40 Image size of job updated: 57460
	15  -  MemoryUsage of job (MB)
	14556  -  ResidentSetSize of job (KB)
...
006 (1354808.000.000) 02/17 07:21:08 Image size of job updated: 558192
	15  -  MemoryUsage of job (MB)
	14556  -  ResidentSetSize of job (KB)
...
040 (1354808.000.000) 02/17 07:21:08 Started transferring output files
...
040 (1354808.000.000) 02/17 07:21:08 Finished transferring output files
...
005 (1354808.000.000) 02/17 07:21:08 Job terminated.
	(1) Normal termination (return value 139)
		Usr 0 00:00:10, Sys 0 00:00:02  -  Run Remote Usage
		Usr 0 00:00:00, Sys 0 00:00:00  -  Run Local Usage
		Usr 0 00:00:10, Sys 0 00:00:02  -  Total Remote Usage
		Usr 0 00:00:00, Sys 0 00:00:00  -  Total Local Usage
	9964  -  Run Bytes Sent By Job
	1594  -  Run Bytes Received By Job
	9964  -  Total Bytes Sent By Job
	1594  -  Total Bytes Received By Job
	Partitionable Resources :    Usage  Request Allocated 
	   Cpus                 :        0        1         1 
	   Disk (KB)            :       32        2    263350 
	   Memory (MB)          :       15     2000      2000 
...
