000 (1354448.000.000) 02/17 06:54:47 Job submitted from host: <137.138.44.55:9618?addrs=137.138.44.55-9618+[2001-1458-d00-1a--48]-9618&alias=bigbird17.cern.ch&noUDP&sock=schedd_1694_8585_188>
...
040 (1354448.000.000) 02/17 07:04:27 Started transferring input files
	Transferring to host: <188.184.182.125:9618?addrs=188.184.182.125-9618+[2001-1458-301-2b--100-565]-9618&noUDP&sock=28399_6a1c_167676>
...
040 (1354448.000.000) 02/17 07:04:27 Finished transferring input files
...
001 (1354448.000.000) 02/17 07:04:28 Job executing on host: <188.184.182.125:9618?addrs=188.184.182.125-9618+[2001-1458-301-2b--100-565]-9618&noUDP&sock=14369_846e_3>
...
006 (1354448.000.000) 02/17 07:04:36 Image size of job updated: 238044
	173  -  MemoryUsage of job (MB)
	176640  -  ResidentSetSize of job (KB)
...
006 (1354448.000.000) 02/17 07:04:47 Image size of job updated: 595000
	174  -  MemoryUsage of job (MB)
	177856  -  ResidentSetSize of job (KB)
...
040 (1354448.000.000) 02/17 07:04:47 Started transferring output files
...
040 (1354448.000.000) 02/17 07:04:47 Finished transferring output files
...
005 (1354448.000.000) 02/17 07:04:47 Job terminated.
	(1) Normal termination (return value 139)
		Usr 0 00:00:10, Sys 0 00:00:02  -  Run Remote Usage
		Usr 0 00:00:00, Sys 0 00:00:00  -  Run Local Usage
		Usr 0 00:00:10, Sys 0 00:00:02  -  Total Remote Usage
		Usr 0 00:00:00, Sys 0 00:00:00  -  Total Local Usage
	9955  -  Run Bytes Sent By Job
	1554  -  Run Bytes Received By Job
	9955  -  Total Bytes Sent By Job
	1554  -  Total Bytes Received By Job
	Partitionable Resources :    Usage  Request Allocated 
	   Cpus                 :        0        1         1 
	   Disk (KB)            :       33        2    195235 
	   Memory (MB)          :      174     2000      2000 
...
