000 (1354515.000.000) 02/17 06:58:46 Job submitted from host: <137.138.44.55:9618?addrs=137.138.44.55-9618+[2001-1458-d00-1a--48]-9618&alias=bigbird17.cern.ch&noUDP&sock=schedd_1694_8585_188>
...
040 (1354515.000.000) 02/17 07:05:12 Started transferring input files
	Transferring to host: <128.142.80.153:9618?addrs=128.142.80.153-9618+[2001-1458-301-f5--100-5ae]-9618&noUDP&sock=16863_4247_26727>
...
040 (1354515.000.000) 02/17 07:05:12 Finished transferring input files
...
001 (1354515.000.000) 02/17 07:05:13 Job executing on host: <128.142.80.153:9618?addrs=128.142.80.153-9618+[2001-1458-301-f5--100-5ae]-9618&noUDP&sock=16706_8143_3>
...
006 (1354515.000.000) 02/17 07:05:21 Image size of job updated: 331352
	265  -  MemoryUsage of job (MB)
	270548  -  ResidentSetSize of job (KB)
...
006 (1354515.000.000) 02/17 07:05:27 Image size of job updated: 380632
	265  -  MemoryUsage of job (MB)
	270816  -  ResidentSetSize of job (KB)
...
040 (1354515.000.000) 02/17 07:05:27 Started transferring output files
...
040 (1354515.000.000) 02/17 07:05:27 Finished transferring output files
...
005 (1354515.000.000) 02/17 07:05:28 Job terminated.
	(1) Normal termination (return value 139)
		Usr 0 00:00:09, Sys 0 00:00:02  -  Run Remote Usage
		Usr 0 00:00:00, Sys 0 00:00:00  -  Run Local Usage
		Usr 0 00:00:09, Sys 0 00:00:02  -  Total Remote Usage
		Usr 0 00:00:00, Sys 0 00:00:00  -  Total Local Usage
	9956  -  Run Bytes Sent By Job
	1555  -  Run Bytes Received By Job
	9956  -  Total Bytes Sent By Job
	1555  -  Total Bytes Received By Job
	Partitionable Resources :    Usage  Request Allocated 
	   Cpus                 :        0        1         1 
	   Disk (KB)            :       33        2    157365 
	   Memory (MB)          :      265     2000      2000 
...
