000 (1355062.000.000) 02/17 07:31:47 Job submitted from host: <137.138.44.55:9618?addrs=137.138.44.55-9618+[2001-1458-d00-1a--48]-9618&alias=bigbird17.cern.ch&noUDP&sock=schedd_1694_8585_188>
...
040 (1355062.000.000) 02/17 07:34:00 Started transferring input files
	Transferring to host: <188.184.133.123:9618?addrs=188.184.133.123-9618+[2001-1458-301-a0--100-15b]-9618&alias=b7g28n0457.cern.ch&noUDP&sock=slot1_6_24292_a955_9587>
...
040 (1355062.000.000) 02/17 07:34:00 Finished transferring input files
...
001 (1355062.000.000) 02/17 07:34:01 Job executing on host: <188.184.133.123:9618?addrs=188.184.133.123-9618+[2001-1458-301-a0--100-15b]-9618&alias=b7g28n0457.cern.ch&noUDP&sock=startd_2390_eb70>
...
006 (1355062.000.000) 02/17 07:34:10 Image size of job updated: 85568
	33  -  MemoryUsage of job (MB)
	33352  -  ResidentSetSize of job (KB)
...
006 (1355062.000.000) 02/17 07:36:47 Image size of job updated: 781484
	33  -  MemoryUsage of job (MB)
	33352  -  ResidentSetSize of job (KB)
...
040 (1355062.000.000) 02/17 07:36:48 Started transferring output files
...
040 (1355062.000.000) 02/17 07:36:48 Finished transferring output files
...
005 (1355062.000.000) 02/17 07:36:48 Job terminated.
	(1) Normal termination (return value 0)
		Usr 0 00:01:48, Sys 0 00:00:02  -  Run Remote Usage
		Usr 0 00:00:00, Sys 0 00:00:00  -  Run Local Usage
		Usr 0 00:01:48, Sys 0 00:00:02  -  Total Remote Usage
		Usr 0 00:00:00, Sys 0 00:00:00  -  Total Local Usage
	13013  -  Run Bytes Sent By Job
	1522  -  Run Bytes Received By Job
	13013  -  Total Bytes Sent By Job
	1522  -  Total Bytes Received By Job
	Partitionable Resources :    Usage  Request Allocated 
	   Cpus                 :     0.82        1         1 
	   Disk (KB)            :    34           2    198279 
	   Memory (MB)          :    33        2000      2000 
...
