000 (1354435.000.000) 02/17 06:54:04 Job submitted from host: <137.138.44.55:9618?addrs=137.138.44.55-9618+[2001-1458-d00-1a--48]-9618&alias=bigbird17.cern.ch&noUDP&sock=schedd_1694_8585_188>
...
040 (1354435.000.000) 02/17 07:03:51 Started transferring input files
	Transferring to host: <188.184.210.131:9618?addrs=188.184.210.131-9618+[2001-1458-301-10b--100-2f0]-9618&alias=b7g23n1473.cern.ch&noUDP&sock=slot1_5_29443_01c6_2066>
...
040 (1354435.000.000) 02/17 07:03:51 Finished transferring input files
...
001 (1354435.000.000) 02/17 07:03:52 Job executing on host: <188.184.210.131:9618?addrs=188.184.210.131-9618+[2001-1458-301-10b--100-2f0]-9618&alias=b7g23n1473.cern.ch&noUDP&sock=startd_29342_bffa>
...
006 (1354435.000.000) 02/17 07:04:00 Image size of job updated: 64756
	16  -  MemoryUsage of job (MB)
	16188  -  ResidentSetSize of job (KB)
...
006 (1354435.000.000) 02/17 07:04:39 Image size of job updated: 1123316
	16  -  MemoryUsage of job (MB)
	16188  -  ResidentSetSize of job (KB)
...
040 (1354435.000.000) 02/17 07:04:40 Started transferring output files
...
040 (1354435.000.000) 02/17 07:04:40 Finished transferring output files
...
005 (1354435.000.000) 02/17 07:04:40 Job terminated.
	(1) Normal termination (return value 139)
		Usr 0 00:00:12, Sys 0 00:00:04  -  Run Remote Usage
		Usr 0 00:00:00, Sys 0 00:00:00  -  Run Local Usage
		Usr 0 00:00:12, Sys 0 00:00:04  -  Total Remote Usage
		Usr 0 00:00:00, Sys 0 00:00:00  -  Total Local Usage
	9946  -  Run Bytes Sent By Job
	1509  -  Run Bytes Received By Job
	9946  -  Total Bytes Sent By Job
	1509  -  Total Bytes Received By Job
	Partitionable Resources :    Usage  Request Allocated 
	   Cpus                 :                 1         1 
	   Disk (KB)            :       24        2    347328 
	   Memory (MB)          :       16     2000      2000 
...
