000 (1355195.000.000) 02/17 07:37:54 Job submitted from host: <137.138.44.55:9618?addrs=137.138.44.55-9618+[2001-1458-d00-1a--48]-9618&alias=bigbird17.cern.ch&noUDP&sock=schedd_1694_8585_188>
...
040 (1355195.000.000) 02/17 07:38:23 Started transferring input files
	Transferring to host: <128.142.86.182:9618?addrs=128.142.86.182-9618+[2001-1458-301-f6--100-23f]-9618&noUDP&sock=7155_183c_10686>
...
040 (1355195.000.000) 02/17 07:38:23 Finished transferring input files
...
001 (1355195.000.000) 02/17 07:38:24 Job executing on host: <128.142.86.182:9618?addrs=128.142.86.182-9618+[2001-1458-301-f6--100-23f]-9618&noUDP&sock=5277_295b_3>
...
006 (1355195.000.000) 02/17 07:38:32 Image size of job updated: 240996
	177  -  MemoryUsage of job (MB)
	180524  -  ResidentSetSize of job (KB)
...
006 (1355195.000.000) 02/17 07:40:52 Image size of job updated: 366524
	177  -  MemoryUsage of job (MB)
	180524  -  ResidentSetSize of job (KB)
...
040 (1355195.000.000) 02/17 07:40:52 Started transferring output files
...
040 (1355195.000.000) 02/17 07:40:52 Finished transferring output files
...
005 (1355195.000.000) 02/17 07:40:52 Job terminated.
	(1) Normal termination (return value 0)
		Usr 0 00:01:32, Sys 0 00:00:03  -  Run Remote Usage
		Usr 0 00:00:00, Sys 0 00:00:00  -  Run Local Usage
		Usr 0 00:01:32, Sys 0 00:00:03  -  Total Remote Usage
		Usr 0 00:00:00, Sys 0 00:00:00  -  Total Local Usage
	13050  -  Run Bytes Sent By Job
	1559  -  Run Bytes Received By Job
	13050  -  Total Bytes Sent By Job
	1559  -  Total Bytes Received By Job
	Partitionable Resources :    Usage  Request Allocated 
	   Cpus                 :     0.69        1         1 
	   Disk (KB)            :    36           2    226560 
	   Memory (MB)          :   177        2000      2000 
...
