000 (1354562.000.000) 02/17 07:02:45 Job submitted from host: <137.138.44.55:9618?addrs=137.138.44.55-9618+[2001-1458-d00-1a--48]-9618&alias=bigbird17.cern.ch&noUDP&sock=schedd_1694_8585_188>
...
040 (1354562.000.000) 02/17 07:06:44 Started transferring input files
	Transferring to host: <128.142.149.53:9618?addrs=128.142.149.53-9618+[2001-1458-301-b--100-4d0]-9618&alias=b7g41n1199.cern.ch&noUDP&sock=slot1_8_15656_d176_10993>
...
040 (1354562.000.000) 02/17 07:06:44 Finished transferring input files
...
001 (1354562.000.000) 02/17 07:06:45 Job executing on host: <128.142.149.53:9618?addrs=128.142.149.53-9618+[2001-1458-301-b--100-4d0]-9618&alias=b7g41n1199.cern.ch&noUDP&sock=startd_6563_4026>
...
006 (1354562.000.000) 02/17 07:06:53 Image size of job updated: 305868
	240  -  MemoryUsage of job (MB)
	245084  -  ResidentSetSize of job (KB)
...
006 (1354562.000.000) 02/17 07:07:01 Image size of job updated: 1073572
	240  -  MemoryUsage of job (MB)
	245084  -  ResidentSetSize of job (KB)
...
040 (1354562.000.000) 02/17 07:07:01 Started transferring output files
...
040 (1354562.000.000) 02/17 07:07:01 Finished transferring output files
...
005 (1354562.000.000) 02/17 07:07:02 Job terminated.
	(1) Normal termination (return value 139)
		Usr 0 00:00:10, Sys 0 00:00:02  -  Run Remote Usage
		Usr 0 00:00:00, Sys 0 00:00:00  -  Run Local Usage
		Usr 0 00:00:10, Sys 0 00:00:02  -  Total Remote Usage
		Usr 0 00:00:00, Sys 0 00:00:00  -  Total Local Usage
	9956  -  Run Bytes Sent By Job
	1555  -  Run Bytes Received By Job
	9956  -  Total Bytes Sent By Job
	1555  -  Total Bytes Received By Job
	Partitionable Resources :    Usage  Request Allocated 
	   Cpus                 :                 1         1 
	   Disk (KB)            :       25        2    349046 
	   Memory (MB)          :      240     2000      2000 
...
