000 (1355093.000.000) 02/17 07:32:36 Job submitted from host: <137.138.44.55:9618?addrs=137.138.44.55-9618+[2001-1458-d00-1a--48]-9618&alias=bigbird17.cern.ch&noUDP&sock=schedd_1694_8585_188>
...
040 (1355093.000.000) 02/17 07:36:20 Started transferring input files
	Transferring to host: <188.184.138.57:9618?addrs=188.184.138.57-9618+[2001-1458-301-45--100-2f]-9618&noUDP&sock=16706_a360_155556>
...
040 (1355093.000.000) 02/17 07:36:20 Finished transferring input files
...
001 (1355093.000.000) 02/17 07:36:21 Job executing on host: <188.184.138.57:9618?addrs=188.184.138.57-9618+[2001-1458-301-45--100-2f]-9618&noUDP&sock=3254_8d44_3>
...
006 (1355093.000.000) 02/17 07:36:30 Image size of job updated: 193556
	94  -  MemoryUsage of job (MB)
	96012  -  ResidentSetSize of job (KB)
...
006 (1355093.000.000) 02/17 07:38:50 Image size of job updated: 798384
	94  -  MemoryUsage of job (MB)
	96012  -  ResidentSetSize of job (KB)
...
040 (1355093.000.000) 02/17 07:38:50 Started transferring output files
...
040 (1355093.000.000) 02/17 07:38:50 Finished transferring output files
...
005 (1355093.000.000) 02/17 07:38:50 Job terminated.
	(1) Normal termination (return value 0)
		Usr 0 00:01:44, Sys 0 00:00:02  -  Run Remote Usage
		Usr 0 00:00:00, Sys 0 00:00:00  -  Run Local Usage
		Usr 0 00:01:44, Sys 0 00:00:02  -  Total Remote Usage
		Usr 0 00:00:00, Sys 0 00:00:00  -  Total Local Usage
	13014  -  Run Bytes Sent By Job
	1523  -  Run Bytes Received By Job
	13014  -  Total Bytes Sent By Job
	1523  -  Total Bytes Received By Job
	Partitionable Resources :    Usage  Request Allocated 
	   Cpus                 :     0.02        1         1 
	   Disk (KB)            :    35           2    281795 
	   Memory (MB)          :    94        2000      2000 
...
