000 (1355349.000.000) 02/17 07:44:52 Job submitted from host: <137.138.44.55:9618?addrs=137.138.44.55-9618+[2001-1458-d00-1a--48]-9618&alias=bigbird17.cern.ch&noUDP&sock=schedd_1694_8585_188>
...
040 (1355349.000.000) 02/17 07:46:24 Started transferring input files
	Transferring to host: <128.142.68.87:9618?addrs=128.142.68.87-9618&noUDP&sock=3274_943e_103373>
...
040 (1355349.000.000) 02/17 07:46:24 Finished transferring input files
...
001 (1355349.000.000) 02/17 07:46:25 Job executing on host: <128.142.68.87:9618?addrs=128.142.68.87-9618&noUDP&sock=2204_56d2_3>
...
006 (1355349.000.000) 02/17 07:46:34 Image size of job updated: 176532
	79  -  MemoryUsage of job (MB)
	80632  -  ResidentSetSize of job (KB)
...
006 (1355349.000.000) 02/17 07:46:44 Image size of job updated: 245916
	79  -  MemoryUsage of job (MB)
	80632  -  ResidentSetSize of job (KB)
...
040 (1355349.000.000) 02/17 07:46:44 Started transferring output files
...
040 (1355349.000.000) 02/17 07:46:44 Finished transferring output files
...
005 (1355349.000.000) 02/17 07:46:44 Job terminated.
	(1) Normal termination (return value 0)
		Usr 0 00:00:07, Sys 0 00:00:01  -  Run Remote Usage
		Usr 0 00:00:00, Sys 0 00:00:00  -  Run Local Usage
		Usr 0 00:00:07, Sys 0 00:00:01  -  Total Remote Usage
		Usr 0 00:00:00, Sys 0 00:00:00  -  Total Local Usage
	8144  -  Run Bytes Sent By Job
	1489  -  Run Bytes Received By Job
	8144  -  Total Bytes Sent By Job
	1489  -  Total Bytes Received By Job
	Partitionable Resources :    Usage  Request Allocated 
	   Cpus                 :        0        1         1 
	   Disk (KB)            :       30        2    270697 
	   Memory (MB)          :       79     2000      2000 
...
