000 (1355246.000.000) 02/17 07:40:35 Job submitted from host: <137.138.44.55:9618?addrs=137.138.44.55-9618+[2001-1458-d00-1a--48]-9618&alias=bigbird17.cern.ch&noUDP&sock=schedd_1694_8585_188>
...
040 (1355246.000.000) 02/17 07:40:37 Started transferring input files
	Transferring to host: <128.142.104.247:9618?addrs=128.142.104.247-9618+[2001-1458-301-8b--100-f0]-9618&noUDP&sock=4394_b86c_10377>
...
040 (1355246.000.000) 02/17 07:40:37 Finished transferring input files
...
001 (1355246.000.000) 02/17 07:40:38 Job executing on host: <128.142.104.247:9618?addrs=128.142.104.247-9618+[2001-1458-301-8b--100-f0]-9618&noUDP&sock=3366_5fdf_3>
...
006 (1355246.000.000) 02/17 07:40:47 Image size of job updated: 229228
	165  -  MemoryUsage of job (MB)
	168756  -  ResidentSetSize of job (KB)
...
006 (1355246.000.000) 02/17 07:40:58 Image size of job updated: 244364
	165  -  MemoryUsage of job (MB)
	168756  -  ResidentSetSize of job (KB)
...
040 (1355246.000.000) 02/17 07:40:58 Started transferring output files
...
040 (1355246.000.000) 02/17 07:40:58 Finished transferring output files
...
005 (1355246.000.000) 02/17 07:40:58 Job terminated.
	(1) Normal termination (return value 0)
		Usr 0 00:00:09, Sys 0 00:00:01  -  Run Remote Usage
		Usr 0 00:00:00, Sys 0 00:00:00  -  Run Local Usage
		Usr 0 00:00:09, Sys 0 00:00:01  -  Total Remote Usage
		Usr 0 00:00:00, Sys 0 00:00:00  -  Total Local Usage
	8183  -  Run Bytes Sent By Job
	1528  -  Run Bytes Received By Job
	8183  -  Total Bytes Sent By Job
	1528  -  Total Bytes Received By Job
	Partitionable Resources :    Usage  Request Allocated 
	   Cpus                 :        0        1         1 
	   Disk (KB)            :       31        2    186506 
	   Memory (MB)          :      165     2000      2000 
...
