000 (1355333.000.000) 02/17 07:44:28 Job submitted from host: <137.138.44.55:9618?addrs=137.138.44.55-9618+[2001-1458-d00-1a--48]-9618&alias=bigbird17.cern.ch&noUDP&sock=schedd_1694_8585_188>
...
040 (1355333.000.000) 02/17 07:46:21 Started transferring input files
	Transferring to host: <128.142.77.24:9618?addrs=128.142.77.24-9618+[2001-1458-301-f4--100-344]-9618&alias=b7s12n6039.cern.ch&noUDP&sock=slot1_4_24293_5db5_9566>
...
040 (1355333.000.000) 02/17 07:46:21 Finished transferring input files
...
001 (1355333.000.000) 02/17 07:46:22 Job executing on host: <128.142.77.24:9618?addrs=128.142.77.24-9618+[2001-1458-301-f4--100-344]-9618&alias=b7s12n6039.cern.ch&noUDP&sock=startd_16684_6a2d>
...
006 (1355333.000.000) 02/17 07:46:31 Image size of job updated: 482096
	43  -  MemoryUsage of job (MB)
	43292  -  ResidentSetSize of job (KB)
...
006 (1355333.000.000) 02/17 07:46:45 Image size of job updated: 654912
	43  -  MemoryUsage of job (MB)
	43292  -  ResidentSetSize of job (KB)
...
040 (1355333.000.000) 02/17 07:46:46 Started transferring output files
...
040 (1355333.000.000) 02/17 07:46:46 Finished transferring output files
...
005 (1355333.000.000) 02/17 07:46:46 Job terminated.
	(1) Normal termination (return value 0)
		Usr 0 00:00:08, Sys 0 00:00:01  -  Run Remote Usage
		Usr 0 00:00:00, Sys 0 00:00:00  -  Run Local Usage
		Usr 0 00:00:08, Sys 0 00:00:01  -  Total Remote Usage
		Usr 0 00:00:00, Sys 0 00:00:00  -  Total Local Usage
	8144  -  Run Bytes Sent By Job
	1489  -  Run Bytes Received By Job
	8144  -  Total Bytes Sent By Job
	1489  -  Total Bytes Received By Job
	Partitionable Resources :    Usage  Request Allocated 
	   Cpus                 :                 1         1 
	   Disk (KB)            :       23        2    279040 
	   Memory (MB)          :       43     2000      2000 
...
