000 (1355338.000.000) 02/17 07:44:35 Job submitted from host: <137.138.44.55:9618?addrs=137.138.44.55-9618+[2001-1458-d00-1a--48]-9618&alias=bigbird17.cern.ch&noUDP&sock=schedd_1694_8585_188>
...
040 (1355338.000.000) 02/17 07:46:59 Started transferring input files
	Transferring to host: <188.184.169.67:9618?addrs=188.184.169.67-9618+[2001-1458-301-c0--100-36e]-9618&alias=b7g52n2421.cern.ch&noUDP&sock=slot1_8_16499_c9b8_3137>
...
040 (1355338.000.000) 02/17 07:46:59 Finished transferring input files
...
001 (1355338.000.000) 02/17 07:47:00 Job executing on host: <188.184.169.67:9618?addrs=188.184.169.67-9618+[2001-1458-301-c0--100-36e]-9618&alias=b7g52n2421.cern.ch&noUDP&sock=startd_16478_1dab>
...
006 (1355338.000.000) 02/17 07:47:08 Image size of job updated: 654880
	177  -  MemoryUsage of job (MB)
	180532  -  ResidentSetSize of job (KB)
...
040 (1355338.000.000) 02/17 07:47:11 Started transferring output files
...
040 (1355338.000.000) 02/17 07:47:12 Finished transferring output files
...
005 (1355338.000.000) 02/17 07:47:12 Job terminated.
	(1) Normal termination (return value 0)
		Usr 0 00:00:06, Sys 0 00:00:01  -  Run Remote Usage
		Usr 0 00:00:00, Sys 0 00:00:00  -  Run Local Usage
		Usr 0 00:00:06, Sys 0 00:00:01  -  Total Remote Usage
		Usr 0 00:00:00, Sys 0 00:00:00  -  Total Local Usage
	8144  -  Run Bytes Sent By Job
	1489  -  Run Bytes Received By Job
	8144  -  Total Bytes Sent By Job
	1489  -  Total Bytes Received By Job
	Partitionable Resources :    Usage  Request Allocated 
	   Cpus                 :                 1         1 
	   Disk (KB)            :       23        2    265329 
	   Memory (MB)          :      177     2000      2000 
...
