000 (1354945.000.000) 02/17 07:26:15 Job submitted from host: <137.138.44.55:9618?addrs=137.138.44.55-9618+[2001-1458-d00-1a--48]-9618&alias=bigbird17.cern.ch&noUDP&sock=schedd_1694_8585_188>
...
040 (1354945.000.000) 02/17 07:26:30 Started transferring input files
	Transferring to host: <188.184.138.176:9618?addrs=188.184.138.176-9618+[2001-1458-301-45--100-a9]-9618&noUDP&sock=1163_3048_171372>
...
040 (1354945.000.000) 02/17 07:26:30 Finished transferring input files
...
001 (1354945.000.000) 02/17 07:26:31 Job executing on host: <188.184.138.176:9618?addrs=188.184.138.176-9618+[2001-1458-301-45--100-a9]-9618&noUDP&sock=5714_e83e_3>
...
006 (1354945.000.000) 02/17 07:26:40 Image size of job updated: 3304
	3  -  MemoryUsage of job (MB)
	2624  -  ResidentSetSize of job (KB)
...
006 (1354945.000.000) 02/17 07:27:07 Image size of job updated: 237264
	3  -  MemoryUsage of job (MB)
	2624  -  ResidentSetSize of job (KB)
...
040 (1354945.000.000) 02/17 07:27:07 Started transferring output files
...
040 (1354945.000.000) 02/17 07:27:07 Finished transferring output files
...
005 (1354945.000.000) 02/17 07:27:07 Job terminated.
	(1) Normal termination (return value 0)
		Usr 0 00:00:04, Sys 0 00:00:01  -  Run Remote Usage
		Usr 0 00:00:00, Sys 0 00:00:00  -  Run Local Usage
		Usr 0 00:00:04, Sys 0 00:00:01  -  Total Remote Usage
		Usr 0 00:00:00, Sys 0 00:00:00  -  Total Local Usage
	12877  -  Run Bytes Sent By Job
	1460  -  Run Bytes Received By Job
	12877  -  Total Bytes Sent By Job
	1460  -  Total Bytes Received By Job
	Partitionable Resources :    Usage  Request Allocated 
	   Cpus                 :        0        1         1 
	   Disk (KB)            :       35        2    281767 
	   Memory (MB)          :        3     2000      2000 
...
