000 (1354790.000.000) 02/17 07:19:16 Job submitted from host: <137.138.44.55:9618?addrs=137.138.44.55-9618+[2001-1458-d00-1a--48]-9618&alias=bigbird17.cern.ch&noUDP&sock=schedd_1694_8585_188>
...
040 (1354790.000.000) 02/17 07:20:44 Started transferring input files
	Transferring to host: <188.184.206.80:9618?addrs=188.184.206.80-9618+[2001-1458-301-7d--100-265]-9618&noUDP&sock=2946_7931_164219>
...
040 (1354790.000.000) 02/17 07:20:44 Finished transferring input files
...
001 (1354790.000.000) 02/17 07:20:45 Job executing on host: <188.184.206.80:9618?addrs=188.184.206.80-9618+[2001-1458-301-7d--100-265]-9618&noUDP&sock=2261_6fb8_3>
...
006 (1354790.000.000) 02/17 07:20:54 Image size of job updated: 144284
	51  -  MemoryUsage of job (MB)
	51428  -  ResidentSetSize of job (KB)
...
006 (1354790.000.000) 02/17 07:21:15 Image size of job updated: 600212
	51  -  MemoryUsage of job (MB)
	51516  -  ResidentSetSize of job (KB)
...
040 (1354790.000.000) 02/17 07:21:16 Started transferring output files
...
040 (1354790.000.000) 02/17 07:21:16 Finished transferring output files
...
005 (1354790.000.000) 02/17 07:21:16 Job terminated.
	(1) Normal termination (return value 139)
		Usr 0 00:00:11, Sys 0 00:00:03  -  Run Remote Usage
		Usr 0 00:00:00, Sys 0 00:00:00  -  Run Local Usage
		Usr 0 00:00:11, Sys 0 00:00:03  -  Total Remote Usage
		Usr 0 00:00:00, Sys 0 00:00:00  -  Total Local Usage
	9964  -  Run Bytes Sent By Job
	1594  -  Run Bytes Received By Job
	9964  -  Total Bytes Sent By Job
	1594  -  Total Bytes Received By Job
	Partitionable Resources :    Usage  Request Allocated 
	   Cpus                 :     0.01        1         1 
	   Disk (KB)            :    33           2    203561 
	   Memory (MB)          :    51        2000      2000 
...
