000 (1355039.000.000) 02/17 07:30:41 Job submitted from host: <137.138.44.55:9618?addrs=137.138.44.55-9618+[2001-1458-d00-1a--48]-9618&alias=bigbird17.cern.ch&noUDP&sock=schedd_1694_8585_188>
...
040 (1355039.000.000) 02/17 07:30:58 Started transferring input files
	Transferring to host: <128.142.73.179:9618?addrs=128.142.73.179-9618+[2001-1458-301-75--100-72]-9618&noUDP&sock=16834_d366_29628>
...
040 (1355039.000.000) 02/17 07:30:58 Finished transferring input files
...
001 (1355039.000.000) 02/17 07:30:59 Job executing on host: <128.142.73.179:9618?addrs=128.142.73.179-9618+[2001-1458-301-75--100-72]-9618&noUDP&sock=16678_4c9c_3>
...
006 (1355039.000.000) 02/17 07:31:08 Image size of job updated: 65588
	17  -  MemoryUsage of job (MB)
	16816  -  ResidentSetSize of job (KB)
...
006 (1355039.000.000) 02/17 07:31:19 Image size of job updated: 677676
	17  -  MemoryUsage of job (MB)
	16816  -  ResidentSetSize of job (KB)
...
040 (1355039.000.000) 02/17 07:31:19 Started transferring output files
...
040 (1355039.000.000) 02/17 07:31:19 Finished transferring output files
...
005 (1355039.000.000) 02/17 07:31:20 Job terminated.
	(1) Normal termination (return value 0)
		Usr 0 00:00:03, Sys 0 00:00:01  -  Run Remote Usage
		Usr 0 00:00:00, Sys 0 00:00:00  -  Run Local Usage
		Usr 0 00:00:03, Sys 0 00:00:01  -  Total Remote Usage
		Usr 0 00:00:00, Sys 0 00:00:00  -  Total Local Usage
	12912  -  Run Bytes Sent By Job
	1495  -  Run Bytes Received By Job
	12912  -  Total Bytes Sent By Job
	1495  -  Total Bytes Received By Job
	Partitionable Resources :    Usage  Request Allocated 
	   Cpus                 :        0        1         1 
	   Disk (KB)            :       35        2    255564 
	   Memory (MB)          :       17     2000      2000 
...
