000 (1354899.000.000) 02/17 07:24:00 Job submitted from host: <137.138.44.55:9618?addrs=137.138.44.55-9618+[2001-1458-d00-1a--48]-9618&alias=bigbird17.cern.ch&noUDP&sock=schedd_1694_8585_188>
...
040 (1354899.000.000) 02/17 07:24:40 Started transferring input files
	Transferring to host: <128.142.124.227:9618?addrs=128.142.124.227-9618+[2001-1458-301-c3--100-170]-9618&noUDP&sock=19455_8eb0_6384>
...
040 (1354899.000.000) 02/17 07:24:40 Finished transferring input files
...
001 (1354899.000.000) 02/17 07:24:41 Job executing on host: <128.142.124.227:9618?addrs=128.142.124.227-9618+[2001-1458-301-c3--100-170]-9618&noUDP&sock=19418_b61b_3>
...
006 (1354899.000.000) 02/17 07:24:50 Image size of job updated: 239512
	175  -  MemoryUsage of job (MB)
	179044  -  ResidentSetSize of job (KB)
...
006 (1354899.000.000) 02/17 07:27:53 Image size of job updated: 364440
	175  -  MemoryUsage of job (MB)
	179044  -  ResidentSetSize of job (KB)
...
040 (1354899.000.000) 02/17 07:27:53 Started transferring output files
...
040 (1354899.000.000) 02/17 07:27:53 Finished transferring output files
...
005 (1354899.000.000) 02/17 07:27:53 Job terminated.
	(1) Normal termination (return value 0)
		Usr 0 00:02:00, Sys 0 00:00:02  -  Run Remote Usage
		Usr 0 00:00:00, Sys 0 00:00:00  -  Run Local Usage
		Usr 0 00:02:00, Sys 0 00:00:02  -  Total Remote Usage
		Usr 0 00:00:00, Sys 0 00:00:00  -  Total Local Usage
	12714  -  Run Bytes Sent By Job
	1372  -  Run Bytes Received By Job
	12714  -  Total Bytes Sent By Job
	1372  -  Total Bytes Received By Job
	Partitionable Resources :    Usage  Request Allocated 
	   Cpus                 :        0        1         1 
	   Disk (KB)            :       35        2    199928 
	   Memory (MB)          :      175     2000      2000 
...
