000 (1354728.000.000) 02/17 07:15:40 Job submitted from host: <137.138.44.55:9618?addrs=137.138.44.55-9618+[2001-1458-d00-1a--48]-9618&alias=bigbird17.cern.ch&noUDP&sock=schedd_1694_8585_188>
...
040 (1354728.000.000) 02/17 07:16:09 Started transferring input files
	Transferring to host: <128.142.72.175:9618?addrs=128.142.72.175-9618+[2001-1458-301-75--100-5c6]-9618&alias=b7s11n0462.cern.ch&noUDP&sock=slot1_14_7560_742d_25930>
...
040 (1354728.000.000) 02/17 07:16:09 Finished transferring input files
...
001 (1354728.000.000) 02/17 07:16:10 Job executing on host: <128.142.72.175:9618?addrs=128.142.72.175-9618+[2001-1458-301-75--100-5c6]-9618&alias=b7s11n0462.cern.ch&noUDP&sock=startd_16771_16eb>
...
006 (1354728.000.000) 02/17 07:16:18 Image size of job updated: 239632
	173  -  MemoryUsage of job (MB)
	176616  -  ResidentSetSize of job (KB)
...
006 (1354728.000.000) 02/17 07:16:30 Image size of job updated: 1127112
	173  -  MemoryUsage of job (MB)
	176616  -  ResidentSetSize of job (KB)
...
040 (1354728.000.000) 02/17 07:16:30 Started transferring output files
...
040 (1354728.000.000) 02/17 07:16:30 Finished transferring output files
...
005 (1354728.000.000) 02/17 07:16:30 Job terminated.
	(1) Normal termination (return value 139)
		Usr 0 00:00:10, Sys 0 00:00:03  -  Run Remote Usage
		Usr 0 00:00:00, Sys 0 00:00:00  -  Run Local Usage
		Usr 0 00:00:10, Sys 0 00:00:03  -  Total Remote Usage
		Usr 0 00:00:00, Sys 0 00:00:00  -  Total Local Usage
	9964  -  Run Bytes Sent By Job
	1594  -  Run Bytes Received By Job
	9964  -  Total Bytes Sent By Job
	1594  -  Total Bytes Received By Job
	Partitionable Resources :    Usage  Request Allocated 
	   Cpus                 :                 1         1 
	   Disk (KB)            :       25        2    253696 
	   Memory (MB)          :      173     2000      2000 
...
