000 (1354457.000.000) 02/17 06:55:35 Job submitted from host: <137.138.44.55:9618?addrs=137.138.44.55-9618+[2001-1458-d00-1a--48]-9618&alias=bigbird17.cern.ch&noUDP&sock=schedd_1694_8585_188>
...
040 (1354457.000.000) 02/17 07:04:31 Started transferring input files
	Transferring to host: <128.142.80.201:9618?addrs=128.142.80.201-9618+[2001-1458-301-f5--100-17f]-9618&alias=b7s13n2588.cern.ch&noUDP&sock=slot1_1_31026_5fa7_4210>
...
040 (1354457.000.000) 02/17 07:04:31 Finished transferring input files
...
001 (1354457.000.000) 02/17 07:04:32 Job executing on host: <128.142.80.201:9618?addrs=128.142.80.201-9618+[2001-1458-301-f5--100-17f]-9618&alias=b7s13n2588.cern.ch&noUDP&sock=startd_16449_396c>
...
006 (1354457.000.000) 02/17 07:04:40 Image size of job updated: 695692
	289  -  MemoryUsage of job (MB)
	295116  -  ResidentSetSize of job (KB)
...
006 (1354457.000.000) 02/17 07:04:47 Image size of job updated: 695692
	289  -  MemoryUsage of job (MB)
	295180  -  ResidentSetSize of job (KB)
...
040 (1354457.000.000) 02/17 07:04:47 Started transferring output files
...
040 (1354457.000.000) 02/17 07:04:47 Finished transferring output files
...
005 (1354457.000.000) 02/17 07:04:47 Job terminated.
	(1) Normal termination (return value 139)
		Usr 0 00:00:09, Sys 0 00:00:02  -  Run Remote Usage
		Usr 0 00:00:00, Sys 0 00:00:00  -  Run Local Usage
		Usr 0 00:00:09, Sys 0 00:00:02  -  Total Remote Usage
		Usr 0 00:00:00, Sys 0 00:00:00  -  Total Local Usage
	9955  -  Run Bytes Sent By Job
	1554  -  Run Bytes Received By Job
	9955  -  Total Bytes Sent By Job
	1554  -  Total Bytes Received By Job
	Partitionable Resources :    Usage  Request Allocated 
	   Cpus                 :                 1         1 
	   Disk (KB)            :       25        2    255125 
	   Memory (MB)          :      289     2000      2000 
...
