000 (1354991.000.000) 02/17 07:27:47 Job submitted from host: <137.138.44.55:9618?addrs=137.138.44.55-9618+[2001-1458-d00-1a--48]-9618&alias=bigbird17.cern.ch&noUDP&sock=schedd_1694_8585_188>
...
040 (1354991.000.000) 02/17 07:28:03 Started transferring input files
	Transferring to host: <188.184.198.189:9618?addrs=188.184.198.189-9618+[2001-1458-301-c1--100-33b]-9618&alias=b7g52n1325.cern.ch&noUDP&sock=slot1_2_20784_f546_24934>
...
040 (1354991.000.000) 02/17 07:28:03 Finished transferring input files
...
001 (1354991.000.000) 02/17 07:28:04 Job executing on host: <188.184.198.189:9618?addrs=188.184.198.189-9618+[2001-1458-301-c1--100-33b]-9618&alias=b7g52n1325.cern.ch&noUDP&sock=startd_18215_8dac>
...
006 (1354991.000.000) 02/17 07:28:11 Image size of job updated: 81996
	0  -  MemoryUsage of job (MB)
	0  -  ResidentSetSize of job (KB)
...
040 (1354991.000.000) 02/17 07:28:11 Started transferring output files
...
040 (1354991.000.000) 02/17 07:28:11 Finished transferring output files
...
005 (1354991.000.000) 02/17 07:28:12 Job terminated.
	(1) Normal termination (return value 0)
		Usr 0 00:00:03, Sys 0 00:00:01  -  Run Remote Usage
		Usr 0 00:00:00, Sys 0 00:00:00  -  Run Local Usage
		Usr 0 00:00:03, Sys 0 00:00:01  -  Total Remote Usage
		Usr 0 00:00:00, Sys 0 00:00:00  -  Total Local Usage
	12916  -  Run Bytes Sent By Job
	1500  -  Run Bytes Received By Job
	12916  -  Total Bytes Sent By Job
	1500  -  Total Bytes Received By Job
	Partitionable Resources :    Usage  Request Allocated 
	   Cpus                 :                 1         1 
	   Disk (KB)            :       28        2    172959 
	   Memory (MB)          :        0     2000      2000 
...
