000 (1354640.000.000) 02/17 07:08:40 Job submitted from host: <137.138.44.55:9618?addrs=137.138.44.55-9618+[2001-1458-d00-1a--48]-9618&alias=bigbird17.cern.ch&noUDP&sock=schedd_1694_8585_188>
...
040 (1354640.000.000) 02/17 07:09:17 Started transferring input files
	Transferring to host: <128.142.72.238:9618?addrs=128.142.72.238-9618+[2001-1458-301-75--100-470]-9618&noUDP&sock=16797_c184_29371>
...
040 (1354640.000.000) 02/17 07:09:17 Finished transferring input files
...
001 (1354640.000.000) 02/17 07:09:18 Job executing on host: <128.142.72.238:9618?addrs=128.142.72.238-9618+[2001-1458-301-75--100-470]-9618&noUDP&sock=16641_eb9b_3>
...
006 (1354640.000.000) 02/17 07:09:26 Image size of job updated: 65156
	17  -  MemoryUsage of job (MB)
	16604  -  ResidentSetSize of job (KB)
...
006 (1354640.000.000) 02/17 07:11:55 Image size of job updated: 400032
	17  -  MemoryUsage of job (MB)
	16604  -  ResidentSetSize of job (KB)
...
040 (1354640.000.000) 02/17 07:11:55 Started transferring output files
...
040 (1354640.000.000) 02/17 07:11:55 Finished transferring output files
...
005 (1354640.000.000) 02/17 07:11:55 Job terminated.
	(1) Normal termination (return value 0)
		Usr 0 00:01:47, Sys 0 00:00:02  -  Run Remote Usage
		Usr 0 00:00:00, Sys 0 00:00:00  -  Run Local Usage
		Usr 0 00:01:47, Sys 0 00:00:02  -  Total Remote Usage
		Usr 0 00:00:00, Sys 0 00:00:00  -  Total Local Usage
	7962  -  Run Bytes Sent By Job
	1560  -  Run Bytes Received By Job
	7962  -  Total Bytes Sent By Job
	1560  -  Total Bytes Received By Job
	Partitionable Resources :    Usage  Request Allocated 
	   Cpus                 :     0.81        1         1 
	   Disk (KB)            :    31           2    201652 
	   Memory (MB)          :    17        2000      2000 
...
