000 (1354878.000.000) 02/17 07:22:50 Job submitted from host: <137.138.44.55:9618?addrs=137.138.44.55-9618+[2001-1458-d00-1a--48]-9618&alias=bigbird17.cern.ch&noUDP&sock=schedd_1694_8585_188>
...
040 (1354878.000.000) 02/17 07:24:29 Started transferring input files
	Transferring to host: <128.142.125.58:9618?addrs=128.142.125.58-9618+[2001-1458-301-c3--100-16a]-9618&alias=b7s08n3633.cern.ch&noUDP&sock=slot1_4_11222_aa01_2956>
...
040 (1354878.000.000) 02/17 07:24:30 Finished transferring input files
...
001 (1354878.000.000) 02/17 07:24:35 Job executing on host: <128.142.125.58:9618?addrs=128.142.125.58-9618+[2001-1458-301-c3--100-16a]-9618&alias=b7s08n3633.cern.ch&noUDP&sock=startd_2175_7293>
...
006 (1354878.000.000) 02/17 07:24:44 Image size of job updated: 126244
	1  -  MemoryUsage of job (MB)
	732  -  ResidentSetSize of job (KB)
...
006 (1354878.000.000) 02/17 07:29:45 Image size of job updated: 892884
	176  -  MemoryUsage of job (MB)
	179704  -  ResidentSetSize of job (KB)
...
006 (1354878.000.000) 02/17 07:30:33 Image size of job updated: 1213852
	176  -  MemoryUsage of job (MB)
	179704  -  ResidentSetSize of job (KB)
...
040 (1354878.000.000) 02/17 07:30:33 Started transferring output files
...
040 (1354878.000.000) 02/17 07:30:33 Finished transferring output files
...
005 (1354878.000.000) 02/17 07:30:33 Job terminated.
	(1) Normal termination (return value 139)
		Usr 0 00:00:08, Sys 0 00:00:03  -  Run Remote Usage
		Usr 0 00:00:00, Sys 0 00:00:00  -  Run Local Usage
		Usr 0 00:00:08, Sys 0 00:00:03  -  Total Remote Usage
		Usr 0 00:00:00, Sys 0 00:00:00  -  Total Local Usage
	9964  -  Run Bytes Sent By Job
	1595  -  Run Bytes Received By Job
	9964  -  Total Bytes Sent By Job
	1595  -  Total Bytes Received By Job
	Partitionable Resources :    Usage  Request Allocated 
	   Cpus                 :                 1         1 
	   Disk (KB)            :       24        2    173938 
	   Memory (MB)          :      176     2000      2000 
...
