000 (1355098.000.000) 02/17 07:32:51 Job submitted from host: <137.138.44.55:9618?addrs=137.138.44.55-9618+[2001-1458-d00-1a--48]-9618&alias=bigbird17.cern.ch&noUDP&sock=schedd_1694_8585_188>
...
040 (1355098.000.000) 02/17 07:36:37 Started transferring input files
	Transferring to host: <188.184.190.97:9618?addrs=188.184.190.97-9618+[2001-1458-301-4b--100-7c]-9618&noUDP&sock=7604_74ae_164079>
...
040 (1355098.000.000) 02/17 07:36:37 Finished transferring input files
...
001 (1355098.000.000) 02/17 07:36:38 Job executing on host: <188.184.190.97:9618?addrs=188.184.190.97-9618+[2001-1458-301-4b--100-7c]-9618&noUDP&sock=5616_aff6_3>
...
006 (1355098.000.000) 02/17 07:36:46 Image size of job updated: 143888
	50  -  MemoryUsage of job (MB)
	51056  -  ResidentSetSize of job (KB)
...
006 (1355098.000.000) 02/17 07:39:57 Image size of job updated: 359860
	50  -  MemoryUsage of job (MB)
	51056  -  ResidentSetSize of job (KB)
...
040 (1355098.000.000) 02/17 07:39:57 Started transferring output files
...
040 (1355098.000.000) 02/17 07:39:57 Finished transferring output files
...
005 (1355098.000.000) 02/17 07:39:58 Job terminated.
	(1) Normal termination (return value 0)
		Usr 0 00:02:01, Sys 0 00:00:02  -  Run Remote Usage
		Usr 0 00:00:00, Sys 0 00:00:00  -  Run Local Usage
		Usr 0 00:02:01, Sys 0 00:00:02  -  Total Remote Usage
		Usr 0 00:00:00, Sys 0 00:00:00  -  Total Local Usage
	13015  -  Run Bytes Sent By Job
	1524  -  Run Bytes Received By Job
	13015  -  Total Bytes Sent By Job
	1524  -  Total Bytes Received By Job
	Partitionable Resources :    Usage  Request Allocated 
	   Cpus                 :     0.79        1         1 
	   Disk (KB)            :    36           2    265815 
	   Memory (MB)          :    50        2000      2000 
...
