000 (1355178.000.000) 02/17 07:37:01 Job submitted from host: <137.138.44.55:9618?addrs=137.138.44.55-9618+[2001-1458-d00-1a--48]-9618&alias=bigbird17.cern.ch&noUDP&sock=schedd_1694_8585_188>
...
040 (1355178.000.000) 02/17 07:37:18 Started transferring input files
	Transferring to host: <188.184.133.105:9618?addrs=188.184.133.105-9618+[2001-1458-301-a0--100-185]-9618&alias=b7g28n0426.cern.ch&noUDP&sock=slot1_8_3250_ab3d_4446>
...
040 (1355178.000.000) 02/17 07:37:18 Finished transferring input files
...
001 (1355178.000.000) 02/17 07:37:19 Job executing on host: <188.184.133.105:9618?addrs=188.184.133.105-9618+[2001-1458-301-a0--100-185]-9618&alias=b7g28n0426.cern.ch&noUDP&sock=startd_1970_d5a9>
...
006 (1355178.000.000) 02/17 07:37:27 Image size of job updated: 214004
	151  -  MemoryUsage of job (MB)
	153980  -  ResidentSetSize of job (KB)
...
006 (1355178.000.000) 02/17 07:42:01 Image size of job updated: 777228
	151  -  MemoryUsage of job (MB)
	153980  -  ResidentSetSize of job (KB)
...
040 (1355178.000.000) 02/17 07:42:02 Started transferring output files
...
040 (1355178.000.000) 02/17 07:42:02 Finished transferring output files
...
005 (1355178.000.000) 02/17 07:42:02 Job terminated.
	(1) Normal termination (return value 0)
		Usr 0 00:01:32, Sys 0 00:00:02  -  Run Remote Usage
		Usr 0 00:00:00, Sys 0 00:00:00  -  Run Local Usage
		Usr 0 00:01:32, Sys 0 00:00:02  -  Total Remote Usage
		Usr 0 00:00:00, Sys 0 00:00:00  -  Total Local Usage
	13055  -  Run Bytes Sent By Job
	1565  -  Run Bytes Received By Job
	13055  -  Total Bytes Sent By Job
	1565  -  Total Bytes Received By Job
	Partitionable Resources :    Usage  Request Allocated 
	   Cpus                 :     0.14        1         1 
	   Disk (KB)            :    35           2    106706 
	   Memory (MB)          :   151        2000      2000 
...
