000 (1354554.000.000) 02/17 07:02:04 Job submitted from host: <137.138.44.55:9618?addrs=137.138.44.55-9618+[2001-1458-d00-1a--48]-9618&alias=bigbird17.cern.ch&noUDP&sock=schedd_1694_8585_188>
...
040 (1354554.000.000) 02/17 07:06:31 Started transferring input files
	Transferring to host: <128.142.83.56:9618?addrs=128.142.83.56-9618+[2001-1458-301-f5--100-428]-9618&alias=b7s13n2394.cern.ch&noUDP&sock=slot1_5_18046_ca17_4655>
...
040 (1354554.000.000) 02/17 07:06:31 Finished transferring input files
...
001 (1354554.000.000) 02/17 07:06:32 Job executing on host: <128.142.83.56:9618?addrs=128.142.83.56-9618+[2001-1458-301-f5--100-428]-9618&alias=b7s13n2394.cern.ch&noUDP&sock=startd_16648_b8c4>
...
006 (1354554.000.000) 02/17 07:06:40 Image size of job updated: 475296
	404  -  MemoryUsage of job (MB)
	413580  -  ResidentSetSize of job (KB)
...
006 (1354554.000.000) 02/17 07:06:43 Image size of job updated: 475380
	404  -  MemoryUsage of job (MB)
	413664  -  ResidentSetSize of job (KB)
...
040 (1354554.000.000) 02/17 07:06:43 Started transferring output files
...
040 (1354554.000.000) 02/17 07:06:43 Finished transferring output files
...
005 (1354554.000.000) 02/17 07:06:43 Job terminated.
	(1) Normal termination (return value 139)
		Usr 0 00:00:07, Sys 0 00:00:01  -  Run Remote Usage
		Usr 0 00:00:00, Sys 0 00:00:00  -  Run Local Usage
		Usr 0 00:00:07, Sys 0 00:00:01  -  Total Remote Usage
		Usr 0 00:00:00, Sys 0 00:00:00  -  Total Local Usage
	9956  -  Run Bytes Sent By Job
	1554  -  Run Bytes Received By Job
	9956  -  Total Bytes Sent By Job
	1554  -  Total Bytes Received By Job
	Partitionable Resources :    Usage  Request Allocated 
	   Cpus                 :                 1         1 
	   Disk (KB)            :       25        2    250241 
	   Memory (MB)          :      404     2000      2000 
...
