000 (1354781.000.000) 02/17 07:18:43 Job submitted from host: <137.138.44.55:9618?addrs=137.138.44.55-9618+[2001-1458-d00-1a--48]-9618&alias=bigbird17.cern.ch&noUDP&sock=schedd_1694_8585_188>
...
040 (1354781.000.000) 02/17 07:19:57 Started transferring input files
	Transferring to host: <188.184.168.19:9618?addrs=188.184.168.19-9618+[2001-1458-301-c0--100-1f8]-9618&alias=b7g52n7972.cern.ch&noUDP&sock=slot1_1_25262_1d3c_9578>
...
040 (1354781.000.000) 02/17 07:19:57 Finished transferring input files
...
001 (1354781.000.000) 02/17 07:19:58 Job executing on host: <188.184.168.19:9618?addrs=188.184.168.19-9618+[2001-1458-301-c0--100-1f8]-9618&alias=b7g52n7972.cern.ch&noUDP&sock=startd_18091_7fee>
...
006 (1354781.000.000) 02/17 07:20:07 Image size of job updated: 558252
	125  -  MemoryUsage of job (MB)
	127948  -  ResidentSetSize of job (KB)
...
006 (1354781.000.000) 02/17 07:20:21 Image size of job updated: 873900
	126  -  MemoryUsage of job (MB)
	128312  -  ResidentSetSize of job (KB)
...
040 (1354781.000.000) 02/17 07:20:21 Started transferring output files
...
040 (1354781.000.000) 02/17 07:20:21 Finished transferring output files
...
005 (1354781.000.000) 02/17 07:20:21 Job terminated.
	(1) Normal termination (return value 139)
		Usr 0 00:00:10, Sys 0 00:00:02  -  Run Remote Usage
		Usr 0 00:00:00, Sys 0 00:00:00  -  Run Local Usage
		Usr 0 00:00:10, Sys 0 00:00:02  -  Total Remote Usage
		Usr 0 00:00:00, Sys 0 00:00:00  -  Total Local Usage
	9964  -  Run Bytes Sent By Job
	1594  -  Run Bytes Received By Job
	9964  -  Total Bytes Sent By Job
	1594  -  Total Bytes Received By Job
	Partitionable Resources :    Usage  Request Allocated 
	   Cpus                 :                 1         1 
	   Disk (KB)            :       25        2    233078 
	   Memory (MB)          :      126     2000      2000 
...
