000 (1355224.000.000) 02/17 07:39:21 Job submitted from host: <137.138.44.55:9618?addrs=137.138.44.55-9618+[2001-1458-d00-1a--48]-9618&alias=bigbird17.cern.ch&noUDP&sock=schedd_1694_8585_188>
...
040 (1355224.000.000) 02/17 07:39:21 Started transferring input files
	Transferring to host: <188.184.190.8:9618?addrs=188.184.190.8-9618&noUDP&sock=2946_7931_147167>
...
040 (1355224.000.000) 02/17 07:39:21 Finished transferring input files
...
001 (1355224.000.000) 02/17 07:39:22 Job executing on host: <188.184.190.8:9618?addrs=188.184.190.8-9618&noUDP&sock=2033_0c20_3>
...
006 (1355224.000.000) 02/17 07:39:31 Image size of job updated: 238448
	173  -  MemoryUsage of job (MB)
	176180  -  ResidentSetSize of job (KB)
...
006 (1355224.000.000) 02/17 07:39:36 Image size of job updated: 241004
	173  -  MemoryUsage of job (MB)
	176180  -  ResidentSetSize of job (KB)
...
040 (1355224.000.000) 02/17 07:39:36 Started transferring output files
...
040 (1355224.000.000) 02/17 07:39:36 Finished transferring output files
...
005 (1355224.000.000) 02/17 07:39:36 Job terminated.
	(1) Normal termination (return value 0)
		Usr 0 00:00:06, Sys 0 00:00:01  -  Run Remote Usage
		Usr 0 00:00:00, Sys 0 00:00:00  -  Run Local Usage
		Usr 0 00:00:06, Sys 0 00:00:01  -  Total Remote Usage
		Usr 0 00:00:00, Sys 0 00:00:00  -  Total Local Usage
	8182  -  Run Bytes Sent By Job
	1527  -  Run Bytes Received By Job
	8182  -  Total Bytes Sent By Job
	1527  -  Total Bytes Received By Job
	Partitionable Resources :    Usage  Request Allocated 
	   Cpus                 :        0        1         1 
	   Disk (KB)            :       31        2    268646 
	   Memory (MB)          :      173     2000      2000 
...
