000 (1354975.000.000) 02/17 07:27:26 Job submitted from host: <137.138.44.55:9618?addrs=137.138.44.55-9618+[2001-1458-d00-1a--48]-9618&alias=bigbird17.cern.ch&noUDP&sock=schedd_1694_8585_188>
...
040 (1354975.000.000) 02/17 07:27:33 Started transferring input files
	Transferring to host: <188.184.210.144:9618?addrs=188.184.210.144-9618+[2001-1458-301-10b--100-24e]-9618&alias=b7g23n5769.cern.ch&noUDP&sock=slot1_5_25979_4e3a_4292>
...
040 (1354975.000.000) 02/17 07:27:33 Finished transferring input files
...
001 (1354975.000.000) 02/17 07:27:34 Job executing on host: <188.184.210.144:9618?addrs=188.184.210.144-9618+[2001-1458-301-10b--100-24e]-9618&alias=b7g23n5769.cern.ch&noUDP&sock=startd_17776_6f99>
...
006 (1354975.000.000) 02/17 07:27:43 Image size of job updated: 482128
	170  -  MemoryUsage of job (MB)
	173744  -  ResidentSetSize of job (KB)
...
006 (1354975.000.000) 02/17 07:27:44 Image size of job updated: 482128
	170  -  MemoryUsage of job (MB)
	173836  -  ResidentSetSize of job (KB)
...
040 (1354975.000.000) 02/17 07:27:44 Started transferring output files
...
040 (1354975.000.000) 02/17 07:27:44 Finished transferring output files
...
005 (1354975.000.000) 02/17 07:27:44 Job terminated.
	(1) Normal termination (return value 0)
		Usr 0 00:00:04, Sys 0 00:00:01  -  Run Remote Usage
		Usr 0 00:00:00, Sys 0 00:00:00  -  Run Local Usage
		Usr 0 00:00:04, Sys 0 00:00:01  -  Total Remote Usage
		Usr 0 00:00:00, Sys 0 00:00:00  -  Total Local Usage
	12870  -  Run Bytes Sent By Job
	1454  -  Run Bytes Received By Job
	12870  -  Total Bytes Sent By Job
	1454  -  Total Bytes Received By Job
	Partitionable Resources :    Usage  Request Allocated 
	   Cpus                 :                 1         1 
	   Disk (KB)            :       28        2    340137 
	   Memory (MB)          :      170     2000      2000 
...
