000 (1355114.000.000) 02/17 07:33:55 Job submitted from host: <137.138.44.55:9618?addrs=137.138.44.55-9618+[2001-1458-d00-1a--48]-9618&alias=bigbird17.cern.ch&noUDP&sock=schedd_1694_8585_188>
...
040 (1355114.000.000) 02/17 07:36:51 Started transferring input files
	Transferring to host: <128.142.118.148:9618?addrs=128.142.118.148-9618+[2001-1458-301-ae--100-6db]-9618&alias=b7s06n0928.cern.ch&noUDP&sock=slot1_5_27360_5852_24851>
...
040 (1355114.000.000) 02/17 07:36:51 Finished transferring input files
...
001 (1355114.000.000) 02/17 07:36:52 Job executing on host: <128.142.118.148:9618?addrs=128.142.118.148-9618+[2001-1458-301-ae--100-6db]-9618&alias=b7s06n0928.cern.ch&noUDP&sock=startd_17132_b49b>
...
006 (1355114.000.000) 02/17 07:37:00 Image size of job updated: 143156
	2  -  MemoryUsage of job (MB)
	1912  -  ResidentSetSize of job (KB)
...
006 (1355114.000.000) 02/17 07:40:38 Image size of job updated: 778504
	2  -  MemoryUsage of job (MB)
	1912  -  ResidentSetSize of job (KB)
...
040 (1355114.000.000) 02/17 07:40:38 Started transferring output files
...
040 (1355114.000.000) 02/17 07:40:38 Finished transferring output files
...
005 (1355114.000.000) 02/17 07:40:39 Job terminated.
	(1) Normal termination (return value 0)
		Usr 0 00:01:53, Sys 0 00:00:02  -  Run Remote Usage
		Usr 0 00:00:00, Sys 0 00:00:00  -  Run Local Usage
		Usr 0 00:01:53, Sys 0 00:00:02  -  Total Remote Usage
		Usr 0 00:00:00, Sys 0 00:00:00  -  Total Local Usage
	13025  -  Run Bytes Sent By Job
	1534  -  Run Bytes Received By Job
	13025  -  Total Bytes Sent By Job
	1534  -  Total Bytes Received By Job
	Partitionable Resources :    Usage  Request Allocated 
	   Cpus                 :                 1         1 
	   Disk (KB)            :       27        2    195627 
	   Memory (MB)          :        2     2000      2000 
...
