000 (1355155.000.000) 02/17 07:35:52 Job submitted from host: <137.138.44.55:9618?addrs=137.138.44.55-9618+[2001-1458-d00-1a--48]-9618&alias=bigbird17.cern.ch&noUDP&sock=schedd_1694_8585_188>
...
040 (1355155.000.000) 02/17 07:37:05 Started transferring input files
	Transferring to host: <128.142.104.199:9618?addrs=128.142.104.199-9618+[2001-1458-301-8b--100-d4]-9618&noUDP&sock=6174_e434_68704>
...
040 (1355155.000.000) 02/17 07:37:05 Finished transferring input files
...
001 (1355155.000.000) 02/17 07:37:06 Job executing on host: <128.142.104.199:9618?addrs=128.142.104.199-9618+[2001-1458-301-8b--100-d4]-9618&noUDP&sock=4784_012a_3>
...
006 (1355155.000.000) 02/17 07:37:14 Image size of job updated: 10596
	11  -  MemoryUsage of job (MB)
	10520  -  ResidentSetSize of job (KB)
...
006 (1355155.000.000) 02/17 07:39:44 Image size of job updated: 358968
	11  -  MemoryUsage of job (MB)
	10532  -  ResidentSetSize of job (KB)
...
040 (1355155.000.000) 02/17 07:39:44 Started transferring output files
...
040 (1355155.000.000) 02/17 07:39:44 Finished transferring output files
...
005 (1355155.000.000) 02/17 07:39:44 Job terminated.
	(1) Normal termination (return value 0)
		Usr 0 00:01:40, Sys 0 00:00:03  -  Run Remote Usage
		Usr 0 00:00:00, Sys 0 00:00:00  -  Run Local Usage
		Usr 0 00:01:40, Sys 0 00:00:03  -  Total Remote Usage
		Usr 0 00:00:00, Sys 0 00:00:00  -  Total Local Usage
	13055  -  Run Bytes Sent By Job
	1565  -  Run Bytes Received By Job
	13055  -  Total Bytes Sent By Job
	1565  -  Total Bytes Received By Job
	Partitionable Resources :    Usage  Request Allocated 
	   Cpus                 :     0.64        1         1 
	   Disk (KB)            :    36           2    137358 
	   Memory (MB)          :    11        2000      2000 
...
