000 (1355171.000.000) 02/17 07:36:39 Job submitted from host: <137.138.44.55:9618?addrs=137.138.44.55-9618+[2001-1458-d00-1a--48]-9618&alias=bigbird17.cern.ch&noUDP&sock=schedd_1694_8585_188>
...
040 (1355171.000.000) 02/17 07:37:15 Started transferring input files
	Transferring to host: <188.184.207.160:9618?addrs=188.184.207.160-9618+[2001-1458-301-7d--100-4b6]-9618&alias=b7g27n4114.cern.ch&noUDP&sock=slot1_9_30520_d9d2_3689>
...
040 (1355171.000.000) 02/17 07:37:15 Finished transferring input files
...
001 (1355171.000.000) 02/17 07:37:16 Job executing on host: <188.184.207.160:9618?addrs=188.184.207.160-9618+[2001-1458-301-7d--100-4b6]-9618&alias=b7g27n4114.cern.ch&noUDP&sock=startd_29926_5349>
...
006 (1355171.000.000) 02/17 07:37:25 Image size of job updated: 1061472
	177  -  MemoryUsage of job (MB)
	180244  -  ResidentSetSize of job (KB)
...
040 (1355171.000.000) 02/17 07:39:30 Started transferring output files
...
040 (1355171.000.000) 02/17 07:39:30 Finished transferring output files
...
005 (1355171.000.000) 02/17 07:39:31 Job terminated.
	(1) Normal termination (return value 0)
		Usr 0 00:01:36, Sys 0 00:00:02  -  Run Remote Usage
		Usr 0 00:00:00, Sys 0 00:00:00  -  Run Local Usage
		Usr 0 00:01:36, Sys 0 00:00:02  -  Total Remote Usage
		Usr 0 00:00:00, Sys 0 00:00:00  -  Total Local Usage
	13056  -  Run Bytes Sent By Job
	1565  -  Run Bytes Received By Job
	13056  -  Total Bytes Sent By Job
	1565  -  Total Bytes Received By Job
	Partitionable Resources :    Usage  Request Allocated 
	   Cpus                 :                 1         1 
	   Disk (KB)            :       28        2    198823 
	   Memory (MB)          :      177     2000      2000 
...
