000 (1355144.000.000) 02/17 07:35:32 Job submitted from host: <137.138.44.55:9618?addrs=137.138.44.55-9618+[2001-1458-d00-1a--48]-9618&alias=bigbird17.cern.ch&noUDP&sock=schedd_1694_8585_188>
...
040 (1355144.000.000) 02/17 07:36:34 Started transferring input files
	Transferring to host: <188.184.197.130:9618?addrs=188.184.197.130-9618&alias=b7g23n9249.cern.ch&noUDP&sock=slot1_3_6224_1ef6_4151>
...
040 (1355144.000.000) 02/17 07:36:34 Finished transferring input files
...
001 (1355144.000.000) 02/17 07:36:35 Job executing on host: <188.184.197.130:9618?addrs=188.184.197.130-9618&alias=b7g23n9249.cern.ch&noUDP&sock=startd_18337_3c3a>
...
006 (1355144.000.000) 02/17 07:36:44 Image size of job updated: 143484
	50  -  MemoryUsage of job (MB)
	50656  -  ResidentSetSize of job (KB)
...
006 (1355144.000.000) 02/17 07:39:11 Image size of job updated: 776120
	50  -  MemoryUsage of job (MB)
	50656  -  ResidentSetSize of job (KB)
...
040 (1355144.000.000) 02/17 07:39:11 Started transferring output files
...
040 (1355144.000.000) 02/17 07:39:11 Finished transferring output files
...
005 (1355144.000.000) 02/17 07:39:11 Job terminated.
	(1) Normal termination (return value 0)
		Usr 0 00:01:34, Sys 0 00:00:03  -  Run Remote Usage
		Usr 0 00:00:00, Sys 0 00:00:00  -  Run Local Usage
		Usr 0 00:01:34, Sys 0 00:00:03  -  Total Remote Usage
		Usr 0 00:00:00, Sys 0 00:00:00  -  Total Local Usage
	13055  -  Run Bytes Sent By Job
	1564  -  Run Bytes Received By Job
	13055  -  Total Bytes Sent By Job
	1564  -  Total Bytes Received By Job
	Partitionable Resources :    Usage  Request Allocated 
	   Cpus                 :     0.86        1         1 
	   Disk (KB)            :    34           2    244431 
	   Memory (MB)          :    50        2000      2000 
...
