000 (1355360.000.000) 02/17 07:45:29 Job submitted from host: <137.138.44.55:9618?addrs=137.138.44.55-9618+[2001-1458-d00-1a--48]-9618&alias=bigbird17.cern.ch&noUDP&sock=schedd_1694_8585_188>
...
040 (1355360.000.000) 02/17 07:46:38 Started transferring input files
	Transferring to host: <188.184.169.25:9618?addrs=188.184.169.25-9618+[2001-1458-301-c0--100-448]-9618&alias=b7g52n0209.cern.ch&noUDP&sock=slot1_4_27835_0685_25982>
...
040 (1355360.000.000) 02/17 07:46:38 Finished transferring input files
...
001 (1355360.000.000) 02/17 07:46:39 Job executing on host: <188.184.169.25:9618?addrs=188.184.169.25-9618+[2001-1458-301-c0--100-448]-9618&alias=b7g52n0209.cern.ch&noUDP&sock=startd_17651_b242>
...
006 (1355360.000.000) 02/17 07:46:48 Image size of job updated: 373904
	140  -  MemoryUsage of job (MB)
	142576  -  ResidentSetSize of job (KB)
...
006 (1355360.000.000) 02/17 07:46:57 Image size of job updated: 373904
	140  -  MemoryUsage of job (MB)
	143016  -  ResidentSetSize of job (KB)
...
040 (1355360.000.000) 02/17 07:46:57 Started transferring output files
...
040 (1355360.000.000) 02/17 07:46:57 Finished transferring output files
...
005 (1355360.000.000) 02/17 07:46:58 Job terminated.
	(1) Normal termination (return value 0)
		Usr 0 00:00:07, Sys 0 00:00:01  -  Run Remote Usage
		Usr 0 00:00:00, Sys 0 00:00:00  -  Run Local Usage
		Usr 0 00:00:07, Sys 0 00:00:01  -  Total Remote Usage
		Usr 0 00:00:00, Sys 0 00:00:00  -  Total Local Usage
	8139  -  Run Bytes Sent By Job
	1484  -  Run Bytes Received By Job
	8139  -  Total Bytes Sent By Job
	1484  -  Total Bytes Received By Job
	Partitionable Resources :    Usage  Request Allocated 
	   Cpus                 :                 1         1 
	   Disk (KB)            :       23        2    257176 
	   Memory (MB)          :      140     2000      2000 
...
