000 (1354530.000.000) 02/17 06:59:46 Job submitted from host: <137.138.44.55:9618?addrs=137.138.44.55-9618+[2001-1458-d00-1a--48]-9618&alias=bigbird17.cern.ch&noUDP&sock=schedd_1694_8585_188>
...
040 (1354530.000.000) 02/17 07:05:37 Started transferring input files
	Transferring to host: <128.142.84.184:9618?addrs=128.142.84.184-9618+[2001-1458-301-f6--100-1b]-9618&noUDP&sock=16790_d2e4_20308>
...
040 (1354530.000.000) 02/17 07:05:37 Finished transferring input files
...
001 (1354530.000.000) 02/17 07:05:38 Job executing on host: <128.142.84.184:9618?addrs=128.142.84.184-9618+[2001-1458-301-f6--100-1b]-9618&noUDP&sock=16630_6010_3>
...
006 (1354530.000.000) 02/17 07:05:47 Image size of job updated: 233104
	169  -  MemoryUsage of job (MB)
	172636  -  ResidentSetSize of job (KB)
...
006 (1354530.000.000) 02/17 07:07:45 Image size of job updated: 400732
	169  -  MemoryUsage of job (MB)
	172636  -  ResidentSetSize of job (KB)
...
040 (1354530.000.000) 02/17 07:07:45 Started transferring output files
...
040 (1354530.000.000) 02/17 07:07:45 Finished transferring output files
...
005 (1354530.000.000) 02/17 07:07:45 Job terminated.
	(1) Normal termination (return value 0)
		Usr 0 00:01:37, Sys 0 00:00:01  -  Run Remote Usage
		Usr 0 00:00:00, Sys 0 00:00:00  -  Run Local Usage
		Usr 0 00:01:37, Sys 0 00:00:01  -  Total Remote Usage
		Usr 0 00:00:00, Sys 0 00:00:00  -  Total Local Usage
	7956  -  Run Bytes Sent By Job
	1554  -  Run Bytes Received By Job
	7956  -  Total Bytes Sent By Job
	1554  -  Total Bytes Received By Job
	Partitionable Resources :    Usage  Request Allocated 
	   Cpus                 :     0.89        1         1 
	   Disk (KB)            :    31           2    257936 
	   Memory (MB)          :   169        2000      2000 
...
