000 (1354983.000.000) 02/17 07:27:38 Job submitted from host: <137.138.44.55:9618?addrs=137.138.44.55-9618+[2001-1458-d00-1a--48]-9618&alias=bigbird17.cern.ch&noUDP&sock=schedd_1694_8585_188>
...
040 (1354983.000.000) 02/17 07:27:46 Started transferring input files
	Transferring to host: <188.184.138.31:9618?addrs=188.184.138.31-9618+[2001-1458-301-45--100-4a]-9618&noUDP&sock=27825_fac5_161049>
...
040 (1354983.000.000) 02/17 07:27:46 Finished transferring input files
...
001 (1354983.000.000) 02/17 07:27:47 Job executing on host: <188.184.138.31:9618?addrs=188.184.138.31-9618+[2001-1458-301-45--100-4a]-9618&noUDP&sock=5597_a7a9_3>
...
006 (1354983.000.000) 02/17 07:27:56 Image size of job updated: 83016
	33  -  MemoryUsage of job (MB)
	33472  -  ResidentSetSize of job (KB)
...
006 (1354983.000.000) 02/17 07:28:10 Image size of job updated: 220608
	33  -  MemoryUsage of job (MB)
	33472  -  ResidentSetSize of job (KB)
...
040 (1354983.000.000) 02/17 07:28:10 Started transferring output files
...
040 (1354983.000.000) 02/17 07:28:10 Finished transferring output files
...
005 (1354983.000.000) 02/17 07:28:10 Job terminated.
	(1) Normal termination (return value 0)
		Usr 0 00:00:03, Sys 0 00:00:01  -  Run Remote Usage
		Usr 0 00:00:00, Sys 0 00:00:00  -  Run Local Usage
		Usr 0 00:00:03, Sys 0 00:00:01  -  Total Remote Usage
		Usr 0 00:00:00, Sys 0 00:00:00  -  Total Local Usage
	12872  -  Run Bytes Sent By Job
	1455  -  Run Bytes Received By Job
	12872  -  Total Bytes Sent By Job
	1455  -  Total Bytes Received By Job
	Partitionable Resources :    Usage  Request Allocated 
	   Cpus                 :        0        1         1 
	   Disk (KB)            :       36        2    177653 
	   Memory (MB)          :       33     2000      2000 
...
