000 (1355036.000.000) 02/17 07:30:33 Job submitted from host: <137.138.44.55:9618?addrs=137.138.44.55-9618+[2001-1458-d00-1a--48]-9618&alias=bigbird17.cern.ch&noUDP&sock=schedd_1694_8585_188>
...
040 (1355036.000.000) 02/17 07:30:47 Started transferring input files
	Transferring to host: <128.142.113.80:9618?addrs=128.142.113.80-9618+[2001-1458-301-90--100-57f]-9618&alias=b7s05n8497.cern.ch&noUDP&sock=slot1_8_13668_17a5_3550>
...
040 (1355036.000.000) 02/17 07:30:47 Finished transferring input files
...
001 (1355036.000.000) 02/17 07:30:48 Job executing on host: <128.142.113.80:9618?addrs=128.142.113.80-9618+[2001-1458-301-90--100-57f]-9618&alias=b7s05n8497.cern.ch&noUDP&sock=startd_2010_4573>
...
006 (1355036.000.000) 02/17 07:30:57 Image size of job updated: 653308
	0  -  MemoryUsage of job (MB)
	0  -  ResidentSetSize of job (KB)
...
040 (1355036.000.000) 02/17 07:30:57 Started transferring output files
...
040 (1355036.000.000) 02/17 07:30:57 Finished transferring output files
...
005 (1355036.000.000) 02/17 07:30:57 Job terminated.
	(1) Normal termination (return value 0)
		Usr 0 00:00:04, Sys 0 00:00:01  -  Run Remote Usage
		Usr 0 00:00:00, Sys 0 00:00:00  -  Run Local Usage
		Usr 0 00:00:04, Sys 0 00:00:01  -  Total Remote Usage
		Usr 0 00:00:00, Sys 0 00:00:00  -  Total Local Usage
	12918  -  Run Bytes Sent By Job
	1501  -  Run Bytes Received By Job
	12918  -  Total Bytes Sent By Job
	1501  -  Total Bytes Received By Job
	Partitionable Resources :    Usage  Request Allocated 
	   Cpus                 :                 1         1 
	   Disk (KB)            :       28        2    213353 
	   Memory (MB)          :        0     2000      2000 
...
