000 (1355255.000.000) 02/17 07:41:25 Job submitted from host: <137.138.44.55:9618?addrs=137.138.44.55-9618+[2001-1458-d00-1a--48]-9618&alias=bigbird17.cern.ch&noUDP&sock=schedd_1694_8585_188>
...
040 (1355255.000.000) 02/17 07:41:34 Started transferring input files
	Transferring to host: <188.184.132.199:9618?addrs=188.184.132.199-9618+[2001-1458-301-a0--100-e5]-9618&noUDP&sock=14053_5c15_157478>
...
040 (1355255.000.000) 02/17 07:41:34 Finished transferring input files
...
001 (1355255.000.000) 02/17 07:41:35 Job executing on host: <188.184.132.199:9618?addrs=188.184.132.199-9618+[2001-1458-301-a0--100-e5]-9618&noUDP&sock=2425_ed41_3>
...
006 (1355255.000.000) 02/17 07:41:44 Image size of job updated: 236524
	171  -  MemoryUsage of job (MB)
	174256  -  ResidentSetSize of job (KB)
...
006 (1355255.000.000) 02/17 07:41:52 Image size of job updated: 245268
	171  -  MemoryUsage of job (MB)
	174472  -  ResidentSetSize of job (KB)
...
040 (1355255.000.000) 02/17 07:41:52 Started transferring output files
...
040 (1355255.000.000) 02/17 07:41:52 Finished transferring output files
...
005 (1355255.000.000) 02/17 07:41:52 Job terminated.
	(1) Normal termination (return value 0)
		Usr 0 00:00:08, Sys 0 00:00:01  -  Run Remote Usage
		Usr 0 00:00:00, Sys 0 00:00:00  -  Run Local Usage
		Usr 0 00:00:08, Sys 0 00:00:01  -  Total Remote Usage
		Usr 0 00:00:00, Sys 0 00:00:00  -  Total Local Usage
	8181  -  Run Bytes Sent By Job
	1527  -  Run Bytes Received By Job
	8181  -  Total Bytes Sent By Job
	1527  -  Total Bytes Received By Job
	Partitionable Resources :    Usage  Request Allocated 
	   Cpus                 :        0        1         1 
	   Disk (KB)            :       31        2    203644 
	   Memory (MB)          :      171     2000      2000 
...
