000 (1354611.000.000) 02/17 07:06:38 Job submitted from host: <137.138.44.55:9618?addrs=137.138.44.55-9618+[2001-1458-d00-1a--48]-9618&alias=bigbird17.cern.ch&noUDP&sock=schedd_1694_8585_188>
...
040 (1354611.000.000) 02/17 07:09:15 Started transferring input files
	Transferring to host: <128.142.80.125:9618?addrs=128.142.80.125-9618+[2001-1458-301-f5--100-297]-9618&noUDP&sock=7236_2a9f_11765>
...
040 (1354611.000.000) 02/17 07:09:15 Finished transferring input files
...
001 (1354611.000.000) 02/17 07:09:16 Job executing on host: <128.142.80.125:9618?addrs=128.142.80.125-9618+[2001-1458-301-f5--100-297]-9618&noUDP&sock=5483_75de_3>
...
006 (1354611.000.000) 02/17 07:09:25 Image size of job updated: 83304
	33  -  MemoryUsage of job (MB)
	33464  -  ResidentSetSize of job (KB)
...
006 (1354611.000.000) 02/17 07:09:48 Image size of job updated: 495908
	33  -  MemoryUsage of job (MB)
	33464  -  ResidentSetSize of job (KB)
...
040 (1354611.000.000) 02/17 07:09:48 Started transferring output files
...
040 (1354611.000.000) 02/17 07:09:48 Finished transferring output files
...
005 (1354611.000.000) 02/17 07:09:48 Job terminated.
	(1) Normal termination (return value 139)
		Usr 0 00:00:10, Sys 0 00:00:02  -  Run Remote Usage
		Usr 0 00:00:00, Sys 0 00:00:00  -  Run Local Usage
		Usr 0 00:00:10, Sys 0 00:00:02  -  Total Remote Usage
		Usr 0 00:00:00, Sys 0 00:00:00  -  Total Local Usage
	9956  -  Run Bytes Sent By Job
	1554  -  Run Bytes Received By Job
	9956  -  Total Bytes Sent By Job
	1554  -  Total Bytes Received By Job
	Partitionable Resources :    Usage  Request Allocated 
	   Cpus                 :        0        1         1 
	   Disk (KB)            :       32        2    249177 
	   Memory (MB)          :       33     2000      2000 
...
