000 (1355117.000.000) 02/17 07:34:04 Job submitted from host: <137.138.44.55:9618?addrs=137.138.44.55-9618+[2001-1458-d00-1a--48]-9618&alias=bigbird17.cern.ch&noUDP&sock=schedd_1694_8585_188>
...
040 (1355117.000.000) 02/17 07:36:38 Started transferring input files
	Transferring to host: <188.184.197.147:9618?addrs=188.184.197.147-9618+[2001-1458-301-103--100-3eb]-9618&noUDP&sock=18841_f057_84325>
...
040 (1355117.000.000) 02/17 07:36:38 Finished transferring input files
...
001 (1355117.000.000) 02/17 07:36:39 Job executing on host: <188.184.197.147:9618?addrs=188.184.197.147-9618+[2001-1458-301-103--100-3eb]-9618&noUDP&sock=18705_a714_3>
...
006 (1355117.000.000) 02/17 07:36:48 Image size of job updated: 215276
	177  -  MemoryUsage of job (MB)
	181148  -  ResidentSetSize of job (KB)
...
040 (1355117.000.000) 02/17 07:38:19 Started transferring output files
...
040 (1355117.000.000) 02/17 07:38:19 Finished transferring output files
...
005 (1355117.000.000) 02/17 07:38:19 Job terminated.
	(1) Normal termination (return value 0)
		Usr 0 00:01:11, Sys 0 00:00:02  -  Run Remote Usage
		Usr 0 00:00:00, Sys 0 00:00:00  -  Run Local Usage
		Usr 0 00:01:11, Sys 0 00:00:02  -  Total Remote Usage
		Usr 0 00:00:00, Sys 0 00:00:00  -  Total Local Usage
	13054  -  Run Bytes Sent By Job
	1563  -  Run Bytes Received By Job
	13054  -  Total Bytes Sent By Job
	1563  -  Total Bytes Received By Job
	Partitionable Resources :    Usage  Request Allocated 
	   Cpus                 :        0        1         1 
	   Disk (KB)            :       36        2    345655 
	   Memory (MB)          :      177     2000      2000 
...
