000 (1355300.000.000) 02/17 07:42:58 Job submitted from host: <137.138.44.55:9618?addrs=137.138.44.55-9618+[2001-1458-d00-1a--48]-9618&alias=bigbird17.cern.ch&noUDP&sock=schedd_1694_8585_188>
...
040 (1355300.000.000) 02/17 07:44:33 Started transferring input files
	Transferring to host: <128.142.108.236:9618?addrs=128.142.108.236-9618&noUDP&sock=2301_0337_98929>
...
040 (1355300.000.000) 02/17 07:44:33 Finished transferring input files
...
001 (1355300.000.000) 02/17 07:44:34 Job executing on host: <128.142.108.236:9618?addrs=128.142.108.236-9618&noUDP&sock=2182_3fbd_3>
...
006 (1355300.000.000) 02/17 07:44:43 Image size of job updated: 127380
	43  -  MemoryUsage of job (MB)
	43848  -  ResidentSetSize of job (KB)
...
006 (1355300.000.000) 02/17 07:45:03 Image size of job updated: 246968
	43  -  MemoryUsage of job (MB)
	43948  -  ResidentSetSize of job (KB)
...
040 (1355300.000.000) 02/17 07:45:03 Started transferring output files
...
040 (1355300.000.000) 02/17 07:45:03 Finished transferring output files
...
005 (1355300.000.000) 02/17 07:45:04 Job terminated.
	(1) Normal termination (return value 0)
		Usr 0 00:00:08, Sys 0 00:00:01  -  Run Remote Usage
		Usr 0 00:00:00, Sys 0 00:00:00  -  Run Local Usage
		Usr 0 00:00:08, Sys 0 00:00:01  -  Total Remote Usage
		Usr 0 00:00:00, Sys 0 00:00:00  -  Total Local Usage
	8144  -  Run Bytes Sent By Job
	1489  -  Run Bytes Received By Job
	8144  -  Total Bytes Sent By Job
	1489  -  Total Bytes Received By Job
	Partitionable Resources :    Usage  Request Allocated 
	   Cpus                 :        0        1         1 
	   Disk (KB)            :       31        2    211656 
	   Memory (MB)          :       43     2000      2000 
...
