000 (1355324.000.000) 02/17 07:44:09 Job submitted from host: <137.138.44.55:9618?addrs=137.138.44.55-9618+[2001-1458-d00-1a--48]-9618&alias=bigbird17.cern.ch&noUDP&sock=schedd_1694_8585_188>
...
040 (1355324.000.000) 02/17 07:46:36 Started transferring input files
	Transferring to host: <188.184.169.201:9618?addrs=188.184.169.201-9618+[2001-1458-301-c0--100-129]-9618&alias=b7g52n4840.cern.ch&noUDP&sock=slot1_6_22915_70bd_4337>
...
040 (1355324.000.000) 02/17 07:46:36 Finished transferring input files
...
001 (1355324.000.000) 02/17 07:46:37 Job executing on host: <188.184.169.201:9618?addrs=188.184.169.201-9618+[2001-1458-301-c0--100-129]-9618&alias=b7g52n4840.cern.ch&noUDP&sock=startd_16345_e392>
...
006 (1355324.000.000) 02/17 07:46:46 Image size of job updated: 66100
	17  -  MemoryUsage of job (MB)
	16816  -  ResidentSetSize of job (KB)
...
006 (1355324.000.000) 02/17 07:47:09 Image size of job updated: 654848
	17  -  MemoryUsage of job (MB)
	16816  -  ResidentSetSize of job (KB)
...
040 (1355324.000.000) 02/17 07:47:09 Started transferring output files
...
040 (1355324.000.000) 02/17 07:47:09 Finished transferring output files
...
005 (1355324.000.000) 02/17 07:47:09 Job terminated.
	(1) Normal termination (return value 0)
		Usr 0 00:00:09, Sys 0 00:00:01  -  Run Remote Usage
		Usr 0 00:00:00, Sys 0 00:00:00  -  Run Local Usage
		Usr 0 00:00:09, Sys 0 00:00:01  -  Total Remote Usage
		Usr 0 00:00:00, Sys 0 00:00:00  -  Total Local Usage
	8144  -  Run Bytes Sent By Job
	1489  -  Run Bytes Received By Job
	8144  -  Total Bytes Sent By Job
	1489  -  Total Bytes Received By Job
	Partitionable Resources :    Usage  Request Allocated 
	   Cpus                 :                 1         1 
	   Disk (KB)            :       23        2    267182 
	   Memory (MB)          :       17     2000      2000 
...
