000 (1355346.000.000) 02/17 07:44:48 Job submitted from host: <137.138.44.55:9618?addrs=137.138.44.55-9618+[2001-1458-d00-1a--48]-9618&alias=bigbird17.cern.ch&noUDP&sock=schedd_1694_8585_188>
...
040 (1355346.000.000) 02/17 07:46:26 Started transferring input files
	Transferring to host: <128.142.65.207:9618?addrs=128.142.65.207-9618+[2001-1458-301-4c--100-601]-9618&noUDP&sock=7166_d85c_11659>
...
040 (1355346.000.000) 02/17 07:46:26 Finished transferring input files
...
001 (1355346.000.000) 02/17 07:46:27 Job executing on host: <128.142.65.207:9618?addrs=128.142.65.207-9618+[2001-1458-301-4c--100-601]-9618&noUDP&sock=5500_1efa_3>
...
006 (1355346.000.000) 02/17 07:46:36 Image size of job updated: 129760
	45  -  MemoryUsage of job (MB)
	45152  -  ResidentSetSize of job (KB)
...
006 (1355346.000.000) 02/17 07:46:52 Image size of job updated: 249804
	46  -  MemoryUsage of job (MB)
	46840  -  ResidentSetSize of job (KB)
...
040 (1355346.000.000) 02/17 07:46:52 Started transferring output files
...
040 (1355346.000.000) 02/17 07:46:52 Finished transferring output files
...
005 (1355346.000.000) 02/17 07:46:53 Job terminated.
	(1) Normal termination (return value 0)
		Usr 0 00:00:08, Sys 0 00:00:01  -  Run Remote Usage
		Usr 0 00:00:00, Sys 0 00:00:00  -  Run Local Usage
		Usr 0 00:00:08, Sys 0 00:00:01  -  Total Remote Usage
		Usr 0 00:00:00, Sys 0 00:00:00  -  Total Local Usage
	8143  -  Run Bytes Sent By Job
	1488  -  Run Bytes Received By Job
	8143  -  Total Bytes Sent By Job
	1488  -  Total Bytes Received By Job
	Partitionable Resources :    Usage  Request Allocated 
	   Cpus                 :        0        1         1 
	   Disk (KB)            :       30        2    275156 
	   Memory (MB)          :       46     2000      2000 
...
