000 (1355109.000.000) 02/17 07:33:40 Job submitted from host: <137.138.44.55:9618?addrs=137.138.44.55-9618+[2001-1458-d00-1a--48]-9618&alias=bigbird17.cern.ch&noUDP&sock=schedd_1694_8585_188>
...
040 (1355109.000.000) 02/17 07:37:10 Started transferring input files
	Transferring to host: <128.142.108.59:9618?addrs=128.142.108.59-9618&alias=b7s04n0167.cern.ch&noUDP&sock=slot1_8_27411_4774_3844>
...
040 (1355109.000.000) 02/17 07:37:10 Finished transferring input files
...
001 (1355109.000.000) 02/17 07:37:11 Job executing on host: <128.142.108.59:9618?addrs=128.142.108.59-9618&alias=b7s04n0167.cern.ch&noUDP&sock=startd_1959_4a1e>
...
006 (1355109.000.000) 02/17 07:37:20 Image size of job updated: 126248
	1  -  MemoryUsage of job (MB)
	440  -  ResidentSetSize of job (KB)
...
006 (1355109.000.000) 02/17 07:42:20 Image size of job updated: 813280
	298  -  MemoryUsage of job (MB)
	304532  -  ResidentSetSize of job (KB)
...
040 (1355109.000.000) 02/17 07:43:07 Started transferring output files
...
040 (1355109.000.000) 02/17 07:43:07 Finished transferring output files
...
005 (1355109.000.000) 02/17 07:43:07 Job terminated.
	(1) Normal termination (return value 0)
		Usr 0 00:02:03, Sys 0 00:00:03  -  Run Remote Usage
		Usr 0 00:00:00, Sys 0 00:00:00  -  Run Local Usage
		Usr 0 00:02:03, Sys 0 00:00:03  -  Total Remote Usage
		Usr 0 00:00:00, Sys 0 00:00:00  -  Total Local Usage
	13010  -  Run Bytes Sent By Job
	1519  -  Run Bytes Received By Job
	13010  -  Total Bytes Sent By Job
	1519  -  Total Bytes Received By Job
	Partitionable Resources :    Usage  Request Allocated 
	   Cpus                 :                 1         1 
	   Disk (KB)            :       27        2    196788 
	   Memory (MB)          :      298     2000      2000 
...
