000 (1354760.000.000) 02/17 07:17:34 Job submitted from host: <137.138.44.55:9618?addrs=137.138.44.55-9618+[2001-1458-d00-1a--48]-9618&alias=bigbird17.cern.ch&noUDP&sock=schedd_1694_8585_188>
...
040 (1354760.000.000) 02/17 07:17:36 Started transferring input files
	Transferring to host: <128.142.83.28:9618?addrs=128.142.83.28-9618+[2001-1458-301-f5--100-389]-9618&noUDP&sock=16002_9b44_30034>
...
040 (1354760.000.000) 02/17 07:17:36 Finished transferring input files
...
001 (1354760.000.000) 02/17 07:17:37 Job executing on host: <128.142.83.28:9618?addrs=128.142.83.28-9618+[2001-1458-301-f5--100-389]-9618&noUDP&sock=15845_ee38_3>
...
006 (1354760.000.000) 02/17 07:17:46 Image size of job updated: 240152
	173  -  MemoryUsage of job (MB)
	177100  -  ResidentSetSize of job (KB)
...
006 (1354760.000.000) 02/17 07:17:56 Image size of job updated: 533388
	173  -  MemoryUsage of job (MB)
	177100  -  ResidentSetSize of job (KB)
...
040 (1354760.000.000) 02/17 07:17:56 Started transferring output files
...
040 (1354760.000.000) 02/17 07:17:56 Finished transferring output files
...
005 (1354760.000.000) 02/17 07:17:56 Job terminated.
	(1) Normal termination (return value 139)
		Usr 0 00:00:09, Sys 0 00:00:02  -  Run Remote Usage
		Usr 0 00:00:00, Sys 0 00:00:00  -  Run Local Usage
		Usr 0 00:00:09, Sys 0 00:00:02  -  Total Remote Usage
		Usr 0 00:00:00, Sys 0 00:00:00  -  Total Local Usage
	9964  -  Run Bytes Sent By Job
	1595  -  Run Bytes Received By Job
	9964  -  Total Bytes Sent By Job
	1595  -  Total Bytes Received By Job
	Partitionable Resources :    Usage  Request Allocated 
	   Cpus                 :     0.04        1         1 
	   Disk (KB)            :    33           2    234428 
	   Memory (MB)          :   173        2000      2000 
...
