000 (1355198.000.000) 02/17 07:38:03 Job submitted from host: <137.138.44.55:9618?addrs=137.138.44.55-9618+[2001-1458-d00-1a--48]-9618&alias=bigbird17.cern.ch&noUDP&sock=schedd_1694_8585_188>
...
040 (1355198.000.000) 02/17 07:38:30 Started transferring input files
	Transferring to host: <188.184.197.147:9618?addrs=188.184.197.147-9618+[2001-1458-301-103--100-3eb]-9618&noUDP&sock=18841_f057_84328>
...
040 (1355198.000.000) 02/17 07:38:30 Finished transferring input files
...
001 (1355198.000.000) 02/17 07:38:31 Job executing on host: <188.184.197.147:9618?addrs=188.184.197.147-9618+[2001-1458-301-103--100-3eb]-9618&noUDP&sock=18705_a714_3>
...
006 (1355198.000.000) 02/17 07:38:39 Image size of job updated: 245564
	180  -  MemoryUsage of job (MB)
	183348  -  ResidentSetSize of job (KB)
...
040 (1355198.000.000) 02/17 07:38:41 Started transferring output files
...
040 (1355198.000.000) 02/17 07:38:41 Finished transferring output files
...
005 (1355198.000.000) 02/17 07:38:42 Job terminated.
	(1) Normal termination (return value 0)
		Usr 0 00:00:07, Sys 0 00:00:01  -  Run Remote Usage
		Usr 0 00:00:00, Sys 0 00:00:00  -  Run Local Usage
		Usr 0 00:00:07, Sys 0 00:00:01  -  Total Remote Usage
		Usr 0 00:00:00, Sys 0 00:00:00  -  Total Local Usage
	8179  -  Run Bytes Sent By Job
	1524  -  Run Bytes Received By Job
	8179  -  Total Bytes Sent By Job
	1524  -  Total Bytes Received By Job
	Partitionable Resources :    Usage  Request Allocated 
	   Cpus                 :     0.04        1         1 
	   Disk (KB)            :    31           2    345398 
	   Memory (MB)          :   180        2000      2000 
...
