000 (1354697.000.000) 02/17 07:13:19 Job submitted from host: <137.138.44.55:9618?addrs=137.138.44.55-9618+[2001-1458-d00-1a--48]-9618&alias=bigbird17.cern.ch&noUDP&sock=schedd_1694_8585_188>
...
040 (1354697.000.000) 02/17 07:13:47 Started transferring input files
	Transferring to host: <188.184.190.114:9618?addrs=188.184.190.114-9618&noUDP&sock=3175_d31a_126478>
...
040 (1354697.000.000) 02/17 07:13:47 Finished transferring input files
...
001 (1354697.000.000) 02/17 07:13:48 Job executing on host: <188.184.190.114:9618?addrs=188.184.190.114-9618&noUDP&sock=2244_c69c_3>
...
006 (1354697.000.000) 02/17 07:13:57 Image size of job updated: 221144
	158  -  MemoryUsage of job (MB)
	161060  -  ResidentSetSize of job (KB)
...
006 (1354697.000.000) 02/17 07:14:11 Image size of job updated: 898632
	158  -  MemoryUsage of job (MB)
	161060  -  ResidentSetSize of job (KB)
...
040 (1354697.000.000) 02/17 07:14:11 Started transferring output files
...
040 (1354697.000.000) 02/17 07:14:11 Finished transferring output files
...
005 (1354697.000.000) 02/17 07:14:11 Job terminated.
	(1) Normal termination (return value 139)
		Usr 0 00:00:11, Sys 0 00:00:03  -  Run Remote Usage
		Usr 0 00:00:00, Sys 0 00:00:00  -  Run Local Usage
		Usr 0 00:00:11, Sys 0 00:00:03  -  Total Remote Usage
		Usr 0 00:00:00, Sys 0 00:00:00  -  Total Local Usage
	9964  -  Run Bytes Sent By Job
	1594  -  Run Bytes Received By Job
	9964  -  Total Bytes Sent By Job
	1594  -  Total Bytes Received By Job
	Partitionable Resources :    Usage  Request Allocated 
	   Cpus                 :     0.50        1         1 
	   Disk (KB)            :    33           2    333086 
	   Memory (MB)          :   158        2000      2000 
...
