000 (1354572.000.000) 02/17 07:03:28 Job submitted from host: <137.138.44.55:9618?addrs=137.138.44.55-9618+[2001-1458-d00-1a--48]-9618&alias=bigbird17.cern.ch&noUDP&sock=schedd_1694_8585_188>
...
040 (1354572.000.000) 02/17 07:07:01 Started transferring input files
	Transferring to host: <188.185.105.101:9618?addrs=188.185.105.101-9618+[2001-1458-d00-3e--100-1d9]-9618&alias=b7g50s3149.cern.ch&noUDP&sock=slot1_12_32440_aa20_5482>
...
040 (1354572.000.000) 02/17 07:07:01 Finished transferring input files
...
001 (1354572.000.000) 02/17 07:07:02 Job executing on host: <188.185.105.101:9618?addrs=188.185.105.101-9618+[2001-1458-d00-3e--100-1d9]-9618&alias=b7g50s3149.cern.ch&noUDP&sock=startd_25291_19d2>
...
006 (1354572.000.000) 02/17 07:07:11 Image size of job updated: 487124
	412  -  MemoryUsage of job (MB)
	421820  -  ResidentSetSize of job (KB)
...
006 (1354572.000.000) 02/17 07:07:14 Image size of job updated: 621088
	412  -  MemoryUsage of job (MB)
	421820  -  ResidentSetSize of job (KB)
...
040 (1354572.000.000) 02/17 07:07:15 Started transferring output files
...
040 (1354572.000.000) 02/17 07:07:15 Finished transferring output files
...
005 (1354572.000.000) 02/17 07:07:15 Job terminated.
	(1) Normal termination (return value 139)
		Usr 0 00:00:06, Sys 0 00:00:01  -  Run Remote Usage
		Usr 0 00:00:00, Sys 0 00:00:00  -  Run Local Usage
		Usr 0 00:00:06, Sys 0 00:00:01  -  Total Remote Usage
		Usr 0 00:00:00, Sys 0 00:00:00  -  Total Local Usage
	9956  -  Run Bytes Sent By Job
	1554  -  Run Bytes Received By Job
	9956  -  Total Bytes Sent By Job
	1554  -  Total Bytes Received By Job
	Partitionable Resources :    Usage  Request Allocated 
	   Cpus                 :                 1         1 
	   Disk (KB)            :       25        2    571582 
	   Memory (MB)          :      412     2000      2000 
...
