000 (1354577.000.000) 02/17 07:03:48 Job submitted from host: <137.138.44.55:9618?addrs=137.138.44.55-9618+[2001-1458-d00-1a--48]-9618&alias=bigbird17.cern.ch&noUDP&sock=schedd_1694_8585_188>
...
040 (1354577.000.000) 02/17 07:07:15 Started transferring input files
	Transferring to host: <128.142.123.70:9618?addrs=128.142.123.70-9618&noUDP&sock=2914_ed30_96626>
...
040 (1354577.000.000) 02/17 07:07:15 Finished transferring input files
...
001 (1354577.000.000) 02/17 07:07:16 Job executing on host: <128.142.123.70:9618?addrs=128.142.123.70-9618&noUDP&sock=1871_edc9_3>
...
006 (1354577.000.000) 02/17 07:07:25 Image size of job updated: 182516
	174  -  MemoryUsage of job (MB)
	178132  -  ResidentSetSize of job (KB)
...
006 (1354577.000.000) 02/17 07:07:36 Image size of job updated: 182516
	175  -  MemoryUsage of job (MB)
	178412  -  ResidentSetSize of job (KB)
...
040 (1354577.000.000) 02/17 07:07:36 Started transferring output files
...
040 (1354577.000.000) 02/17 07:07:36 Finished transferring output files
...
005 (1354577.000.000) 02/17 07:07:36 Job terminated.
	(1) Normal termination (return value 139)
		Usr 0 00:00:10, Sys 0 00:00:02  -  Run Remote Usage
		Usr 0 00:00:00, Sys 0 00:00:00  -  Run Local Usage
		Usr 0 00:00:10, Sys 0 00:00:02  -  Total Remote Usage
		Usr 0 00:00:00, Sys 0 00:00:00  -  Total Local Usage
	9955  -  Run Bytes Sent By Job
	1555  -  Run Bytes Received By Job
	9955  -  Total Bytes Sent By Job
	1555  -  Total Bytes Received By Job
	Partitionable Resources :    Usage  Request Allocated 
	   Cpus                 :     0.49        1         1 
	   Disk (KB)            :    32           2    211486 
	   Memory (MB)          :   175        2000      2000 
...
