000 (1355325.000.000) 02/17 07:44:13 Job submitted from host: <137.138.44.55:9618?addrs=137.138.44.55-9618+[2001-1458-d00-1a--48]-9618&alias=bigbird17.cern.ch&noUDP&sock=schedd_1694_8585_188>
...
040 (1355325.000.000) 02/17 07:46:20 Started transferring input files
	Transferring to host: <128.142.70.137:9618?addrs=128.142.70.137-9618+[2001-1458-301-52--100-53]-9618&alias=b7s10n4283.cern.ch&noUDP&sock=slot1_2_10872_0eb3_4924>
...
040 (1355325.000.000) 02/17 07:46:20 Finished transferring input files
...
001 (1355325.000.000) 02/17 07:46:21 Job executing on host: <128.142.70.137:9618?addrs=128.142.70.137-9618+[2001-1458-301-52--100-53]-9618&alias=b7s10n4283.cern.ch&noUDP&sock=startd_5210_3483>
...
006 (1355325.000.000) 02/17 07:46:31 Image size of job updated: 374032
	33  -  MemoryUsage of job (MB)
	33356  -  ResidentSetSize of job (KB)
...
006 (1355325.000.000) 02/17 07:46:48 Image size of job updated: 654868
	33  -  MemoryUsage of job (MB)
	33356  -  ResidentSetSize of job (KB)
...
040 (1355325.000.000) 02/17 07:46:48 Started transferring output files
...
040 (1355325.000.000) 02/17 07:46:48 Finished transferring output files
...
005 (1355325.000.000) 02/17 07:46:48 Job terminated.
	(1) Normal termination (return value 0)
		Usr 0 00:00:09, Sys 0 00:00:01  -  Run Remote Usage
		Usr 0 00:00:00, Sys 0 00:00:00  -  Run Local Usage
		Usr 0 00:00:09, Sys 0 00:00:01  -  Total Remote Usage
		Usr 0 00:00:00, Sys 0 00:00:00  -  Total Local Usage
	8144  -  Run Bytes Sent By Job
	1489  -  Run Bytes Received By Job
	8144  -  Total Bytes Sent By Job
	1489  -  Total Bytes Received By Job
	Partitionable Resources :    Usage  Request Allocated 
	   Cpus                 :                 1         1 
	   Disk (KB)            :       23        2    169561 
	   Memory (MB)          :       33     2000      2000 
...
