000 (1354417.000.000) 02/17 06:52:47 Job submitted from host: <137.138.44.55:9618?addrs=137.138.44.55-9618+[2001-1458-d00-1a--48]-9618&alias=bigbird17.cern.ch&noUDP&sock=schedd_1694_8585_188>
...
040 (1354417.000.000) 02/17 07:03:48 Started transferring input files
	Transferring to host: <188.184.182.169:9618?addrs=188.184.182.169-9618+[2001-1458-301-2b--100-52a]-9618&alias=b7g41n4450.cern.ch&noUDP&sock=slot1_10_3161_f5da_9577>
...
040 (1354417.000.000) 02/17 07:03:48 Finished transferring input files
...
001 (1354417.000.000) 02/17 07:03:49 Job executing on host: <188.184.182.169:9618?addrs=188.184.182.169-9618+[2001-1458-301-2b--100-52a]-9618&alias=b7g41n4450.cern.ch&noUDP&sock=startd_14269_ecf6>
...
006 (1354417.000.000) 02/17 07:03:59 Image size of job updated: 501660
	33  -  MemoryUsage of job (MB)
	33356  -  ResidentSetSize of job (KB)
...
006 (1354417.000.000) 02/17 07:07:03 Image size of job updated: 825868
	33  -  MemoryUsage of job (MB)
	33356  -  ResidentSetSize of job (KB)
...
040 (1354417.000.000) 02/17 07:07:03 Started transferring output files
...
040 (1354417.000.000) 02/17 07:07:03 Finished transferring output files
...
005 (1354417.000.000) 02/17 07:07:03 Job terminated.
	(1) Normal termination (return value 0)
		Usr 0 00:01:39, Sys 0 00:00:11  -  Run Remote Usage
		Usr 0 00:00:00, Sys 0 00:00:00  -  Run Local Usage
		Usr 0 00:01:39, Sys 0 00:00:11  -  Total Remote Usage
		Usr 0 00:00:00, Sys 0 00:00:00  -  Total Local Usage
	7915  -  Run Bytes Sent By Job
	1513  -  Run Bytes Received By Job
	7915  -  Total Bytes Sent By Job
	1513  -  Total Bytes Received By Job
	Partitionable Resources :    Usage  Request Allocated 
	   Cpus                 :     0.82        1         1 
	   Disk (KB)            :    29           2    353445 
	   Memory (MB)          :    33        2000      2000 
...
