000 (1355091.000.000) 02/17 07:32:30 Job submitted from host: <137.138.44.55:9618?addrs=137.138.44.55-9618+[2001-1458-d00-1a--48]-9618&alias=bigbird17.cern.ch&noUDP&sock=schedd_1694_8585_188>
...
040 (1355091.000.000) 02/17 07:34:19 Started transferring input files
	Transferring to host: <188.184.207.63:9618?addrs=188.184.207.63-9618+[2001-1458-301-7d--100-316]-9618&alias=b7g27n0163.cern.ch&noUDP&sock=slot1_10_14495_c9e7_9513>
...
040 (1355091.000.000) 02/17 07:34:19 Finished transferring input files
...
001 (1355091.000.000) 02/17 07:34:20 Job executing on host: <188.184.207.63:9618?addrs=188.184.207.63-9618+[2001-1458-301-7d--100-316]-9618&alias=b7g27n0163.cern.ch&noUDP&sock=startd_2259_1088>
...
006 (1355091.000.000) 02/17 07:34:28 Image size of job updated: 66096
	17  -  MemoryUsage of job (MB)
	17084  -  ResidentSetSize of job (KB)
...
006 (1355091.000.000) 02/17 07:37:37 Image size of job updated: 779804
	17  -  MemoryUsage of job (MB)
	17156  -  ResidentSetSize of job (KB)
...
040 (1355091.000.000) 02/17 07:37:37 Started transferring output files
...
040 (1355091.000.000) 02/17 07:37:37 Finished transferring output files
...
005 (1355091.000.000) 02/17 07:37:37 Job terminated.
	(1) Normal termination (return value 0)
		Usr 0 00:02:01, Sys 0 00:00:03  -  Run Remote Usage
		Usr 0 00:00:00, Sys 0 00:00:00  -  Run Local Usage
		Usr 0 00:02:01, Sys 0 00:00:03  -  Total Remote Usage
		Usr 0 00:00:00, Sys 0 00:00:00  -  Total Local Usage
	13015  -  Run Bytes Sent By Job
	1524  -  Run Bytes Received By Job
	13015  -  Total Bytes Sent By Job
	1524  -  Total Bytes Received By Job
	Partitionable Resources :    Usage  Request Allocated 
	   Cpus                 :     0.56        1         1 
	   Disk (KB)            :    34           2     99751 
	   Memory (MB)          :    17        2000      2000 
...
