000 (1355289.000.000) 02/17 07:42:40 Job submitted from host: <137.138.44.55:9618?addrs=137.138.44.55-9618+[2001-1458-d00-1a--48]-9618&alias=bigbird17.cern.ch&noUDP&sock=schedd_1694_8585_188>
...
040 (1355289.000.000) 02/17 07:43:58 Started transferring input files
	Transferring to host: <128.142.104.135:9618?addrs=128.142.104.135-9618&noUDP&sock=2867_cf8e_151914>
...
040 (1355289.000.000) 02/17 07:43:58 Finished transferring input files
...
001 (1355289.000.000) 02/17 07:43:59 Job executing on host: <128.142.104.135:9618?addrs=128.142.104.135-9618&noUDP&sock=1785_f0a4_3>
...
006 (1355289.000.000) 02/17 07:44:08 Image size of job updated: 217400
	154  -  MemoryUsage of job (MB)
	157316  -  ResidentSetSize of job (KB)
...
006 (1355289.000.000) 02/17 07:44:19 Image size of job updated: 243064
	154  -  MemoryUsage of job (MB)
	157416  -  ResidentSetSize of job (KB)
...
040 (1355289.000.000) 02/17 07:44:19 Started transferring output files
...
040 (1355289.000.000) 02/17 07:44:19 Finished transferring output files
...
005 (1355289.000.000) 02/17 07:44:19 Job terminated.
	(1) Normal termination (return value 0)
		Usr 0 00:00:08, Sys 0 00:00:01  -  Run Remote Usage
		Usr 0 00:00:00, Sys 0 00:00:00  -  Run Local Usage
		Usr 0 00:00:08, Sys 0 00:00:01  -  Total Remote Usage
		Usr 0 00:00:00, Sys 0 00:00:00  -  Total Local Usage
	8142  -  Run Bytes Sent By Job
	1487  -  Run Bytes Received By Job
	8142  -  Total Bytes Sent By Job
	1487  -  Total Bytes Received By Job
	Partitionable Resources :    Usage  Request Allocated 
	   Cpus                 :     0.04        1         1 
	   Disk (KB)            :    31           2     99361 
	   Memory (MB)          :   154        2000      2000 
...
