000 (1354461.000.000) 02/17 06:55:55 Job submitted from host: <137.138.44.55:9618?addrs=137.138.44.55-9618+[2001-1458-d00-1a--48]-9618&alias=bigbird17.cern.ch&noUDP&sock=schedd_1694_8585_188>
...
040 (1354461.000.000) 02/17 07:04:35 Started transferring input files
	Transferring to host: <128.142.123.70:9618?addrs=128.142.123.70-9618&noUDP&sock=2914_ed30_96620>
...
040 (1354461.000.000) 02/17 07:04:35 Finished transferring input files
...
001 (1354461.000.000) 02/17 07:04:36 Job executing on host: <128.142.123.70:9618?addrs=128.142.123.70-9618&noUDP&sock=1871_edc9_3>
...
006 (1354461.000.000) 02/17 07:04:44 Image size of job updated: 209612
	170  -  MemoryUsage of job (MB)
	173336  -  ResidentSetSize of job (KB)
...
040 (1354461.000.000) 02/17 07:06:53 Started transferring output files
...
040 (1354461.000.000) 02/17 07:06:53 Finished transferring output files
...
005 (1354461.000.000) 02/17 07:06:53 Job terminated.
	(1) Normal termination (return value 0)
		Usr 0 00:01:39, Sys 0 00:00:02  -  Run Remote Usage
		Usr 0 00:00:00, Sys 0 00:00:00  -  Run Local Usage
		Usr 0 00:01:39, Sys 0 00:00:02  -  Total Remote Usage
		Usr 0 00:00:00, Sys 0 00:00:00  -  Total Local Usage
	7954  -  Run Bytes Sent By Job
	1553  -  Run Bytes Received By Job
	7954  -  Total Bytes Sent By Job
	1553  -  Total Bytes Received By Job
	Partitionable Resources :    Usage  Request Allocated 
	   Cpus                 :     0.98        1         1 
	   Disk (KB)            :    31           2    211544 
	   Memory (MB)          :   170        2000      2000 
...
