000 (1355120.000.000) 02/17 07:34:17 Job submitted from host: <137.138.44.55:9618?addrs=137.138.44.55-9618+[2001-1458-d00-1a--48]-9618&alias=bigbird17.cern.ch&noUDP&sock=schedd_1694_8585_188>
...
040 (1355120.000.000) 02/17 07:37:21 Started transferring input files
	Transferring to host: <128.142.126.105:9618?addrs=128.142.126.105-9618+[2001-1458-301-c3--100-d5]-9618&noUDP&sock=14698_d20f_164759>
...
040 (1355120.000.000) 02/17 07:37:21 Finished transferring input files
...
001 (1355120.000.000) 02/17 07:37:22 Job executing on host: <128.142.126.105:9618?addrs=128.142.126.105-9618+[2001-1458-301-c3--100-d5]-9618&noUDP&sock=1342_142f_3>
...
006 (1355120.000.000) 02/17 07:37:30 Image size of job updated: 440
	1  -  MemoryUsage of job (MB)
	440  -  ResidentSetSize of job (KB)
...
006 (1355120.000.000) 02/17 07:42:30 Image size of job updated: 355188
	286  -  MemoryUsage of job (MB)
	292332  -  ResidentSetSize of job (KB)
...
040 (1355120.000.000) 02/17 07:43:11 Started transferring output files
...
040 (1355120.000.000) 02/17 07:43:11 Finished transferring output files
...
005 (1355120.000.000) 02/17 07:43:11 Job terminated.
	(1) Normal termination (return value 0)
		Usr 0 00:01:08, Sys 0 00:00:02  -  Run Remote Usage
		Usr 0 00:00:00, Sys 0 00:00:00  -  Run Local Usage
		Usr 0 00:01:08, Sys 0 00:00:02  -  Total Remote Usage
		Usr 0 00:00:00, Sys 0 00:00:00  -  Total Local Usage
	13055  -  Run Bytes Sent By Job
	1564  -  Run Bytes Received By Job
	13055  -  Total Bytes Sent By Job
	1564  -  Total Bytes Received By Job
	Partitionable Resources :    Usage  Request Allocated 
	   Cpus                 :     0.00        1         1 
	   Disk (KB)            :    36           2    194401 
	   Memory (MB)          :   286        2000      2000 
...
