000 (1354567.000.000) 02/17 07:03:07 Job submitted from host: <137.138.44.55:9618?addrs=137.138.44.55-9618+[2001-1458-d00-1a--48]-9618&alias=bigbird17.cern.ch&noUDP&sock=schedd_1694_8585_188>
...
040 (1354567.000.000) 02/17 07:06:55 Started transferring input files
	Transferring to host: <188.185.105.135:9618?addrs=188.185.105.135-9618+[2001-1458-d00-3e--100-347]-9618&noUDP&sock=31282_bfb1_75679>
...
040 (1354567.000.000) 02/17 07:06:55 Finished transferring input files
...
001 (1354567.000.000) 02/17 07:06:56 Job executing on host: <188.185.105.135:9618?addrs=188.185.105.135-9618+[2001-1458-d00-3e--100-347]-9618&noUDP&sock=31243_ad83_3>
...
006 (1354567.000.000) 02/17 07:07:04 Image size of job updated: 262692
	197  -  MemoryUsage of job (MB)
	200744  -  ResidentSetSize of job (KB)
...
006 (1354567.000.000) 02/17 07:07:11 Image size of job updated: 590468
	197  -  MemoryUsage of job (MB)
	201092  -  ResidentSetSize of job (KB)
...
040 (1354567.000.000) 02/17 07:07:12 Started transferring output files
...
040 (1354567.000.000) 02/17 07:07:12 Finished transferring output files
...
005 (1354567.000.000) 02/17 07:07:12 Job terminated.
	(1) Normal termination (return value 139)
		Usr 0 00:00:07, Sys 0 00:00:01  -  Run Remote Usage
		Usr 0 00:00:00, Sys 0 00:00:00  -  Run Local Usage
		Usr 0 00:00:07, Sys 0 00:00:01  -  Total Remote Usage
		Usr 0 00:00:00, Sys 0 00:00:00  -  Total Local Usage
	9956  -  Run Bytes Sent By Job
	1554  -  Run Bytes Received By Job
	9956  -  Total Bytes Sent By Job
	1554  -  Total Bytes Received By Job
	Partitionable Resources :    Usage  Request Allocated 
	   Cpus                 :        0        1         1 
	   Disk (KB)            :       33        2    561336 
	   Memory (MB)          :      197     2000      2000 
...
