000 (1355322.000.000) 02/17 07:43:53 Job submitted from host: <137.138.44.55:9618?addrs=137.138.44.55-9618+[2001-1458-d00-1a--48]-9618&alias=bigbird17.cern.ch&noUDP&sock=schedd_1694_8585_188>
...
040 (1355322.000.000) 02/17 07:46:49 Started transferring input files
	Transferring to host: <128.142.70.137:9618?addrs=128.142.70.137-9618+[2001-1458-301-52--100-53]-9618&alias=b7s10n4283.cern.ch&noUDP&sock=slot1_2_10872_0eb3_4925>
...
040 (1355322.000.000) 02/17 07:46:49 Finished transferring input files
...
001 (1355322.000.000) 02/17 07:46:50 Job executing on host: <128.142.70.137:9618?addrs=128.142.70.137-9618+[2001-1458-301-52--100-53]-9618&alias=b7s10n4283.cern.ch&noUDP&sock=startd_5210_3483>
...
006 (1355322.000.000) 02/17 07:46:59 Image size of job updated: 654836
	176  -  MemoryUsage of job (MB)
	179360  -  ResidentSetSize of job (KB)
...
040 (1355322.000.000) 02/17 07:47:09 Started transferring output files
...
040 (1355322.000.000) 02/17 07:47:09 Finished transferring output files
...
005 (1355322.000.000) 02/17 07:47:09 Job terminated.
	(1) Normal termination (return value 0)
		Usr 0 00:00:09, Sys 0 00:00:01  -  Run Remote Usage
		Usr 0 00:00:00, Sys 0 00:00:00  -  Run Local Usage
		Usr 0 00:00:09, Sys 0 00:00:01  -  Total Remote Usage
		Usr 0 00:00:00, Sys 0 00:00:00  -  Total Local Usage
	8139  -  Run Bytes Sent By Job
	1484  -  Run Bytes Received By Job
	8139  -  Total Bytes Sent By Job
	1484  -  Total Bytes Received By Job
	Partitionable Resources :    Usage  Request Allocated 
	   Cpus                 :                 1         1 
	   Disk (KB)            :       23        2    169120 
	   Memory (MB)          :      176     2000      2000 
...
