000 (1355343.000.000) 02/17 07:44:43 Job submitted from host: <137.138.44.55:9618?addrs=137.138.44.55-9618+[2001-1458-d00-1a--48]-9618&alias=bigbird17.cern.ch&noUDP&sock=schedd_1694_8585_188>
...
040 (1355343.000.000) 02/17 07:47:12 Started transferring input files
	Transferring to host: <128.142.79.21:9618?addrs=128.142.79.21-9618+[2001-1458-301-f4--100-115]-9618&alias=b7s12n9582.cern.ch&noUDP&sock=slot1_6_25349_69e0_4241>
...
040 (1355343.000.000) 02/17 07:47:12 Finished transferring input files
...
001 (1355343.000.000) 02/17 07:47:13 Job executing on host: <128.142.79.21:9618?addrs=128.142.79.21-9618+[2001-1458-301-f4--100-115]-9618&alias=b7s12n9582.cern.ch&noUDP&sock=startd_15982_e6b1>
...
006 (1355343.000.000) 02/17 07:47:22 Image size of job updated: 501692
	171  -  MemoryUsage of job (MB)
	174152  -  ResidentSetSize of job (KB)
...
040 (1355343.000.000) 02/17 07:47:26 Started transferring output files
...
040 (1355343.000.000) 02/17 07:47:26 Finished transferring output files
...
005 (1355343.000.000) 02/17 07:47:26 Job terminated.
	(1) Normal termination (return value 0)
		Usr 0 00:00:05, Sys 0 00:00:01  -  Run Remote Usage
		Usr 0 00:00:00, Sys 0 00:00:00  -  Run Local Usage
		Usr 0 00:00:05, Sys 0 00:00:01  -  Total Remote Usage
		Usr 0 00:00:00, Sys 0 00:00:00  -  Total Local Usage
	8143  -  Run Bytes Sent By Job
	1488  -  Run Bytes Received By Job
	8143  -  Total Bytes Sent By Job
	1488  -  Total Bytes Received By Job
	Partitionable Resources :    Usage  Request Allocated 
	   Cpus                 :                 1         1 
	   Disk (KB)            :       23        2    249088 
	   Memory (MB)          :      171     2000      2000 
...
