000 (1355163.000.000) 02/17 07:36:15 Job submitted from host: <137.138.44.55:9618?addrs=137.138.44.55-9618+[2001-1458-d00-1a--48]-9618&alias=bigbird17.cern.ch&noUDP&sock=schedd_1694_8585_188>
...
040 (1355163.000.000) 02/17 07:37:01 Started transferring input files
	Transferring to host: <128.142.120.110:9618?addrs=128.142.120.110-9618&noUDP&sock=2987_5c93_104849>
...
040 (1355163.000.000) 02/17 07:37:01 Finished transferring input files
...
001 (1355163.000.000) 02/17 07:37:02 Job executing on host: <128.142.120.110:9618?addrs=128.142.120.110-9618&noUDP&sock=1896_13a7_3>
...
006 (1355163.000.000) 02/17 07:37:10 Image size of job updated: 2824
	3  -  MemoryUsage of job (MB)
	2352  -  ResidentSetSize of job (KB)
...
006 (1355163.000.000) 02/17 07:40:21 Image size of job updated: 355384
	3  -  MemoryUsage of job (MB)
	2352  -  ResidentSetSize of job (KB)
...
040 (1355163.000.000) 02/17 07:40:21 Started transferring output files
...
040 (1355163.000.000) 02/17 07:40:21 Finished transferring output files
...
005 (1355163.000.000) 02/17 07:40:21 Job terminated.
	(1) Normal termination (return value 0)
		Usr 0 00:01:36, Sys 0 00:00:02  -  Run Remote Usage
		Usr 0 00:00:00, Sys 0 00:00:00  -  Run Local Usage
		Usr 0 00:01:36, Sys 0 00:00:02  -  Total Remote Usage
		Usr 0 00:00:00, Sys 0 00:00:00  -  Total Local Usage
	13054  -  Run Bytes Sent By Job
	1564  -  Run Bytes Received By Job
	13054  -  Total Bytes Sent By Job
	1564  -  Total Bytes Received By Job
	Partitionable Resources :    Usage  Request Allocated 
	   Cpus                 :        0        1         1 
	   Disk (KB)            :       35        2    198324 
	   Memory (MB)          :        3     2000      2000 
...
