000 (1355241.000.000) 02/17 07:40:05 Job submitted from host: <137.138.44.55:9618?addrs=137.138.44.55-9618+[2001-1458-d00-1a--48]-9618&alias=bigbird17.cern.ch&noUDP&sock=schedd_1694_8585_188>
...
040 (1355241.000.000) 02/17 07:40:08 Started transferring input files
	Transferring to host: <128.142.123.245:9618?addrs=128.142.123.245-9618&noUDP&sock=2957_3951_89339>
...
040 (1355241.000.000) 02/17 07:40:08 Finished transferring input files
...
001 (1355241.000.000) 02/17 07:40:09 Job executing on host: <128.142.123.245:9618?addrs=128.142.123.245-9618&noUDP&sock=1940_41d2_3>
...
006 (1355241.000.000) 02/17 07:40:18 Image size of job updated: 241340
	175  -  MemoryUsage of job (MB)
	179072  -  ResidentSetSize of job (KB)
...
006 (1355241.000.000) 02/17 07:40:22 Image size of job updated: 244720
	175  -  MemoryUsage of job (MB)
	179072  -  ResidentSetSize of job (KB)
...
040 (1355241.000.000) 02/17 07:40:22 Started transferring output files
...
040 (1355241.000.000) 02/17 07:40:22 Finished transferring output files
...
005 (1355241.000.000) 02/17 07:40:23 Job terminated.
	(1) Normal termination (return value 0)
		Usr 0 00:00:07, Sys 0 00:00:01  -  Run Remote Usage
		Usr 0 00:00:00, Sys 0 00:00:00  -  Run Local Usage
		Usr 0 00:00:07, Sys 0 00:00:01  -  Total Remote Usage
		Usr 0 00:00:00, Sys 0 00:00:00  -  Total Local Usage
	8183  -  Run Bytes Sent By Job
	1528  -  Run Bytes Received By Job
	8183  -  Total Bytes Sent By Job
	1528  -  Total Bytes Received By Job
	Partitionable Resources :    Usage  Request Allocated 
	   Cpus                 :        0        1         1 
	   Disk (KB)            :       31        2    197971 
	   Memory (MB)          :      175     2000      2000 
...
