000 (1355334.000.000) 02/17 07:44:29 Job submitted from host: <137.138.44.55:9618?addrs=137.138.44.55-9618+[2001-1458-d00-1a--48]-9618&alias=bigbird17.cern.ch&noUDP&sock=schedd_1694_8585_188>
...
040 (1355334.000.000) 02/17 07:46:37 Started transferring input files
	Transferring to host: <188.184.169.67:9618?addrs=188.184.169.67-9618+[2001-1458-301-c0--100-36e]-9618&alias=b7g52n2421.cern.ch&noUDP&sock=slot1_8_16499_c9b8_3136>
...
040 (1355334.000.000) 02/17 07:46:37 Finished transferring input files
...
001 (1355334.000.000) 02/17 07:46:38 Job executing on host: <188.184.169.67:9618?addrs=188.184.169.67-9618+[2001-1458-301-c0--100-36e]-9618&alias=b7g52n2421.cern.ch&noUDP&sock=startd_16478_1dab>
...
006 (1355334.000.000) 02/17 07:46:47 Image size of job updated: 177872
	81  -  MemoryUsage of job (MB)
	81972  -  ResidentSetSize of job (KB)
...
006 (1355334.000.000) 02/17 07:46:57 Image size of job updated: 654876
	81  -  MemoryUsage of job (MB)
	81972  -  ResidentSetSize of job (KB)
...
040 (1355334.000.000) 02/17 07:46:57 Started transferring output files
...
040 (1355334.000.000) 02/17 07:46:57 Finished transferring output files
...
005 (1355334.000.000) 02/17 07:46:57 Job terminated.
	(1) Normal termination (return value 0)
		Usr 0 00:00:07, Sys 0 00:00:01  -  Run Remote Usage
		Usr 0 00:00:00, Sys 0 00:00:00  -  Run Local Usage
		Usr 0 00:00:07, Sys 0 00:00:01  -  Total Remote Usage
		Usr 0 00:00:00, Sys 0 00:00:00  -  Total Local Usage
	8143  -  Run Bytes Sent By Job
	1488  -  Run Bytes Received By Job
	8143  -  Total Bytes Sent By Job
	1488  -  Total Bytes Received By Job
	Partitionable Resources :    Usage  Request Allocated 
	   Cpus                 :                 1         1 
	   Disk (KB)            :       23        2    265666 
	   Memory (MB)          :       81     2000      2000 
...
