000 (1354569.000.000) 02/17 07:03:19 Job submitted from host: <137.138.44.55:9618?addrs=137.138.44.55-9618+[2001-1458-d00-1a--48]-9618&alias=bigbird17.cern.ch&noUDP&sock=schedd_1694_8585_188>
...
040 (1354569.000.000) 02/17 07:06:58 Started transferring input files
	Transferring to host: <128.142.81.247:9618?addrs=128.142.81.247-9618+[2001-1458-301-f5--100-68a]-9618&noUDP&sock=16410_1454_28192>
...
040 (1354569.000.000) 02/17 07:06:58 Finished transferring input files
...
001 (1354569.000.000) 02/17 07:06:59 Job executing on host: <128.142.81.247:9618?addrs=128.142.81.247-9618+[2001-1458-301-f5--100-68a]-9618&noUDP&sock=16254_7874_3>
...
006 (1354569.000.000) 02/17 07:07:08 Image size of job updated: 390628
	323  -  MemoryUsage of job (MB)
	329824  -  ResidentSetSize of job (KB)
...
006 (1354569.000.000) 02/17 07:07:14 Image size of job updated: 440088
	324  -  MemoryUsage of job (MB)
	330940  -  ResidentSetSize of job (KB)
...
040 (1354569.000.000) 02/17 07:07:14 Started transferring output files
...
040 (1354569.000.000) 02/17 07:07:14 Finished transferring output files
...
005 (1354569.000.000) 02/17 07:07:14 Job terminated.
	(1) Normal termination (return value 139)
		Usr 0 00:00:09, Sys 0 00:00:02  -  Run Remote Usage
		Usr 0 00:00:00, Sys 0 00:00:00  -  Run Local Usage
		Usr 0 00:00:09, Sys 0 00:00:02  -  Total Remote Usage
		Usr 0 00:00:00, Sys 0 00:00:00  -  Total Local Usage
	9955  -  Run Bytes Sent By Job
	1553  -  Run Bytes Received By Job
	9955  -  Total Bytes Sent By Job
	1553  -  Total Bytes Received By Job
	Partitionable Resources :    Usage  Request Allocated 
	   Cpus                 :        0        1         1 
	   Disk (KB)            :       33        2    264007 
	   Memory (MB)          :      324     2000      2000 
...
