000 (1355239.000.000) 02/17 07:39:54 Job submitted from host: <137.138.44.55:9618?addrs=137.138.44.55-9618+[2001-1458-d00-1a--48]-9618&alias=bigbird17.cern.ch&noUDP&sock=schedd_1694_8585_188>
...
040 (1355239.000.000) 02/17 07:39:56 Started transferring input files
	Transferring to host: <188.184.138.230:9618?addrs=188.184.138.230-9618+[2001-1458-301-45--100-e5]-9618&noUDP&sock=32501_a503_170929>
...
040 (1355239.000.000) 02/17 07:39:56 Finished transferring input files
...
001 (1355239.000.000) 02/17 07:39:57 Job executing on host: <188.184.138.230:9618?addrs=188.184.138.230-9618+[2001-1458-301-45--100-e5]-9618&noUDP&sock=5630_4a4a_3>
...
006 (1355239.000.000) 02/17 07:40:06 Image size of job updated: 236432
	171  -  MemoryUsage of job (MB)
	174168  -  ResidentSetSize of job (KB)
...
006 (1355239.000.000) 02/17 07:40:13 Image size of job updated: 246812
	171  -  MemoryUsage of job (MB)
	174168  -  ResidentSetSize of job (KB)
...
040 (1355239.000.000) 02/17 07:40:13 Started transferring output files
...
040 (1355239.000.000) 02/17 07:40:13 Finished transferring output files
...
005 (1355239.000.000) 02/17 07:40:13 Job terminated.
	(1) Normal termination (return value 0)
		Usr 0 00:00:07, Sys 0 00:00:01  -  Run Remote Usage
		Usr 0 00:00:00, Sys 0 00:00:00  -  Run Local Usage
		Usr 0 00:00:07, Sys 0 00:00:01  -  Total Remote Usage
		Usr 0 00:00:00, Sys 0 00:00:00  -  Total Local Usage
	8183  -  Run Bytes Sent By Job
	1528  -  Run Bytes Received By Job
	8183  -  Total Bytes Sent By Job
	1528  -  Total Bytes Received By Job
	Partitionable Resources :    Usage  Request Allocated 
	   Cpus                 :        0        1         1 
	   Disk (KB)            :       32        2    286428 
	   Memory (MB)          :      171     2000      2000 
...
