000 (1355296.000.000) 02/17 07:42:51 Job submitted from host: <137.138.44.55:9618?addrs=137.138.44.55-9618+[2001-1458-d00-1a--48]-9618&alias=bigbird17.cern.ch&noUDP&sock=schedd_1694_8585_188>
...
040 (1355296.000.000) 02/17 07:44:20 Started transferring input files
	Transferring to host: <188.184.182.13:9618?addrs=188.184.182.13-9618+[2001-1458-301-2b--100-24]-9618&noUDP&sock=13306_07d6_160546>
...
040 (1355296.000.000) 02/17 07:44:20 Finished transferring input files
...
001 (1355296.000.000) 02/17 07:44:21 Job executing on host: <188.184.182.13:9618?addrs=188.184.182.13-9618+[2001-1458-301-2b--100-24]-9618&noUDP&sock=6519_11fb_3>
...
006 (1355296.000.000) 02/17 07:44:29 Image size of job updated: 188464
	90  -  MemoryUsage of job (MB)
	91984  -  ResidentSetSize of job (KB)
...
006 (1355296.000.000) 02/17 07:44:55 Image size of job updated: 248564
	90  -  MemoryUsage of job (MB)
	91996  -  ResidentSetSize of job (KB)
...
040 (1355296.000.000) 02/17 07:44:55 Started transferring output files
...
040 (1355296.000.000) 02/17 07:44:55 Finished transferring output files
...
005 (1355296.000.000) 02/17 07:44:55 Job terminated.
	(1) Normal termination (return value 0)
		Usr 0 00:00:10, Sys 0 00:00:01  -  Run Remote Usage
		Usr 0 00:00:00, Sys 0 00:00:00  -  Run Local Usage
		Usr 0 00:00:10, Sys 0 00:00:01  -  Total Remote Usage
		Usr 0 00:00:00, Sys 0 00:00:00  -  Total Local Usage
	8142  -  Run Bytes Sent By Job
	1487  -  Run Bytes Received By Job
	8142  -  Total Bytes Sent By Job
	1487  -  Total Bytes Received By Job
	Partitionable Resources :    Usage  Request Allocated 
	   Cpus                 :        0        1         1 
	   Disk (KB)            :       31        2    273937 
	   Memory (MB)          :       90     2000      2000 
...
