000 (1354948.000.000) 02/17 07:26:22 Job submitted from host: <137.138.44.55:9618?addrs=137.138.44.55-9618+[2001-1458-d00-1a--48]-9618&alias=bigbird17.cern.ch&noUDP&sock=schedd_1694_8585_188>
...
040 (1354948.000.000) 02/17 07:26:31 Started transferring input files
	Transferring to host: <128.142.112.223:9618?addrs=128.142.112.223-9618+[2001-1458-301-90--100-20f]-9618&alias=b7s05n1107.cern.ch&noUDP&sock=slot1_1_14609_1cab_10796>
...
040 (1354948.000.000) 02/17 07:26:31 Finished transferring input files
...
001 (1354948.000.000) 02/17 07:26:32 Job executing on host: <128.142.112.223:9618?addrs=128.142.112.223-9618+[2001-1458-301-90--100-20f]-9618&alias=b7s05n1107.cern.ch&noUDP&sock=startd_1887_e74d>
...
006 (1354948.000.000) 02/17 07:26:41 Image size of job updated: 238416
	171  -  MemoryUsage of job (MB)
	174188  -  ResidentSetSize of job (KB)
...
040 (1354948.000.000) 02/17 07:26:41 Started transferring output files
...
040 (1354948.000.000) 02/17 07:26:41 Finished transferring output files
...
005 (1354948.000.000) 02/17 07:26:41 Job terminated.
	(1) Normal termination (return value 0)
		Usr 0 00:00:02, Sys 0 00:00:01  -  Run Remote Usage
		Usr 0 00:00:00, Sys 0 00:00:00  -  Run Local Usage
		Usr 0 00:00:02, Sys 0 00:00:01  -  Total Remote Usage
		Usr 0 00:00:00, Sys 0 00:00:00  -  Total Local Usage
	12876  -  Run Bytes Sent By Job
	1459  -  Run Bytes Received By Job
	12876  -  Total Bytes Sent By Job
	1459  -  Total Bytes Received By Job
	Partitionable Resources :    Usage  Request Allocated 
	   Cpus                 :                 1         1 
	   Disk (KB)            :       28        2    208413 
	   Memory (MB)          :      171     2000      2000 
...
