000 (1355262.000.000) 02/17 07:41:43 Job submitted from host: <137.138.44.55:9618?addrs=137.138.44.55-9618+[2001-1458-d00-1a--48]-9618&alias=bigbird17.cern.ch&noUDP&sock=schedd_1694_8585_188>
...
040 (1355262.000.000) 02/17 07:42:30 Started transferring input files
	Transferring to host: <128.142.105.123:9618?addrs=128.142.105.123-9618+[2001-1458-301-8b--100-160]-9618&alias=b7s03n0906.cern.ch&noUDP&sock=slot1_5_25474_7cc5_9439>
...
040 (1355262.000.000) 02/17 07:42:30 Finished transferring input files
...
001 (1355262.000.000) 02/17 07:42:31 Job executing on host: <128.142.105.123:9618?addrs=128.142.105.123-9618+[2001-1458-301-8b--100-160]-9618&alias=b7s03n0906.cern.ch&noUDP&sock=startd_1660_334d>
...
006 (1355262.000.000) 02/17 07:42:40 Image size of job updated: 216728
	153  -  MemoryUsage of job (MB)
	156644  -  ResidentSetSize of job (KB)
...
006 (1355262.000.000) 02/17 07:43:01 Image size of job updated: 654948
	154  -  MemoryUsage of job (MB)
	157020  -  ResidentSetSize of job (KB)
...
040 (1355262.000.000) 02/17 07:43:01 Started transferring output files
...
040 (1355262.000.000) 02/17 07:43:01 Finished transferring output files
...
005 (1355262.000.000) 02/17 07:43:01 Job terminated.
	(1) Normal termination (return value 0)
		Usr 0 00:00:12, Sys 0 00:00:01  -  Run Remote Usage
		Usr 0 00:00:00, Sys 0 00:00:00  -  Run Local Usage
		Usr 0 00:00:12, Sys 0 00:00:01  -  Total Remote Usage
		Usr 0 00:00:00, Sys 0 00:00:00  -  Total Local Usage
	8178  -  Run Bytes Sent By Job
	1523  -  Run Bytes Received By Job
	8178  -  Total Bytes Sent By Job
	1523  -  Total Bytes Received By Job
	Partitionable Resources :    Usage  Request Allocated 
	   Cpus                 :                 1         1 
	   Disk (KB)            :       23        2     94360 
	   Memory (MB)          :      154     2000      2000 
...
