000 (1355130.000.000) 02/17 07:34:40 Job submitted from host: <137.138.44.55:9618?addrs=137.138.44.55-9618+[2001-1458-d00-1a--48]-9618&alias=bigbird17.cern.ch&noUDP&sock=schedd_1694_8585_188>
...
040 (1355130.000.000) 02/17 07:36:17 Started transferring input files
	Transferring to host: <188.184.210.41:9618?addrs=188.184.210.41-9618+[2001-1458-301-10b--100-26]-9618&alias=b7g23n6501.cern.ch&noUDP&sock=slot1_2_8427_5570_5114>
...
040 (1355130.000.000) 02/17 07:36:17 Finished transferring input files
...
001 (1355130.000.000) 02/17 07:36:18 Job executing on host: <188.184.210.41:9618?addrs=188.184.210.41-9618+[2001-1458-301-10b--100-26]-9618&alias=b7g23n6501.cern.ch&noUDP&sock=startd_18273_562a>
...
006 (1355130.000.000) 02/17 07:36:27 Image size of job updated: 127788
	43  -  MemoryUsage of job (MB)
	43728  -  ResidentSetSize of job (KB)
...
006 (1355130.000.000) 02/17 07:38:08 Image size of job updated: 777080
	43  -  MemoryUsage of job (MB)
	43740  -  ResidentSetSize of job (KB)
...
040 (1355130.000.000) 02/17 07:38:08 Started transferring output files
...
040 (1355130.000.000) 02/17 07:38:08 Finished transferring output files
...
005 (1355130.000.000) 02/17 07:38:09 Job terminated.
	(1) Normal termination (return value 0)
		Usr 0 00:01:14, Sys 0 00:00:02  -  Run Remote Usage
		Usr 0 00:00:00, Sys 0 00:00:00  -  Run Local Usage
		Usr 0 00:01:14, Sys 0 00:00:02  -  Total Remote Usage
		Usr 0 00:00:00, Sys 0 00:00:00  -  Total Local Usage
	13054  -  Run Bytes Sent By Job
	1563  -  Run Bytes Received By Job
	13054  -  Total Bytes Sent By Job
	1563  -  Total Bytes Received By Job
	Partitionable Resources :    Usage  Request Allocated 
	   Cpus                 :                 1         1 
	   Disk (KB)            :       27        2    232628 
	   Memory (MB)          :       43     2000      2000 
...
