000 (1355115.000.000) 02/17 07:33:56 Job submitted from host: <137.138.44.55:9618?addrs=137.138.44.55-9618+[2001-1458-d00-1a--48]-9618&alias=bigbird17.cern.ch&noUDP&sock=schedd_1694_8585_188>
...
040 (1355115.000.000) 02/17 07:37:44 Started transferring input files
	Transferring to host: <128.142.126.149:9618?addrs=128.142.126.149-9618+[2001-1458-301-c3--100-184]-9618&noUDP&sock=22838_2fda_157134>
...
040 (1355115.000.000) 02/17 07:37:44 Finished transferring input files
...
001 (1355115.000.000) 02/17 07:37:45 Job executing on host: <128.142.126.149:9618?addrs=128.142.126.149-9618+[2001-1458-301-c3--100-184]-9618&noUDP&sock=1310_2127_3>
...
006 (1355115.000.000) 02/17 07:37:54 Image size of job updated: 11336
	12  -  MemoryUsage of job (MB)
	11276  -  ResidentSetSize of job (KB)
...
006 (1355115.000.000) 02/17 07:42:54 Image size of job updated: 358540
	289  -  MemoryUsage of job (MB)
	295684  -  ResidentSetSize of job (KB)
...
006 (1355115.000.000) 02/17 07:43:19 Image size of job updated: 361976
	289  -  MemoryUsage of job (MB)
	295684  -  ResidentSetSize of job (KB)
...
040 (1355115.000.000) 02/17 07:43:19 Started transferring output files
...
040 (1355115.000.000) 02/17 07:43:19 Finished transferring output files
...
005 (1355115.000.000) 02/17 07:43:20 Job terminated.
	(1) Normal termination (return value 0)
		Usr 0 00:01:15, Sys 0 00:00:02  -  Run Remote Usage
		Usr 0 00:00:00, Sys 0 00:00:00  -  Run Local Usage
		Usr 0 00:01:15, Sys 0 00:00:02  -  Total Remote Usage
		Usr 0 00:00:00, Sys 0 00:00:00  -  Total Local Usage
	13055  -  Run Bytes Sent By Job
	1564  -  Run Bytes Received By Job
	13055  -  Total Bytes Sent By Job
	1564  -  Total Bytes Received By Job
	Partitionable Resources :    Usage  Request Allocated 
	   Cpus                 :     0.09        1         1 
	   Disk (KB)            :    35           2    200784 
	   Memory (MB)          :   289        2000      2000 
...
