000 (1355212.000.000) 02/17 07:38:43 Job submitted from host: <137.138.44.55:9618?addrs=137.138.44.55-9618+[2001-1458-d00-1a--48]-9618&alias=bigbird17.cern.ch&noUDP&sock=schedd_1694_8585_188>
...
040 (1355212.000.000) 02/17 07:39:08 Started transferring input files
	Transferring to host: <188.184.213.31:9618?addrs=188.184.213.31-9618&noUDP&sock=3175_d31a_104608>
...
040 (1355212.000.000) 02/17 07:39:08 Finished transferring input files
...
001 (1355212.000.000) 02/17 07:39:09 Job executing on host: <188.184.213.31:9618?addrs=188.184.213.31-9618&noUDP&sock=2005_d77a_3>
...
006 (1355212.000.000) 02/17 07:39:18 Image size of job updated: 236780
	171  -  MemoryUsage of job (MB)
	174512  -  ResidentSetSize of job (KB)
...
006 (1355212.000.000) 02/17 07:39:26 Image size of job updated: 244216
	171  -  MemoryUsage of job (MB)
	174512  -  ResidentSetSize of job (KB)
...
040 (1355212.000.000) 02/17 07:39:26 Started transferring output files
...
040 (1355212.000.000) 02/17 07:39:26 Finished transferring output files
...
005 (1355212.000.000) 02/17 07:39:26 Job terminated.
	(1) Normal termination (return value 0)
		Usr 0 00:00:09, Sys 0 00:00:01  -  Run Remote Usage
		Usr 0 00:00:00, Sys 0 00:00:00  -  Run Local Usage
		Usr 0 00:00:09, Sys 0 00:00:01  -  Total Remote Usage
		Usr 0 00:00:00, Sys 0 00:00:00  -  Total Local Usage
	8182  -  Run Bytes Sent By Job
	1528  -  Run Bytes Received By Job
	8182  -  Total Bytes Sent By Job
	1528  -  Total Bytes Received By Job
	Partitionable Resources :    Usage  Request Allocated 
	   Cpus                 :        0        1         1 
	   Disk (KB)            :       31        2    292823 
	   Memory (MB)          :      171     2000      2000 
...
