000 (1354864.000.000) 02/17 07:22:24 Job submitted from host: <137.138.44.55:9618?addrs=137.138.44.55-9618+[2001-1458-d00-1a--48]-9618&alias=bigbird17.cern.ch&noUDP&sock=schedd_1694_8585_188>
...
040 (1354864.000.000) 02/17 07:22:31 Started transferring input files
	Transferring to host: <128.142.109.116:9618?addrs=128.142.109.116-9618&noUDP&sock=2268_c2d5_155233>
...
040 (1354864.000.000) 02/17 07:22:31 Finished transferring input files
...
001 (1354864.000.000) 02/17 07:22:32 Job executing on host: <128.142.109.116:9618?addrs=128.142.109.116-9618&noUDP&sock=2127_8608_3>
...
006 (1354864.000.000) 02/17 07:22:41 Image size of job updated: 208496
	146  -  MemoryUsage of job (MB)
	148540  -  ResidentSetSize of job (KB)
...
006 (1354864.000.000) 02/17 07:22:51 Image size of job updated: 588240
	146  -  MemoryUsage of job (MB)
	148540  -  ResidentSetSize of job (KB)
...
040 (1354864.000.000) 02/17 07:22:51 Started transferring output files
...
040 (1354864.000.000) 02/17 07:22:51 Finished transferring output files
...
005 (1354864.000.000) 02/17 07:22:51 Job terminated.
	(1) Normal termination (return value 139)
		Usr 0 00:00:08, Sys 0 00:00:02  -  Run Remote Usage
		Usr 0 00:00:00, Sys 0 00:00:00  -  Run Local Usage
		Usr 0 00:00:08, Sys 0 00:00:02  -  Total Remote Usage
		Usr 0 00:00:00, Sys 0 00:00:00  -  Total Local Usage
	9964  -  Run Bytes Sent By Job
	1595  -  Run Bytes Received By Job
	9964  -  Total Bytes Sent By Job
	1595  -  Total Bytes Received By Job
	Partitionable Resources :    Usage  Request Allocated 
	   Cpus                 :        0        1         1 
	   Disk (KB)            :       33        2    210512 
	   Memory (MB)          :      146     2000      2000 
...
