000 (1355275.000.000) 02/17 07:42:14 Job submitted from host: <137.138.44.55:9618?addrs=137.138.44.55-9618+[2001-1458-d00-1a--48]-9618&alias=bigbird17.cern.ch&noUDP&sock=schedd_1694_8585_188>
...
040 (1355275.000.000) 02/17 07:43:03 Started transferring input files
	Transferring to host: <188.184.182.13:9618?addrs=188.184.182.13-9618+[2001-1458-301-2b--100-24]-9618&noUDP&sock=13306_07d6_160543>
...
040 (1355275.000.000) 02/17 07:43:03 Finished transferring input files
...
001 (1355275.000.000) 02/17 07:43:04 Job executing on host: <188.184.182.13:9618?addrs=188.184.182.13-9618+[2001-1458-301-2b--100-24]-9618&noUDP&sock=6519_11fb_3>
...
006 (1355275.000.000) 02/17 07:43:13 Image size of job updated: 189608
	91  -  MemoryUsage of job (MB)
	92644  -  ResidentSetSize of job (KB)
...
006 (1355275.000.000) 02/17 07:43:43 Image size of job updated: 246448
	91  -  MemoryUsage of job (MB)
	92644  -  ResidentSetSize of job (KB)
...
040 (1355275.000.000) 02/17 07:43:43 Started transferring output files
...
040 (1355275.000.000) 02/17 07:43:43 Finished transferring output files
...
005 (1355275.000.000) 02/17 07:43:43 Job terminated.
	(1) Normal termination (return value 0)
		Usr 0 00:00:11, Sys 0 00:00:01  -  Run Remote Usage
		Usr 0 00:00:00, Sys 0 00:00:00  -  Run Local Usage
		Usr 0 00:00:11, Sys 0 00:00:01  -  Total Remote Usage
		Usr 0 00:00:00, Sys 0 00:00:00  -  Total Local Usage
	8143  -  Run Bytes Sent By Job
	1488  -  Run Bytes Received By Job
	8143  -  Total Bytes Sent By Job
	1488  -  Total Bytes Received By Job
	Partitionable Resources :    Usage  Request Allocated 
	   Cpus                 :     0.04        1         1 
	   Disk (KB)            :    32           2    274049 
	   Memory (MB)          :    91        2000      2000 
...
