000 (1354812.000.000) 02/17 07:19:59 Job submitted from host: <137.138.44.55:9618?addrs=137.138.44.55-9618+[2001-1458-d00-1a--48]-9618&alias=bigbird17.cern.ch&noUDP&sock=schedd_1694_8585_188>
...
040 (1354812.000.000) 02/17 07:20:31 Started transferring input files
	Transferring to host: <128.142.81.174:9618?addrs=128.142.81.174-9618+[2001-1458-301-f5--100-da]-9618&noUDP&sock=16674_175f_28598>
...
040 (1354812.000.000) 02/17 07:20:31 Finished transferring input files
...
001 (1354812.000.000) 02/17 07:20:32 Job executing on host: <128.142.81.174:9618?addrs=128.142.81.174-9618+[2001-1458-301-f5--100-da]-9618&noUDP&sock=16518_8d75_3>
...
006 (1354812.000.000) 02/17 07:20:41 Image size of job updated: 1512
	2  -  MemoryUsage of job (MB)
	1512  -  ResidentSetSize of job (KB)
...
006 (1354812.000.000) 02/17 07:25:15 Image size of job updated: 367248
	2  -  MemoryUsage of job (MB)
	1512  -  ResidentSetSize of job (KB)
...
040 (1354812.000.000) 02/17 07:25:15 Started transferring output files
...
040 (1354812.000.000) 02/17 07:25:15 Finished transferring output files
...
005 (1354812.000.000) 02/17 07:25:15 Job terminated.
	(1) Normal termination (return value 0)
		Usr 0 00:01:50, Sys 0 00:00:01  -  Run Remote Usage
		Usr 0 00:00:00, Sys 0 00:00:00  -  Run Local Usage
		Usr 0 00:01:50, Sys 0 00:00:01  -  Total Remote Usage
		Usr 0 00:00:00, Sys 0 00:00:00  -  Total Local Usage
	7995  -  Run Bytes Sent By Job
	1594  -  Run Bytes Received By Job
	7995  -  Total Bytes Sent By Job
	1594  -  Total Bytes Received By Job
	Partitionable Resources :    Usage  Request Allocated 
	   Cpus                 :     0.38        1         1 
	   Disk (KB)            :    31           2    255589 
	   Memory (MB)          :     2        2000      2000 
...
