000 (1355121.000.000) 02/17 07:34:17 Job submitted from host: <137.138.44.55:9618?addrs=137.138.44.55-9618+[2001-1458-d00-1a--48]-9618&alias=bigbird17.cern.ch&noUDP&sock=schedd_1694_8585_188>
...
040 (1355121.000.000) 02/17 07:36:24 Started transferring input files
	Transferring to host: <188.184.213.32:9618?addrs=188.184.213.32-9618+[2001-1458-301-10c--100-123]-9618&noUDP&sock=27322_9210_159454>
...
040 (1355121.000.000) 02/17 07:36:24 Finished transferring input files
...
001 (1355121.000.000) 02/17 07:36:25 Job executing on host: <188.184.213.32:9618?addrs=188.184.213.32-9618+[2001-1458-301-10c--100-123]-9618&noUDP&sock=20517_88b0_3>
...
006 (1355121.000.000) 02/17 07:36:33 Image size of job updated: 254096
	148  -  MemoryUsage of job (MB)
	151276  -  ResidentSetSize of job (KB)
...
006 (1355121.000.000) 02/17 07:38:30 Image size of job updated: 362796
	148  -  MemoryUsage of job (MB)
	151276  -  ResidentSetSize of job (KB)
...
040 (1355121.000.000) 02/17 07:38:30 Started transferring output files
...
040 (1355121.000.000) 02/17 07:38:30 Finished transferring output files
...
005 (1355121.000.000) 02/17 07:38:30 Job terminated.
	(1) Normal termination (return value 0)
		Usr 0 00:01:24, Sys 0 00:00:02  -  Run Remote Usage
		Usr 0 00:00:00, Sys 0 00:00:00  -  Run Local Usage
		Usr 0 00:01:24, Sys 0 00:00:02  -  Total Remote Usage
		Usr 0 00:00:00, Sys 0 00:00:00  -  Total Local Usage
	13053  -  Run Bytes Sent By Job
	1563  -  Run Bytes Received By Job
	13053  -  Total Bytes Sent By Job
	1563  -  Total Bytes Received By Job
	Partitionable Resources :    Usage  Request Allocated 
	   Cpus                 :     0.53        1         1 
	   Disk (KB)            :    36           2    282346 
	   Memory (MB)          :   148        2000      2000 
...
