000 (1355126.000.000) 02/17 07:34:31 Job submitted from host: <137.138.44.55:9618?addrs=137.138.44.55-9618+[2001-1458-d00-1a--48]-9618&alias=bigbird17.cern.ch&noUDP&sock=schedd_1694_8585_188>
...
040 (1355126.000.000) 02/17 07:37:05 Started transferring input files
	Transferring to host: <128.142.108.151:9618?addrs=128.142.108.151-9618+[2001-1458-301-8f--100-b2]-9618&noUDP&sock=2010_fa0b_81877>
...
040 (1355126.000.000) 02/17 07:37:05 Finished transferring input files
...
001 (1355126.000.000) 02/17 07:37:06 Job executing on host: <128.142.108.151:9618?addrs=128.142.108.151-9618+[2001-1458-301-8f--100-b2]-9618&noUDP&sock=1934_2440_3>
...
006 (1355126.000.000) 02/17 07:37:14 Image size of job updated: 440
	1  -  MemoryUsage of job (MB)
	440  -  ResidentSetSize of job (KB)
...
006 (1355126.000.000) 02/17 07:40:56 Image size of job updated: 325764
	1  -  MemoryUsage of job (MB)
	440  -  ResidentSetSize of job (KB)
...
040 (1355126.000.000) 02/17 07:40:56 Started transferring output files
...
040 (1355126.000.000) 02/17 07:40:56 Finished transferring output files
...
005 (1355126.000.000) 02/17 07:40:56 Job terminated.
	(1) Normal termination (return value 0)
		Usr 0 00:01:12, Sys 0 00:00:02  -  Run Remote Usage
		Usr 0 00:00:00, Sys 0 00:00:00  -  Run Local Usage
		Usr 0 00:01:12, Sys 0 00:00:02  -  Total Remote Usage
		Usr 0 00:00:00, Sys 0 00:00:00  -  Total Local Usage
	13055  -  Run Bytes Sent By Job
	1564  -  Run Bytes Received By Job
	13055  -  Total Bytes Sent By Job
	1564  -  Total Bytes Received By Job
	Partitionable Resources :    Usage  Request Allocated 
	   Cpus                 :        0        1         1 
	   Disk (KB)            :       35        2    207767 
	   Memory (MB)          :        1     2000      2000 
...
