000 (1354434.000.000) 02/17 06:54:00 Job submitted from host: <137.138.44.55:9618?addrs=137.138.44.55-9618+[2001-1458-d00-1a--48]-9618&alias=bigbird17.cern.ch&noUDP&sock=schedd_1694_8585_188>
...
040 (1354434.000.000) 02/17 07:04:18 Started transferring input files
	Transferring to host: <128.142.80.153:9618?addrs=128.142.80.153-9618+[2001-1458-301-f5--100-5ae]-9618&noUDP&sock=16863_4247_26724>
...
040 (1354434.000.000) 02/17 07:04:19 Finished transferring input files
...
001 (1354434.000.000) 02/17 07:04:20 Job executing on host: <128.142.80.153:9618?addrs=128.142.80.153-9618+[2001-1458-301-f5--100-5ae]-9618&noUDP&sock=16706_8143_3>
...
006 (1354434.000.000) 02/17 07:04:29 Image size of job updated: 309632
	244  -  MemoryUsage of job (MB)
	248848  -  ResidentSetSize of job (KB)
...
006 (1354434.000.000) 02/17 07:04:36 Image size of job updated: 456052
	244  -  MemoryUsage of job (MB)
	249180  -  ResidentSetSize of job (KB)
...
040 (1354434.000.000) 02/17 07:04:36 Started transferring output files
...
040 (1354434.000.000) 02/17 07:04:36 Finished transferring output files
...
005 (1354434.000.000) 02/17 07:04:37 Job terminated.
	(1) Normal termination (return value 139)
		Usr 0 00:00:08, Sys 0 00:00:02  -  Run Remote Usage
		Usr 0 00:00:00, Sys 0 00:00:00  -  Run Local Usage
		Usr 0 00:00:08, Sys 0 00:00:02  -  Total Remote Usage
		Usr 0 00:00:00, Sys 0 00:00:00  -  Total Local Usage
	9946  -  Run Bytes Sent By Job
	1508  -  Run Bytes Received By Job
	9946  -  Total Bytes Sent By Job
	1508  -  Total Bytes Received By Job
	Partitionable Resources :    Usage  Request Allocated 
	   Cpus                 :        0        1         1 
	   Disk (KB)            :       32        2    157510 
	   Memory (MB)          :      244     2000      2000 
...
