000 (1354687.000.000) 02/17 07:12:38 Job submitted from host: <137.138.44.55:9618?addrs=137.138.44.55-9618+[2001-1458-d00-1a--48]-9618&alias=bigbird17.cern.ch&noUDP&sock=schedd_1694_8585_188>
...
040 (1354687.000.000) 02/17 07:12:42 Started transferring input files
	Transferring to host: <188.184.210.131:9618?addrs=188.184.210.131-9618+[2001-1458-301-10b--100-2f0]-9618&alias=b7g23n1473.cern.ch&noUDP&sock=slot1_5_29443_01c6_2074>
...
040 (1354687.000.000) 02/17 07:12:42 Finished transferring input files
...
001 (1354687.000.000) 02/17 07:12:43 Job executing on host: <188.184.210.131:9618?addrs=188.184.210.131-9618+[2001-1458-301-10b--100-2f0]-9618&alias=b7g23n1473.cern.ch&noUDP&sock=startd_29342_bffa>
...
006 (1354687.000.000) 02/17 07:12:52 Image size of job updated: 609900
	187  -  MemoryUsage of job (MB)
	190688  -  ResidentSetSize of job (KB)
...
006 (1354687.000.000) 02/17 07:13:04 Image size of job updated: 1311312
	187  -  MemoryUsage of job (MB)
	191024  -  ResidentSetSize of job (KB)
...
040 (1354687.000.000) 02/17 07:13:04 Started transferring output files
...
040 (1354687.000.000) 02/17 07:13:04 Finished transferring output files
...
005 (1354687.000.000) 02/17 07:13:04 Job terminated.
	(1) Normal termination (return value 139)
		Usr 0 00:00:13, Sys 0 00:00:04  -  Run Remote Usage
		Usr 0 00:00:00, Sys 0 00:00:00  -  Run Local Usage
		Usr 0 00:00:13, Sys 0 00:00:04  -  Total Remote Usage
		Usr 0 00:00:00, Sys 0 00:00:00  -  Total Local Usage
	9964  -  Run Bytes Sent By Job
	1595  -  Run Bytes Received By Job
	9964  -  Total Bytes Sent By Job
	1595  -  Total Bytes Received By Job
	Partitionable Resources :    Usage  Request Allocated 
	   Cpus                 :                 1         1 
	   Disk (KB)            :       25        2    346710 
	   Memory (MB)          :      187     2000      2000 
...
