000 (1354481.000.000) 02/17 06:57:00 Job submitted from host: <137.138.44.55:9618?addrs=137.138.44.55-9618+[2001-1458-d00-1a--48]-9618&alias=bigbird17.cern.ch&noUDP&sock=schedd_1694_8585_188>
...
040 (1354481.000.000) 02/17 07:04:48 Started transferring input files
	Transferring to host: <128.142.80.201:9618?addrs=128.142.80.201-9618+[2001-1458-301-f5--100-17f]-9618&alias=b7s13n2588.cern.ch&noUDP&sock=slot1_1_31026_5fa7_4211>
...
040 (1354481.000.000) 02/17 07:04:48 Finished transferring input files
...
001 (1354481.000.000) 02/17 07:04:49 Job executing on host: <128.142.80.201:9618?addrs=128.142.80.201-9618+[2001-1458-301-f5--100-17f]-9618&alias=b7s13n2588.cern.ch&noUDP&sock=startd_16449_396c>
...
006 (1354481.000.000) 02/17 07:04:57 Image size of job updated: 576464
	314  -  MemoryUsage of job (MB)
	320940  -  ResidentSetSize of job (KB)
...
006 (1354481.000.000) 02/17 07:05:02 Image size of job updated: 576464
	314  -  MemoryUsage of job (MB)
	321036  -  ResidentSetSize of job (KB)
...
040 (1354481.000.000) 02/17 07:05:02 Started transferring output files
...
040 (1354481.000.000) 02/17 07:05:02 Finished transferring output files
...
005 (1354481.000.000) 02/17 07:05:02 Job terminated.
	(1) Normal termination (return value 139)
		Usr 0 00:00:08, Sys 0 00:00:02  -  Run Remote Usage
		Usr 0 00:00:00, Sys 0 00:00:00  -  Run Local Usage
		Usr 0 00:00:08, Sys 0 00:00:02  -  Total Remote Usage
		Usr 0 00:00:00, Sys 0 00:00:00  -  Total Local Usage
	9953  -  Run Bytes Sent By Job
	1551  -  Run Bytes Received By Job
	9953  -  Total Bytes Sent By Job
	1551  -  Total Bytes Received By Job
	Partitionable Resources :    Usage  Request Allocated 
	   Cpus                 :                 1         1 
	   Disk (KB)            :       25        2    255080 
	   Memory (MB)          :      314     2000      2000 
...
