000 (1354725.000.000) 02/17 07:15:29 Job submitted from host: <137.138.44.55:9618?addrs=137.138.44.55-9618+[2001-1458-d00-1a--48]-9618&alias=bigbird17.cern.ch&noUDP&sock=schedd_1694_8585_188>
...
040 (1354725.000.000) 02/17 07:16:07 Started transferring input files
	Transferring to host: <128.142.74.28:9618?addrs=128.142.74.28-9618+[2001-1458-301-75--100-c6]-9618&alias=b7s11n7939.cern.ch&noUDP&sock=slot1_3_2576_c662_5360>
...
040 (1354725.000.000) 02/17 07:16:07 Finished transferring input files
...
001 (1354725.000.000) 02/17 07:16:08 Job executing on host: <128.142.74.28:9618?addrs=128.142.74.28-9618+[2001-1458-301-75--100-c6]-9618&alias=b7s11n7939.cern.ch&noUDP&sock=startd_16792_7e68>
...
006 (1354725.000.000) 02/17 07:16:17 Image size of job updated: 638012
	156  -  MemoryUsage of job (MB)
	159572  -  ResidentSetSize of job (KB)
...
040 (1354725.000.000) 02/17 07:16:28 Started transferring output files
...
040 (1354725.000.000) 02/17 07:16:28 Finished transferring output files
...
005 (1354725.000.000) 02/17 07:16:28 Job terminated.
	(1) Normal termination (return value 139)
		Usr 0 00:00:10, Sys 0 00:00:02  -  Run Remote Usage
		Usr 0 00:00:00, Sys 0 00:00:00  -  Run Local Usage
		Usr 0 00:00:10, Sys 0 00:00:02  -  Total Remote Usage
		Usr 0 00:00:00, Sys 0 00:00:00  -  Total Local Usage
	9964  -  Run Bytes Sent By Job
	1595  -  Run Bytes Received By Job
	9964  -  Total Bytes Sent By Job
	1595  -  Total Bytes Received By Job
	Partitionable Resources :    Usage  Request Allocated 
	   Cpus                 :                 1         1 
	   Disk (KB)            :       25        2    257470 
	   Memory (MB)          :      156     2000      2000 
...
