000 (1354957.000.000) 02/17 07:26:41 Job submitted from host: <137.138.44.55:9618?addrs=137.138.44.55-9618+[2001-1458-d00-1a--48]-9618&alias=bigbird17.cern.ch&noUDP&sock=schedd_1694_8585_188>
...
040 (1354957.000.000) 02/17 07:27:00 Started transferring input files
	Transferring to host: <188.184.210.144:9618?addrs=188.184.210.144-9618+[2001-1458-301-10b--100-24e]-9618&alias=b7g23n5769.cern.ch&noUDP&sock=slot1_5_25979_4e3a_4289>
...
040 (1354957.000.000) 02/17 07:27:00 Finished transferring input files
...
001 (1354957.000.000) 02/17 07:27:01 Job executing on host: <188.184.210.144:9618?addrs=188.184.210.144-9618+[2001-1458-301-10b--100-24e]-9618&alias=b7g23n5769.cern.ch&noUDP&sock=startd_17776_6f99>
...
006 (1354957.000.000) 02/17 07:27:10 Image size of job updated: 615204
	168  -  MemoryUsage of job (MB)
	171656  -  ResidentSetSize of job (KB)
...
006 (1354957.000.000) 02/17 07:27:11 Image size of job updated: 615204
	168  -  MemoryUsage of job (MB)
	171708  -  ResidentSetSize of job (KB)
...
040 (1354957.000.000) 02/17 07:27:11 Started transferring output files
...
040 (1354957.000.000) 02/17 07:27:11 Finished transferring output files
...
005 (1354957.000.000) 02/17 07:27:11 Job terminated.
	(1) Normal termination (return value 0)
		Usr 0 00:00:03, Sys 0 00:00:01  -  Run Remote Usage
		Usr 0 00:00:00, Sys 0 00:00:00  -  Run Local Usage
		Usr 0 00:00:03, Sys 0 00:00:01  -  Total Remote Usage
		Usr 0 00:00:00, Sys 0 00:00:00  -  Total Local Usage
	12875  -  Run Bytes Sent By Job
	1459  -  Run Bytes Received By Job
	12875  -  Total Bytes Sent By Job
	1459  -  Total Bytes Received By Job
	Partitionable Resources :    Usage  Request Allocated 
	   Cpus                 :                 1         1 
	   Disk (KB)            :       27        2    340182 
	   Memory (MB)          :      168     2000      2000 
...
