000 (1354838.000.000) 02/17 07:21:10 Job submitted from host: <137.138.44.55:9618?addrs=137.138.44.55-9618+[2001-1458-d00-1a--48]-9618&alias=bigbird17.cern.ch&noUDP&sock=schedd_1694_8585_188>
...
040 (1354838.000.000) 02/17 07:21:24 Started transferring input files
	Transferring to host: <128.142.116.52:9618?addrs=128.142.116.52-9618+[2001-1458-301-ae--100-f2]-9618&alias=b7s06n6110.cern.ch&noUDP&sock=slot1_6_20930_d40c_9077>
...
040 (1354838.000.000) 02/17 07:21:24 Finished transferring input files
...
001 (1354838.000.000) 02/17 07:21:25 Job executing on host: <128.142.116.52:9618?addrs=128.142.116.52-9618+[2001-1458-301-ae--100-f2]-9618&alias=b7s06n6110.cern.ch&noUDP&sock=startd_18825_f672>
...
006 (1354838.000.000) 02/17 07:21:34 Image size of job updated: 65672
	17  -  MemoryUsage of job (MB)
	16508  -  ResidentSetSize of job (KB)
...
006 (1354838.000.000) 02/17 07:21:59 Image size of job updated: 1090280
	17  -  MemoryUsage of job (MB)
	16508  -  ResidentSetSize of job (KB)
...
040 (1354838.000.000) 02/17 07:21:59 Started transferring output files
...
040 (1354838.000.000) 02/17 07:21:59 Finished transferring output files
...
005 (1354838.000.000) 02/17 07:21:59 Job terminated.
	(1) Normal termination (return value 139)
		Usr 0 00:00:11, Sys 0 00:00:02  -  Run Remote Usage
		Usr 0 00:00:00, Sys 0 00:00:00  -  Run Local Usage
		Usr 0 00:00:11, Sys 0 00:00:02  -  Total Remote Usage
		Usr 0 00:00:00, Sys 0 00:00:00  -  Total Local Usage
	9964  -  Run Bytes Sent By Job
	1595  -  Run Bytes Received By Job
	9964  -  Total Bytes Sent By Job
	1595  -  Total Bytes Received By Job
	Partitionable Resources :    Usage  Request Allocated 
	   Cpus                 :                 1         1 
	   Disk (KB)            :       24        2    203253 
	   Memory (MB)          :       17     2000      2000 
...
