000 (1355301.000.000) 02/17 07:43:05 Job submitted from host: <137.138.44.55:9618?addrs=137.138.44.55-9618+[2001-1458-d00-1a--48]-9618&alias=bigbird17.cern.ch&noUDP&sock=schedd_1694_8585_188>
...
040 (1355301.000.000) 02/17 07:44:49 Started transferring input files
	Transferring to host: <128.142.104.135:9618?addrs=128.142.104.135-9618&noUDP&sock=2867_cf8e_151916>
...
040 (1355301.000.000) 02/17 07:44:49 Finished transferring input files
...
001 (1355301.000.000) 02/17 07:44:50 Job executing on host: <128.142.104.135:9618?addrs=128.142.104.135-9618&noUDP&sock=1785_f0a4_3>
...
006 (1355301.000.000) 02/17 07:44:58 Image size of job updated: 207304
	145  -  MemoryUsage of job (MB)
	148052  -  ResidentSetSize of job (KB)
...
006 (1355301.000.000) 02/17 07:45:17 Image size of job updated: 245836
	145  -  MemoryUsage of job (MB)
	148052  -  ResidentSetSize of job (KB)
...
040 (1355301.000.000) 02/17 07:45:17 Started transferring output files
...
040 (1355301.000.000) 02/17 07:45:17 Finished transferring output files
...
005 (1355301.000.000) 02/17 07:45:17 Job terminated.
	(1) Normal termination (return value 0)
		Usr 0 00:00:10, Sys 0 00:00:01  -  Run Remote Usage
		Usr 0 00:00:00, Sys 0 00:00:00  -  Run Local Usage
		Usr 0 00:00:10, Sys 0 00:00:01  -  Total Remote Usage
		Usr 0 00:00:00, Sys 0 00:00:00  -  Total Local Usage
	8143  -  Run Bytes Sent By Job
	1488  -  Run Bytes Received By Job
	8143  -  Total Bytes Sent By Job
	1488  -  Total Bytes Received By Job
	Partitionable Resources :    Usage  Request Allocated 
	   Cpus                 :        0        1         1 
	   Disk (KB)            :       31        2     99295 
	   Memory (MB)          :      145     2000      2000 
...
