000 (1354850.000.000) 02/17 07:21:54 Job submitted from host: <137.138.44.55:9618?addrs=137.138.44.55-9618+[2001-1458-d00-1a--48]-9618&alias=bigbird17.cern.ch&noUDP&sock=schedd_1694_8585_188>
...
040 (1354850.000.000) 02/17 07:21:59 Started transferring input files
	Transferring to host: <128.142.116.52:9618?addrs=128.142.116.52-9618+[2001-1458-301-ae--100-f2]-9618&alias=b7s06n6110.cern.ch&noUDP&sock=slot1_6_20930_d40c_9078>
...
040 (1354850.000.000) 02/17 07:21:59 Finished transferring input files
...
001 (1354850.000.000) 02/17 07:22:00 Job executing on host: <128.142.116.52:9618?addrs=128.142.116.52-9618+[2001-1458-301-ae--100-f2]-9618&alias=b7s06n6110.cern.ch&noUDP&sock=startd_18825_f672>
...
006 (1354850.000.000) 02/17 07:22:09 Image size of job updated: 811780
	171  -  MemoryUsage of job (MB)
	174748  -  ResidentSetSize of job (KB)
...
006 (1354850.000.000) 02/17 07:24:39 Image size of job updated: 822064
	171  -  MemoryUsage of job (MB)
	174748  -  ResidentSetSize of job (KB)
...
040 (1354850.000.000) 02/17 07:24:39 Started transferring output files
...
040 (1354850.000.000) 02/17 07:24:39 Finished transferring output files
...
005 (1354850.000.000) 02/17 07:24:39 Job terminated.
	(1) Normal termination (return value 0)
		Usr 0 00:01:46, Sys 0 00:00:02  -  Run Remote Usage
		Usr 0 00:00:00, Sys 0 00:00:00  -  Run Local Usage
		Usr 0 00:01:46, Sys 0 00:00:02  -  Total Remote Usage
		Usr 0 00:00:00, Sys 0 00:00:00  -  Total Local Usage
	7996  -  Run Bytes Sent By Job
	1594  -  Run Bytes Received By Job
	7996  -  Total Bytes Sent By Job
	1594  -  Total Bytes Received By Job
	Partitionable Resources :    Usage  Request Allocated 
	   Cpus                 :                 1         1 
	   Disk (KB)            :       23        2    202967 
	   Memory (MB)          :      171     2000      2000 
...
