000 (1355113.000.000) 02/17 07:33:52 Job submitted from host: <137.138.44.55:9618?addrs=137.138.44.55-9618+[2001-1458-d00-1a--48]-9618&alias=bigbird17.cern.ch&noUDP&sock=schedd_1694_8585_188>
...
040 (1355113.000.000) 02/17 07:34:04 Started transferring input files
	Transferring to host: <188.184.207.171:9618?addrs=188.184.207.171-9618+[2001-1458-301-7d--100-527]-9618&alias=b7g27n9720.cern.ch&noUDP&sock=slot1_2_26073_897d_9600>
...
040 (1355113.000.000) 02/17 07:34:04 Finished transferring input files
...
001 (1355113.000.000) 02/17 07:34:05 Job executing on host: <188.184.207.171:9618?addrs=188.184.207.171-9618+[2001-1458-301-7d--100-527]-9618&alias=b7g27n9720.cern.ch&noUDP&sock=startd_7216_277e>
...
006 (1355113.000.000) 02/17 07:34:13 Image size of job updated: 176112
	79  -  MemoryUsage of job (MB)
	80212  -  ResidentSetSize of job (KB)
...
006 (1355113.000.000) 02/17 07:36:52 Image size of job updated: 776536
	80  -  MemoryUsage of job (MB)
	81192  -  ResidentSetSize of job (KB)
...
040 (1355113.000.000) 02/17 07:36:52 Started transferring output files
...
040 (1355113.000.000) 02/17 07:36:52 Finished transferring output files
...
005 (1355113.000.000) 02/17 07:36:52 Job terminated.
	(1) Normal termination (return value 0)
		Usr 0 00:01:53, Sys 0 00:00:02  -  Run Remote Usage
		Usr 0 00:00:00, Sys 0 00:00:00  -  Run Local Usage
		Usr 0 00:01:53, Sys 0 00:00:02  -  Total Remote Usage
		Usr 0 00:00:00, Sys 0 00:00:00  -  Total Local Usage
	13010  -  Run Bytes Sent By Job
	1519  -  Run Bytes Received By Job
	13010  -  Total Bytes Sent By Job
	1519  -  Total Bytes Received By Job
	Partitionable Resources :    Usage  Request Allocated 
	   Cpus                 :                 1         1 
	   Disk (KB)            :       27        2     90852 
	   Memory (MB)          :       80     2000      2000 
...
