000 (1354535.000.000) 02/17 06:59:58 Job submitted from host: <137.138.44.55:9618?addrs=137.138.44.55-9618+[2001-1458-d00-1a--48]-9618&alias=bigbird17.cern.ch&noUDP&sock=schedd_1694_8585_188>
...
040 (1354535.000.000) 02/17 07:05:43 Started transferring input files
	Transferring to host: <188.185.105.145:9618?addrs=188.185.105.145-9618+[2001-1458-d00-3e--100-6d]-9618&alias=b7g50s5167.cern.ch&noUDP&sock=slot1_3_12272_7bec_4358>
...
040 (1354535.000.000) 02/17 07:05:43 Finished transferring input files
...
001 (1354535.000.000) 02/17 07:05:44 Job executing on host: <188.185.105.145:9618?addrs=188.185.105.145-9618+[2001-1458-d00-3e--100-6d]-9618&alias=b7g50s5167.cern.ch&noUDP&sock=startd_18668_4613>
...
006 (1354535.000.000) 02/17 07:05:52 Image size of job updated: 488220
	415  -  MemoryUsage of job (MB)
	423944  -  ResidentSetSize of job (KB)
...
006 (1354535.000.000) 02/17 07:05:54 Image size of job updated: 488348
	415  -  MemoryUsage of job (MB)
	423944  -  ResidentSetSize of job (KB)
...
040 (1354535.000.000) 02/17 07:05:54 Started transferring output files
...
040 (1354535.000.000) 02/17 07:05:54 Finished transferring output files
...
005 (1354535.000.000) 02/17 07:05:55 Job terminated.
	(1) Normal termination (return value 139)
		Usr 0 00:00:06, Sys 0 00:00:01  -  Run Remote Usage
		Usr 0 00:00:00, Sys 0 00:00:00  -  Run Local Usage
		Usr 0 00:00:06, Sys 0 00:00:01  -  Total Remote Usage
		Usr 0 00:00:00, Sys 0 00:00:00  -  Total Local Usage
	9956  -  Run Bytes Sent By Job
	1555  -  Run Bytes Received By Job
	9956  -  Total Bytes Sent By Job
	1555  -  Total Bytes Received By Job
	Partitionable Resources :    Usage  Request Allocated 
	   Cpus                 :                 1         1 
	   Disk (KB)            :       25        2    560759 
	   Memory (MB)          :      415     2000      2000 
...
