000 (1354650.000.000) 02/17 07:09:36 Job submitted from host: <137.138.44.55:9618?addrs=137.138.44.55-9618+[2001-1458-d00-1a--48]-9618&alias=bigbird17.cern.ch&noUDP&sock=schedd_1694_8585_188>
...
040 (1354650.000.000) 02/17 07:10:10 Started transferring input files
	Transferring to host: <128.142.80.125:9618?addrs=128.142.80.125-9618+[2001-1458-301-f5--100-297]-9618&noUDP&sock=7236_2a9f_11767>
...
040 (1354650.000.000) 02/17 07:10:10 Finished transferring input files
...
001 (1354650.000.000) 02/17 07:10:11 Job executing on host: <128.142.80.125:9618?addrs=128.142.80.125-9618+[2001-1458-301-f5--100-297]-9618&noUDP&sock=5483_75de_3>
...
006 (1354650.000.000) 02/17 07:10:20 Image size of job updated: 237656
	173  -  MemoryUsage of job (MB)
	176276  -  ResidentSetSize of job (KB)
...
006 (1354650.000.000) 02/17 07:10:30 Image size of job updated: 606196
	173  -  MemoryUsage of job (MB)
	176304  -  ResidentSetSize of job (KB)
...
040 (1354650.000.000) 02/17 07:10:30 Started transferring output files
...
040 (1354650.000.000) 02/17 07:10:30 Finished transferring output files
...
005 (1354650.000.000) 02/17 07:10:30 Job terminated.
	(1) Normal termination (return value 139)
		Usr 0 00:00:09, Sys 0 00:00:02  -  Run Remote Usage
		Usr 0 00:00:00, Sys 0 00:00:00  -  Run Local Usage
		Usr 0 00:00:09, Sys 0 00:00:02  -  Total Remote Usage
		Usr 0 00:00:00, Sys 0 00:00:00  -  Total Local Usage
	9955  -  Run Bytes Sent By Job
	1555  -  Run Bytes Received By Job
	9955  -  Total Bytes Sent By Job
	1555  -  Total Bytes Received By Job
	Partitionable Resources :    Usage  Request Allocated 
	   Cpus                 :        0        1         1 
	   Disk (KB)            :       33        2    248652 
	   Memory (MB)          :      173     2000      2000 
...
