000 (1355354.000.000) 02/17 07:45:04 Job submitted from host: <137.138.44.55:9618?addrs=137.138.44.55-9618+[2001-1458-d00-1a--48]-9618&alias=bigbird17.cern.ch&noUDP&sock=schedd_1694_8585_188>
...
040 (1355354.000.000) 02/17 07:47:17 Started transferring input files
	Transferring to host: <128.142.74.235:9618?addrs=128.142.74.235-9618+[2001-1458-301-75--100-5b6]-9618&noUDP&sock=16996_f82c_30801>
...
040 (1355354.000.000) 02/17 07:47:17 Finished transferring input files
...
001 (1355354.000.000) 02/17 07:47:18 Job executing on host: <128.142.74.235:9618?addrs=128.142.74.235-9618+[2001-1458-301-75--100-5b6]-9618&noUDP&sock=16839_bb5b_3>
...
006 (1355354.000.000) 02/17 07:47:26 Image size of job updated: 3064
	3  -  MemoryUsage of job (MB)
	2488  -  ResidentSetSize of job (KB)
...
006 (1355354.000.000) 02/17 07:47:48 Image size of job updated: 244980
	3  -  MemoryUsage of job (MB)
	2488  -  ResidentSetSize of job (KB)
...
040 (1355354.000.000) 02/17 07:47:48 Started transferring output files
...
040 (1355354.000.000) 02/17 07:47:48 Finished transferring output files
...
005 (1355354.000.000) 02/17 07:47:48 Job terminated.
	(1) Normal termination (return value 0)
		Usr 0 00:00:09, Sys 0 00:00:01  -  Run Remote Usage
		Usr 0 00:00:00, Sys 0 00:00:00  -  Run Local Usage
		Usr 0 00:00:09, Sys 0 00:00:01  -  Total Remote Usage
		Usr 0 00:00:00, Sys 0 00:00:00  -  Total Local Usage
	8143  -  Run Bytes Sent By Job
	1488  -  Run Bytes Received By Job
	8143  -  Total Bytes Sent By Job
	1488  -  Total Bytes Received By Job
	Partitionable Resources :    Usage  Request Allocated 
	   Cpus                 :        0        1         1 
	   Disk (KB)            :       31        2    217725 
	   Memory (MB)          :        3     2000      2000 
...
