000 (1354882.000.000) 02/17 07:23:12 Job submitted from host: <137.138.44.55:9618?addrs=137.138.44.55-9618+[2001-1458-d00-1a--48]-9618&alias=bigbird17.cern.ch&noUDP&sock=schedd_1694_8585_188>
...
040 (1354882.000.000) 02/17 07:23:24 Started transferring input files
	Transferring to host: <128.142.70.123:9618?addrs=128.142.70.123-9618&noUDP&sock=3227_769c_101842>
...
040 (1354882.000.000) 02/17 07:23:24 Finished transferring input files
...
001 (1354882.000.000) 02/17 07:23:25 Job executing on host: <128.142.70.123:9618?addrs=128.142.70.123-9618&noUDP&sock=2154_0b16_3>
...
006 (1354882.000.000) 02/17 07:23:36 Image size of job updated: 236144
	172  -  MemoryUsage of job (MB)
	175672  -  ResidentSetSize of job (KB)
...
006 (1354882.000.000) 02/17 07:23:44 Image size of job updated: 319420
	172  -  MemoryUsage of job (MB)
	175672  -  ResidentSetSize of job (KB)
...
040 (1354882.000.000) 02/17 07:23:44 Started transferring output files
...
040 (1354882.000.000) 02/17 07:23:44 Finished transferring output files
...
005 (1354882.000.000) 02/17 07:23:44 Job terminated.
	(1) Normal termination (return value 0)
		Usr 0 00:00:10, Sys 0 00:00:01  -  Run Remote Usage
		Usr 0 00:00:00, Sys 0 00:00:00  -  Run Local Usage
		Usr 0 00:00:10, Sys 0 00:00:01  -  Total Remote Usage
		Usr 0 00:00:00, Sys 0 00:00:00  -  Total Local Usage
	7042  -  Run Bytes Sent By Job
	788  -  Run Bytes Received By Job
	7042  -  Total Bytes Sent By Job
	788  -  Total Bytes Received By Job
	Partitionable Resources :    Usage  Request Allocated 
	   Cpus                 :     0.63        1         1 
	   Disk (KB)            :    29           1    272972 
	   Memory (MB)          :   172        2000      2000 
...
