000 (1354987.000.000) 02/17 07:27:43 Job submitted from host: <137.138.44.55:9618?addrs=137.138.44.55-9618+[2001-1458-d00-1a--48]-9618&alias=bigbird17.cern.ch&noUDP&sock=schedd_1694_8585_188>
...
040 (1354987.000.000) 02/17 07:27:53 Started transferring input files
	Transferring to host: <128.142.82.171:9618?addrs=128.142.82.171-9618+[2001-1458-301-f5--100-1ef]-9618&noUDP&sock=16443_54b6_28933>
...
040 (1354987.000.000) 02/17 07:27:53 Finished transferring input files
...
001 (1354987.000.000) 02/17 07:27:54 Job executing on host: <128.142.82.171:9618?addrs=128.142.82.171-9618+[2001-1458-301-f5--100-1ef]-9618&noUDP&sock=16287_1b14_3>
...
006 (1354987.000.000) 02/17 07:28:02 Image size of job updated: 677664
	0  -  MemoryUsage of job (MB)
	0  -  ResidentSetSize of job (KB)
...
040 (1354987.000.000) 02/17 07:28:02 Started transferring output files
...
040 (1354987.000.000) 02/17 07:28:02 Finished transferring output files
...
005 (1354987.000.000) 02/17 07:28:02 Job terminated.
	(1) Normal termination (return value 0)
		Usr 0 00:00:03, Sys 0 00:00:01  -  Run Remote Usage
		Usr 0 00:00:00, Sys 0 00:00:00  -  Run Local Usage
		Usr 0 00:00:03, Sys 0 00:00:01  -  Total Remote Usage
		Usr 0 00:00:00, Sys 0 00:00:00  -  Total Local Usage
	12917  -  Run Bytes Sent By Job
	1500  -  Run Bytes Received By Job
	12917  -  Total Bytes Sent By Job
	1500  -  Total Bytes Received By Job
	Partitionable Resources :    Usage  Request Allocated 
	   Cpus                 :        0        1         1 
	   Disk (KB)            :       36        2    256271 
	   Memory (MB)          :        0     2000      2000 
...
