000 (1355082.000.000) 02/17 07:32:19 Job submitted from host: <137.138.44.55:9618?addrs=137.138.44.55-9618+[2001-1458-d00-1a--48]-9618&alias=bigbird17.cern.ch&noUDP&sock=schedd_1694_8585_188>
...
040 (1355082.000.000) 02/17 07:34:05 Started transferring input files
	Transferring to host: <188.184.132.125:9618?addrs=188.184.132.125-9618+[2001-1458-301-a0--100-76]-9618&noUDP&sock=30493_d3b1_158659>
...
040 (1355082.000.000) 02/17 07:34:05 Finished transferring input files
...
001 (1355082.000.000) 02/17 07:34:06 Job executing on host: <188.184.132.125:9618?addrs=188.184.132.125-9618+[2001-1458-301-a0--100-76]-9618&noUDP&sock=2362_b6c9_3>
...
006 (1355082.000.000) 02/17 07:34:15 Image size of job updated: 239560
	175  -  MemoryUsage of job (MB)
	179088  -  ResidentSetSize of job (KB)
...
006 (1355082.000.000) 02/17 07:35:53 Image size of job updated: 795728
	175  -  MemoryUsage of job (MB)
	179088  -  ResidentSetSize of job (KB)
...
040 (1355082.000.000) 02/17 07:35:53 Started transferring output files
...
040 (1355082.000.000) 02/17 07:35:53 Finished transferring output files
...
005 (1355082.000.000) 02/17 07:35:53 Job terminated.
	(1) Normal termination (return value 0)
		Usr 0 00:01:21, Sys 0 00:00:02  -  Run Remote Usage
		Usr 0 00:00:00, Sys 0 00:00:00  -  Run Local Usage
		Usr 0 00:01:21, Sys 0 00:00:02  -  Total Remote Usage
		Usr 0 00:00:00, Sys 0 00:00:00  -  Total Local Usage
	13014  -  Run Bytes Sent By Job
	1523  -  Run Bytes Received By Job
	13014  -  Total Bytes Sent By Job
	1523  -  Total Bytes Received By Job
	Partitionable Resources :    Usage  Request Allocated 
	   Cpus                 :        0        1         1 
	   Disk (KB)            :       35        2    191511 
	   Memory (MB)          :      175     2000      2000 
...
