000 (1355124.000.000) 02/17 07:34:27 Job submitted from host: <137.138.44.55:9618?addrs=137.138.44.55-9618+[2001-1458-d00-1a--48]-9618&alias=bigbird17.cern.ch&noUDP&sock=schedd_1694_8585_188>
...
040 (1355124.000.000) 02/17 07:36:24 Started transferring input files
	Transferring to host: <188.184.190.24:9618?addrs=188.184.190.24-9618+[2001-1458-301-4b--100-2f]-9618&noUDP&sock=27844_5de5_161656>
...
040 (1355124.000.000) 02/17 07:36:24 Finished transferring input files
...
001 (1355124.000.000) 02/17 07:36:25 Job executing on host: <188.184.190.24:9618?addrs=188.184.190.24-9618+[2001-1458-301-4b--100-2f]-9618&noUDP&sock=5590_da80_3>
...
006 (1355124.000.000) 02/17 07:36:34 Image size of job updated: 193560
	94  -  MemoryUsage of job (MB)
	96016  -  ResidentSetSize of job (KB)
...
006 (1355124.000.000) 02/17 07:39:46 Image size of job updated: 363536
	94  -  MemoryUsage of job (MB)
	96016  -  ResidentSetSize of job (KB)
...
040 (1355124.000.000) 02/17 07:39:46 Started transferring output files
...
040 (1355124.000.000) 02/17 07:39:46 Finished transferring output files
...
005 (1355124.000.000) 02/17 07:39:46 Job terminated.
	(1) Normal termination (return value 0)
		Usr 0 00:01:47, Sys 0 00:00:02  -  Run Remote Usage
		Usr 0 00:00:00, Sys 0 00:00:00  -  Run Local Usage
		Usr 0 00:01:47, Sys 0 00:00:02  -  Total Remote Usage
		Usr 0 00:00:00, Sys 0 00:00:00  -  Total Local Usage
	13055  -  Run Bytes Sent By Job
	1564  -  Run Bytes Received By Job
	13055  -  Total Bytes Sent By Job
	1564  -  Total Bytes Received By Job
	Partitionable Resources :    Usage  Request Allocated 
	   Cpus                 :     0.48        1         1 
	   Disk (KB)            :    36           2    332535 
	   Memory (MB)          :    94        2000      2000 
...
