000 (1354439.000.000) 02/17 06:54:12 Job submitted from host: <137.138.44.55:9618?addrs=137.138.44.55-9618+[2001-1458-d00-1a--48]-9618&alias=bigbird17.cern.ch&noUDP&sock=schedd_1694_8585_188>
...
040 (1354439.000.000) 02/17 07:04:21 Started transferring input files
	Transferring to host: <128.142.85.76:9618?addrs=128.142.85.76-9618+[2001-1458-301-f6--100-1d8]-9618&noUDP&sock=16775_4143_28827>
...
040 (1354439.000.000) 02/17 07:04:21 Finished transferring input files
...
001 (1354439.000.000) 02/17 07:04:22 Job executing on host: <128.142.85.76:9618?addrs=128.142.85.76-9618+[2001-1458-301-f6--100-1d8]-9618&noUDP&sock=16618_24ed_3>
...
006 (1354439.000.000) 02/17 07:04:31 Image size of job updated: 208064
	145  -  MemoryUsage of job (MB)
	148160  -  ResidentSetSize of job (KB)
...
006 (1354439.000.000) 02/17 07:05:00 Image size of job updated: 484360
	145  -  MemoryUsage of job (MB)
	148160  -  ResidentSetSize of job (KB)
...
040 (1354439.000.000) 02/17 07:05:00 Started transferring output files
...
040 (1354439.000.000) 02/17 07:05:00 Finished transferring output files
...
005 (1354439.000.000) 02/17 07:05:00 Job terminated.
	(1) Normal termination (return value 139)
		Usr 0 00:00:09, Sys 0 00:00:02  -  Run Remote Usage
		Usr 0 00:00:00, Sys 0 00:00:00  -  Run Local Usage
		Usr 0 00:00:09, Sys 0 00:00:02  -  Total Remote Usage
		Usr 0 00:00:00, Sys 0 00:00:00  -  Total Local Usage
	9953  -  Run Bytes Sent By Job
	1553  -  Run Bytes Received By Job
	9953  -  Total Bytes Sent By Job
	1553  -  Total Bytes Received By Job
	Partitionable Resources :    Usage  Request Allocated 
	   Cpus                 :     0.07        1         1 
	   Disk (KB)            :    33           2    260829 
	   Memory (MB)          :   145        2000      2000 
...
