000 (1355368.000.000) 02/17 07:45:57 Job submitted from host: <137.138.44.55:9618?addrs=137.138.44.55-9618+[2001-1458-d00-1a--48]-9618&alias=bigbird17.cern.ch&noUDP&sock=schedd_1694_8585_188>
...
040 (1355368.000.000) 02/17 07:47:34 Started transferring input files
	Transferring to host: <128.142.84.81:9618?addrs=128.142.84.81-9618+[2001-1458-301-f6--100-dd]-9618&noUDP&sock=16877_1f87_20917>
...
040 (1355368.000.000) 02/17 07:47:34 Finished transferring input files
...
001 (1355368.000.000) 02/17 07:47:35 Job executing on host: <128.142.84.81:9618?addrs=128.142.84.81-9618+[2001-1458-301-f6--100-dd]-9618&noUDP&sock=16719_6bfe_3>
...
006 (1355368.000.000) 02/17 07:47:44 Image size of job updated: 3028
	3  -  MemoryUsage of job (MB)
	2468  -  ResidentSetSize of job (KB)
...
006 (1355368.000.000) 02/17 07:48:16 Image size of job updated: 246336
	3  -  MemoryUsage of job (MB)
	2480  -  ResidentSetSize of job (KB)
...
040 (1355368.000.000) 02/17 07:48:16 Started transferring output files
...
040 (1355368.000.000) 02/17 07:48:16 Finished transferring output files
...
005 (1355368.000.000) 02/17 07:48:16 Job terminated.
	(1) Normal termination (return value 0)
		Usr 0 00:00:09, Sys 0 00:00:01  -  Run Remote Usage
		Usr 0 00:00:00, Sys 0 00:00:00  -  Run Local Usage
		Usr 0 00:00:09, Sys 0 00:00:01  -  Total Remote Usage
		Usr 0 00:00:00, Sys 0 00:00:00  -  Total Local Usage
	8138  -  Run Bytes Sent By Job
	1483  -  Run Bytes Received By Job
	8138  -  Total Bytes Sent By Job
	1483  -  Total Bytes Received By Job
	Partitionable Resources :    Usage  Request Allocated 
	   Cpus                 :        0        1         1 
	   Disk (KB)            :       30        2    256708 
	   Memory (MB)          :        3     2000      2000 
...
