000 (1354735.000.000) 02/17 07:16:01 Job submitted from host: <137.138.44.55:9618?addrs=137.138.44.55-9618+[2001-1458-d00-1a--48]-9618&alias=bigbird17.cern.ch&noUDP&sock=schedd_1694_8585_188>
...
040 (1354735.000.000) 02/17 07:16:20 Started transferring input files
	Transferring to host: <128.142.66.177:9618?addrs=128.142.66.177-9618+[2001-1458-301-4c--100-63e]-9618&alias=b7s09n7710.cern.ch&noUDP&sock=slot1_1_26263_68c5_9761>
...
040 (1354735.000.000) 02/17 07:16:20 Finished transferring input files
...
001 (1354735.000.000) 02/17 07:16:21 Job executing on host: <128.142.66.177:9618?addrs=128.142.66.177-9618+[2001-1458-301-4c--100-63e]-9618&alias=b7s09n7710.cern.ch&noUDP&sock=startd_5872_4835>
...
006 (1354735.000.000) 02/17 07:16:30 Image size of job updated: 127520
	43  -  MemoryUsage of job (MB)
	43528  -  ResidentSetSize of job (KB)
...
006 (1354735.000.000) 02/17 07:18:47 Image size of job updated: 826492
	43  -  MemoryUsage of job (MB)
	43548  -  ResidentSetSize of job (KB)
...
040 (1354735.000.000) 02/17 07:18:47 Started transferring output files
...
040 (1354735.000.000) 02/17 07:18:47 Finished transferring output files
...
005 (1354735.000.000) 02/17 07:18:47 Job terminated.
	(1) Normal termination (return value 0)
		Usr 0 00:01:29, Sys 0 00:00:02  -  Run Remote Usage
		Usr 0 00:00:00, Sys 0 00:00:00  -  Run Local Usage
		Usr 0 00:01:29, Sys 0 00:00:02  -  Total Remote Usage
		Usr 0 00:00:00, Sys 0 00:00:00  -  Total Local Usage
	7995  -  Run Bytes Sent By Job
	1594  -  Run Bytes Received By Job
	7995  -  Total Bytes Sent By Job
	1594  -  Total Bytes Received By Job
	Partitionable Resources :    Usage  Request Allocated 
	   Cpus                 :     0.10        1         1 
	   Disk (KB)            :    29           2    249030 
	   Memory (MB)          :    43        2000      2000 
...
