000 (1354477.000.000) 02/17 06:56:38 Job submitted from host: <137.138.44.55:9618?addrs=137.138.44.55-9618+[2001-1458-d00-1a--48]-9618&alias=bigbird17.cern.ch&noUDP&sock=schedd_1694_8585_188>
...
040 (1354477.000.000) 02/17 07:03:41 Started transferring input files
	Transferring to host: <128.142.123.77:9618?addrs=128.142.123.77-9618+[2001-1458-301-b5--100-b6]-9618&noUDP&sock=6059_dd0f_80128>
...
040 (1354477.000.000) 02/17 07:03:41 Finished transferring input files
...
001 (1354477.000.000) 02/17 07:03:42 Job executing on host: <128.142.123.77:9618?addrs=128.142.123.77-9618+[2001-1458-301-b5--100-b6]-9618&noUDP&sock=4757_7c1c_3>
...
006 (1354477.000.000) 02/17 07:03:51 Image size of job updated: 34196
	13  -  MemoryUsage of job (MB)
	13012  -  ResidentSetSize of job (KB)
...
006 (1354477.000.000) 02/17 07:04:38 Image size of job updated: 533036
	13  -  MemoryUsage of job (MB)
	13024  -  ResidentSetSize of job (KB)
...
040 (1354477.000.000) 02/17 07:04:38 Started transferring output files
...
040 (1354477.000.000) 02/17 07:04:38 Finished transferring output files
...
005 (1354477.000.000) 02/17 07:04:38 Job terminated.
	(1) Normal termination (return value 139)
		Usr 0 00:00:10, Sys 0 00:00:02  -  Run Remote Usage
		Usr 0 00:00:00, Sys 0 00:00:00  -  Run Local Usage
		Usr 0 00:00:10, Sys 0 00:00:02  -  Total Remote Usage
		Usr 0 00:00:00, Sys 0 00:00:00  -  Total Local Usage
	9955  -  Run Bytes Sent By Job
	1554  -  Run Bytes Received By Job
	9955  -  Total Bytes Sent By Job
	1554  -  Total Bytes Received By Job
	Partitionable Resources :    Usage  Request Allocated 
	   Cpus                 :     0.06        1         1 
	   Disk (KB)            :    33           2    201533 
	   Memory (MB)          :    13        2000      2000 
...
