000 (1354839.000.000) 02/17 07:21:16 Job submitted from host: <137.138.44.55:9618?addrs=137.138.44.55-9618+[2001-1458-d00-1a--48]-9618&alias=bigbird17.cern.ch&noUDP&sock=schedd_1694_8585_188>
...
040 (1354839.000.000) 02/17 07:21:24 Started transferring input files
	Transferring to host: <128.142.79.86:9618?addrs=128.142.79.86-9618+[2001-1458-301-f4--100-22c]-9618&alias=b7s12n0967.cern.ch&noUDP&sock=slot1_9_23580_fe38_9521>
...
040 (1354839.000.000) 02/17 07:21:24 Finished transferring input files
...
001 (1354839.000.000) 02/17 07:21:25 Job executing on host: <128.142.79.86:9618?addrs=128.142.79.86-9618+[2001-1458-301-f4--100-22c]-9618&alias=b7s12n0967.cern.ch&noUDP&sock=startd_16456_0695>
...
006 (1354839.000.000) 02/17 07:21:34 Image size of job updated: 1059000
	149  -  MemoryUsage of job (MB)
	151796  -  ResidentSetSize of job (KB)
...
040 (1354839.000.000) 02/17 07:24:21 Started transferring output files
...
040 (1354839.000.000) 02/17 07:24:21 Finished transferring output files
...
005 (1354839.000.000) 02/17 07:24:22 Job terminated.
	(1) Normal termination (return value 0)
		Usr 0 00:02:01, Sys 0 00:00:02  -  Run Remote Usage
		Usr 0 00:00:00, Sys 0 00:00:00  -  Run Local Usage
		Usr 0 00:02:01, Sys 0 00:00:02  -  Total Remote Usage
		Usr 0 00:00:00, Sys 0 00:00:00  -  Total Local Usage
	7995  -  Run Bytes Sent By Job
	1594  -  Run Bytes Received By Job
	7995  -  Total Bytes Sent By Job
	1594  -  Total Bytes Received By Job
	Partitionable Resources :    Usage  Request Allocated 
	   Cpus                 :                 1         1 
	   Disk (KB)            :       23        2    247484 
	   Memory (MB)          :      149     2000      2000 
...
