000 (1355083.000.000) 02/17 07:32:20 Job submitted from host: <137.138.44.55:9618?addrs=137.138.44.55-9618+[2001-1458-d00-1a--48]-9618&alias=bigbird17.cern.ch&noUDP&sock=schedd_1694_8585_188>
...
040 (1355083.000.000) 02/17 07:34:03 Started transferring input files
	Transferring to host: <188.184.132.201:9618?addrs=188.184.132.201-9618+[2001-1458-301-a0--100-9f]-9618&alias=b7g28n0190.cern.ch&noUDP&sock=slot1_5_9971_38af_4381>
...
040 (1355083.000.000) 02/17 07:34:03 Finished transferring input files
...
001 (1355083.000.000) 02/17 07:34:04 Job executing on host: <188.184.132.201:9618?addrs=188.184.132.201-9618+[2001-1458-301-a0--100-9f]-9618&alias=b7g28n0190.cern.ch&noUDP&sock=startd_1975_43a2>
...
006 (1355083.000.000) 02/17 07:34:13 Image size of job updated: 183636
	9  -  MemoryUsage of job (MB)
	8200  -  ResidentSetSize of job (KB)
...
006 (1355083.000.000) 02/17 07:37:33 Image size of job updated: 776372
	9  -  MemoryUsage of job (MB)
	8200  -  ResidentSetSize of job (KB)
...
040 (1355083.000.000) 02/17 07:37:34 Started transferring output files
...
040 (1355083.000.000) 02/17 07:37:34 Finished transferring output files
...
005 (1355083.000.000) 02/17 07:37:34 Job terminated.
	(1) Normal termination (return value 0)
		Usr 0 00:02:01, Sys 0 00:00:02  -  Run Remote Usage
		Usr 0 00:00:00, Sys 0 00:00:00  -  Run Local Usage
		Usr 0 00:02:01, Sys 0 00:00:02  -  Total Remote Usage
		Usr 0 00:00:00, Sys 0 00:00:00  -  Total Local Usage
	13015  -  Run Bytes Sent By Job
	1524  -  Run Bytes Received By Job
	13015  -  Total Bytes Sent By Job
	1524  -  Total Bytes Received By Job
	Partitionable Resources :    Usage  Request Allocated 
	   Cpus                 :                 1         1 
	   Disk (KB)            :       27        2    203586 
	   Memory (MB)          :        9     2000      2000 
...
