000 (1354573.000.000) 02/17 07:03:31 Job submitted from host: <137.138.44.55:9618?addrs=137.138.44.55-9618+[2001-1458-d00-1a--48]-9618&alias=bigbird17.cern.ch&noUDP&sock=schedd_1694_8585_188>
...
040 (1354573.000.000) 02/17 07:07:03 Started transferring input files
	Transferring to host: <128.142.149.53:9618?addrs=128.142.149.53-9618+[2001-1458-301-b--100-4d0]-9618&alias=b7g41n1199.cern.ch&noUDP&sock=slot1_8_15656_d176_10994>
...
040 (1354573.000.000) 02/17 07:07:03 Finished transferring input files
...
001 (1354573.000.000) 02/17 07:07:04 Job executing on host: <128.142.149.53:9618?addrs=128.142.149.53-9618+[2001-1458-301-b--100-4d0]-9618&alias=b7g41n1199.cern.ch&noUDP&sock=startd_6563_4026>
...
006 (1354573.000.000) 02/17 07:07:12 Image size of job updated: 622572
	148  -  MemoryUsage of job (MB)
	151456  -  ResidentSetSize of job (KB)
...
040 (1354573.000.000) 02/17 07:07:24 Started transferring output files
...
040 (1354573.000.000) 02/17 07:07:24 Finished transferring output files
...
005 (1354573.000.000) 02/17 07:07:24 Job terminated.
	(1) Normal termination (return value 139)
		Usr 0 00:00:11, Sys 0 00:00:02  -  Run Remote Usage
		Usr 0 00:00:00, Sys 0 00:00:00  -  Run Local Usage
		Usr 0 00:00:11, Sys 0 00:00:02  -  Total Remote Usage
		Usr 0 00:00:00, Sys 0 00:00:00  -  Total Local Usage
	9956  -  Run Bytes Sent By Job
	1555  -  Run Bytes Received By Job
	9956  -  Total Bytes Sent By Job
	1555  -  Total Bytes Received By Job
	Partitionable Resources :    Usage  Request Allocated 
	   Cpus                 :                 1         1 
	   Disk (KB)            :       25        2    349041 
	   Memory (MB)          :      148     2000      2000 
...
