000 (1354432.000.000) 02/17 06:53:50 Job submitted from host: <137.138.44.55:9618?addrs=137.138.44.55-9618+[2001-1458-d00-1a--48]-9618&alias=bigbird17.cern.ch&noUDP&sock=schedd_1694_8585_188>
...
040 (1354432.000.000) 02/17 07:04:16 Started transferring input files
	Transferring to host: <188.185.105.143:9618?addrs=188.185.105.143-9618+[2001-1458-d00-3e--100-36e]-9618&noUDP&sock=17507_03e1_77559>
...
040 (1354432.000.000) 02/17 07:04:16 Finished transferring input files
...
001 (1354432.000.000) 02/17 07:04:17 Job executing on host: <188.185.105.143:9618?addrs=188.185.105.143-9618+[2001-1458-d00-3e--100-36e]-9618&noUDP&sock=17371_a3be_3>
...
006 (1354432.000.000) 02/17 07:04:26 Image size of job updated: 592432
	476  -  MemoryUsage of job (MB)
	487200  -  ResidentSetSize of job (KB)
...
006 (1354432.000.000) 02/17 07:04:27 Image size of job updated: 592512
	476  -  MemoryUsage of job (MB)
	487280  -  ResidentSetSize of job (KB)
...
040 (1354432.000.000) 02/17 07:04:27 Started transferring output files
...
040 (1354432.000.000) 02/17 07:04:27 Finished transferring output files
...
005 (1354432.000.000) 02/17 07:04:27 Job terminated.
	(1) Normal termination (return value 139)
		Usr 0 00:00:06, Sys 0 00:00:01  -  Run Remote Usage
		Usr 0 00:00:00, Sys 0 00:00:00  -  Run Local Usage
		Usr 0 00:00:06, Sys 0 00:00:01  -  Total Remote Usage
		Usr 0 00:00:00, Sys 0 00:00:00  -  Total Local Usage
	9946  -  Run Bytes Sent By Job
	1508  -  Run Bytes Received By Job
	9946  -  Total Bytes Sent By Job
	1508  -  Total Bytes Received By Job
	Partitionable Resources :    Usage  Request Allocated 
	   Cpus                 :     0.16        1         1 
	   Disk (KB)            :    33           2    583722 
	   Memory (MB)          :   476        2000      2000 
...
