000 (1354847.000.000) 02/17 07:21:46 Job submitted from host: <137.138.44.55:9618?addrs=137.138.44.55-9618+[2001-1458-d00-1a--48]-9618&alias=bigbird17.cern.ch&noUDP&sock=schedd_1694_8585_188>
...
040 (1354847.000.000) 02/17 07:21:51 Started transferring input files
	Transferring to host: <188.184.211.156:9618?addrs=188.184.211.156-9618+[2001-1458-301-10b--100-506]-9618&noUDP&sock=17230_d7f6_79727>
...
040 (1354847.000.000) 02/17 07:21:51 Finished transferring input files
...
001 (1354847.000.000) 02/17 07:21:52 Job executing on host: <188.184.211.156:9618?addrs=188.184.211.156-9618+[2001-1458-301-10b--100-506]-9618&noUDP&sock=17076_4b4d_3>
...
006 (1354847.000.000) 02/17 07:22:01 Image size of job updated: 4132
	3  -  MemoryUsage of job (MB)
	2920  -  ResidentSetSize of job (KB)
...
006 (1354847.000.000) 02/17 07:23:45 Image size of job updated: 233792
	3  -  MemoryUsage of job (MB)
	2920  -  ResidentSetSize of job (KB)
...
040 (1354847.000.000) 02/17 07:23:45 Started transferring output files
...
040 (1354847.000.000) 02/17 07:23:45 Finished transferring output files
...
005 (1354847.000.000) 02/17 07:23:45 Job terminated.
	(1) Normal termination (return value 139)
		Usr 0 00:00:11, Sys 0 00:00:02  -  Run Remote Usage
		Usr 0 00:00:00, Sys 0 00:00:00  -  Run Local Usage
		Usr 0 00:00:11, Sys 0 00:00:02  -  Total Remote Usage
		Usr 0 00:00:00, Sys 0 00:00:00  -  Total Local Usage
	9963  -  Run Bytes Sent By Job
	1595  -  Run Bytes Received By Job
	9963  -  Total Bytes Sent By Job
	1595  -  Total Bytes Received By Job
	Partitionable Resources :    Usage  Request Allocated 
	   Cpus                 :     0.08        1         1 
	   Disk (KB)            :    33           2    359038 
	   Memory (MB)          :     3        2000      2000 
...
