000 (1355032.000.000) 02/17 07:30:12 Job submitted from host: <137.138.44.55:9618?addrs=137.138.44.55-9618+[2001-1458-d00-1a--48]-9618&alias=bigbird17.cern.ch&noUDP&sock=schedd_1694_8585_188>
...
040 (1355032.000.000) 02/17 07:30:34 Started transferring input files
	Transferring to host: <128.142.83.113:9618?addrs=128.142.83.113-9618+[2001-1458-301-f5--100-15a]-9618&alias=b7s13n4764.cern.ch&noUDP&sock=slot1_14_23727_915e_9665>
...
040 (1355032.000.000) 02/17 07:30:34 Finished transferring input files
...
001 (1355032.000.000) 02/17 07:30:35 Job executing on host: <128.142.83.113:9618?addrs=128.142.83.113-9618+[2001-1458-301-f5--100-15a]-9618&alias=b7s13n4764.cern.ch&noUDP&sock=startd_16689_d826>
...
006 (1355032.000.000) 02/17 07:30:43 Image size of job updated: 691080
	0  -  MemoryUsage of job (MB)
	0  -  ResidentSetSize of job (KB)
...
040 (1355032.000.000) 02/17 07:30:43 Started transferring output files
...
040 (1355032.000.000) 02/17 07:30:43 Finished transferring output files
...
005 (1355032.000.000) 02/17 07:30:43 Job terminated.
	(1) Normal termination (return value 0)
		Usr 0 00:00:03, Sys 0 00:00:01  -  Run Remote Usage
		Usr 0 00:00:00, Sys 0 00:00:00  -  Run Local Usage
		Usr 0 00:00:03, Sys 0 00:00:01  -  Total Remote Usage
		Usr 0 00:00:00, Sys 0 00:00:00  -  Total Local Usage
	12918  -  Run Bytes Sent By Job
	1501  -  Run Bytes Received By Job
	12918  -  Total Bytes Sent By Job
	1501  -  Total Bytes Received By Job
	Partitionable Resources :    Usage  Request Allocated 
	   Cpus                 :                 1         1 
	   Disk (KB)            :       28        2    152312 
	   Memory (MB)          :        0     2000      2000 
...
