000 (1354824.000.000) 02/17 07:20:31 Job submitted from host: <137.138.44.55:9618?addrs=137.138.44.55-9618+[2001-1458-d00-1a--48]-9618&alias=bigbird17.cern.ch&noUDP&sock=schedd_1694_8585_188>
...
040 (1354824.000.000) 02/17 07:21:21 Started transferring input files
	Transferring to host: <128.142.116.108:9618?addrs=128.142.116.108-9618+[2001-1458-301-ae--100-591]-9618&alias=b7s06n3959.cern.ch&noUDP&sock=slot1_5_29672_5bb0_4574>
...
040 (1354824.000.000) 02/17 07:21:21 Finished transferring input files
...
001 (1354824.000.000) 02/17 07:21:22 Job executing on host: <128.142.116.108:9618?addrs=128.142.116.108-9618+[2001-1458-301-ae--100-591]-9618&alias=b7s06n3959.cern.ch&noUDP&sock=startd_16582_7384>
...
006 (1354824.000.000) 02/17 07:21:31 Image size of job updated: 65184
	17  -  MemoryUsage of job (MB)
	16404  -  ResidentSetSize of job (KB)
...
006 (1354824.000.000) 02/17 07:21:58 Image size of job updated: 1141368
	17  -  MemoryUsage of job (MB)
	16412  -  ResidentSetSize of job (KB)
...
040 (1354824.000.000) 02/17 07:21:58 Started transferring output files
...
040 (1354824.000.000) 02/17 07:21:58 Finished transferring output files
...
005 (1354824.000.000) 02/17 07:21:59 Job terminated.
	(1) Normal termination (return value 139)
		Usr 0 00:00:10, Sys 0 00:00:02  -  Run Remote Usage
		Usr 0 00:00:00, Sys 0 00:00:00  -  Run Local Usage
		Usr 0 00:00:10, Sys 0 00:00:02  -  Total Remote Usage
		Usr 0 00:00:00, Sys 0 00:00:00  -  Total Local Usage
	9964  -  Run Bytes Sent By Job
	1595  -  Run Bytes Received By Job
	9964  -  Total Bytes Sent By Job
	1595  -  Total Bytes Received By Job
	Partitionable Resources :    Usage  Request Allocated 
	   Cpus                 :                 1         1 
	   Disk (KB)            :       24        2    208150 
	   Memory (MB)          :       17     2000      2000 
...
