000 (1355295.000.000) 02/17 07:42:48 Job submitted from host: <137.138.44.55:9618?addrs=137.138.44.55-9618+[2001-1458-d00-1a--48]-9618&alias=bigbird17.cern.ch&noUDP&sock=schedd_1694_8585_188>
...
040 (1355295.000.000) 02/17 07:44:17 Started transferring input files
	Transferring to host: <128.142.126.149:9618?addrs=128.142.126.149-9618+[2001-1458-301-c3--100-184]-9618&noUDP&sock=22838_2fda_157141>
...
040 (1355295.000.000) 02/17 07:44:17 Finished transferring input files
...
001 (1355295.000.000) 02/17 07:44:18 Job executing on host: <128.142.126.149:9618?addrs=128.142.126.149-9618+[2001-1458-301-c3--100-184]-9618&noUDP&sock=1310_2127_3>
...
006 (1355295.000.000) 02/17 07:44:26 Image size of job updated: 238556
	173  -  MemoryUsage of job (MB)
	176292  -  ResidentSetSize of job (KB)
...
006 (1355295.000.000) 02/17 07:44:31 Image size of job updated: 243596
	173  -  MemoryUsage of job (MB)
	176292  -  ResidentSetSize of job (KB)
...
040 (1355295.000.000) 02/17 07:44:32 Started transferring output files
...
040 (1355295.000.000) 02/17 07:44:32 Finished transferring output files
...
005 (1355295.000.000) 02/17 07:44:32 Job terminated.
	(1) Normal termination (return value 0)
		Usr 0 00:00:06, Sys 0 00:00:01  -  Run Remote Usage
		Usr 0 00:00:00, Sys 0 00:00:00  -  Run Local Usage
		Usr 0 00:00:06, Sys 0 00:00:01  -  Total Remote Usage
		Usr 0 00:00:00, Sys 0 00:00:00  -  Total Local Usage
	8143  -  Run Bytes Sent By Job
	1488  -  Run Bytes Received By Job
	8143  -  Total Bytes Sent By Job
	1488  -  Total Bytes Received By Job
	Partitionable Resources :    Usage  Request Allocated 
	   Cpus                 :        0        1         1 
	   Disk (KB)            :       31        2    200068 
	   Memory (MB)          :      173     2000      2000 
...
