000 (1355236.000.000) 02/17 07:39:42 Job submitted from host: <137.138.44.55:9618?addrs=137.138.44.55-9618+[2001-1458-d00-1a--48]-9618&alias=bigbird17.cern.ch&noUDP&sock=schedd_1694_8585_188>
...
040 (1355236.000.000) 02/17 07:39:44 Started transferring input files
	Transferring to host: <188.184.143.99:9618?addrs=188.184.143.99-9618+[2001-1458-301-46--100-177]-9618&noUDP&sock=2967_4512_103425>
...
040 (1355236.000.000) 02/17 07:39:44 Finished transferring input files
...
001 (1355236.000.000) 02/17 07:39:45 Job executing on host: <188.184.143.99:9618?addrs=188.184.143.99-9618+[2001-1458-301-46--100-177]-9618&noUDP&sock=2002_c8b1_3>
...
006 (1355236.000.000) 02/17 07:39:54 Image size of job updated: 238708
	173  -  MemoryUsage of job (MB)
	176440  -  ResidentSetSize of job (KB)
...
006 (1355236.000.000) 02/17 07:39:58 Image size of job updated: 239712
	173  -  MemoryUsage of job (MB)
	176440  -  ResidentSetSize of job (KB)
...
040 (1355236.000.000) 02/17 07:39:58 Started transferring output files
...
040 (1355236.000.000) 02/17 07:39:58 Finished transferring output files
...
005 (1355236.000.000) 02/17 07:39:58 Job terminated.
	(1) Normal termination (return value 0)
		Usr 0 00:00:06, Sys 0 00:00:01  -  Run Remote Usage
		Usr 0 00:00:00, Sys 0 00:00:00  -  Run Local Usage
		Usr 0 00:00:06, Sys 0 00:00:01  -  Total Remote Usage
		Usr 0 00:00:00, Sys 0 00:00:00  -  Total Local Usage
	8182  -  Run Bytes Sent By Job
	1528  -  Run Bytes Received By Job
	8182  -  Total Bytes Sent By Job
	1528  -  Total Bytes Received By Job
	Partitionable Resources :    Usage  Request Allocated 
	   Cpus                 :        0        1         1 
	   Disk (KB)            :       31        2    208083 
	   Memory (MB)          :      173     2000      2000 
...
