000 (1354651.000.000) 02/17 07:09:37 Job submitted from host: <137.138.44.55:9618?addrs=137.138.44.55-9618+[2001-1458-d00-1a--48]-9618&alias=bigbird17.cern.ch&noUDP&sock=schedd_1694_8585_188>
...
040 (1354651.000.000) 02/17 07:10:10 Started transferring input files
	Transferring to host: <128.142.193.200:9618?addrs=128.142.193.200-9618+[2001-1458-301-cc--100-382]-9618&alias=b7g52n0095.cern.ch&noUDP&sock=slot1_12_7255_8dc0_10794>
...
040 (1354651.000.000) 02/17 07:10:10 Finished transferring input files
...
001 (1354651.000.000) 02/17 07:10:11 Job executing on host: <128.142.193.200:9618?addrs=128.142.193.200-9618+[2001-1458-301-cc--100-382]-9618&alias=b7g52n0095.cern.ch&noUDP&sock=startd_2915_06a9>
...
006 (1354651.000.000) 02/17 07:10:20 Image size of job updated: 587712
	247  -  MemoryUsage of job (MB)
	252920  -  ResidentSetSize of job (KB)
...
006 (1354651.000.000) 02/17 07:10:27 Image size of job updated: 1186368
	248  -  MemoryUsage of job (MB)
	253252  -  ResidentSetSize of job (KB)
...
040 (1354651.000.000) 02/17 07:10:28 Started transferring output files
...
040 (1354651.000.000) 02/17 07:10:28 Finished transferring output files
...
005 (1354651.000.000) 02/17 07:10:28 Job terminated.
	(1) Normal termination (return value 139)
		Usr 0 00:00:08, Sys 0 00:00:02  -  Run Remote Usage
		Usr 0 00:00:00, Sys 0 00:00:00  -  Run Local Usage
		Usr 0 00:00:08, Sys 0 00:00:02  -  Total Remote Usage
		Usr 0 00:00:00, Sys 0 00:00:00  -  Total Local Usage
	9956  -  Run Bytes Sent By Job
	1554  -  Run Bytes Received By Job
	9956  -  Total Bytes Sent By Job
	1554  -  Total Bytes Received By Job
	Partitionable Resources :    Usage  Request Allocated 
	   Cpus                 :                 1         1 
	   Disk (KB)            :       25        2    156891 
	   Memory (MB)          :      248     2000      2000 
...
