000 (1355192.000.000) 02/17 07:37:48 Job submitted from host: <137.138.44.55:9618?addrs=137.138.44.55-9618+[2001-1458-d00-1a--48]-9618&alias=bigbird17.cern.ch&noUDP&sock=schedd_1694_8585_188>
...
040 (1355192.000.000) 02/17 07:38:11 Started transferring input files
	Transferring to host: <188.184.138.163:9618?addrs=188.184.138.163-9618+[2001-1458-301-45--100-b9]-9618&alias=b7g42n0338.cern.ch&noUDP&sock=slot1_1_11665_cc33_4375>
...
040 (1355192.000.000) 02/17 07:38:11 Finished transferring input files
...
001 (1355192.000.000) 02/17 07:38:12 Job executing on host: <188.184.138.163:9618?addrs=188.184.138.163-9618+[2001-1458-301-45--100-b9]-9618&alias=b7g42n0338.cern.ch&noUDP&sock=startd_5606_d404>
...
006 (1355192.000.000) 02/17 07:38:20 Image size of job updated: 303288
	176  -  MemoryUsage of job (MB)
	180060  -  ResidentSetSize of job (KB)
...
006 (1355192.000.000) 02/17 07:40:03 Image size of job updated: 776556
	176  -  MemoryUsage of job (MB)
	180060  -  ResidentSetSize of job (KB)
...
040 (1355192.000.000) 02/17 07:40:03 Started transferring output files
...
040 (1355192.000.000) 02/17 07:40:03 Finished transferring output files
...
005 (1355192.000.000) 02/17 07:40:03 Job terminated.
	(1) Normal termination (return value 0)
		Usr 0 00:01:15, Sys 0 00:00:02  -  Run Remote Usage
		Usr 0 00:00:00, Sys 0 00:00:00  -  Run Local Usage
		Usr 0 00:01:15, Sys 0 00:00:02  -  Total Remote Usage
		Usr 0 00:00:00, Sys 0 00:00:00  -  Total Local Usage
	13051  -  Run Bytes Sent By Job
	1560  -  Run Bytes Received By Job
	13051  -  Total Bytes Sent By Job
	1560  -  Total Bytes Received By Job
	Partitionable Resources :    Usage  Request Allocated 
	   Cpus                 :                 1         1 
	   Disk (KB)            :       28        2    301206 
	   Memory (MB)          :      176     2000      2000 
...
