000 (1354788.000.000) 02/17 07:19:11 Job submitted from host: <137.138.44.55:9618?addrs=137.138.44.55-9618+[2001-1458-d00-1a--48]-9618&alias=bigbird17.cern.ch&noUDP&sock=schedd_1694_8585_188>
...
040 (1354788.000.000) 02/17 07:20:26 Started transferring input files
	Transferring to host: <188.184.186.243:9618?addrs=188.184.186.243-9618+[2001-1458-301-f8--100-d5]-9618&alias=b7g28n0436.cern.ch&noUDP&sock=slot1_4_3404_2d03_4246>
...
040 (1354788.000.000) 02/17 07:20:26 Finished transferring input files
...
001 (1354788.000.000) 02/17 07:20:27 Job executing on host: <188.184.186.243:9618?addrs=188.184.186.243-9618+[2001-1458-301-f8--100-d5]-9618&alias=b7g28n0436.cern.ch&noUDP&sock=startd_32644_a5b3>
...
006 (1354788.000.000) 02/17 07:20:36 Image size of job updated: 111792
	38  -  MemoryUsage of job (MB)
	38516  -  ResidentSetSize of job (KB)
...
006 (1354788.000.000) 02/17 07:20:57 Image size of job updated: 643076
	38  -  MemoryUsage of job (MB)
	38620  -  ResidentSetSize of job (KB)
...
040 (1354788.000.000) 02/17 07:20:57 Started transferring output files
...
040 (1354788.000.000) 02/17 07:20:57 Finished transferring output files
...
005 (1354788.000.000) 02/17 07:20:57 Job terminated.
	(1) Normal termination (return value 139)
		Usr 0 00:00:11, Sys 0 00:00:02  -  Run Remote Usage
		Usr 0 00:00:00, Sys 0 00:00:00  -  Run Local Usage
		Usr 0 00:00:11, Sys 0 00:00:02  -  Total Remote Usage
		Usr 0 00:00:00, Sys 0 00:00:00  -  Total Local Usage
	9964  -  Run Bytes Sent By Job
	1594  -  Run Bytes Received By Job
	9964  -  Total Bytes Sent By Job
	1594  -  Total Bytes Received By Job
	Partitionable Resources :    Usage  Request Allocated 
	   Cpus                 :                 1         1 
	   Disk (KB)            :       24        2    205365 
	   Memory (MB)          :       38     2000      2000 
...
