000 (1354978.000.000) 02/17 07:27:30 Job submitted from host: <137.138.44.55:9618?addrs=137.138.44.55-9618+[2001-1458-d00-1a--48]-9618&alias=bigbird17.cern.ch&noUDP&sock=schedd_1694_8585_188>
...
040 (1354978.000.000) 02/17 07:27:38 Started transferring input files
	Transferring to host: <128.142.78.197:9618?addrs=128.142.78.197-9618+[2001-1458-301-f4--100-2c3]-9618&noUDP&sock=16801_9304_26434>
...
040 (1354978.000.000) 02/17 07:27:38 Finished transferring input files
...
001 (1354978.000.000) 02/17 07:27:39 Job executing on host: <128.142.78.197:9618?addrs=128.142.78.197-9618+[2001-1458-301-f4--100-2c3]-9618&noUDP&sock=16645_a9fc_3>
...
006 (1354978.000.000) 02/17 07:27:48 Image size of job updated: 192224
	0  -  MemoryUsage of job (MB)
	0  -  ResidentSetSize of job (KB)
...
040 (1354978.000.000) 02/17 07:27:48 Started transferring output files
...
040 (1354978.000.000) 02/17 07:27:48 Finished transferring output files
...
005 (1354978.000.000) 02/17 07:27:48 Job terminated.
	(1) Normal termination (return value 0)
		Usr 0 00:00:03, Sys 0 00:00:01  -  Run Remote Usage
		Usr 0 00:00:00, Sys 0 00:00:00  -  Run Local Usage
		Usr 0 00:00:03, Sys 0 00:00:01  -  Total Remote Usage
		Usr 0 00:00:00, Sys 0 00:00:00  -  Total Local Usage
	12872  -  Run Bytes Sent By Job
	1455  -  Run Bytes Received By Job
	12872  -  Total Bytes Sent By Job
	1455  -  Total Bytes Received By Job
	Partitionable Resources :    Usage  Request Allocated 
	   Cpus                 :                 1         1 
	   Disk (KB)            :       28        2    259116 
	   Memory (MB)          :        0     2000      2000 
...
