000 (1354511.000.000) 02/17 06:58:35 Job submitted from host: <137.138.44.55:9618?addrs=137.138.44.55-9618+[2001-1458-d00-1a--48]-9618&alias=bigbird17.cern.ch&noUDP&sock=schedd_1694_8585_188>
...
040 (1354511.000.000) 02/17 07:05:10 Started transferring input files
	Transferring to host: <188.184.182.125:9618?addrs=188.184.182.125-9618+[2001-1458-301-2b--100-565]-9618&noUDP&sock=28399_6a1c_167678>
...
040 (1354511.000.000) 02/17 07:05:10 Finished transferring input files
...
001 (1354511.000.000) 02/17 07:05:11 Job executing on host: <188.184.182.125:9618?addrs=188.184.182.125-9618+[2001-1458-301-2b--100-565]-9618&noUDP&sock=14369_846e_3>
...
006 (1354511.000.000) 02/17 07:05:19 Image size of job updated: 238436
	173  -  MemoryUsage of job (MB)
	176932  -  ResidentSetSize of job (KB)
...
006 (1354511.000.000) 02/17 07:05:29 Image size of job updated: 510352
	176  -  MemoryUsage of job (MB)
	179952  -  ResidentSetSize of job (KB)
...
040 (1354511.000.000) 02/17 07:05:29 Started transferring output files
...
040 (1354511.000.000) 02/17 07:05:29 Finished transferring output files
...
005 (1354511.000.000) 02/17 07:05:29 Job terminated.
	(1) Normal termination (return value 139)
		Usr 0 00:00:10, Sys 0 00:00:02  -  Run Remote Usage
		Usr 0 00:00:00, Sys 0 00:00:00  -  Run Local Usage
		Usr 0 00:00:10, Sys 0 00:00:02  -  Total Remote Usage
		Usr 0 00:00:00, Sys 0 00:00:00  -  Total Local Usage
	9956  -  Run Bytes Sent By Job
	1555  -  Run Bytes Received By Job
	9956  -  Total Bytes Sent By Job
	1555  -  Total Bytes Received By Job
	Partitionable Resources :    Usage  Request Allocated 
	   Cpus                 :     0.04        1         1 
	   Disk (KB)            :    33           2    195181 
	   Memory (MB)          :   176        2000      2000 
...
