000 (1354903.000.000) 02/17 07:24:17 Job submitted from host: <137.138.44.55:9618?addrs=137.138.44.55-9618+[2001-1458-d00-1a--48]-9618&alias=bigbird17.cern.ch&noUDP&sock=schedd_1694_8585_188>
...
040 (1354903.000.000) 02/17 07:25:00 Started transferring input files
	Transferring to host: <128.142.116.176:9618?addrs=128.142.116.176-9618+[2001-1458-301-ae--100-39d]-9618&noUDP&sock=15651_4b96_56596>
...
040 (1354903.000.000) 02/17 07:25:00 Finished transferring input files
...
001 (1354903.000.000) 02/17 07:25:01 Job executing on host: <128.142.116.176:9618?addrs=128.142.116.176-9618+[2001-1458-301-ae--100-39d]-9618&noUDP&sock=15497_3b42_3>
...
006 (1354903.000.000) 02/17 07:25:10 Image size of job updated: 241076
	177  -  MemoryUsage of job (MB)
	180604  -  ResidentSetSize of job (KB)
...
006 (1354903.000.000) 02/17 07:28:16 Image size of job updated: 311700
	177  -  MemoryUsage of job (MB)
	180604  -  ResidentSetSize of job (KB)
...
040 (1354903.000.000) 02/17 07:28:16 Started transferring output files
...
040 (1354903.000.000) 02/17 07:28:16 Finished transferring output files
...
005 (1354903.000.000) 02/17 07:28:16 Job terminated.
	(1) Normal termination (return value 0)
		Usr 0 00:02:26, Sys 0 00:00:02  -  Run Remote Usage
		Usr 0 00:00:00, Sys 0 00:00:00  -  Run Local Usage
		Usr 0 00:02:26, Sys 0 00:00:02  -  Total Remote Usage
		Usr 0 00:00:00, Sys 0 00:00:00  -  Total Local Usage
	12759  -  Run Bytes Sent By Job
	1417  -  Run Bytes Received By Job
	12759  -  Total Bytes Sent By Job
	1417  -  Total Bytes Received By Job
	Partitionable Resources :    Usage  Request Allocated 
	   Cpus                 :     0.80        1         1 
	   Disk (KB)            :    36           2    204825 
	   Memory (MB)          :   177        2000      2000 
...
