000 (1354653.000.000) 02/17 07:09:48 Job submitted from host: <137.138.44.55:9618?addrs=137.138.44.55-9618+[2001-1458-d00-1a--48]-9618&alias=bigbird17.cern.ch&noUDP&sock=schedd_1694_8585_188>
...
040 (1354653.000.000) 02/17 07:10:15 Started transferring input files
	Transferring to host: <128.142.85.83:9618?addrs=128.142.85.83-9618+[2001-1458-301-f6--100-48a]-9618&noUDP&sock=16383_0e33_21004>
...
040 (1354653.000.000) 02/17 07:10:15 Finished transferring input files
...
001 (1354653.000.000) 02/17 07:10:16 Job executing on host: <128.142.85.83:9618?addrs=128.142.85.83-9618+[2001-1458-301-f6--100-48a]-9618&noUDP&sock=16227_f365_3>
...
006 (1354653.000.000) 02/17 07:10:25 Image size of job updated: 235108
	171  -  MemoryUsage of job (MB)
	174640  -  ResidentSetSize of job (KB)
...
006 (1354653.000.000) 02/17 07:12:18 Image size of job updated: 846856
	171  -  MemoryUsage of job (MB)
	174640  -  ResidentSetSize of job (KB)
...
040 (1354653.000.000) 02/17 07:12:18 Started transferring output files
...
040 (1354653.000.000) 02/17 07:12:18 Finished transferring output files
...
005 (1354653.000.000) 02/17 07:12:18 Job terminated.
	(1) Normal termination (return value 0)
		Usr 0 00:01:38, Sys 0 00:00:01  -  Run Remote Usage
		Usr 0 00:00:00, Sys 0 00:00:00  -  Run Local Usage
		Usr 0 00:01:38, Sys 0 00:00:01  -  Total Remote Usage
		Usr 0 00:00:00, Sys 0 00:00:00  -  Total Local Usage
	7955  -  Run Bytes Sent By Job
	1554  -  Run Bytes Received By Job
	7955  -  Total Bytes Sent By Job
	1554  -  Total Bytes Received By Job
	Partitionable Resources :    Usage  Request Allocated 
	   Cpus                 :     0.62        1         1 
	   Disk (KB)            :    31           2    259848 
	   Memory (MB)          :   171        2000      2000 
...
