000 (1355216.000.000) 02/17 07:38:55 Job submitted from host: <137.138.44.55:9618?addrs=137.138.44.55-9618+[2001-1458-d00-1a--48]-9618&alias=bigbird17.cern.ch&noUDP&sock=schedd_1694_8585_188>
...
040 (1355216.000.000) 02/17 07:39:09 Started transferring input files
	Transferring to host: <188.184.139.6:9618?addrs=188.184.139.6-9618+[2001-1458-301-45--100-ea]-9618&noUDP&sock=5302_7d11_163787>
...
040 (1355216.000.000) 02/17 07:39:09 Finished transferring input files
...
001 (1355216.000.000) 02/17 07:39:10 Job executing on host: <188.184.139.6:9618?addrs=188.184.139.6-9618+[2001-1458-301-45--100-ea]-9618&noUDP&sock=5585_6c87_3>
...
006 (1355216.000.000) 02/17 07:39:19 Image size of job updated: 238968
	174  -  MemoryUsage of job (MB)
	178144  -  ResidentSetSize of job (KB)
...
006 (1355216.000.000) 02/17 07:39:25 Image size of job updated: 246352
	174  -  MemoryUsage of job (MB)
	178144  -  ResidentSetSize of job (KB)
...
040 (1355216.000.000) 02/17 07:39:25 Started transferring output files
...
040 (1355216.000.000) 02/17 07:39:25 Finished transferring output files
...
005 (1355216.000.000) 02/17 07:39:25 Job terminated.
	(1) Normal termination (return value 0)
		Usr 0 00:00:07, Sys 0 00:00:01  -  Run Remote Usage
		Usr 0 00:00:00, Sys 0 00:00:00  -  Run Local Usage
		Usr 0 00:00:07, Sys 0 00:00:01  -  Total Remote Usage
		Usr 0 00:00:00, Sys 0 00:00:00  -  Total Local Usage
	8182  -  Run Bytes Sent By Job
	1528  -  Run Bytes Received By Job
	8182  -  Total Bytes Sent By Job
	1528  -  Total Bytes Received By Job
	Partitionable Resources :    Usage  Request Allocated 
	   Cpus                 :     0.67        1         1 
	   Disk (KB)            :    32           2    280425 
	   Memory (MB)          :   174        2000      2000 
...
