000 (1355076.000.000) 02/17 07:32:08 Job submitted from host: <137.138.44.55:9618?addrs=137.138.44.55-9618+[2001-1458-d00-1a--48]-9618&alias=bigbird17.cern.ch&noUDP&sock=schedd_1694_8585_188>
...
040 (1355076.000.000) 02/17 07:34:02 Started transferring input files
	Transferring to host: <188.184.207.160:9618?addrs=188.184.207.160-9618+[2001-1458-301-7d--100-4b6]-9618&alias=b7g27n4114.cern.ch&noUDP&sock=slot1_9_30520_d9d2_3687>
...
040 (1355076.000.000) 02/17 07:34:02 Finished transferring input files
...
001 (1355076.000.000) 02/17 07:34:03 Job executing on host: <188.184.207.160:9618?addrs=188.184.207.160-9618+[2001-1458-301-7d--100-4b6]-9618&alias=b7g27n4114.cern.ch&noUDP&sock=startd_29926_5349>
...
006 (1355076.000.000) 02/17 07:34:11 Image size of job updated: 64744
	16  -  MemoryUsage of job (MB)
	16192  -  ResidentSetSize of job (KB)
...
006 (1355076.000.000) 02/17 07:36:57 Image size of job updated: 779024
	16  -  MemoryUsage of job (MB)
	16192  -  ResidentSetSize of job (KB)
...
040 (1355076.000.000) 02/17 07:36:57 Started transferring output files
...
040 (1355076.000.000) 02/17 07:36:57 Finished transferring output files
...
005 (1355076.000.000) 02/17 07:36:58 Job terminated.
	(1) Normal termination (return value 0)
		Usr 0 00:02:01, Sys 0 00:00:02  -  Run Remote Usage
		Usr 0 00:00:00, Sys 0 00:00:00  -  Run Local Usage
		Usr 0 00:02:01, Sys 0 00:00:02  -  Total Remote Usage
		Usr 0 00:00:00, Sys 0 00:00:00  -  Total Local Usage
	13015  -  Run Bytes Sent By Job
	1524  -  Run Bytes Received By Job
	13015  -  Total Bytes Sent By Job
	1524  -  Total Bytes Received By Job
	Partitionable Resources :    Usage  Request Allocated 
	   Cpus                 :     0.58        1         1 
	   Disk (KB)            :    34           2    199358 
	   Memory (MB)          :    16        2000      2000 
...
