000 (1354733.000.000) 02/17 07:15:56 Job submitted from host: <137.138.44.55:9618?addrs=137.138.44.55-9618+[2001-1458-d00-1a--48]-9618&alias=bigbird17.cern.ch&noUDP&sock=schedd_1694_8585_188>
...
040 (1354733.000.000) 02/17 07:16:21 Started transferring input files
	Transferring to host: <128.142.66.239:9618?addrs=128.142.66.239-9618+[2001-1458-301-4c--100-40a]-9618&alias=b7s09n0694.cern.ch&noUDP&sock=slot1_1_10864_6bb3_25655>
...
040 (1354733.000.000) 02/17 07:16:21 Finished transferring input files
...
001 (1354733.000.000) 02/17 07:16:22 Job executing on host: <128.142.66.239:9618?addrs=128.142.66.239-9618+[2001-1458-301-4c--100-40a]-9618&alias=b7s09n0694.cern.ch&noUDP&sock=startd_2139_c12a>
...
006 (1354733.000.000) 02/17 07:16:30 Image size of job updated: 161740
	65  -  MemoryUsage of job (MB)
	66256  -  ResidentSetSize of job (KB)
...
006 (1354733.000.000) 02/17 07:16:44 Image size of job updated: 924284
	65  -  MemoryUsage of job (MB)
	66256  -  ResidentSetSize of job (KB)
...
040 (1354733.000.000) 02/17 07:16:44 Started transferring output files
...
040 (1354733.000.000) 02/17 07:16:44 Finished transferring output files
...
005 (1354733.000.000) 02/17 07:16:44 Job terminated.
	(1) Normal termination (return value 139)
		Usr 0 00:00:08, Sys 0 00:00:02  -  Run Remote Usage
		Usr 0 00:00:00, Sys 0 00:00:00  -  Run Local Usage
		Usr 0 00:00:08, Sys 0 00:00:02  -  Total Remote Usage
		Usr 0 00:00:00, Sys 0 00:00:00  -  Total Local Usage
	9963  -  Run Bytes Sent By Job
	1595  -  Run Bytes Received By Job
	9963  -  Total Bytes Sent By Job
	1595  -  Total Bytes Received By Job
	Partitionable Resources :    Usage  Request Allocated 
	   Cpus                 :                 1         1 
	   Disk (KB)            :       24        2    247145 
	   Memory (MB)          :       65     2000      2000 
...
