000 (1354752.000.000) 02/17 07:17:09 Job submitted from host: <137.138.44.55:9618?addrs=137.138.44.55-9618+[2001-1458-d00-1a--48]-9618&alias=bigbird17.cern.ch&noUDP&sock=schedd_1694_8585_188>
...
040 (1354752.000.000) 02/17 07:17:18 Started transferring input files
	Transferring to host: <188.184.168.191:9618?addrs=188.184.168.191-9618+[2001-1458-301-c0--100-48a]-9618&alias=b7g52n5814.cern.ch&noUDP&sock=slot1_4_24555_f800_3688>
...
040 (1354752.000.000) 02/17 07:17:18 Finished transferring input files
...
001 (1354752.000.000) 02/17 07:17:19 Job executing on host: <188.184.168.191:9618?addrs=188.184.168.191-9618+[2001-1458-301-c0--100-48a]-9618&alias=b7g52n5814.cern.ch&noUDP&sock=startd_17015_7406>
...
006 (1354752.000.000) 02/17 07:17:28 Image size of job updated: 816552
	172  -  MemoryUsage of job (MB)
	175312  -  ResidentSetSize of job (KB)
...
006 (1354752.000.000) 02/17 07:19:23 Image size of job updated: 824696
	172  -  MemoryUsage of job (MB)
	175312  -  ResidentSetSize of job (KB)
...
040 (1354752.000.000) 02/17 07:19:23 Started transferring output files
...
040 (1354752.000.000) 02/17 07:19:23 Finished transferring output files
...
005 (1354752.000.000) 02/17 07:19:23 Job terminated.
	(1) Normal termination (return value 0)
		Usr 0 00:01:39, Sys 0 00:00:01  -  Run Remote Usage
		Usr 0 00:00:00, Sys 0 00:00:00  -  Run Local Usage
		Usr 0 00:01:39, Sys 0 00:00:01  -  Total Remote Usage
		Usr 0 00:00:00, Sys 0 00:00:00  -  Total Local Usage
	7996  -  Run Bytes Sent By Job
	1594  -  Run Bytes Received By Job
	7996  -  Total Bytes Sent By Job
	1594  -  Total Bytes Received By Job
	Partitionable Resources :    Usage  Request Allocated 
	   Cpus                 :                 1         1 
	   Disk (KB)            :       23        2    265221 
	   Memory (MB)          :      172     2000      2000 
...
