000 (1355357.000.000) 02/17 07:45:16 Job submitted from host: <137.138.44.55:9618?addrs=137.138.44.55-9618+[2001-1458-d00-1a--48]-9618&alias=bigbird17.cern.ch&noUDP&sock=schedd_1694_8585_188>
...
040 (1355357.000.000) 02/17 07:47:01 Started transferring input files
	Transferring to host: <128.142.79.81:9618?addrs=128.142.79.81-9618+[2001-1458-301-f4--100-4e4]-9618&alias=b7s12n2820.cern.ch&noUDP&sock=slot1_4_6893_7df1_8242>
...
040 (1355357.000.000) 02/17 07:47:01 Finished transferring input files
...
001 (1355357.000.000) 02/17 07:47:02 Job executing on host: <128.142.79.81:9618?addrs=128.142.79.81-9618+[2001-1458-301-f4--100-4e4]-9618&alias=b7s12n2820.cern.ch&noUDP&sock=startd_16666_1179>
...
006 (1355357.000.000) 02/17 07:47:11 Image size of job updated: 654916
	174  -  MemoryUsage of job (MB)
	177676  -  ResidentSetSize of job (KB)
...
040 (1355357.000.000) 02/17 07:47:18 Started transferring output files
...
040 (1355357.000.000) 02/17 07:47:18 Finished transferring output files
...
005 (1355357.000.000) 02/17 07:47:18 Job terminated.
	(1) Normal termination (return value 0)
		Usr 0 00:00:07, Sys 0 00:00:02  -  Run Remote Usage
		Usr 0 00:00:00, Sys 0 00:00:00  -  Run Local Usage
		Usr 0 00:00:07, Sys 0 00:00:02  -  Total Remote Usage
		Usr 0 00:00:00, Sys 0 00:00:00  -  Total Local Usage
	8138  -  Run Bytes Sent By Job
	1483  -  Run Bytes Received By Job
	8138  -  Total Bytes Sent By Job
	1483  -  Total Bytes Received By Job
	Partitionable Resources :    Usage  Request Allocated 
	   Cpus                 :                 1         1 
	   Disk (KB)            :       23        2    265146 
	   Memory (MB)          :      174     2000      2000 
...
