000 (1354623.000.000) 02/17 07:07:25 Job submitted from host: <137.138.44.55:9618?addrs=137.138.44.55-9618+[2001-1458-d00-1a--48]-9618&alias=bigbird17.cern.ch&noUDP&sock=schedd_1694_8585_188>
...
040 (1354623.000.000) 02/17 07:09:27 Started transferring input files
	Transferring to host: <128.142.149.241:9618?addrs=128.142.149.241-9618+[2001-1458-301-b--100-36a]-9618&noUDP&sock=28466_9f3f_162213>
...
040 (1354623.000.000) 02/17 07:09:27 Finished transferring input files
...
001 (1354623.000.000) 02/17 07:09:28 Job executing on host: <128.142.149.241:9618?addrs=128.142.149.241-9618+[2001-1458-301-b--100-36a]-9618&noUDP&sock=7649_2800_3>
...
006 (1354623.000.000) 02/17 07:09:36 Image size of job updated: 128096
	44  -  MemoryUsage of job (MB)
	44060  -  ResidentSetSize of job (KB)
...
006 (1354623.000.000) 02/17 07:09:54 Image size of job updated: 230980
	44  -  MemoryUsage of job (MB)
	44072  -  ResidentSetSize of job (KB)
...
040 (1354623.000.000) 02/17 07:09:54 Started transferring output files
...
040 (1354623.000.000) 02/17 07:09:54 Finished transferring output files
...
005 (1354623.000.000) 02/17 07:09:54 Job terminated.
	(1) Normal termination (return value 139)
		Usr 0 00:00:10, Sys 0 00:00:03  -  Run Remote Usage
		Usr 0 00:00:00, Sys 0 00:00:00  -  Run Local Usage
		Usr 0 00:00:10, Sys 0 00:00:03  -  Total Remote Usage
		Usr 0 00:00:00, Sys 0 00:00:00  -  Total Local Usage
	9954  -  Run Bytes Sent By Job
	1554  -  Run Bytes Received By Job
	9954  -  Total Bytes Sent By Job
	1554  -  Total Bytes Received By Job
	Partitionable Resources :    Usage  Request Allocated 
	   Cpus                 :        0        1         1 
	   Disk (KB)            :       33        2    336154 
	   Memory (MB)          :       44     2000      2000 
...
