000 (1355179.000.000) 02/17 07:37:06 Job submitted from host: <137.138.44.55:9618?addrs=137.138.44.55-9618+[2001-1458-d00-1a--48]-9618&alias=bigbird17.cern.ch&noUDP&sock=schedd_1694_8585_188>
...
040 (1355179.000.000) 02/17 07:37:18 Started transferring input files
	Transferring to host: <188.184.205.250:9618?addrs=188.184.205.250-9618+[2001-1458-301-7d--100-1fc]-9618&noUDP&sock=4601_9214_5051>
...
040 (1355179.000.000) 02/17 07:37:18 Finished transferring input files
...
001 (1355179.000.000) 02/17 07:37:19 Job executing on host: <188.184.205.250:9618?addrs=188.184.205.250-9618+[2001-1458-301-7d--100-1fc]-9618&noUDP&sock=3411_3da2_3>
...
006 (1355179.000.000) 02/17 07:37:27 Image size of job updated: 219812
	156  -  MemoryUsage of job (MB)
	159736  -  ResidentSetSize of job (KB)
...
006 (1355179.000.000) 02/17 07:40:35 Image size of job updated: 364768
	157  -  MemoryUsage of job (MB)
	159756  -  ResidentSetSize of job (KB)
...
040 (1355179.000.000) 02/17 07:40:35 Started transferring output files
...
040 (1355179.000.000) 02/17 07:40:35 Finished transferring output files
...
005 (1355179.000.000) 02/17 07:40:35 Job terminated.
	(1) Normal termination (return value 0)
		Usr 0 00:01:42, Sys 0 00:00:02  -  Run Remote Usage
		Usr 0 00:00:00, Sys 0 00:00:00  -  Run Local Usage
		Usr 0 00:01:42, Sys 0 00:00:02  -  Total Remote Usage
		Usr 0 00:00:00, Sys 0 00:00:00  -  Total Local Usage
	13055  -  Run Bytes Sent By Job
	1564  -  Run Bytes Received By Job
	13055  -  Total Bytes Sent By Job
	1564  -  Total Bytes Received By Job
	Partitionable Resources :    Usage  Request Allocated 
	   Cpus                 :     0.51        1         1 
	   Disk (KB)            :    36           2    193856 
	   Memory (MB)          :   157        2000      2000 
...
