000 (1355135.000.000) 02/17 07:34:46 Job submitted from host: <137.138.44.55:9618?addrs=137.138.44.55-9618+[2001-1458-d00-1a--48]-9618&alias=bigbird17.cern.ch&noUDP&sock=schedd_1694_8585_188>
...
040 (1355135.000.000) 02/17 07:36:42 Started transferring input files
	Transferring to host: <188.184.182.162:9618?addrs=188.184.182.162-9618+[2001-1458-301-2b--100-18f]-9618&noUDP&sock=32182_e156_164907>
...
001 (1355135.000.000) 02/17 07:36:43 Job executing on host: <188.184.182.162:9618?addrs=188.184.182.162-9618+[2001-1458-301-2b--100-18f]-9618&noUDP&sock=6588_6604_3>
...
040 (1355135.000.000) 02/17 07:36:43 Finished transferring input files
...
006 (1355135.000.000) 02/17 07:36:52 Image size of job updated: 128136
	44  -  MemoryUsage of job (MB)
	44084  -  ResidentSetSize of job (KB)
...
006 (1355135.000.000) 02/17 07:40:57 Image size of job updated: 364748
	44  -  MemoryUsage of job (MB)
	44100  -  ResidentSetSize of job (KB)
...
040 (1355135.000.000) 02/17 07:40:57 Started transferring output files
...
040 (1355135.000.000) 02/17 07:40:57 Finished transferring output files
...
005 (1355135.000.000) 02/17 07:40:57 Job terminated.
	(1) Normal termination (return value 0)
		Usr 0 00:01:47, Sys 0 00:00:02  -  Run Remote Usage
		Usr 0 00:00:00, Sys 0 00:00:00  -  Run Local Usage
		Usr 0 00:01:47, Sys 0 00:00:02  -  Total Remote Usage
		Usr 0 00:00:00, Sys 0 00:00:00  -  Total Local Usage
	13054  -  Run Bytes Sent By Job
	1564  -  Run Bytes Received By Job
	13054  -  Total Bytes Sent By Job
	1564  -  Total Bytes Received By Job
	Partitionable Resources :    Usage  Request Allocated 
	   Cpus                 :     0.39        1         1 
	   Disk (KB)            :    36           2    350042 
	   Memory (MB)          :    44        2000      2000 
...
