000 (1355210.000.000) 02/17 07:38:36 Job submitted from host: <137.138.44.55:9618?addrs=137.138.44.55-9618+[2001-1458-d00-1a--48]-9618&alias=bigbird17.cern.ch&noUDP&sock=schedd_1694_8585_188>
...
040 (1355210.000.000) 02/17 07:39:07 Started transferring input files
	Transferring to host: <188.184.197.147:9618?addrs=188.184.197.147-9618+[2001-1458-301-103--100-3eb]-9618&noUDP&sock=18841_f057_84331>
...
040 (1355210.000.000) 02/17 07:39:07 Finished transferring input files
...
001 (1355210.000.000) 02/17 07:39:08 Job executing on host: <188.184.197.147:9618?addrs=188.184.197.147-9618+[2001-1458-301-103--100-3eb]-9618&noUDP&sock=18705_a714_3>
...
006 (1355210.000.000) 02/17 07:39:17 Image size of job updated: 245052
	180  -  MemoryUsage of job (MB)
	183760  -  ResidentSetSize of job (KB)
...
040 (1355210.000.000) 02/17 07:39:19 Started transferring output files
...
040 (1355210.000.000) 02/17 07:39:19 Finished transferring output files
...
005 (1355210.000.000) 02/17 07:39:20 Job terminated.
	(1) Normal termination (return value 0)
		Usr 0 00:00:07, Sys 0 00:00:01  -  Run Remote Usage
		Usr 0 00:00:00, Sys 0 00:00:00  -  Run Local Usage
		Usr 0 00:00:07, Sys 0 00:00:01  -  Total Remote Usage
		Usr 0 00:00:00, Sys 0 00:00:00  -  Total Local Usage
	8183  -  Run Bytes Sent By Job
	1528  -  Run Bytes Received By Job
	8183  -  Total Bytes Sent By Job
	1528  -  Total Bytes Received By Job
	Partitionable Resources :    Usage  Request Allocated 
	   Cpus                 :     0.67        1         1 
	   Disk (KB)            :    32           2    345374 
	   Memory (MB)          :   180        2000      2000 
...
