000 (1355074.000.000) 02/17 07:32:06 Job submitted from host: <137.138.44.55:9618?addrs=137.138.44.55-9618+[2001-1458-d00-1a--48]-9618&alias=bigbird17.cern.ch&noUDP&sock=schedd_1694_8585_188>
...
040 (1355074.000.000) 02/17 07:34:02 Started transferring input files
	Transferring to host: <188.184.133.105:9618?addrs=188.184.133.105-9618+[2001-1458-301-a0--100-185]-9618&alias=b7g28n0426.cern.ch&noUDP&sock=slot1_8_3250_ab3d_4443>
...
040 (1355074.000.000) 02/17 07:34:02 Finished transferring input files
...
001 (1355074.000.000) 02/17 07:34:03 Job executing on host: <188.184.133.105:9618?addrs=188.184.133.105-9618+[2001-1458-301-a0--100-185]-9618&alias=b7g28n0426.cern.ch&noUDP&sock=startd_1970_d5a9>
...
006 (1355074.000.000) 02/17 07:34:11 Image size of job updated: 142364
	49  -  MemoryUsage of job (MB)
	50016  -  ResidentSetSize of job (KB)
...
006 (1355074.000.000) 02/17 07:37:11 Image size of job updated: 777220
	49  -  MemoryUsage of job (MB)
	50136  -  ResidentSetSize of job (KB)
...
040 (1355074.000.000) 02/17 07:37:11 Started transferring output files
...
040 (1355074.000.000) 02/17 07:37:11 Finished transferring output files
...
005 (1355074.000.000) 02/17 07:37:12 Job terminated.
	(1) Normal termination (return value 0)
		Usr 0 00:01:54, Sys 0 00:00:02  -  Run Remote Usage
		Usr 0 00:00:00, Sys 0 00:00:00  -  Run Local Usage
		Usr 0 00:01:54, Sys 0 00:00:02  -  Total Remote Usage
		Usr 0 00:00:00, Sys 0 00:00:00  -  Total Local Usage
	13013  -  Run Bytes Sent By Job
	1524  -  Run Bytes Received By Job
	13013  -  Total Bytes Sent By Job
	1524  -  Total Bytes Received By Job
	Partitionable Resources :    Usage  Request Allocated 
	   Cpus                 :                 1         1 
	   Disk (KB)            :       27        2    107388 
	   Memory (MB)          :       49     2000      2000 
...
