000 (1354428.000.000) 02/17 06:53:26 Job submitted from host: <137.138.44.55:9618?addrs=137.138.44.55-9618+[2001-1458-d00-1a--48]-9618&alias=bigbird17.cern.ch&noUDP&sock=schedd_1694_8585_188>
...
040 (1354428.000.000) 02/17 07:04:16 Started transferring input files
	Transferring to host: <128.142.85.1:9618?addrs=128.142.85.1-9618+[2001-1458-301-f6--100-13b]-9618&alias=b7s14n6965.cern.ch&noUDP&sock=slot1_2_8044_79c0_9367>
...
040 (1354428.000.000) 02/17 07:04:16 Finished transferring input files
...
001 (1354428.000.000) 02/17 07:04:17 Job executing on host: <128.142.85.1:9618?addrs=128.142.85.1-9618+[2001-1458-301-f6--100-13b]-9618&alias=b7s14n6965.cern.ch&noUDP&sock=startd_16597_bd70>
...
006 (1354428.000.000) 02/17 07:04:26 Image size of job updated: 1054324
	352  -  MemoryUsage of job (MB)
	359800  -  ResidentSetSize of job (KB)
...
040 (1354428.000.000) 02/17 07:04:31 Started transferring output files
...
040 (1354428.000.000) 02/17 07:04:31 Finished transferring output files
...
005 (1354428.000.000) 02/17 07:04:32 Job terminated.
	(1) Normal termination (return value 139)
		Usr 0 00:00:08, Sys 0 00:00:01  -  Run Remote Usage
		Usr 0 00:00:00, Sys 0 00:00:00  -  Run Local Usage
		Usr 0 00:00:08, Sys 0 00:00:01  -  Total Remote Usage
		Usr 0 00:00:00, Sys 0 00:00:00  -  Total Local Usage
	9945  -  Run Bytes Sent By Job
	1509  -  Run Bytes Received By Job
	9945  -  Total Bytes Sent By Job
	1509  -  Total Bytes Received By Job
	Partitionable Resources :    Usage  Request Allocated 
	   Cpus                 :                 1         1 
	   Disk (KB)            :       25        2    252283 
	   Memory (MB)          :      352     2000      2000 
...
