000 (1354974.000.000) 02/17 07:27:26 Job submitted from host: <137.138.44.55:9618?addrs=137.138.44.55-9618+[2001-1458-d00-1a--48]-9618&alias=bigbird17.cern.ch&noUDP&sock=schedd_1694_8585_188>
...
040 (1354974.000.000) 02/17 07:27:33 Started transferring input files
	Transferring to host: <128.142.82.171:9618?addrs=128.142.82.171-9618+[2001-1458-301-f5--100-1ef]-9618&noUDP&sock=16443_54b6_28931>
...
040 (1354974.000.000) 02/17 07:27:33 Finished transferring input files
...
001 (1354974.000.000) 02/17 07:27:34 Job executing on host: <128.142.82.171:9618?addrs=128.142.82.171-9618+[2001-1458-301-f5--100-1ef]-9618&noUDP&sock=16287_1b14_3>
...
006 (1354974.000.000) 02/17 07:27:42 Image size of job updated: 237432
	170  -  MemoryUsage of job (MB)
	173204  -  ResidentSetSize of job (KB)
...
040 (1354974.000.000) 02/17 07:27:42 Started transferring output files
...
040 (1354974.000.000) 02/17 07:27:42 Finished transferring output files
...
005 (1354974.000.000) 02/17 07:27:43 Job terminated.
	(1) Normal termination (return value 0)
		Usr 0 00:00:03, Sys 0 00:00:01  -  Run Remote Usage
		Usr 0 00:00:00, Sys 0 00:00:00  -  Run Local Usage
		Usr 0 00:00:03, Sys 0 00:00:01  -  Total Remote Usage
		Usr 0 00:00:00, Sys 0 00:00:00  -  Total Local Usage
	12872  -  Run Bytes Sent By Job
	1455  -  Run Bytes Received By Job
	12872  -  Total Bytes Sent By Job
	1455  -  Total Bytes Received By Job
	Partitionable Resources :    Usage  Request Allocated 
	   Cpus                 :        0        1         1 
	   Disk (KB)            :       36        2    256307 
	   Memory (MB)          :      170     2000      2000 
...
