000 (1355087.000.000) 02/17 07:32:24 Job submitted from host: <137.138.44.55:9618?addrs=137.138.44.55-9618+[2001-1458-d00-1a--48]-9618&alias=bigbird17.cern.ch&noUDP&sock=schedd_1694_8585_188>
...
040 (1355087.000.000) 02/17 07:36:16 Started transferring input files
	Transferring to host: <188.184.138.163:9618?addrs=188.184.138.163-9618+[2001-1458-301-45--100-b9]-9618&alias=b7g42n0338.cern.ch&noUDP&sock=slot1_1_11665_cc33_4373>
...
040 (1355087.000.000) 02/17 07:36:16 Finished transferring input files
...
001 (1355087.000.000) 02/17 07:36:17 Job executing on host: <188.184.138.163:9618?addrs=188.184.138.163-9618+[2001-1458-301-45--100-b9]-9618&alias=b7g42n0338.cern.ch&noUDP&sock=startd_5606_d404>
...
006 (1355087.000.000) 02/17 07:36:26 Image size of job updated: 632528
	163  -  MemoryUsage of job (MB)
	165920  -  ResidentSetSize of job (KB)
...
006 (1355087.000.000) 02/17 07:38:10 Image size of job updated: 778880
	163  -  MemoryUsage of job (MB)
	165964  -  ResidentSetSize of job (KB)
...
040 (1355087.000.000) 02/17 07:38:10 Started transferring output files
...
040 (1355087.000.000) 02/17 07:38:10 Finished transferring output files
...
005 (1355087.000.000) 02/17 07:38:10 Job terminated.
	(1) Normal termination (return value 0)
		Usr 0 00:01:26, Sys 0 00:00:01  -  Run Remote Usage
		Usr 0 00:00:00, Sys 0 00:00:00  -  Run Local Usage
		Usr 0 00:01:26, Sys 0 00:00:01  -  Total Remote Usage
		Usr 0 00:00:00, Sys 0 00:00:00  -  Total Local Usage
	13015  -  Run Bytes Sent By Job
	1524  -  Run Bytes Received By Job
	13015  -  Total Bytes Sent By Job
	1524  -  Total Bytes Received By Job
	Partitionable Resources :    Usage  Request Allocated 
	   Cpus                 :                 1         1 
	   Disk (KB)            :       27        2    301858 
	   Memory (MB)          :      163     2000      2000 
...
