000 (1354473.000.000) 02/17 06:56:33 Job submitted from host: <137.138.44.55:9618?addrs=137.138.44.55-9618+[2001-1458-d00-1a--48]-9618&alias=bigbird17.cern.ch&noUDP&sock=schedd_1694_8585_188>
...
040 (1354473.000.000) 02/17 07:03:41 Started transferring input files
	Transferring to host: <128.142.123.70:9618?addrs=128.142.123.70-9618&noUDP&sock=2914_ed30_96613>
...
040 (1354473.000.000) 02/17 07:03:41 Finished transferring input files
...
001 (1354473.000.000) 02/17 07:03:42 Job executing on host: <128.142.123.70:9618?addrs=128.142.123.70-9618&noUDP&sock=1871_edc9_3>
...
006 (1354473.000.000) 02/17 07:03:50 Image size of job updated: 38052
	33  -  MemoryUsage of job (MB)
	33764  -  ResidentSetSize of job (KB)
...
040 (1354473.000.000) 02/17 07:04:10 Started transferring output files
...
040 (1354473.000.000) 02/17 07:04:10 Finished transferring output files
...
005 (1354473.000.000) 02/17 07:04:11 Job terminated.
	(1) Normal termination (return value 139)
		Usr 0 00:00:10, Sys 0 00:00:02  -  Run Remote Usage
		Usr 0 00:00:00, Sys 0 00:00:00  -  Run Local Usage
		Usr 0 00:00:10, Sys 0 00:00:02  -  Total Remote Usage
		Usr 0 00:00:00, Sys 0 00:00:00  -  Total Local Usage
	9954  -  Run Bytes Sent By Job
	1554  -  Run Bytes Received By Job
	9954  -  Total Bytes Sent By Job
	1554  -  Total Bytes Received By Job
	Partitionable Resources :    Usage  Request Allocated 
	   Cpus                 :     0.14        1         1 
	   Disk (KB)            :    32           2    212143 
	   Memory (MB)          :    33        2000      2000 
...
