000 (1355019.000.000) 02/17 07:29:08 Job submitted from host: <137.138.44.55:9618?addrs=137.138.44.55-9618+[2001-1458-d00-1a--48]-9618&alias=bigbird17.cern.ch&noUDP&sock=schedd_1694_8585_188>
...
040 (1355019.000.000) 02/17 07:29:20 Started transferring input files
	Transferring to host: <128.142.118.42:9618?addrs=128.142.118.42-9618+[2001-1458-301-ae--100-2d9]-9618&noUDP&sock=26839_40dc_111939>
...
040 (1355019.000.000) 02/17 07:29:20 Finished transferring input files
...
001 (1355019.000.000) 02/17 07:29:21 Job executing on host: <128.142.118.42:9618?addrs=128.142.118.42-9618+[2001-1458-301-ae--100-2d9]-9618&noUDP&sock=23065_4000_3>
...
006 (1355019.000.000) 02/17 07:29:30 Image size of job updated: 191680
	0  -  MemoryUsage of job (MB)
	0  -  ResidentSetSize of job (KB)
...
040 (1355019.000.000) 02/17 07:29:30 Started transferring output files
...
040 (1355019.000.000) 02/17 07:29:30 Finished transferring output files
...
005 (1355019.000.000) 02/17 07:29:30 Job terminated.
	(1) Normal termination (return value 0)
		Usr 0 00:00:04, Sys 0 00:00:01  -  Run Remote Usage
		Usr 0 00:00:00, Sys 0 00:00:00  -  Run Local Usage
		Usr 0 00:00:04, Sys 0 00:00:01  -  Total Remote Usage
		Usr 0 00:00:00, Sys 0 00:00:00  -  Total Local Usage
	12917  -  Run Bytes Sent By Job
	1500  -  Run Bytes Received By Job
	12917  -  Total Bytes Sent By Job
	1500  -  Total Bytes Received By Job
	Partitionable Resources :    Usage  Request Allocated 
	   Cpus                 :        0        1         1 
	   Disk (KB)            :       36        2    130260 
	   Memory (MB)          :        0     2000      2000 
...
