000 (1355075.000.000) 02/17 07:32:06 Job submitted from host: <137.138.44.55:9618?addrs=137.138.44.55-9618+[2001-1458-d00-1a--48]-9618&alias=bigbird17.cern.ch&noUDP&sock=schedd_1694_8585_188>
...
040 (1355075.000.000) 02/17 07:36:27 Started transferring input files
	Transferring to host: <188.184.139.6:9618?addrs=188.184.139.6-9618+[2001-1458-301-45--100-ea]-9618&noUDP&sock=5302_7d11_163785>
...
040 (1355075.000.000) 02/17 07:36:27 Finished transferring input files
...
001 (1355075.000.000) 02/17 07:36:28 Job executing on host: <188.184.139.6:9618?addrs=188.184.139.6-9618+[2001-1458-301-45--100-ea]-9618&noUDP&sock=5585_6c87_3>
...
006 (1355075.000.000) 02/17 07:36:36 Image size of job updated: 205552
	169  -  MemoryUsage of job (MB)
	172096  -  ResidentSetSize of job (KB)
...
006 (1355075.000.000) 02/17 07:39:21 Image size of job updated: 205552
	169  -  MemoryUsage of job (MB)
	172144  -  ResidentSetSize of job (KB)
...
040 (1355075.000.000) 02/17 07:39:21 Started transferring output files
...
040 (1355075.000.000) 02/17 07:39:21 Finished transferring output files
...
005 (1355075.000.000) 02/17 07:39:21 Job terminated.
	(1) Normal termination (return value 0)
		Usr 0 00:01:55, Sys 0 00:00:02  -  Run Remote Usage
		Usr 0 00:00:00, Sys 0 00:00:00  -  Run Local Usage
		Usr 0 00:01:55, Sys 0 00:00:02  -  Total Remote Usage
		Usr 0 00:00:00, Sys 0 00:00:00  -  Total Local Usage
	13011  -  Run Bytes Sent By Job
	1521  -  Run Bytes Received By Job
	13011  -  Total Bytes Sent By Job
	1521  -  Total Bytes Received By Job
	Partitionable Resources :    Usage  Request Allocated 
	   Cpus                 :     0.73        1         1 
	   Disk (KB)            :    36           2    280652 
	   Memory (MB)          :   169        2000      2000 
...
