000 (1354933.000.000) 02/17 07:25:46 Job submitted from host: <137.138.44.55:9618?addrs=137.138.44.55-9618+[2001-1458-d00-1a--48]-9618&alias=bigbird17.cern.ch&noUDP&sock=schedd_1694_8585_188>
...
040 (1354933.000.000) 02/17 07:26:19 Started transferring input files
	Transferring to host: <128.142.112.223:9618?addrs=128.142.112.223-9618+[2001-1458-301-90--100-20f]-9618&alias=b7s05n1107.cern.ch&noUDP&sock=slot1_1_14609_1cab_10795>
...
040 (1354933.000.000) 02/17 07:26:19 Finished transferring input files
...
001 (1354933.000.000) 02/17 07:26:20 Job executing on host: <128.142.112.223:9618?addrs=128.142.112.223-9618+[2001-1458-301-90--100-20f]-9618&alias=b7s05n1107.cern.ch&noUDP&sock=startd_1887_e74d>
...
006 (1354933.000.000) 02/17 07:26:28 Image size of job updated: 232064
	166  -  MemoryUsage of job (MB)
	169812  -  ResidentSetSize of job (KB)
...
040 (1354933.000.000) 02/17 07:26:30 Started transferring output files
...
040 (1354933.000.000) 02/17 07:26:30 Finished transferring output files
...
005 (1354933.000.000) 02/17 07:26:31 Job terminated.
	(1) Normal termination (return value 0)
		Usr 0 00:00:02, Sys 0 00:00:01  -  Run Remote Usage
		Usr 0 00:00:00, Sys 0 00:00:00  -  Run Local Usage
		Usr 0 00:00:02, Sys 0 00:00:01  -  Total Remote Usage
		Usr 0 00:00:00, Sys 0 00:00:00  -  Total Local Usage
	12877  -  Run Bytes Sent By Job
	1460  -  Run Bytes Received By Job
	12877  -  Total Bytes Sent By Job
	1460  -  Total Bytes Received By Job
	Partitionable Resources :    Usage  Request Allocated 
	   Cpus                 :                 1         1 
	   Disk (KB)            :       28        2    208422 
	   Memory (MB)          :      166     2000      2000 
...
