000 (1354703.000.000) 02/17 07:14:02 Job submitted from host: <137.138.44.55:9618?addrs=137.138.44.55-9618+[2001-1458-d00-1a--48]-9618&alias=bigbird17.cern.ch&noUDP&sock=schedd_1694_8585_188>
...
040 (1354703.000.000) 02/17 07:14:45 Started transferring input files
	Transferring to host: <128.142.149.241:9618?addrs=128.142.149.241-9618+[2001-1458-301-b--100-36a]-9618&noUDP&sock=28466_9f3f_162220>
...
040 (1354703.000.000) 02/17 07:14:45 Finished transferring input files
...
001 (1354703.000.000) 02/17 07:14:46 Job executing on host: <128.142.149.241:9618?addrs=128.142.149.241-9618+[2001-1458-301-b--100-36a]-9618&noUDP&sock=7649_2800_3>
...
006 (1354703.000.000) 02/17 07:14:55 Image size of job updated: 208252
	145  -  MemoryUsage of job (MB)
	148292  -  ResidentSetSize of job (KB)
...
006 (1354703.000.000) 02/17 07:17:08 Image size of job updated: 397704
	145  -  MemoryUsage of job (MB)
	148292  -  ResidentSetSize of job (KB)
...
040 (1354703.000.000) 02/17 07:17:08 Started transferring output files
...
040 (1354703.000.000) 02/17 07:17:08 Finished transferring output files
...
005 (1354703.000.000) 02/17 07:17:08 Job terminated.
	(1) Normal termination (return value 0)
		Usr 0 00:01:43, Sys 0 00:00:02  -  Run Remote Usage
		Usr 0 00:00:00, Sys 0 00:00:00  -  Run Local Usage
		Usr 0 00:01:43, Sys 0 00:00:02  -  Total Remote Usage
		Usr 0 00:00:00, Sys 0 00:00:00  -  Total Local Usage
	7994  -  Run Bytes Sent By Job
	1593  -  Run Bytes Received By Job
	7994  -  Total Bytes Sent By Job
	1593  -  Total Bytes Received By Job
	Partitionable Resources :    Usage  Request Allocated 
	   Cpus                 :     0.74        1         1 
	   Disk (KB)            :    32           2    335191 
	   Memory (MB)          :   145        2000      2000 
...
