000 (1354547.000.000) 02/17 07:01:31 Job submitted from host: <137.138.44.55:9618?addrs=137.138.44.55-9618+[2001-1458-d00-1a--48]-9618&alias=bigbird17.cern.ch&noUDP&sock=schedd_1694_8585_188>
...
040 (1354547.000.000) 02/17 07:06:20 Started transferring input files
	Transferring to host: <128.142.110.181:9618?addrs=128.142.110.181-9618&alias=b7s04n7179.cern.ch&noUDP&sock=slot1_3_10805_d990_9554>
...
040 (1354547.000.000) 02/17 07:06:20 Finished transferring input files
...
001 (1354547.000.000) 02/17 07:06:21 Job executing on host: <128.142.110.181:9618?addrs=128.142.110.181-9618&alias=b7s04n7179.cern.ch&noUDP&sock=startd_11203_e797>
...
006 (1354547.000.000) 02/17 07:06:29 Image size of job updated: 517076
	144  -  MemoryUsage of job (MB)
	146640  -  ResidentSetSize of job (KB)
...
006 (1354547.000.000) 02/17 07:06:58 Image size of job updated: 1215968
	144  -  MemoryUsage of job (MB)
	146640  -  ResidentSetSize of job (KB)
...
040 (1354547.000.000) 02/17 07:06:58 Started transferring output files
...
040 (1354547.000.000) 02/17 07:06:58 Finished transferring output files
...
005 (1354547.000.000) 02/17 07:06:58 Job terminated.
	(1) Normal termination (return value 139)
		Usr 0 00:00:13, Sys 0 00:00:04  -  Run Remote Usage
		Usr 0 00:00:00, Sys 0 00:00:00  -  Run Local Usage
		Usr 0 00:00:13, Sys 0 00:00:04  -  Total Remote Usage
		Usr 0 00:00:00, Sys 0 00:00:00  -  Total Local Usage
	9955  -  Run Bytes Sent By Job
	1552  -  Run Bytes Received By Job
	9955  -  Total Bytes Sent By Job
	1552  -  Total Bytes Received By Job
	Partitionable Resources :    Usage  Request Allocated 
	   Cpus                 :                 1         1 
	   Disk (KB)            :       25        2    199050 
	   Memory (MB)          :      144     2000      2000 
...
