000 (1354757.000.000) 02/17 07:17:23 Job submitted from host: <137.138.44.55:9618?addrs=137.138.44.55-9618+[2001-1458-d00-1a--48]-9618&alias=bigbird17.cern.ch&noUDP&sock=schedd_1694_8585_188>
...
040 (1354757.000.000) 02/17 07:17:31 Started transferring input files
	Transferring to host: <128.142.66.239:9618?addrs=128.142.66.239-9618+[2001-1458-301-4c--100-40a]-9618&alias=b7s09n0694.cern.ch&noUDP&sock=slot1_1_10864_6bb3_25659>
...
040 (1354757.000.000) 02/17 07:17:31 Finished transferring input files
...
001 (1354757.000.000) 02/17 07:17:32 Job executing on host: <128.142.66.239:9618?addrs=128.142.66.239-9618+[2001-1458-301-4c--100-40a]-9618&alias=b7s09n0694.cern.ch&noUDP&sock=startd_2139_c12a>
...
006 (1354757.000.000) 02/17 07:17:40 Image size of job updated: 609900
	171  -  MemoryUsage of job (MB)
	174688  -  ResidentSetSize of job (KB)
...
006 (1354757.000.000) 02/17 07:19:14 Image size of job updated: 825604
	171  -  MemoryUsage of job (MB)
	174688  -  ResidentSetSize of job (KB)
...
040 (1354757.000.000) 02/17 07:19:14 Started transferring output files
...
040 (1354757.000.000) 02/17 07:19:14 Finished transferring output files
...
005 (1354757.000.000) 02/17 07:19:14 Job terminated.
	(1) Normal termination (return value 0)
		Usr 0 00:01:21, Sys 0 00:00:02  -  Run Remote Usage
		Usr 0 00:00:00, Sys 0 00:00:00  -  Run Local Usage
		Usr 0 00:01:21, Sys 0 00:00:02  -  Total Remote Usage
		Usr 0 00:00:00, Sys 0 00:00:00  -  Total Local Usage
	7995  -  Run Bytes Sent By Job
	1594  -  Run Bytes Received By Job
	7995  -  Total Bytes Sent By Job
	1594  -  Total Bytes Received By Job
	Partitionable Resources :    Usage  Request Allocated 
	   Cpus                 :                 1         1 
	   Disk (KB)            :       23        2    246604 
	   Memory (MB)          :      171     2000      2000 
...
