000 (1355209.000.000) 02/17 07:38:34 Job submitted from host: <137.138.44.55:9618?addrs=137.138.44.55-9618+[2001-1458-d00-1a--48]-9618&alias=bigbird17.cern.ch&noUDP&sock=schedd_1694_8585_188>
...
040 (1355209.000.000) 02/17 07:38:40 Started transferring input files
	Transferring to host: <128.142.104.34:9618?addrs=128.142.104.34-9618+[2001-1458-301-8b--100-1b]-9618&alias=b7s03n0132.cern.ch&noUDP&sock=slot1_3_26629_4a14_4268>
...
040 (1355209.000.000) 02/17 07:38:40 Finished transferring input files
...
001 (1355209.000.000) 02/17 07:38:41 Job executing on host: <128.142.104.34:9618?addrs=128.142.104.34-9618+[2001-1458-301-8b--100-1b]-9618&alias=b7s03n0132.cern.ch&noUDP&sock=startd_9271_b69d>
...
006 (1355209.000.000) 02/17 07:38:49 Image size of job updated: 94892
	35  -  MemoryUsage of job (MB)
	35064  -  ResidentSetSize of job (KB)
...
006 (1355209.000.000) 02/17 07:39:05 Image size of job updated: 542796
	35  -  MemoryUsage of job (MB)
	35064  -  ResidentSetSize of job (KB)
...
040 (1355209.000.000) 02/17 07:39:05 Started transferring output files
...
040 (1355209.000.000) 02/17 07:39:05 Finished transferring output files
...
005 (1355209.000.000) 02/17 07:39:05 Job terminated.
	(1) Normal termination (return value 0)
		Usr 0 00:00:08, Sys 0 00:00:01  -  Run Remote Usage
		Usr 0 00:00:00, Sys 0 00:00:00  -  Run Local Usage
		Usr 0 00:00:08, Sys 0 00:00:01  -  Total Remote Usage
		Usr 0 00:00:00, Sys 0 00:00:00  -  Total Local Usage
	8180  -  Run Bytes Sent By Job
	1527  -  Run Bytes Received By Job
	8180  -  Total Bytes Sent By Job
	1527  -  Total Bytes Received By Job
	Partitionable Resources :    Usage  Request Allocated 
	   Cpus                 :                 1         1 
	   Disk (KB)            :       22        2    204802 
	   Memory (MB)          :       35     2000      2000 
...
