000 (1355140.000.000) 02/17 07:35:09 Job submitted from host: <137.138.44.55:9618?addrs=137.138.44.55-9618+[2001-1458-d00-1a--48]-9618&alias=bigbird17.cern.ch&noUDP&sock=schedd_1694_8585_188>
...
040 (1355140.000.000) 02/17 07:36:56 Started transferring input files
	Transferring to host: <128.142.118.192:9618?addrs=128.142.118.192-9618+[2001-1458-301-ae--100-ea]-9618&noUDP&sock=16444_0916_56439>
...
040 (1355140.000.000) 02/17 07:36:56 Finished transferring input files
...
001 (1355140.000.000) 02/17 07:36:57 Job executing on host: <128.142.118.192:9618?addrs=128.142.118.192-9618+[2001-1458-301-ae--100-ea]-9618&noUDP&sock=16291_d975_3>
...
006 (1355140.000.000) 02/17 07:37:06 Image size of job updated: 3316
	3  -  MemoryUsage of job (MB)
	2632  -  ResidentSetSize of job (KB)
...
006 (1355140.000.000) 02/17 07:40:26 Image size of job updated: 360696
	3  -  MemoryUsage of job (MB)
	2632  -  ResidentSetSize of job (KB)
...
040 (1355140.000.000) 02/17 07:40:27 Started transferring output files
...
040 (1355140.000.000) 02/17 07:40:27 Finished transferring output files
...
005 (1355140.000.000) 02/17 07:40:27 Job terminated.
	(1) Normal termination (return value 0)
		Usr 0 00:01:44, Sys 0 00:00:02  -  Run Remote Usage
		Usr 0 00:00:00, Sys 0 00:00:00  -  Run Local Usage
		Usr 0 00:01:44, Sys 0 00:00:02  -  Total Remote Usage
		Usr 0 00:00:00, Sys 0 00:00:00  -  Total Local Usage
	13054  -  Run Bytes Sent By Job
	1564  -  Run Bytes Received By Job
	13054  -  Total Bytes Sent By Job
	1564  -  Total Bytes Received By Job
	Partitionable Resources :    Usage  Request Allocated 
	   Cpus                 :     0.26        1         1 
	   Disk (KB)            :    35           2    203545 
	   Memory (MB)          :     3        2000      2000 
...
