000 (1355253.000.000) 02/17 07:41:10 Job submitted from host: <137.138.44.55:9618?addrs=137.138.44.55-9618+[2001-1458-d00-1a--48]-9618&alias=bigbird17.cern.ch&noUDP&sock=schedd_1694_8585_188>
...
040 (1355253.000.000) 02/17 07:41:12 Started transferring input files
	Transferring to host: <188.184.205.215:9618?addrs=188.184.205.215-9618+[2001-1458-301-7d--100-1d1]-9618&alias=b7g27n0357.cern.ch&noUDP&sock=slot1_2_21217_0bb8_9443>
...
040 (1355253.000.000) 02/17 07:41:12 Finished transferring input files
...
001 (1355253.000.000) 02/17 07:41:13 Job executing on host: <188.184.205.215:9618?addrs=188.184.205.215-9618+[2001-1458-301-7d--100-1d1]-9618&alias=b7g27n0357.cern.ch&noUDP&sock=startd_1925_f7e6>
...
006 (1355253.000.000) 02/17 07:41:22 Image size of job updated: 240636
	175  -  MemoryUsage of job (MB)
	178368  -  ResidentSetSize of job (KB)
...
006 (1355253.000.000) 02/17 07:41:28 Image size of job updated: 654924
	175  -  MemoryUsage of job (MB)
	178368  -  ResidentSetSize of job (KB)
...
040 (1355253.000.000) 02/17 07:41:28 Started transferring output files
...
040 (1355253.000.000) 02/17 07:41:28 Finished transferring output files
...
005 (1355253.000.000) 02/17 07:41:28 Job terminated.
	(1) Normal termination (return value 0)
		Usr 0 00:00:08, Sys 0 00:00:01  -  Run Remote Usage
		Usr 0 00:00:00, Sys 0 00:00:00  -  Run Local Usage
		Usr 0 00:00:08, Sys 0 00:00:01  -  Total Remote Usage
		Usr 0 00:00:00, Sys 0 00:00:00  -  Total Local Usage
	8181  -  Run Bytes Sent By Job
	1527  -  Run Bytes Received By Job
	8181  -  Total Bytes Sent By Job
	1527  -  Total Bytes Received By Job
	Partitionable Resources :    Usage  Request Allocated 
	   Cpus                 :                 1         1 
	   Disk (KB)            :       23        2    202104 
	   Memory (MB)          :      175     2000      2000 
...
