000 (1355215.000.000) 02/17 07:38:54 Job submitted from host: <137.138.44.55:9618?addrs=137.138.44.55-9618+[2001-1458-d00-1a--48]-9618&alias=bigbird17.cern.ch&noUDP&sock=schedd_1694_8585_188>
...
040 (1355215.000.000) 02/17 07:39:08 Started transferring input files
	Transferring to host: <128.142.117.147:9618?addrs=128.142.117.147-9618+[2001-1458-301-ae--100-6d4]-9618&alias=b7s06n2930.cern.ch&noUDP&sock=slot1_2_22938_a55e_9217>
...
040 (1355215.000.000) 02/17 07:39:08 Finished transferring input files
...
001 (1355215.000.000) 02/17 07:39:09 Job executing on host: <128.142.117.147:9618?addrs=128.142.117.147-9618+[2001-1458-301-ae--100-6d4]-9618&alias=b7s06n2930.cern.ch&noUDP&sock=startd_5765_e393>
...
006 (1355215.000.000) 02/17 07:39:19 Image size of job updated: 501660
	171  -  MemoryUsage of job (MB)
	174572  -  ResidentSetSize of job (KB)
...
040 (1355215.000.000) 02/17 07:39:25 Started transferring output files
...
040 (1355215.000.000) 02/17 07:39:25 Finished transferring output files
...
005 (1355215.000.000) 02/17 07:39:25 Job terminated.
	(1) Normal termination (return value 0)
		Usr 0 00:00:07, Sys 0 00:00:01  -  Run Remote Usage
		Usr 0 00:00:00, Sys 0 00:00:00  -  Run Local Usage
		Usr 0 00:00:07, Sys 0 00:00:01  -  Total Remote Usage
		Usr 0 00:00:00, Sys 0 00:00:00  -  Total Local Usage
	8182  -  Run Bytes Sent By Job
	1527  -  Run Bytes Received By Job
	8182  -  Total Bytes Sent By Job
	1527  -  Total Bytes Received By Job
	Partitionable Resources :    Usage  Request Allocated 
	   Cpus                 :                 1         1 
	   Disk (KB)            :       23        2    195551 
	   Memory (MB)          :      171     2000      2000 
...
