000 (1354463.000.000) 02/17 06:56:03 Job submitted from host: <137.138.44.55:9618?addrs=137.138.44.55-9618+[2001-1458-d00-1a--48]-9618&alias=bigbird17.cern.ch&noUDP&sock=schedd_1694_8585_188>
...
040 (1354463.000.000) 02/17 07:04:50 Started transferring input files
	Transferring to host: <128.142.125.85:9618?addrs=128.142.125.85-9618+[2001-1458-301-c3--100-3c1]-9618&noUDP&sock=4624_c6b5_79487>
...
040 (1354463.000.000) 02/17 07:04:50 Finished transferring input files
...
001 (1354463.000.000) 02/17 07:04:51 Job executing on host: <128.142.125.85:9618?addrs=128.142.125.85-9618+[2001-1458-301-c3--100-3c1]-9618&noUDP&sock=4587_e102_3>
...
006 (1354463.000.000) 02/17 07:04:59 Image size of job updated: 440
	1  -  MemoryUsage of job (MB)
	440  -  ResidentSetSize of job (KB)
...
006 (1354463.000.000) 02/17 07:09:59 Image size of job updated: 237608
	173  -  MemoryUsage of job (MB)
	176552  -  ResidentSetSize of job (KB)
...
006 (1354463.000.000) 02/17 07:12:18 Image size of job updated: 839848
	173  -  MemoryUsage of job (MB)
	176552  -  ResidentSetSize of job (KB)
...
040 (1354463.000.000) 02/17 07:12:18 Started transferring output files
...
040 (1354463.000.000) 02/17 07:12:18 Finished transferring output files
...
005 (1354463.000.000) 02/17 07:12:18 Job terminated.
	(1) Normal termination (return value 0)
		Usr 0 00:01:41, Sys 0 00:00:02  -  Run Remote Usage
		Usr 0 00:00:00, Sys 0 00:00:00  -  Run Local Usage
		Usr 0 00:01:41, Sys 0 00:00:02  -  Total Remote Usage
		Usr 0 00:00:00, Sys 0 00:00:00  -  Total Local Usage
	7955  -  Run Bytes Sent By Job
	1553  -  Run Bytes Received By Job
	7955  -  Total Bytes Sent By Job
	1553  -  Total Bytes Received By Job
	Partitionable Resources :    Usage  Request Allocated 
	   Cpus                 :     0.84        1         1 
	   Disk (KB)            :    30           2    197986 
	   Memory (MB)          :   173        2000      2000 
...
