000 (1355356.000.000) 02/17 07:45:15 Job submitted from host: <137.138.44.55:9618?addrs=137.138.44.55-9618+[2001-1458-d00-1a--48]-9618&alias=bigbird17.cern.ch&noUDP&sock=schedd_1694_8585_188>
...
040 (1355356.000.000) 02/17 07:47:01 Started transferring input files
	Transferring to host: <128.142.71.22:9618?addrs=128.142.71.22-9618+[2001-1458-301-52--100-474]-9618&noUDP&sock=2499_857f_62342>
...
040 (1355356.000.000) 02/17 07:47:01 Finished transferring input files
...
001 (1355356.000.000) 02/17 07:47:02 Job executing on host: <128.142.71.22:9618?addrs=128.142.71.22-9618+[2001-1458-301-52--100-474]-9618&noUDP&sock=2291_0390_3>
...
006 (1355356.000.000) 02/17 07:47:11 Image size of job updated: 243308
	177  -  MemoryUsage of job (MB)
	181040  -  ResidentSetSize of job (KB)
...
006 (1355356.000.000) 02/17 07:47:15 Image size of job updated: 244192
	177  -  MemoryUsage of job (MB)
	181040  -  ResidentSetSize of job (KB)
...
040 (1355356.000.000) 02/17 07:47:15 Started transferring output files
...
040 (1355356.000.000) 02/17 07:47:15 Finished transferring output files
...
005 (1355356.000.000) 02/17 07:47:16 Job terminated.
	(1) Normal termination (return value 0)
		Usr 0 00:00:07, Sys 0 00:00:01  -  Run Remote Usage
		Usr 0 00:00:00, Sys 0 00:00:00  -  Run Local Usage
		Usr 0 00:00:07, Sys 0 00:00:01  -  Total Remote Usage
		Usr 0 00:00:00, Sys 0 00:00:00  -  Total Local Usage
	8139  -  Run Bytes Sent By Job
	1485  -  Run Bytes Received By Job
	8139  -  Total Bytes Sent By Job
	1485  -  Total Bytes Received By Job
	Partitionable Resources :    Usage  Request Allocated 
	   Cpus                 :        0        1         1 
	   Disk (KB)            :       31        2    272810 
	   Memory (MB)          :      177     2000      2000 
...
