000 (1354879.000.000) 02/17 07:22:54 Job submitted from host: <137.138.44.55:9618?addrs=137.138.44.55-9618+[2001-1458-d00-1a--48]-9618&alias=bigbird17.cern.ch&noUDP&sock=schedd_1694_8585_188>
...
040 (1354879.000.000) 02/17 07:23:09 Started transferring input files
	Transferring to host: <128.142.109.116:9618?addrs=128.142.109.116-9618&noUDP&sock=2268_c2d5_155235>
...
040 (1354879.000.000) 02/17 07:23:09 Finished transferring input files
...
001 (1354879.000.000) 02/17 07:23:10 Job executing on host: <128.142.109.116:9618?addrs=128.142.109.116-9618&noUDP&sock=2127_8608_3>
...
006 (1354879.000.000) 02/17 07:23:18 Image size of job updated: 235680
	172  -  MemoryUsage of job (MB)
	175216  -  ResidentSetSize of job (KB)
...
006 (1354879.000.000) 02/17 07:25:05 Image size of job updated: 401080
	172  -  MemoryUsage of job (MB)
	175216  -  ResidentSetSize of job (KB)
...
040 (1354879.000.000) 02/17 07:25:05 Started transferring output files
...
040 (1354879.000.000) 02/17 07:25:05 Finished transferring output files
...
005 (1354879.000.000) 02/17 07:25:06 Job terminated.
	(1) Normal termination (return value 0)
		Usr 0 00:01:20, Sys 0 00:00:02  -  Run Remote Usage
		Usr 0 00:00:00, Sys 0 00:00:00  -  Run Local Usage
		Usr 0 00:01:20, Sys 0 00:00:02  -  Total Remote Usage
		Usr 0 00:00:00, Sys 0 00:00:00  -  Total Local Usage
	7996  -  Run Bytes Sent By Job
	1594  -  Run Bytes Received By Job
	7996  -  Total Bytes Sent By Job
	1594  -  Total Bytes Received By Job
	Partitionable Resources :    Usage  Request Allocated 
	   Cpus                 :        0        1         1 
	   Disk (KB)            :       31        2    210499 
	   Memory (MB)          :      172     2000      2000 
...
