000 (1354777.000.000) 02/17 07:18:30 Job submitted from host: <137.138.44.55:9618?addrs=137.138.44.55-9618+[2001-1458-d00-1a--48]-9618&alias=bigbird17.cern.ch&noUDP&sock=schedd_1694_8585_188>
...
040 (1354777.000.000) 02/17 07:19:32 Started transferring input files
	Transferring to host: <188.184.168.22:9618?addrs=188.184.168.22-9618+[2001-1458-301-c0--100-226]-9618&alias=b7g52n5270.cern.ch&noUDP&sock=slot1_11_7834_82f8_9500>
...
040 (1354777.000.000) 02/17 07:19:32 Finished transferring input files
...
001 (1354777.000.000) 02/17 07:19:33 Job executing on host: <188.184.168.22:9618?addrs=188.184.168.22-9618+[2001-1458-301-c0--100-226]-9618&alias=b7g52n5270.cern.ch&noUDP&sock=startd_17816_df63>
...
006 (1354777.000.000) 02/17 07:19:42 Image size of job updated: 1062256
	310  -  MemoryUsage of job (MB)
	316928  -  ResidentSetSize of job (KB)
...
006 (1354777.000.000) 02/17 07:19:47 Image size of job updated: 1062256
	310  -  MemoryUsage of job (MB)
	317404  -  ResidentSetSize of job (KB)
...
040 (1354777.000.000) 02/17 07:19:47 Started transferring output files
...
040 (1354777.000.000) 02/17 07:19:47 Finished transferring output files
...
005 (1354777.000.000) 02/17 07:19:47 Job terminated.
	(1) Normal termination (return value 139)
		Usr 0 00:00:08, Sys 0 00:00:01  -  Run Remote Usage
		Usr 0 00:00:00, Sys 0 00:00:00  -  Run Local Usage
		Usr 0 00:00:08, Sys 0 00:00:01  -  Total Remote Usage
		Usr 0 00:00:00, Sys 0 00:00:00  -  Total Local Usage
	9963  -  Run Bytes Sent By Job
	1594  -  Run Bytes Received By Job
	9963  -  Total Bytes Sent By Job
	1594  -  Total Bytes Received By Job
	Partitionable Resources :    Usage  Request Allocated 
	   Cpus                 :                 1         1 
	   Disk (KB)            :       25        2    238506 
	   Memory (MB)          :      310     2000      2000 
...
