000 (1355046.000.000) 02/17 07:30:58 Job submitted from host: <137.138.44.55:9618?addrs=137.138.44.55-9618+[2001-1458-d00-1a--48]-9618&alias=bigbird17.cern.ch&noUDP&sock=schedd_1694_8585_188>
...
040 (1355046.000.000) 02/17 07:31:51 Started transferring input files
	Transferring to host: <128.142.110.233:9618?addrs=128.142.110.233-9618+[2001-1458-301-8f--100-175]-9618&noUDP&sock=2245_8e34_80743>
...
040 (1355046.000.000) 02/17 07:31:51 Finished transferring input files
...
001 (1355046.000.000) 02/17 07:31:52 Job executing on host: <128.142.110.233:9618?addrs=128.142.110.233-9618+[2001-1458-301-8f--100-175]-9618&noUDP&sock=2100_00f9_3>
...
006 (1355046.000.000) 02/17 07:32:00 Image size of job updated: 2076
	3  -  MemoryUsage of job (MB)
	2076  -  ResidentSetSize of job (KB)
...
006 (1355046.000.000) 02/17 07:33:58 Image size of job updated: 211964
	3  -  MemoryUsage of job (MB)
	2076  -  ResidentSetSize of job (KB)
...
040 (1355046.000.000) 02/17 07:33:58 Started transferring output files
...
040 (1355046.000.000) 02/17 07:33:58 Finished transferring output files
...
005 (1355046.000.000) 02/17 07:33:59 Job terminated.
	(1) Normal termination (return value 0)
		Usr 0 00:00:04, Sys 0 00:00:01  -  Run Remote Usage
		Usr 0 00:00:00, Sys 0 00:00:00  -  Run Local Usage
		Usr 0 00:00:04, Sys 0 00:00:01  -  Total Remote Usage
		Usr 0 00:00:00, Sys 0 00:00:00  -  Total Local Usage
	12912  -  Run Bytes Sent By Job
	1495  -  Run Bytes Received By Job
	12912  -  Total Bytes Sent By Job
	1495  -  Total Bytes Received By Job
	Partitionable Resources :    Usage  Request Allocated 
	   Cpus                 :                 1         1 
	   Disk (KB)            :       28        2    202281 
	   Memory (MB)          :        3     2000      2000 
...
