000 (1354444.000.000) 02/17 06:54:29 Job submitted from host: <137.138.44.55:9618?addrs=137.138.44.55-9618+[2001-1458-d00-1a--48]-9618&alias=bigbird17.cern.ch&noUDP&sock=schedd_1694_8585_188>
...
040 (1354444.000.000) 02/17 07:03:38 Started transferring input files
	Transferring to host: <188.185.105.135:9618?addrs=188.185.105.135-9618+[2001-1458-d00-3e--100-347]-9618&noUDP&sock=31282_bfb1_75674>
...
040 (1354444.000.000) 02/17 07:03:38 Finished transferring input files
...
001 (1354444.000.000) 02/17 07:03:39 Job executing on host: <188.185.105.135:9618?addrs=188.185.105.135-9618+[2001-1458-d00-3e--100-347]-9618&noUDP&sock=31243_ad83_3>
...
006 (1354444.000.000) 02/17 07:03:48 Image size of job updated: 227304
	163  -  MemoryUsage of job (MB)
	166632  -  ResidentSetSize of job (KB)
...
006 (1354444.000.000) 02/17 07:05:20 Image size of job updated: 395408
	163  -  MemoryUsage of job (MB)
	166684  -  ResidentSetSize of job (KB)
...
040 (1354444.000.000) 02/17 07:05:20 Started transferring output files
...
040 (1354444.000.000) 02/17 07:05:20 Finished transferring output files
...
005 (1354444.000.000) 02/17 07:05:20 Job terminated.
	(1) Normal termination (return value 0)
		Usr 0 00:01:09, Sys 0 00:00:01  -  Run Remote Usage
		Usr 0 00:00:00, Sys 0 00:00:00  -  Run Local Usage
		Usr 0 00:01:09, Sys 0 00:00:01  -  Total Remote Usage
		Usr 0 00:00:00, Sys 0 00:00:00  -  Total Local Usage
	7956  -  Run Bytes Sent By Job
	1554  -  Run Bytes Received By Job
	7956  -  Total Bytes Sent By Job
	1554  -  Total Bytes Received By Job
	Partitionable Resources :    Usage  Request Allocated 
	   Cpus                 :     0.75        1         1 
	   Disk (KB)            :    31           2    557211 
	   Memory (MB)          :   163        2000      2000 
...
