000 (1354513.000.000) 02/17 06:58:39 Job submitted from host: <137.138.44.55:9618?addrs=137.138.44.55-9618+[2001-1458-d00-1a--48]-9618&alias=bigbird17.cern.ch&noUDP&sock=schedd_1694_8585_188>
...
040 (1354513.000.000) 02/17 07:05:13 Started transferring input files
	Transferring to host: <128.142.81.197:9618?addrs=128.142.81.197-9618+[2001-1458-301-f5--100-5ad]-9618&alias=b7s13n0602.cern.ch&noUDP&sock=slot1_8_16653_4b7e_9609>
...
040 (1354513.000.000) 02/17 07:05:13 Finished transferring input files
...
001 (1354513.000.000) 02/17 07:05:14 Job executing on host: <128.142.81.197:9618?addrs=128.142.81.197-9618+[2001-1458-301-f5--100-5ad]-9618&alias=b7s13n0602.cern.ch&noUDP&sock=startd_16685_19c5>
...
006 (1354513.000.000) 02/17 07:05:23 Image size of job updated: 220440
	157  -  MemoryUsage of job (MB)
	160356  -  ResidentSetSize of job (KB)
...
006 (1354513.000.000) 02/17 07:05:35 Image size of job updated: 1115340
	157  -  MemoryUsage of job (MB)
	160356  -  ResidentSetSize of job (KB)
...
040 (1354513.000.000) 02/17 07:05:35 Started transferring output files
...
040 (1354513.000.000) 02/17 07:05:35 Finished transferring output files
...
005 (1354513.000.000) 02/17 07:05:36 Job terminated.
	(1) Normal termination (return value 139)
		Usr 0 00:00:09, Sys 0 00:00:02  -  Run Remote Usage
		Usr 0 00:00:00, Sys 0 00:00:00  -  Run Local Usage
		Usr 0 00:00:09, Sys 0 00:00:02  -  Total Remote Usage
		Usr 0 00:00:00, Sys 0 00:00:00  -  Total Local Usage
	9956  -  Run Bytes Sent By Job
	1555  -  Run Bytes Received By Job
	9956  -  Total Bytes Sent By Job
	1555  -  Total Bytes Received By Job
	Partitionable Resources :    Usage  Request Allocated 
	   Cpus                 :     0.06        1         1 
	   Disk (KB)            :    32           2    262365 
	   Memory (MB)          :   157        2000      2000 
...
