000 (1355146.000.000) 02/17 07:35:35 Job submitted from host: <137.138.44.55:9618?addrs=137.138.44.55-9618+[2001-1458-d00-1a--48]-9618&alias=bigbird17.cern.ch&noUDP&sock=schedd_1694_8585_188>
...
040 (1355146.000.000) 02/17 07:37:13 Started transferring input files
	Transferring to host: <128.142.114.191:9618?addrs=128.142.114.191-9618+[2001-1458-301-90--100-345]-9618&noUDP&sock=2147_8170_123318>
...
040 (1355146.000.000) 02/17 07:37:13 Finished transferring input files
...
001 (1355146.000.000) 02/17 07:37:14 Job executing on host: <128.142.114.191:9618?addrs=128.142.114.191-9618+[2001-1458-301-90--100-345]-9618&noUDP&sock=2013_543c_3>
...
006 (1355146.000.000) 02/17 07:37:22 Image size of job updated: 246508
	148  -  MemoryUsage of job (MB)
	151308  -  ResidentSetSize of job (KB)
...
006 (1355146.000.000) 02/17 07:39:41 Image size of job updated: 344508
	148  -  MemoryUsage of job (MB)
	151336  -  ResidentSetSize of job (KB)
...
040 (1355146.000.000) 02/17 07:39:41 Started transferring output files
...
040 (1355146.000.000) 02/17 07:39:41 Finished transferring output files
...
005 (1355146.000.000) 02/17 07:39:41 Job terminated.
	(1) Normal termination (return value 0)
		Usr 0 00:01:23, Sys 0 00:00:02  -  Run Remote Usage
		Usr 0 00:00:00, Sys 0 00:00:00  -  Run Local Usage
		Usr 0 00:01:23, Sys 0 00:00:02  -  Total Remote Usage
		Usr 0 00:00:00, Sys 0 00:00:00  -  Total Local Usage
	13055  -  Run Bytes Sent By Job
	1564  -  Run Bytes Received By Job
	13055  -  Total Bytes Sent By Job
	1564  -  Total Bytes Received By Job
	Partitionable Resources :    Usage  Request Allocated 
	   Cpus                 :     0.75        1         1 
	   Disk (KB)            :    36           2    209588 
	   Memory (MB)          :   148        2000      2000 
...
