000 (1355231.000.000) 02/17 07:39:31 Job submitted from host: <137.138.44.55:9618?addrs=137.138.44.55-9618+[2001-1458-d00-1a--48]-9618&alias=bigbird17.cern.ch&noUDP&sock=schedd_1694_8585_188>
...
040 (1355231.000.000) 02/17 07:39:36 Started transferring input files
	Transferring to host: <128.142.122.233:9618?addrs=128.142.122.233-9618+[2001-1458-301-b5--100-4d1]-9618&alias=b7s07n1031.cern.ch&noUDP&sock=slot1_3_30041_5a1f_6196>
...
040 (1355231.000.000) 02/17 07:39:36 Finished transferring input files
...
001 (1355231.000.000) 02/17 07:39:37 Job executing on host: <128.142.122.233:9618?addrs=128.142.122.233-9618+[2001-1458-301-b5--100-4d1]-9618&alias=b7s07n1031.cern.ch&noUDP&sock=startd_3769_cc8a>
...
006 (1355231.000.000) 02/17 07:39:45 Image size of job updated: 279516
	146  -  MemoryUsage of job (MB)
	148616  -  ResidentSetSize of job (KB)
...
006 (1355231.000.000) 02/17 07:39:55 Image size of job updated: 654844
	146  -  MemoryUsage of job (MB)
	148656  -  ResidentSetSize of job (KB)
...
040 (1355231.000.000) 02/17 07:39:56 Started transferring output files
...
040 (1355231.000.000) 02/17 07:39:56 Finished transferring output files
...
005 (1355231.000.000) 02/17 07:39:56 Job terminated.
	(1) Normal termination (return value 0)
		Usr 0 00:00:08, Sys 0 00:00:01  -  Run Remote Usage
		Usr 0 00:00:00, Sys 0 00:00:00  -  Run Local Usage
		Usr 0 00:00:08, Sys 0 00:00:01  -  Total Remote Usage
		Usr 0 00:00:00, Sys 0 00:00:00  -  Total Local Usage
	8182  -  Run Bytes Sent By Job
	1527  -  Run Bytes Received By Job
	8182  -  Total Bytes Sent By Job
	1527  -  Total Bytes Received By Job
	Partitionable Resources :    Usage  Request Allocated 
	   Cpus                 :                 1         1 
	   Disk (KB)            :       23        2    200522 
	   Memory (MB)          :      146     2000      2000 
...
