000 (1355272.000.000) 02/17 07:42:06 Job submitted from host: <137.138.44.55:9618?addrs=137.138.44.55-9618+[2001-1458-d00-1a--48]-9618&alias=bigbird17.cern.ch&noUDP&sock=schedd_1694_8585_188>
...
040 (1355272.000.000) 02/17 07:42:52 Started transferring input files
	Transferring to host: <128.142.108.151:9618?addrs=128.142.108.151-9618+[2001-1458-301-8f--100-b2]-9618&noUDP&sock=2010_fa0b_81883>
...
040 (1355272.000.000) 02/17 07:42:52 Finished transferring input files
...
001 (1355272.000.000) 02/17 07:42:53 Job executing on host: <128.142.108.151:9618?addrs=128.142.108.151-9618+[2001-1458-301-8f--100-b2]-9618&noUDP&sock=1934_2440_3>
...
006 (1355272.000.000) 02/17 07:43:02 Image size of job updated: 244520
	178  -  MemoryUsage of job (MB)
	182244  -  ResidentSetSize of job (KB)
...
040 (1355272.000.000) 02/17 07:43:05 Started transferring output files
...
040 (1355272.000.000) 02/17 07:43:05 Finished transferring output files
...
005 (1355272.000.000) 02/17 07:43:05 Job terminated.
	(1) Normal termination (return value 0)
		Usr 0 00:00:06, Sys 0 00:00:01  -  Run Remote Usage
		Usr 0 00:00:00, Sys 0 00:00:00  -  Run Local Usage
		Usr 0 00:00:06, Sys 0 00:00:01  -  Total Remote Usage
		Usr 0 00:00:00, Sys 0 00:00:00  -  Total Local Usage
	8140  -  Run Bytes Sent By Job
	1485  -  Run Bytes Received By Job
	8140  -  Total Bytes Sent By Job
	1485  -  Total Bytes Received By Job
	Partitionable Resources :    Usage  Request Allocated 
	   Cpus                 :        0        1         1 
	   Disk (KB)            :       31        2    206975 
	   Memory (MB)          :      178     2000      2000 
...
