000 (1354553.000.000) 02/17 07:01:53 Job submitted from host: <137.138.44.55:9618?addrs=137.138.44.55-9618+[2001-1458-d00-1a--48]-9618&alias=bigbird17.cern.ch&noUDP&sock=schedd_1694_8585_188>
...
040 (1354553.000.000) 02/17 07:06:31 Started transferring input files
	Transferring to host: <188.184.198.115:9618?addrs=188.184.198.115-9618&noUDP&sock=3316_2c00_11382>
...
040 (1354553.000.000) 02/17 07:06:31 Finished transferring input files
...
001 (1354553.000.000) 02/17 07:06:32 Job executing on host: <188.184.198.115:9618?addrs=188.184.198.115-9618&noUDP&sock=2145_debc_3>
...
006 (1354553.000.000) 02/17 07:06:40 Image size of job updated: 319912
	254  -  MemoryUsage of job (MB)
	259128  -  ResidentSetSize of job (KB)
...
006 (1354553.000.000) 02/17 07:06:46 Image size of job updated: 760544
	254  -  MemoryUsage of job (MB)
	259180  -  ResidentSetSize of job (KB)
...
040 (1354553.000.000) 02/17 07:06:46 Started transferring output files
...
040 (1354553.000.000) 02/17 07:06:46 Finished transferring output files
...
005 (1354553.000.000) 02/17 07:06:46 Job terminated.
	(1) Normal termination (return value 139)
		Usr 0 00:00:08, Sys 0 00:00:01  -  Run Remote Usage
		Usr 0 00:00:00, Sys 0 00:00:00  -  Run Local Usage
		Usr 0 00:00:08, Sys 0 00:00:01  -  Total Remote Usage
		Usr 0 00:00:00, Sys 0 00:00:00  -  Total Local Usage
	9956  -  Run Bytes Sent By Job
	1555  -  Run Bytes Received By Job
	9956  -  Total Bytes Sent By Job
	1555  -  Total Bytes Received By Job
	Partitionable Resources :    Usage  Request Allocated 
	   Cpus                 :     0.06        1         1 
	   Disk (KB)            :    33           2    201250 
	   Memory (MB)          :   254        2000      2000 
...
