000 (1355095.000.000) 02/17 07:32:40 Job submitted from host: <137.138.44.55:9618?addrs=137.138.44.55-9618+[2001-1458-d00-1a--48]-9618&alias=bigbird17.cern.ch&noUDP&sock=schedd_1694_8585_188>
...
040 (1355095.000.000) 02/17 07:34:19 Started transferring input files
	Transferring to host: <188.184.206.78:9618?addrs=188.184.206.78-9618+[2001-1458-301-7d--100-23d]-9618&alias=b7g27n0671.cern.ch&noUDP&sock=slot1_6_3008_2873_9295>
...
040 (1355095.000.000) 02/17 07:34:19 Finished transferring input files
...
001 (1355095.000.000) 02/17 07:34:20 Job executing on host: <188.184.206.78:9618?addrs=188.184.206.78-9618+[2001-1458-301-7d--100-23d]-9618&alias=b7g27n0671.cern.ch&noUDP&sock=startd_1757_bbfd>
...
006 (1355095.000.000) 02/17 07:34:29 Image size of job updated: 276500
	3  -  MemoryUsage of job (MB)
	2540  -  ResidentSetSize of job (KB)
...
006 (1355095.000.000) 02/17 07:39:29 Image size of job updated: 780940
	295  -  MemoryUsage of job (MB)
	302076  -  ResidentSetSize of job (KB)
...
040 (1355095.000.000) 02/17 07:39:41 Started transferring output files
...
040 (1355095.000.000) 02/17 07:39:41 Finished transferring output files
...
005 (1355095.000.000) 02/17 07:39:41 Job terminated.
	(1) Normal termination (return value 0)
		Usr 0 00:02:08, Sys 0 00:00:02  -  Run Remote Usage
		Usr 0 00:00:00, Sys 0 00:00:00  -  Run Local Usage
		Usr 0 00:02:08, Sys 0 00:00:02  -  Total Remote Usage
		Usr 0 00:00:00, Sys 0 00:00:00  -  Total Local Usage
	13014  -  Run Bytes Sent By Job
	1523  -  Run Bytes Received By Job
	13014  -  Total Bytes Sent By Job
	1523  -  Total Bytes Received By Job
	Partitionable Resources :    Usage  Request Allocated 
	   Cpus                 :                 1         1 
	   Disk (KB)            :       27        2    195452 
	   Memory (MB)          :      295     2000      2000 
...
