000 (1354470.000.000) 02/17 06:56:27 Job submitted from host: <137.138.44.55:9618?addrs=137.138.44.55-9618+[2001-1458-d00-1a--48]-9618&alias=bigbird17.cern.ch&noUDP&sock=schedd_1694_8585_188>
...
040 (1354470.000.000) 02/17 07:04:40 Started transferring input files
	Transferring to host: <128.142.123.77:9618?addrs=128.142.123.77-9618+[2001-1458-301-b5--100-b6]-9618&noUDP&sock=6059_dd0f_80131>
...
040 (1354470.000.000) 02/17 07:04:40 Finished transferring input files
...
001 (1354470.000.000) 02/17 07:04:41 Job executing on host: <128.142.123.77:9618?addrs=128.142.123.77-9618+[2001-1458-301-b5--100-b6]-9618&noUDP&sock=4757_7c1c_3>
...
006 (1354470.000.000) 02/17 07:04:50 Image size of job updated: 137852
	89  -  MemoryUsage of job (MB)
	90664  -  ResidentSetSize of job (KB)
...
040 (1354470.000.000) 02/17 07:05:14 Started transferring output files
...
040 (1354470.000.000) 02/17 07:05:14 Finished transferring output files
...
005 (1354470.000.000) 02/17 07:05:14 Job terminated.
	(1) Normal termination (return value 139)
		Usr 0 00:00:10, Sys 0 00:00:02  -  Run Remote Usage
		Usr 0 00:00:00, Sys 0 00:00:00  -  Run Local Usage
		Usr 0 00:00:10, Sys 0 00:00:02  -  Total Remote Usage
		Usr 0 00:00:00, Sys 0 00:00:00  -  Total Local Usage
	9954  -  Run Bytes Sent By Job
	1553  -  Run Bytes Received By Job
	9954  -  Total Bytes Sent By Job
	1553  -  Total Bytes Received By Job
	Partitionable Resources :    Usage  Request Allocated 
	   Cpus                 :        0        1         1 
	   Disk (KB)            :       32        2    201029 
	   Memory (MB)          :       89     2000      2000 
...
