000 (1355045.000.000) 02/17 07:30:57 Job submitted from host: <137.138.44.55:9618?addrs=137.138.44.55-9618+[2001-1458-d00-1a--48]-9618&alias=bigbird17.cern.ch&noUDP&sock=schedd_1694_8585_188>
...
040 (1355045.000.000) 02/17 07:31:43 Started transferring input files
	Transferring to host: <128.142.114.191:9618?addrs=128.142.114.191-9618+[2001-1458-301-90--100-345]-9618&noUDP&sock=2147_8170_123313>
...
040 (1355045.000.000) 02/17 07:31:43 Finished transferring input files
...
001 (1355045.000.000) 02/17 07:31:44 Job executing on host: <128.142.114.191:9618?addrs=128.142.114.191-9618+[2001-1458-301-90--100-345]-9618&noUDP&sock=2013_543c_3>
...
006 (1355045.000.000) 02/17 07:31:53 Image size of job updated: 748
	1  -  MemoryUsage of job (MB)
	748  -  ResidentSetSize of job (KB)
...
006 (1355045.000.000) 02/17 07:33:41 Image size of job updated: 234392
	1  -  MemoryUsage of job (MB)
	748  -  ResidentSetSize of job (KB)
...
040 (1355045.000.000) 02/17 07:33:41 Started transferring output files
...
040 (1355045.000.000) 02/17 07:33:41 Finished transferring output files
...
005 (1355045.000.000) 02/17 07:33:42 Job terminated.
	(1) Normal termination (return value 0)
		Usr 0 00:00:03, Sys 0 00:00:01  -  Run Remote Usage
		Usr 0 00:00:00, Sys 0 00:00:00  -  Run Local Usage
		Usr 0 00:00:03, Sys 0 00:00:01  -  Total Remote Usage
		Usr 0 00:00:00, Sys 0 00:00:00  -  Total Local Usage
	12913  -  Run Bytes Sent By Job
	1496  -  Run Bytes Received By Job
	12913  -  Total Bytes Sent By Job
	1496  -  Total Bytes Received By Job
	Partitionable Resources :    Usage  Request Allocated 
	   Cpus                 :     0.01        1         1 
	   Disk (KB)            :    35           2    210174 
	   Memory (MB)          :     1        2000      2000 
...
