000 (1354712.000.000) 02/17 07:14:32 Job submitted from host: <137.138.44.55:9618?addrs=137.138.44.55-9618+[2001-1458-d00-1a--48]-9618&alias=bigbird17.cern.ch&noUDP&sock=schedd_1694_8585_188>
...
040 (1354712.000.000) 02/17 07:15:07 Started transferring input files
	Transferring to host: <128.142.84.177:9618?addrs=128.142.84.177-9618+[2001-1458-301-f6--100-5f7]-9618&noUDP&sock=16320_aa91_20828>
...
040 (1354712.000.000) 02/17 07:15:07 Finished transferring input files
...
001 (1354712.000.000) 02/17 07:15:08 Job executing on host: <128.142.84.177:9618?addrs=128.142.84.177-9618+[2001-1458-301-f6--100-5f7]-9618&noUDP&sock=16164_bcee_3>
...
006 (1354712.000.000) 02/17 07:15:16 Image size of job updated: 64188
	17  -  MemoryUsage of job (MB)
	17176  -  ResidentSetSize of job (KB)
...
006 (1354712.000.000) 02/17 07:15:44 Image size of job updated: 594272
	17  -  MemoryUsage of job (MB)
	17176  -  ResidentSetSize of job (KB)
...
040 (1354712.000.000) 02/17 07:15:44 Started transferring output files
...
040 (1354712.000.000) 02/17 07:15:44 Finished transferring output files
...
005 (1354712.000.000) 02/17 07:15:44 Job terminated.
	(1) Normal termination (return value 139)
		Usr 0 00:00:10, Sys 0 00:00:02  -  Run Remote Usage
		Usr 0 00:00:00, Sys 0 00:00:00  -  Run Local Usage
		Usr 0 00:00:10, Sys 0 00:00:02  -  Total Remote Usage
		Usr 0 00:00:00, Sys 0 00:00:00  -  Total Local Usage
	9963  -  Run Bytes Sent By Job
	1594  -  Run Bytes Received By Job
	9963  -  Total Bytes Sent By Job
	1594  -  Total Bytes Received By Job
	Partitionable Resources :    Usage  Request Allocated 
	   Cpus                 :                 1         1 
	   Disk (KB)            :       25        2    253718 
	   Memory (MB)          :       17     2000      2000 
...
