000 (1355052.000.000) 02/17 07:31:30 Job submitted from host: <137.138.44.55:9618?addrs=137.138.44.55-9618+[2001-1458-d00-1a--48]-9618&alias=bigbird17.cern.ch&noUDP&sock=schedd_1694_8585_188>
...
040 (1355052.000.000) 02/17 07:31:43 Started transferring input files
	Transferring to host: <128.142.104.158:9618?addrs=128.142.104.158-9618+[2001-1458-301-8b--100-79]-9618&noUDP&sock=27190_908b_161475>
...
040 (1355052.000.000) 02/17 07:31:43 Finished transferring input files
...
001 (1355052.000.000) 02/17 07:31:44 Job executing on host: <128.142.104.158:9618?addrs=128.142.104.158-9618+[2001-1458-301-8b--100-79]-9618&noUDP&sock=1303_53fe_3>
...
006 (1355052.000.000) 02/17 07:31:53 Image size of job updated: 231192
	165  -  MemoryUsage of job (MB)
	168940  -  ResidentSetSize of job (KB)
...
006 (1355052.000.000) 02/17 07:31:54 Image size of job updated: 677664
	165  -  MemoryUsage of job (MB)
	168940  -  ResidentSetSize of job (KB)
...
040 (1355052.000.000) 02/17 07:31:54 Started transferring output files
...
040 (1355052.000.000) 02/17 07:31:54 Finished transferring output files
...
005 (1355052.000.000) 02/17 07:31:54 Job terminated.
	(1) Normal termination (return value 0)
		Usr 0 00:00:03, Sys 0 00:00:01  -  Run Remote Usage
		Usr 0 00:00:00, Sys 0 00:00:00  -  Run Local Usage
		Usr 0 00:00:03, Sys 0 00:00:01  -  Total Remote Usage
		Usr 0 00:00:00, Sys 0 00:00:00  -  Total Local Usage
	12692  -  Run Bytes Sent By Job
	1312  -  Run Bytes Received By Job
	12692  -  Total Bytes Sent By Job
	1312  -  Total Bytes Received By Job
	Partitionable Resources :    Usage  Request Allocated 
	   Cpus                 :     0.04        1         1 
	   Disk (KB)            :    36           2    105894 
	   Memory (MB)          :   165        2000      2000 
...
