000 (1354559.000.000) 02/17 07:02:32 Job submitted from host: <137.138.44.55:9618?addrs=137.138.44.55-9618+[2001-1458-d00-1a--48]-9618&alias=bigbird17.cern.ch&noUDP&sock=schedd_1694_8585_188>
...
040 (1354559.000.000) 02/17 07:04:05 Started transferring input files
	Transferring to host: <128.142.80.201:9618?addrs=128.142.80.201-9618+[2001-1458-301-f5--100-17f]-9618&alias=b7s13n2588.cern.ch&noUDP&sock=slot1_1_31026_5fa7_4209>
...
040 (1354559.000.000) 02/17 07:04:05 Finished transferring input files
...
001 (1354559.000.000) 02/17 07:04:06 Job executing on host: <128.142.80.201:9618?addrs=128.142.80.201-9618+[2001-1458-301-f5--100-17f]-9618&alias=b7s13n2588.cern.ch&noUDP&sock=startd_16449_396c>
...
006 (1354559.000.000) 02/17 07:04:15 Image size of job updated: 145140
	51  -  MemoryUsage of job (MB)
	52072  -  ResidentSetSize of job (KB)
...
006 (1354559.000.000) 02/17 07:04:30 Image size of job updated: 950268
	51  -  MemoryUsage of job (MB)
	52076  -  ResidentSetSize of job (KB)
...
040 (1354559.000.000) 02/17 07:04:30 Started transferring output files
...
040 (1354559.000.000) 02/17 07:04:30 Finished transferring output files
...
005 (1354559.000.000) 02/17 07:04:30 Job terminated.
	(1) Normal termination (return value 139)
		Usr 0 00:00:08, Sys 0 00:00:02  -  Run Remote Usage
		Usr 0 00:00:00, Sys 0 00:00:00  -  Run Local Usage
		Usr 0 00:00:08, Sys 0 00:00:02  -  Total Remote Usage
		Usr 0 00:00:00, Sys 0 00:00:00  -  Total Local Usage
	9956  -  Run Bytes Sent By Job
	1555  -  Run Bytes Received By Job
	9956  -  Total Bytes Sent By Job
	1555  -  Total Bytes Received By Job
	Partitionable Resources :    Usage  Request Allocated 
	   Cpus                 :                 1         1 
	   Disk (KB)            :       24        2    255766 
	   Memory (MB)          :       51     2000      2000 
...
