000 (1354478.000.000) 02/17 06:56:48 Job submitted from host: <137.138.44.55:9618?addrs=137.138.44.55-9618+[2001-1458-d00-1a--48]-9618&alias=bigbird17.cern.ch&noUDP&sock=schedd_1694_8585_188>
...
040 (1354478.000.000) 02/17 07:04:44 Started transferring input files
	Transferring to host: <128.142.85.32:9618?addrs=128.142.85.32-9618+[2001-1458-301-f6--100-45f]-9618&noUDP&sock=16888_dfa8_27236>
...
040 (1354478.000.000) 02/17 07:04:44 Finished transferring input files
...
001 (1354478.000.000) 02/17 07:04:45 Job executing on host: <128.142.85.32:9618?addrs=128.142.85.32-9618+[2001-1458-301-f6--100-45f]-9618&noUDP&sock=16731_a721_3>
...
006 (1354478.000.000) 02/17 07:04:54 Image size of job updated: 306852
	241  -  MemoryUsage of job (MB)
	246068  -  ResidentSetSize of job (KB)
...
006 (1354478.000.000) 02/17 07:05:02 Image size of job updated: 596728
	241  -  MemoryUsage of job (MB)
	246068  -  ResidentSetSize of job (KB)
...
040 (1354478.000.000) 02/17 07:05:02 Started transferring output files
...
040 (1354478.000.000) 02/17 07:05:02 Finished transferring output files
...
005 (1354478.000.000) 02/17 07:05:03 Job terminated.
	(1) Normal termination (return value 139)
		Usr 0 00:00:10, Sys 0 00:00:02  -  Run Remote Usage
		Usr 0 00:00:00, Sys 0 00:00:00  -  Run Local Usage
		Usr 0 00:00:10, Sys 0 00:00:02  -  Total Remote Usage
		Usr 0 00:00:00, Sys 0 00:00:00  -  Total Local Usage
	9955  -  Run Bytes Sent By Job
	1553  -  Run Bytes Received By Job
	9955  -  Total Bytes Sent By Job
	1553  -  Total Bytes Received By Job
	Partitionable Resources :    Usage  Request Allocated 
	   Cpus                 :     0.05        1         1 
	   Disk (KB)            :    33           2    249163 
	   Memory (MB)          :   241        2000      2000 
...
