000 (1354459.000.000) 02/17 06:55:43 Job submitted from host: <137.138.44.55:9618?addrs=137.138.44.55-9618+[2001-1458-d00-1a--48]-9618&alias=bigbird17.cern.ch&noUDP&sock=schedd_1694_8585_188>
...
040 (1354459.000.000) 02/17 07:03:56 Started transferring input files
	Transferring to host: <188.185.105.143:9618?addrs=188.185.105.143-9618+[2001-1458-d00-3e--100-36e]-9618&noUDP&sock=17507_03e1_77556>
...
040 (1354459.000.000) 02/17 07:03:56 Finished transferring input files
...
001 (1354459.000.000) 02/17 07:03:57 Job executing on host: <188.185.105.143:9618?addrs=188.185.105.143-9618+[2001-1458-d00-3e--100-36e]-9618&noUDP&sock=17371_a3be_3>
...
006 (1354459.000.000) 02/17 07:04:05 Image size of job updated: 208800
	145  -  MemoryUsage of job (MB)
	148252  -  ResidentSetSize of job (KB)
...
006 (1354459.000.000) 02/17 07:04:13 Image size of job updated: 1259860
	145  -  MemoryUsage of job (MB)
	148252  -  ResidentSetSize of job (KB)
...
040 (1354459.000.000) 02/17 07:04:14 Started transferring output files
...
040 (1354459.000.000) 02/17 07:04:14 Finished transferring output files
...
005 (1354459.000.000) 02/17 07:04:14 Job terminated.
	(1) Normal termination (return value 139)
		Usr 0 00:00:06, Sys 0 00:00:01  -  Run Remote Usage
		Usr 0 00:00:00, Sys 0 00:00:00  -  Run Local Usage
		Usr 0 00:00:06, Sys 0 00:00:01  -  Total Remote Usage
		Usr 0 00:00:00, Sys 0 00:00:00  -  Total Local Usage
	9954  -  Run Bytes Sent By Job
	1553  -  Run Bytes Received By Job
	9954  -  Total Bytes Sent By Job
	1553  -  Total Bytes Received By Job
	Partitionable Resources :    Usage  Request Allocated 
	   Cpus                 :     0.20        1         1 
	   Disk (KB)            :    32           2    584114 
	   Memory (MB)          :   145        2000      2000 
...
