000 (1354507.000.000) 02/17 06:58:24 Job submitted from host: <137.138.44.55:9618?addrs=137.138.44.55-9618+[2001-1458-d00-1a--48]-9618&alias=bigbird17.cern.ch&noUDP&sock=schedd_1694_8585_188>
...
040 (1354507.000.000) 02/17 07:05:07 Started transferring input files
	Transferring to host: <188.185.105.199:9618?addrs=188.185.105.199-9618+[2001-1458-d00-3e--100-2bf]-9618&alias=b7g50s0456.cern.ch&noUDP&sock=slot1_4_11685_e3b4_26441>
...
040 (1354507.000.000) 02/17 07:05:07 Finished transferring input files
...
001 (1354507.000.000) 02/17 07:05:08 Job executing on host: <188.185.105.199:9618?addrs=188.185.105.199-9618+[2001-1458-d00-3e--100-2bf]-9618&alias=b7g50s0456.cern.ch&noUDP&sock=startd_15263_ba19>
...
006 (1354507.000.000) 02/17 07:05:17 Image size of job updated: 527388
	145  -  MemoryUsage of job (MB)
	147752  -  ResidentSetSize of job (KB)
...
006 (1354507.000.000) 02/17 07:05:35 Image size of job updated: 622508
	145  -  MemoryUsage of job (MB)
	147752  -  ResidentSetSize of job (KB)
...
040 (1354507.000.000) 02/17 07:05:35 Started transferring output files
...
040 (1354507.000.000) 02/17 07:05:35 Finished transferring output files
...
005 (1354507.000.000) 02/17 07:05:35 Job terminated.
	(1) Normal termination (return value 139)
		Usr 0 00:00:06, Sys 0 00:00:01  -  Run Remote Usage
		Usr 0 00:00:00, Sys 0 00:00:00  -  Run Local Usage
		Usr 0 00:00:06, Sys 0 00:00:01  -  Total Remote Usage
		Usr 0 00:00:00, Sys 0 00:00:00  -  Total Local Usage
	9956  -  Run Bytes Sent By Job
	1554  -  Run Bytes Received By Job
	9956  -  Total Bytes Sent By Job
	1554  -  Total Bytes Received By Job
	Partitionable Resources :    Usage  Request Allocated 
	   Cpus                 :                 1         1 
	   Disk (KB)            :       25        2    541621 
	   Memory (MB)          :      145     2000      2000 
...
