000 (1355220.000.000) 02/17 07:39:09 Job submitted from host: <137.138.44.55:9618?addrs=137.138.44.55-9618+[2001-1458-d00-1a--48]-9618&alias=bigbird17.cern.ch&noUDP&sock=schedd_1694_8585_188>
...
040 (1355220.000.000) 02/17 07:39:11 Started transferring input files
	Transferring to host: <128.142.122.88:9618?addrs=128.142.122.88-9618&noUDP&sock=2887_e70e_104100>
...
040 (1355220.000.000) 02/17 07:39:11 Finished transferring input files
...
001 (1355220.000.000) 02/17 07:39:12 Job executing on host: <128.142.122.88:9618?addrs=128.142.122.88-9618&noUDP&sock=1805_a889_3>
...
006 (1355220.000.000) 02/17 07:39:20 Image size of job updated: 241460
	175  -  MemoryUsage of job (MB)
	179192  -  ResidentSetSize of job (KB)
...
006 (1355220.000.000) 02/17 07:39:27 Image size of job updated: 244500
	175  -  MemoryUsage of job (MB)
	179192  -  ResidentSetSize of job (KB)
...
040 (1355220.000.000) 02/17 07:39:27 Started transferring output files
...
040 (1355220.000.000) 02/17 07:39:27 Finished transferring output files
...
005 (1355220.000.000) 02/17 07:39:27 Job terminated.
	(1) Normal termination (return value 0)
		Usr 0 00:00:09, Sys 0 00:00:01  -  Run Remote Usage
		Usr 0 00:00:00, Sys 0 00:00:00  -  Run Local Usage
		Usr 0 00:00:09, Sys 0 00:00:01  -  Total Remote Usage
		Usr 0 00:00:00, Sys 0 00:00:00  -  Total Local Usage
	8179  -  Run Bytes Sent By Job
	1525  -  Run Bytes Received By Job
	8179  -  Total Bytes Sent By Job
	1525  -  Total Bytes Received By Job
	Partitionable Resources :    Usage  Request Allocated 
	   Cpus                 :        0        1         1 
	   Disk (KB)            :       31        2    219049 
	   Memory (MB)          :      175     2000      2000 
...
