000 (1354468.000.000) 02/17 06:56:16 Job submitted from host: <137.138.44.55:9618?addrs=137.138.44.55-9618+[2001-1458-d00-1a--48]-9618&alias=bigbird17.cern.ch&noUDP&sock=schedd_1694_8585_188>
...
040 (1354468.000.000) 02/17 07:04:43 Started transferring input files
	Transferring to host: <128.142.133.155:9618?addrs=128.142.133.155-9618+[2001-1458-301-32--100-99]-9618&alias=b7g21n0465.cern.ch&noUDP&sock=slot1_3_11638_c612_2726>
...
040 (1354468.000.000) 02/17 07:04:43 Finished transferring input files
...
001 (1354468.000.000) 02/17 07:04:44 Job executing on host: <128.142.133.155:9618?addrs=128.142.133.155-9618+[2001-1458-301-32--100-99]-9618&alias=b7g21n0465.cern.ch&noUDP&sock=startd_2408_4424>
...
006 (1354468.000.000) 02/17 07:04:53 Image size of job updated: 311984
	246  -  MemoryUsage of job (MB)
	251180  -  ResidentSetSize of job (KB)
...
006 (1354468.000.000) 02/17 07:05:03 Image size of job updated: 1181464
	246  -  MemoryUsage of job (MB)
	251180  -  ResidentSetSize of job (KB)
...
040 (1354468.000.000) 02/17 07:05:04 Started transferring output files
...
040 (1354468.000.000) 02/17 07:05:04 Finished transferring output files
...
005 (1354468.000.000) 02/17 07:05:04 Job terminated.
	(1) Normal termination (return value 139)
		Usr 0 00:00:11, Sys 0 00:00:02  -  Run Remote Usage
		Usr 0 00:00:00, Sys 0 00:00:00  -  Run Local Usage
		Usr 0 00:00:11, Sys 0 00:00:02  -  Total Remote Usage
		Usr 0 00:00:00, Sys 0 00:00:00  -  Total Local Usage
	9955  -  Run Bytes Sent By Job
	1554  -  Run Bytes Received By Job
	9955  -  Total Bytes Sent By Job
	1554  -  Total Bytes Received By Job
	Partitionable Resources :    Usage  Request Allocated 
	   Cpus                 :                 1         1 
	   Disk (KB)            :       25        2    192519 
	   Memory (MB)          :      246     2000      2000 
...
