000 (1355077.000.000) 02/17 07:32:13 Job submitted from host: <137.138.44.55:9618?addrs=137.138.44.55-9618+[2001-1458-d00-1a--48]-9618&alias=bigbird17.cern.ch&noUDP&sock=schedd_1694_8585_188>
...
040 (1355077.000.000) 02/17 07:34:05 Started transferring input files
	Transferring to host: <188.184.133.181:9618?addrs=188.184.133.181-9618+[2001-1458-301-a0--100-1c2]-9618&noUDP&sock=31806_f446_169256>
...
040 (1355077.000.000) 02/17 07:34:05 Finished transferring input files
...
001 (1355077.000.000) 02/17 07:34:06 Job executing on host: <188.184.133.181:9618?addrs=188.184.133.181-9618+[2001-1458-301-a0--100-1c2]-9618&noUDP&sock=2353_8a6f_3>
...
006 (1355077.000.000) 02/17 07:34:15 Image size of job updated: 239612
	175  -  MemoryUsage of job (MB)
	179140  -  ResidentSetSize of job (KB)
...
006 (1355077.000.000) 02/17 07:37:21 Image size of job updated: 362000
	175  -  MemoryUsage of job (MB)
	179140  -  ResidentSetSize of job (KB)
...
040 (1355077.000.000) 02/17 07:37:21 Started transferring output files
...
040 (1355077.000.000) 02/17 07:37:21 Finished transferring output files
...
005 (1355077.000.000) 02/17 07:37:22 Job terminated.
	(1) Normal termination (return value 0)
		Usr 0 00:02:05, Sys 0 00:00:04  -  Run Remote Usage
		Usr 0 00:00:00, Sys 0 00:00:00  -  Run Local Usage
		Usr 0 00:02:05, Sys 0 00:00:04  -  Total Remote Usage
		Usr 0 00:00:00, Sys 0 00:00:00  -  Total Local Usage
	13014  -  Run Bytes Sent By Job
	1523  -  Run Bytes Received By Job
	13014  -  Total Bytes Sent By Job
	1523  -  Total Bytes Received By Job
	Partitionable Resources :    Usage  Request Allocated 
	   Cpus                 :     0.72        1         1 
	   Disk (KB)            :    36           2    187931 
	   Memory (MB)          :   175        2000      2000 
...
