000 (1354937.000.000) 02/17 07:25:58 Job submitted from host: <137.138.44.55:9618?addrs=137.138.44.55-9618+[2001-1458-d00-1a--48]-9618&alias=bigbird17.cern.ch&noUDP&sock=schedd_1694_8585_188>
...
040 (1354937.000.000) 02/17 07:26:28 Started transferring input files
	Transferring to host: <128.142.76.158:9618?addrs=128.142.76.158-9618+[2001-1458-301-f4--100-464]-9618&alias=b7s12n4226.cern.ch&noUDP&sock=slot1_6_6659_9e28_9802>
...
040 (1354937.000.000) 02/17 07:26:28 Finished transferring input files
...
001 (1354937.000.000) 02/17 07:26:29 Job executing on host: <128.142.76.158:9618?addrs=128.142.76.158-9618+[2001-1458-301-f4--100-464]-9618&alias=b7s12n4226.cern.ch&noUDP&sock=startd_16656_3586>
...
006 (1354937.000.000) 02/17 07:26:37 Image size of job updated: 563392
	170  -  MemoryUsage of job (MB)
	173436  -  ResidentSetSize of job (KB)
...
040 (1354937.000.000) 02/17 07:26:38 Started transferring output files
...
040 (1354937.000.000) 02/17 07:26:38 Finished transferring output files
...
005 (1354937.000.000) 02/17 07:26:38 Job terminated.
	(1) Normal termination (return value 0)
		Usr 0 00:00:03, Sys 0 00:00:01  -  Run Remote Usage
		Usr 0 00:00:00, Sys 0 00:00:00  -  Run Local Usage
		Usr 0 00:00:03, Sys 0 00:00:01  -  Total Remote Usage
		Usr 0 00:00:00, Sys 0 00:00:00  -  Total Local Usage
	12874  -  Run Bytes Sent By Job
	1457  -  Run Bytes Received By Job
	12874  -  Total Bytes Sent By Job
	1457  -  Total Bytes Received By Job
	Partitionable Resources :    Usage  Request Allocated 
	   Cpus                 :                 1         1 
	   Disk (KB)            :       28        2    151031 
	   Memory (MB)          :      170     2000      2000 
...
