000 (1355164.000.000) 02/17 07:36:19 Job submitted from host: <137.138.44.55:9618?addrs=137.138.44.55-9618+[2001-1458-d00-1a--48]-9618&alias=bigbird17.cern.ch&noUDP&sock=schedd_1694_8585_188>
...
040 (1355164.000.000) 02/17 07:37:02 Started transferring input files
	Transferring to host: <128.142.123.173:9618?addrs=128.142.123.173-9618+[2001-1458-301-b5--100-508]-9618&alias=b7s07n9321.cern.ch&noUDP&sock=slot1_4_7452_5ba8_9476>
...
040 (1355164.000.000) 02/17 07:37:03 Finished transferring input files
...
001 (1355164.000.000) 02/17 07:37:03 Job executing on host: <128.142.123.173:9618?addrs=128.142.123.173-9618+[2001-1458-301-b5--100-508]-9618&alias=b7s07n9321.cern.ch&noUDP&sock=startd_1732_961f>
...
006 (1355164.000.000) 02/17 07:37:12 Image size of job updated: 1540
	2  -  MemoryUsage of job (MB)
	1356  -  ResidentSetSize of job (KB)
...
006 (1355164.000.000) 02/17 07:39:24 Image size of job updated: 777072
	2  -  MemoryUsage of job (MB)
	1356  -  ResidentSetSize of job (KB)
...
040 (1355164.000.000) 02/17 07:39:24 Started transferring output files
...
040 (1355164.000.000) 02/17 07:39:24 Finished transferring output files
...
005 (1355164.000.000) 02/17 07:39:25 Job terminated.
	(1) Normal termination (return value 0)
		Usr 0 00:01:25, Sys 0 00:00:02  -  Run Remote Usage
		Usr 0 00:00:00, Sys 0 00:00:00  -  Run Local Usage
		Usr 0 00:01:25, Sys 0 00:00:02  -  Total Remote Usage
		Usr 0 00:00:00, Sys 0 00:00:00  -  Total Local Usage
	13055  -  Run Bytes Sent By Job
	1565  -  Run Bytes Received By Job
	13055  -  Total Bytes Sent By Job
	1565  -  Total Bytes Received By Job
	Partitionable Resources :    Usage  Request Allocated 
	   Cpus                 :                 1         1 
	   Disk (KB)            :       27        2    207956 
	   Memory (MB)          :        2     2000      2000 
...
