000 (1354736.000.000) 02/17 07:16:08 Job submitted from host: <137.138.44.55:9618?addrs=137.138.44.55-9618+[2001-1458-d00-1a--48]-9618&alias=bigbird17.cern.ch&noUDP&sock=schedd_1694_8585_188>
...
040 (1354736.000.000) 02/17 07:16:21 Started transferring input files
	Transferring to host: <188.184.168.22:9618?addrs=188.184.168.22-9618+[2001-1458-301-c0--100-226]-9618&alias=b7g52n5270.cern.ch&noUDP&sock=slot1_11_7834_82f8_9495>
...
040 (1354736.000.000) 02/17 07:16:21 Finished transferring input files
...
001 (1354736.000.000) 02/17 07:16:22 Job executing on host: <188.184.168.22:9618?addrs=188.184.168.22-9618+[2001-1458-301-c0--100-226]-9618&alias=b7g52n5270.cern.ch&noUDP&sock=startd_17816_df63>
...
006 (1354736.000.000) 02/17 07:16:30 Image size of job updated: 228960
	44  -  MemoryUsage of job (MB)
	44876  -  ResidentSetSize of job (KB)
...
006 (1354736.000.000) 02/17 07:16:51 Image size of job updated: 912332
	44  -  MemoryUsage of job (MB)
	45056  -  ResidentSetSize of job (KB)
...
040 (1354736.000.000) 02/17 07:16:51 Started transferring output files
...
040 (1354736.000.000) 02/17 07:16:51 Finished transferring output files
...
005 (1354736.000.000) 02/17 07:16:51 Job terminated.
	(1) Normal termination (return value 139)
		Usr 0 00:00:09, Sys 0 00:00:02  -  Run Remote Usage
		Usr 0 00:00:00, Sys 0 00:00:00  -  Run Local Usage
		Usr 0 00:00:09, Sys 0 00:00:02  -  Total Remote Usage
		Usr 0 00:00:00, Sys 0 00:00:00  -  Total Local Usage
	9963  -  Run Bytes Sent By Job
	1595  -  Run Bytes Received By Job
	9963  -  Total Bytes Sent By Job
	1595  -  Total Bytes Received By Job
	Partitionable Resources :    Usage  Request Allocated 
	   Cpus                 :                 1         1 
	   Disk (KB)            :       24        2    239658 
	   Memory (MB)          :       44     2000      2000 
...
