000 (1355365.000.000) 02/17 07:45:47 Job submitted from host: <137.138.44.55:9618?addrs=137.138.44.55-9618+[2001-1458-d00-1a--48]-9618&alias=bigbird17.cern.ch&noUDP&sock=schedd_1694_8585_188>
...
040 (1355365.000.000) 02/17 07:47:17 Started transferring input files
	Transferring to host: <128.142.86.2:9618?addrs=128.142.86.2-9618+[2001-1458-301-f6--100-154]-9618&noUDP&sock=16823_1345_29324>
...
040 (1355365.000.000) 02/17 07:47:17 Finished transferring input files
...
001 (1355365.000.000) 02/17 07:47:18 Job executing on host: <128.142.86.2:9618?addrs=128.142.86.2-9618+[2001-1458-301-f6--100-154]-9618&noUDP&sock=16666_1179_3>
...
006 (1355365.000.000) 02/17 07:47:26 Image size of job updated: 1012
	1  -  MemoryUsage of job (MB)
	1012  -  ResidentSetSize of job (KB)
...
006 (1355365.000.000) 02/17 07:48:06 Image size of job updated: 247908
	1  -  MemoryUsage of job (MB)
	1012  -  ResidentSetSize of job (KB)
...
040 (1355365.000.000) 02/17 07:48:06 Started transferring output files
...
040 (1355365.000.000) 02/17 07:48:06 Finished transferring output files
...
005 (1355365.000.000) 02/17 07:48:06 Job terminated.
	(1) Normal termination (return value 0)
		Usr 0 00:00:11, Sys 0 00:00:01  -  Run Remote Usage
		Usr 0 00:00:00, Sys 0 00:00:00  -  Run Local Usage
		Usr 0 00:00:11, Sys 0 00:00:01  -  Total Remote Usage
		Usr 0 00:00:00, Sys 0 00:00:00  -  Total Local Usage
	8139  -  Run Bytes Sent By Job
	1484  -  Run Bytes Received By Job
	8139  -  Total Bytes Sent By Job
	1484  -  Total Bytes Received By Job
	Partitionable Resources :    Usage  Request Allocated 
	   Cpus                 :        0        1         1 
	   Disk (KB)            :       30        2    153493 
	   Memory (MB)          :        1     2000      2000 
...
