000 (1355134.000.000) 02/17 07:34:44 Job submitted from host: <137.138.44.55:9618?addrs=137.138.44.55-9618+[2001-1458-d00-1a--48]-9618&alias=bigbird17.cern.ch&noUDP&sock=schedd_1694_8585_188>
...
040 (1355134.000.000) 02/17 07:36:56 Started transferring input files
	Transferring to host: <128.142.120.171:9618?addrs=128.142.120.171-9618+[2001-1458-301-b5--100-45c]-9618&alias=b7s07n2376.cern.ch&noUDP&sock=slot1_7_25758_9751_8929>
...
040 (1355134.000.000) 02/17 07:36:56 Finished transferring input files
...
001 (1355134.000.000) 02/17 07:36:57 Job executing on host: <128.142.120.171:9618?addrs=128.142.120.171-9618+[2001-1458-301-b5--100-45c]-9618&alias=b7s07n2376.cern.ch&noUDP&sock=startd_2003_7849>
...
006 (1355134.000.000) 02/17 07:37:06 Image size of job updated: 419728
	3  -  MemoryUsage of job (MB)
	2220  -  ResidentSetSize of job (KB)
...
006 (1355134.000.000) 02/17 07:40:11 Image size of job updated: 776316
	3  -  MemoryUsage of job (MB)
	2220  -  ResidentSetSize of job (KB)
...
040 (1355134.000.000) 02/17 07:40:11 Started transferring output files
...
040 (1355134.000.000) 02/17 07:40:11 Finished transferring output files
...
005 (1355134.000.000) 02/17 07:40:11 Job terminated.
	(1) Normal termination (return value 0)
		Usr 0 00:01:29, Sys 0 00:00:02  -  Run Remote Usage
		Usr 0 00:00:00, Sys 0 00:00:00  -  Run Local Usage
		Usr 0 00:01:29, Sys 0 00:00:02  -  Total Remote Usage
		Usr 0 00:00:00, Sys 0 00:00:00  -  Total Local Usage
	13054  -  Run Bytes Sent By Job
	1563  -  Run Bytes Received By Job
	13054  -  Total Bytes Sent By Job
	1563  -  Total Bytes Received By Job
	Partitionable Resources :    Usage  Request Allocated 
	   Cpus                 :     0.50        1         1 
	   Disk (KB)            :    34           2    127375 
	   Memory (MB)          :     3        2000      2000 
...
