000 (1354969.000.000) 02/17 07:27:20 Job submitted from host: <137.138.44.55:9618?addrs=137.138.44.55-9618+[2001-1458-d00-1a--48]-9618&alias=bigbird17.cern.ch&noUDP&sock=schedd_1694_8585_188>
...
040 (1354969.000.000) 02/17 07:27:24 Started transferring input files
	Transferring to host: <128.142.149.59:9618?addrs=128.142.149.59-9618+[2001-1458-301-b--100-2dc]-9618&noUDP&sock=31782_0b45_159879>
...
040 (1354969.000.000) 02/17 07:27:24 Finished transferring input files
...
001 (1354969.000.000) 02/17 07:27:25 Job executing on host: <128.142.149.59:9618?addrs=128.142.149.59-9618+[2001-1458-301-b--100-2dc]-9618&noUDP&sock=6517_b2cb_3>
...
006 (1354969.000.000) 02/17 07:27:34 Image size of job updated: 232228
	166  -  MemoryUsage of job (MB)
	169972  -  ResidentSetSize of job (KB)
...
040 (1354969.000.000) 02/17 07:27:36 Started transferring output files
...
040 (1354969.000.000) 02/17 07:27:36 Finished transferring output files
...
005 (1354969.000.000) 02/17 07:27:36 Job terminated.
	(1) Normal termination (return value 0)
		Usr 0 00:00:03, Sys 0 00:00:01  -  Run Remote Usage
		Usr 0 00:00:00, Sys 0 00:00:00  -  Run Local Usage
		Usr 0 00:00:03, Sys 0 00:00:01  -  Total Remote Usage
		Usr 0 00:00:00, Sys 0 00:00:00  -  Total Local Usage
	12877  -  Run Bytes Sent By Job
	1460  -  Run Bytes Received By Job
	12877  -  Total Bytes Sent By Job
	1460  -  Total Bytes Received By Job
	Partitionable Resources :    Usage  Request Allocated 
	   Cpus                 :        0        1         1 
	   Disk (KB)            :       36        2    322028 
	   Memory (MB)          :      166     2000      2000 
...
