000 (1354555.000.000) 02/17 07:02:06 Job submitted from host: <137.138.44.55:9618?addrs=137.138.44.55-9618+[2001-1458-d00-1a--48]-9618&alias=bigbird17.cern.ch&noUDP&sock=schedd_1694_8585_188>
...
040 (1354555.000.000) 02/17 07:06:34 Started transferring input files
	Transferring to host: <188.185.105.102:9618?addrs=188.185.105.102-9618+[2001-1458-d00-3e--100-5e]-9618&alias=b7g50s1347.cern.ch&noUDP&sock=slot1_6_30083_f1e0_10114>
...
040 (1354555.000.000) 02/17 07:06:34 Finished transferring input files
...
001 (1354555.000.000) 02/17 07:06:35 Job executing on host: <188.185.105.102:9618?addrs=188.185.105.102-9618+[2001-1458-d00-3e--100-5e]-9618&alias=b7g50s1347.cern.ch&noUDP&sock=startd_18315_2525>
...
006 (1354555.000.000) 02/17 07:06:44 Image size of job updated: 728836
	190  -  MemoryUsage of job (MB)
	193868  -  ResidentSetSize of job (KB)
...
006 (1354555.000.000) 02/17 07:06:52 Image size of job updated: 728836
	190  -  MemoryUsage of job (MB)
	194492  -  ResidentSetSize of job (KB)
...
040 (1354555.000.000) 02/17 07:06:52 Started transferring output files
...
040 (1354555.000.000) 02/17 07:06:52 Finished transferring output files
...
005 (1354555.000.000) 02/17 07:06:52 Job terminated.
	(1) Normal termination (return value 139)
		Usr 0 00:00:07, Sys 0 00:00:01  -  Run Remote Usage
		Usr 0 00:00:00, Sys 0 00:00:00  -  Run Local Usage
		Usr 0 00:00:07, Sys 0 00:00:01  -  Total Remote Usage
		Usr 0 00:00:00, Sys 0 00:00:00  -  Total Local Usage
	9955  -  Run Bytes Sent By Job
	1555  -  Run Bytes Received By Job
	9955  -  Total Bytes Sent By Job
	1555  -  Total Bytes Received By Job
	Partitionable Resources :    Usage  Request Allocated 
	   Cpus                 :                 1         1 
	   Disk (KB)            :       25        2    573625 
	   Memory (MB)          :      190     2000      2000 
...
