000 (1354769.000.000) 02/17 07:18:04 Job submitted from host: <137.138.44.55:9618?addrs=137.138.44.55-9618+[2001-1458-d00-1a--48]-9618&alias=bigbird17.cern.ch&noUDP&sock=schedd_1694_8585_188>
...
040 (1354769.000.000) 02/17 07:19:03 Started transferring input files
	Transferring to host: <128.142.65.93:9618?addrs=128.142.65.93-9618+[2001-1458-301-4c--100-75]-9618&noUDP&sock=2501_ee3f_64181>
...
040 (1354769.000.000) 02/17 07:19:03 Finished transferring input files
...
001 (1354769.000.000) 02/17 07:19:04 Job executing on host: <128.142.65.93:9618?addrs=128.142.65.93-9618+[2001-1458-301-4c--100-75]-9618&noUDP&sock=2289_a45f_3>
...
006 (1354769.000.000) 02/17 07:19:12 Image size of job updated: 235160
	172  -  MemoryUsage of job (MB)
	175332  -  ResidentSetSize of job (KB)
...
040 (1354769.000.000) 02/17 07:21:11 Started transferring output files
...
040 (1354769.000.000) 02/17 07:21:11 Finished transferring output files
...
005 (1354769.000.000) 02/17 07:21:11 Job terminated.
	(1) Normal termination (return value 0)
		Usr 0 00:01:41, Sys 0 00:00:02  -  Run Remote Usage
		Usr 0 00:00:00, Sys 0 00:00:00  -  Run Local Usage
		Usr 0 00:01:41, Sys 0 00:00:02  -  Total Remote Usage
		Usr 0 00:00:00, Sys 0 00:00:00  -  Total Local Usage
	7996  -  Run Bytes Sent By Job
	1595  -  Run Bytes Received By Job
	7996  -  Total Bytes Sent By Job
	1595  -  Total Bytes Received By Job
	Partitionable Resources :    Usage  Request Allocated 
	   Cpus                 :     0.89        1         1 
	   Disk (KB)            :    31           2    224191 
	   Memory (MB)          :   172        2000      2000 
...
