000 (1355261.000.000) 02/17 07:41:42 Job submitted from host: <137.138.44.55:9618?addrs=137.138.44.55-9618+[2001-1458-d00-1a--48]-9618&alias=bigbird17.cern.ch&noUDP&sock=schedd_1694_8585_188>
...
040 (1355261.000.000) 02/17 07:42:04 Started transferring input files
	Transferring to host: <188.184.133.105:9618?addrs=188.184.133.105-9618+[2001-1458-301-a0--100-185]-9618&alias=b7g28n0426.cern.ch&noUDP&sock=slot1_8_3250_ab3d_4451>
...
040 (1355261.000.000) 02/17 07:42:04 Finished transferring input files
...
001 (1355261.000.000) 02/17 07:42:05 Job executing on host: <188.184.133.105:9618?addrs=188.184.133.105-9618+[2001-1458-301-a0--100-185]-9618&alias=b7g28n0426.cern.ch&noUDP&sock=startd_1970_d5a9>
...
006 (1355261.000.000) 02/17 07:42:14 Image size of job updated: 230664
	167  -  MemoryUsage of job (MB)
	170196  -  ResidentSetSize of job (KB)
...
006 (1355261.000.000) 02/17 07:42:32 Image size of job updated: 654924
	167  -  MemoryUsage of job (MB)
	170200  -  ResidentSetSize of job (KB)
...
040 (1355261.000.000) 02/17 07:42:32 Started transferring output files
...
040 (1355261.000.000) 02/17 07:42:32 Finished transferring output files
...
005 (1355261.000.000) 02/17 07:42:33 Job terminated.
	(1) Normal termination (return value 0)
		Usr 0 00:00:10, Sys 0 00:00:01  -  Run Remote Usage
		Usr 0 00:00:00, Sys 0 00:00:00  -  Run Local Usage
		Usr 0 00:00:10, Sys 0 00:00:01  -  Total Remote Usage
		Usr 0 00:00:00, Sys 0 00:00:00  -  Total Local Usage
	8176  -  Run Bytes Sent By Job
	1522  -  Run Bytes Received By Job
	8176  -  Total Bytes Sent By Job
	1522  -  Total Bytes Received By Job
	Partitionable Resources :    Usage  Request Allocated 
	   Cpus                 :                 1         1 
	   Disk (KB)            :       23        2    105026 
	   Memory (MB)          :      167     2000      2000 
...
