000 (1354654.000.000) 02/17 07:09:57 Job submitted from host: <137.138.44.55:9618?addrs=137.138.44.55-9618+[2001-1458-d00-1a--48]-9618&alias=bigbird17.cern.ch&noUDP&sock=schedd_1694_8585_188>
...
040 (1354654.000.000) 02/17 07:10:19 Started transferring input files
	Transferring to host: <188.184.169.147:9618?addrs=188.184.169.147-9618+[2001-1458-301-c0--100-3ed]-9618&alias=b7g52n4842.cern.ch&noUDP&sock=slot1_4_20074_b2e9_4265>
...
040 (1354654.000.000) 02/17 07:10:19 Finished transferring input files
...
001 (1354654.000.000) 02/17 07:10:20 Job executing on host: <188.184.169.147:9618?addrs=188.184.169.147-9618+[2001-1458-301-c0--100-3ed]-9618&alias=b7g52n4842.cern.ch&noUDP&sock=startd_17550_6b31>
...
006 (1354654.000.000) 02/17 07:10:29 Image size of job updated: 235132
	171  -  MemoryUsage of job (MB)
	174664  -  ResidentSetSize of job (KB)
...
006 (1354654.000.000) 02/17 07:11:46 Image size of job updated: 825928
	171  -  MemoryUsage of job (MB)
	174664  -  ResidentSetSize of job (KB)
...
040 (1354654.000.000) 02/17 07:11:46 Started transferring output files
...
040 (1354654.000.000) 02/17 07:11:46 Finished transferring output files
...
005 (1354654.000.000) 02/17 07:11:46 Job terminated.
	(1) Normal termination (return value 0)
		Usr 0 00:01:10, Sys 0 00:00:01  -  Run Remote Usage
		Usr 0 00:00:00, Sys 0 00:00:00  -  Run Local Usage
		Usr 0 00:01:10, Sys 0 00:00:01  -  Total Remote Usage
		Usr 0 00:00:00, Sys 0 00:00:00  -  Total Local Usage
	7957  -  Run Bytes Sent By Job
	1555  -  Run Bytes Received By Job
	7957  -  Total Bytes Sent By Job
	1555  -  Total Bytes Received By Job
	Partitionable Resources :    Usage  Request Allocated 
	   Cpus                 :                 1         1 
	   Disk (KB)            :       23        2    247872 
	   Memory (MB)          :      171     2000      2000 
...
