000 (1355023.000.000) 02/17 07:29:32 Job submitted from host: <137.138.44.55:9618?addrs=137.138.44.55-9618+[2001-1458-d00-1a--48]-9618&alias=bigbird17.cern.ch&noUDP&sock=schedd_1694_8585_188>
...
040 (1355023.000.000) 02/17 07:29:38 Started transferring input files
	Transferring to host: <128.142.119.186:9618?addrs=128.142.119.186-9618+[2001-1458-301-ae--100-3ff]-9618&noUDP&sock=18825_aa57_79664>
...
040 (1355023.000.000) 02/17 07:29:38 Finished transferring input files
...
001 (1355023.000.000) 02/17 07:29:39 Job executing on host: <128.142.119.186:9618?addrs=128.142.119.186-9618+[2001-1458-301-ae--100-3ff]-9618&noUDP&sock=18689_ad90_3>
...
006 (1355023.000.000) 02/17 07:29:48 Image size of job updated: 233020
	167  -  MemoryUsage of job (MB)
	170288  -  ResidentSetSize of job (KB)
...
006 (1355023.000.000) 02/17 07:29:49 Image size of job updated: 233064
	167  -  MemoryUsage of job (MB)
	170332  -  ResidentSetSize of job (KB)
...
040 (1355023.000.000) 02/17 07:29:49 Started transferring output files
...
040 (1355023.000.000) 02/17 07:29:49 Finished transferring output files
...
005 (1355023.000.000) 02/17 07:29:50 Job terminated.
	(1) Normal termination (return value 0)
		Usr 0 00:00:03, Sys 0 00:00:01  -  Run Remote Usage
		Usr 0 00:00:00, Sys 0 00:00:00  -  Run Local Usage
		Usr 0 00:00:03, Sys 0 00:00:01  -  Total Remote Usage
		Usr 0 00:00:00, Sys 0 00:00:00  -  Total Local Usage
	12918  -  Run Bytes Sent By Job
	1501  -  Run Bytes Received By Job
	12918  -  Total Bytes Sent By Job
	1501  -  Total Bytes Received By Job
	Partitionable Resources :    Usage  Request Allocated 
	   Cpus                 :     0.04        1         1 
	   Disk (KB)            :    36           2    195961 
	   Memory (MB)          :   167        2000      2000 
...
