000 (1355139.000.000) 02/17 07:34:56 Job submitted from host: <137.138.44.55:9618?addrs=137.138.44.55-9618+[2001-1458-d00-1a--48]-9618&alias=bigbird17.cern.ch&noUDP&sock=schedd_1694_8585_188>
...
040 (1355139.000.000) 02/17 07:37:30 Started transferring input files
	Transferring to host: <128.142.108.236:9618?addrs=128.142.108.236-9618&noUDP&sock=2301_0337_98923>
...
040 (1355139.000.000) 02/17 07:37:30 Finished transferring input files
...
001 (1355139.000.000) 02/17 07:37:31 Job executing on host: <128.142.108.236:9618?addrs=128.142.108.236-9618&noUDP&sock=2182_3fbd_3>
...
006 (1355139.000.000) 02/17 07:37:40 Image size of job updated: 440
	1  -  MemoryUsage of job (MB)
	440  -  ResidentSetSize of job (KB)
...
006 (1355139.000.000) 02/17 07:42:41 Image size of job updated: 350440
	281  -  MemoryUsage of job (MB)
	287584  -  ResidentSetSize of job (KB)
...
006 (1355139.000.000) 02/17 07:44:00 Image size of job updated: 362220
	281  -  MemoryUsage of job (MB)
	287584  -  ResidentSetSize of job (KB)
...
040 (1355139.000.000) 02/17 07:44:00 Started transferring output files
...
040 (1355139.000.000) 02/17 07:44:00 Finished transferring output files
...
005 (1355139.000.000) 02/17 07:44:01 Job terminated.
	(1) Normal termination (return value 0)
		Usr 0 00:01:21, Sys 0 00:00:02  -  Run Remote Usage
		Usr 0 00:00:00, Sys 0 00:00:00  -  Run Local Usage
		Usr 0 00:01:21, Sys 0 00:00:02  -  Total Remote Usage
		Usr 0 00:00:00, Sys 0 00:00:00  -  Total Local Usage
	13053  -  Run Bytes Sent By Job
	1563  -  Run Bytes Received By Job
	13053  -  Total Bytes Sent By Job
	1563  -  Total Bytes Received By Job
	Partitionable Resources :    Usage  Request Allocated 
	   Cpus                 :     0.45        1         1 
	   Disk (KB)            :    35           2    212235 
	   Memory (MB)          :   281        2000      2000 
...
