000 (1354895.000.000) 02/17 07:23:44 Job submitted from host: <137.138.44.55:9618?addrs=137.138.44.55-9618+[2001-1458-d00-1a--48]-9618&alias=bigbird17.cern.ch&noUDP&sock=schedd_1694_8585_188>
...
040 (1354895.000.000) 02/17 07:24:30 Started transferring input files
	Transferring to host: <128.142.83.75:9618?addrs=128.142.83.75-9618+[2001-1458-301-f5--100-274]-9618&alias=b7s13n9026.cern.ch&noUDP&sock=slot1_5_20501_8f1b_10049>
...
040 (1354895.000.000) 02/17 07:24:30 Finished transferring input files
...
001 (1354895.000.000) 02/17 07:24:31 Job executing on host: <128.142.83.75:9618?addrs=128.142.83.75-9618+[2001-1458-301-f5--100-274]-9618&alias=b7s13n9026.cern.ch&noUDP&sock=startd_16234_c08f>
...
006 (1354895.000.000) 02/17 07:24:40 Image size of job updated: 421152
	151  -  MemoryUsage of job (MB)
	154124  -  ResidentSetSize of job (KB)
...
006 (1354895.000.000) 02/17 07:29:41 Image size of job updated: 779748
	295  -  MemoryUsage of job (MB)
	301248  -  ResidentSetSize of job (KB)
...
040 (1354895.000.000) 02/17 07:29:58 Started transferring output files
...
040 (1354895.000.000) 02/17 07:29:58 Finished transferring output files
...
005 (1354895.000.000) 02/17 07:29:58 Job terminated.
	(1) Normal termination (return value 0)
		Usr 0 00:02:51, Sys 0 00:00:02  -  Run Remote Usage
		Usr 0 00:00:00, Sys 0 00:00:00  -  Run Local Usage
		Usr 0 00:02:51, Sys 0 00:00:02  -  Total Remote Usage
		Usr 0 00:00:00, Sys 0 00:00:00  -  Total Local Usage
	12729  -  Run Bytes Sent By Job
	1387  -  Run Bytes Received By Job
	12729  -  Total Bytes Sent By Job
	1387  -  Total Bytes Received By Job
	Partitionable Resources :    Usage  Request Allocated 
	   Cpus                 :                 1         1 
	   Disk (KB)            :       28        2    263491 
	   Memory (MB)          :      295     2000      2000 
...
