000 (1355086.000.000) 02/17 07:32:23 Job submitted from host: <137.138.44.55:9618?addrs=137.138.44.55-9618+[2001-1458-d00-1a--48]-9618&alias=bigbird17.cern.ch&noUDP&sock=schedd_1694_8585_188>
...
040 (1355086.000.000) 02/17 07:34:06 Started transferring input files
	Transferring to host: <188.184.132.59:9618?addrs=188.184.132.59-9618+[2001-1458-301-a0--100-54]-9618&alias=b7g28n0045.cern.ch&noUDP&sock=slot1_7_25487_a5a5_25085>
...
040 (1355086.000.000) 02/17 07:34:06 Finished transferring input files
...
001 (1355086.000.000) 02/17 07:34:07 Job executing on host: <188.184.132.59:9618?addrs=188.184.132.59-9618+[2001-1458-301-a0--100-54]-9618&alias=b7g28n0045.cern.ch&noUDP&sock=startd_2357_48d0>
...
006 (1355086.000.000) 02/17 07:34:16 Image size of job updated: 227964
	117  -  MemoryUsage of job (MB)
	118896  -  ResidentSetSize of job (KB)
...
006 (1355086.000.000) 02/17 07:39:16 Image size of job updated: 781484
	295  -  MemoryUsage of job (MB)
	301888  -  ResidentSetSize of job (KB)
...
040 (1355086.000.000) 02/17 07:39:58 Started transferring output files
...
040 (1355086.000.000) 02/17 07:39:58 Finished transferring output files
...
005 (1355086.000.000) 02/17 07:39:59 Job terminated.
	(1) Normal termination (return value 0)
		Usr 0 00:02:12, Sys 0 00:00:02  -  Run Remote Usage
		Usr 0 00:00:00, Sys 0 00:00:00  -  Run Local Usage
		Usr 0 00:02:12, Sys 0 00:00:02  -  Total Remote Usage
		Usr 0 00:00:00, Sys 0 00:00:00  -  Total Local Usage
	13014  -  Run Bytes Sent By Job
	1523  -  Run Bytes Received By Job
	13014  -  Total Bytes Sent By Job
	1523  -  Total Bytes Received By Job
	Partitionable Resources :    Usage  Request Allocated 
	   Cpus                 :                 1         1 
	   Disk (KB)            :       27        2    207217 
	   Memory (MB)          :      295     2000      2000 
...
