000 (1354891.000.000) 02/17 07:23:35 Job submitted from host: <137.138.44.55:9618?addrs=137.138.44.55-9618+[2001-1458-d00-1a--48]-9618&alias=bigbird17.cern.ch&noUDP&sock=schedd_1694_8585_188>
...
040 (1354891.000.000) 02/17 07:23:54 Started transferring input files
	Transferring to host: <128.142.78.197:9618?addrs=128.142.78.197-9618+[2001-1458-301-f4--100-2c3]-9618&noUDP&sock=16801_9304_26430>
...
040 (1354891.000.000) 02/17 07:23:54 Finished transferring input files
...
001 (1354891.000.000) 02/17 07:23:55 Job executing on host: <128.142.78.197:9618?addrs=128.142.78.197-9618+[2001-1458-301-f4--100-2c3]-9618&noUDP&sock=16645_a9fc_3>
...
006 (1354891.000.000) 02/17 07:24:04 Image size of job updated: 239544
	175  -  MemoryUsage of job (MB)
	179072  -  ResidentSetSize of job (KB)
...
006 (1354891.000.000) 02/17 07:27:35 Image size of job updated: 799296
	175  -  MemoryUsage of job (MB)
	179072  -  ResidentSetSize of job (KB)
...
040 (1354891.000.000) 02/17 07:27:35 Started transferring output files
...
040 (1354891.000.000) 02/17 07:27:35 Finished transferring output files
...
005 (1354891.000.000) 02/17 07:27:35 Job terminated.
	(1) Normal termination (return value 0)
		Usr 0 00:02:19, Sys 0 00:00:03  -  Run Remote Usage
		Usr 0 00:00:00, Sys 0 00:00:00  -  Run Local Usage
		Usr 0 00:02:19, Sys 0 00:00:03  -  Total Remote Usage
		Usr 0 00:00:00, Sys 0 00:00:00  -  Total Local Usage
	12726  -  Run Bytes Sent By Job
	1385  -  Run Bytes Received By Job
	12726  -  Total Bytes Sent By Job
	1385  -  Total Bytes Received By Job
	Partitionable Resources :    Usage  Request Allocated 
	   Cpus                 :     0.57        1         1 
	   Disk (KB)            :    36           2    259509 
	   Memory (MB)          :   175        2000      2000 
...
