000 (1354842.000.000) 02/17 07:21:23 Job submitted from host: <137.138.44.55:9618?addrs=137.138.44.55-9618+[2001-1458-d00-1a--48]-9618&alias=bigbird17.cern.ch&noUDP&sock=schedd_1694_8585_188>
...
040 (1354842.000.000) 02/17 07:21:49 Started transferring input files
	Transferring to host: <128.142.64.219:9618?addrs=128.142.64.219-9618&noUDP&sock=3217_6adc_103253>
...
040 (1354842.000.000) 02/17 07:21:49 Finished transferring input files
...
001 (1354842.000.000) 02/17 07:21:50 Job executing on host: <128.142.64.219:9618?addrs=128.142.64.219-9618&noUDP&sock=2113_ebb4_3>
...
006 (1354842.000.000) 02/17 07:21:59 Image size of job updated: 242976
	175  -  MemoryUsage of job (MB)
	178696  -  ResidentSetSize of job (KB)
...
006 (1354842.000.000) 02/17 07:22:10 Image size of job updated: 461844
	175  -  MemoryUsage of job (MB)
	178696  -  ResidentSetSize of job (KB)
...
040 (1354842.000.000) 02/17 07:22:11 Started transferring output files
...
040 (1354842.000.000) 02/17 07:22:11 Finished transferring output files
...
005 (1354842.000.000) 02/17 07:22:11 Job terminated.
	(1) Normal termination (return value 139)
		Usr 0 00:00:10, Sys 0 00:00:02  -  Run Remote Usage
		Usr 0 00:00:00, Sys 0 00:00:00  -  Run Local Usage
		Usr 0 00:00:10, Sys 0 00:00:02  -  Total Remote Usage
		Usr 0 00:00:00, Sys 0 00:00:00  -  Total Local Usage
	9964  -  Run Bytes Sent By Job
	1595  -  Run Bytes Received By Job
	9964  -  Total Bytes Sent By Job
	1595  -  Total Bytes Received By Job
	Partitionable Resources :    Usage  Request Allocated 
	   Cpus                 :        0        1         1 
	   Disk (KB)            :       33        2    262595 
	   Memory (MB)          :      175     2000      2000 
...
