000 (1355191.000.000) 02/17 07:37:45 Job submitted from host: <137.138.44.55:9618?addrs=137.138.44.55-9618+[2001-1458-d00-1a--48]-9618&alias=bigbird17.cern.ch&noUDP&sock=schedd_1694_8585_188>
...
040 (1355191.000.000) 02/17 07:38:09 Started transferring input files
	Transferring to host: <188.184.210.41:9618?addrs=188.184.210.41-9618+[2001-1458-301-10b--100-26]-9618&alias=b7g23n6501.cern.ch&noUDP&sock=slot1_2_8427_5570_5117>
...
040 (1355191.000.000) 02/17 07:38:09 Finished transferring input files
...
001 (1355191.000.000) 02/17 07:38:10 Job executing on host: <188.184.210.41:9618?addrs=188.184.210.41-9618+[2001-1458-301-10b--100-26]-9618&alias=b7g23n6501.cern.ch&noUDP&sock=startd_18273_562a>
...
006 (1355191.000.000) 02/17 07:38:19 Image size of job updated: 605480
	175  -  MemoryUsage of job (MB)
	179028  -  ResidentSetSize of job (KB)
...
006 (1355191.000.000) 02/17 07:40:34 Image size of job updated: 777192
	175  -  MemoryUsage of job (MB)
	179028  -  ResidentSetSize of job (KB)
...
040 (1355191.000.000) 02/17 07:40:34 Started transferring output files
...
040 (1355191.000.000) 02/17 07:40:34 Finished transferring output files
...
005 (1355191.000.000) 02/17 07:40:35 Job terminated.
	(1) Normal termination (return value 0)
		Usr 0 00:01:28, Sys 0 00:00:02  -  Run Remote Usage
		Usr 0 00:00:00, Sys 0 00:00:00  -  Run Local Usage
		Usr 0 00:01:28, Sys 0 00:00:02  -  Total Remote Usage
		Usr 0 00:00:00, Sys 0 00:00:00  -  Total Local Usage
	13050  -  Run Bytes Sent By Job
	1559  -  Run Bytes Received By Job
	13050  -  Total Bytes Sent By Job
	1559  -  Total Bytes Received By Job
	Partitionable Resources :    Usage  Request Allocated 
	   Cpus                 :                 1         1 
	   Disk (KB)            :       28        2    232367 
	   Memory (MB)          :      175     2000      2000 
...
