000 (1354660.000.000) 02/17 07:10:35 Job submitted from host: <137.138.44.55:9618?addrs=137.138.44.55-9618+[2001-1458-d00-1a--48]-9618&alias=bigbird17.cern.ch&noUDP&sock=schedd_1694_8585_188>
...
040 (1354660.000.000) 02/17 07:10:42 Started transferring input files
	Transferring to host: <128.142.85.240:9618?addrs=128.142.85.240-9618+[2001-1458-301-f6--100-2c0]-9618&alias=b7s14n1471.cern.ch&noUDP&sock=slot1_2_17336_87ba_4161>
...
040 (1354660.000.000) 02/17 07:10:42 Finished transferring input files
...
001 (1354660.000.000) 02/17 07:10:43 Job executing on host: <128.142.85.240:9618?addrs=128.142.85.240-9618+[2001-1458-301-f6--100-2c0]-9618&alias=b7s14n1471.cern.ch&noUDP&sock=startd_16624_427f>
...
006 (1354660.000.000) 02/17 07:10:51 Image size of job updated: 317868
	252  -  MemoryUsage of job (MB)
	257084  -  ResidentSetSize of job (KB)
...
006 (1354660.000.000) 02/17 07:10:58 Image size of job updated: 1093280
	252  -  MemoryUsage of job (MB)
	257832  -  ResidentSetSize of job (KB)
...
040 (1354660.000.000) 02/17 07:10:58 Started transferring output files
...
040 (1354660.000.000) 02/17 07:10:58 Finished transferring output files
...
005 (1354660.000.000) 02/17 07:10:58 Job terminated.
	(1) Normal termination (return value 139)
		Usr 0 00:00:09, Sys 0 00:00:02  -  Run Remote Usage
		Usr 0 00:00:00, Sys 0 00:00:00  -  Run Local Usage
		Usr 0 00:00:09, Sys 0 00:00:02  -  Total Remote Usage
		Usr 0 00:00:00, Sys 0 00:00:00  -  Total Local Usage
	9956  -  Run Bytes Sent By Job
	1554  -  Run Bytes Received By Job
	9956  -  Total Bytes Sent By Job
	1554  -  Total Bytes Received By Job
	Partitionable Resources :    Usage  Request Allocated 
	   Cpus                 :                 1         1 
	   Disk (KB)            :       25        2    259533 
	   Memory (MB)          :      252     2000      2000 
...
