000 (1355335.000.000) 02/17 07:44:30 Job submitted from host: <137.138.44.55:9618?addrs=137.138.44.55-9618+[2001-1458-d00-1a--48]-9618&alias=bigbird17.cern.ch&noUDP&sock=schedd_1694_8585_188>
...
040 (1355335.000.000) 02/17 07:46:22 Started transferring input files
	Transferring to host: <128.142.79.81:9618?addrs=128.142.79.81-9618+[2001-1458-301-f4--100-4e4]-9618&alias=b7s12n2820.cern.ch&noUDP&sock=slot1_4_6893_7df1_8240>
...
040 (1355335.000.000) 02/17 07:46:22 Finished transferring input files
...
001 (1355335.000.000) 02/17 07:46:23 Job executing on host: <128.142.79.81:9618?addrs=128.142.79.81-9618+[2001-1458-301-f4--100-4e4]-9618&alias=b7s12n2820.cern.ch&noUDP&sock=startd_16666_1179>
...
006 (1355335.000.000) 02/17 07:46:32 Image size of job updated: 126248
	33  -  MemoryUsage of job (MB)
	33356  -  ResidentSetSize of job (KB)
...
006 (1355335.000.000) 02/17 07:46:43 Image size of job updated: 654840
	33  -  MemoryUsage of job (MB)
	33356  -  ResidentSetSize of job (KB)
...
040 (1355335.000.000) 02/17 07:46:43 Started transferring output files
...
040 (1355335.000.000) 02/17 07:46:43 Finished transferring output files
...
005 (1355335.000.000) 02/17 07:46:43 Job terminated.
	(1) Normal termination (return value 0)
		Usr 0 00:00:05, Sys 0 00:00:01  -  Run Remote Usage
		Usr 0 00:00:00, Sys 0 00:00:00  -  Run Local Usage
		Usr 0 00:00:05, Sys 0 00:00:01  -  Total Remote Usage
		Usr 0 00:00:00, Sys 0 00:00:00  -  Total Local Usage
	8144  -  Run Bytes Sent By Job
	1489  -  Run Bytes Received By Job
	8144  -  Total Bytes Sent By Job
	1489  -  Total Bytes Received By Job
	Partitionable Resources :    Usage  Request Allocated 
	   Cpus                 :                 1         1 
	   Disk (KB)            :       23        2    265465 
	   Memory (MB)          :       33     2000      2000 
...
