000 (1354454.000.000) 02/17 06:55:17 Job submitted from host: <137.138.44.55:9618?addrs=137.138.44.55-9618+[2001-1458-d00-1a--48]-9618&alias=bigbird17.cern.ch&noUDP&sock=schedd_1694_8585_188>
...
040 (1354454.000.000) 02/17 07:04:30 Started transferring input files
	Transferring to host: <188.185.105.51:9618?addrs=188.185.105.51-9618+[2001-1458-d00-3e--100-cf]-9618&noUDP&sock=18619_850e_76929>
...
040 (1354454.000.000) 02/17 07:04:30 Finished transferring input files
...
001 (1354454.000.000) 02/17 07:04:31 Job executing on host: <188.185.105.51:9618?addrs=188.185.105.51-9618+[2001-1458-d00-3e--100-cf]-9618&noUDP&sock=18483_610e_3>
...
006 (1354454.000.000) 02/17 07:04:40 Image size of job updated: 260316
	191  -  MemoryUsage of job (MB)
	195212  -  ResidentSetSize of job (KB)
...
006 (1354454.000.000) 02/17 07:04:47 Image size of job updated: 372780
	191  -  MemoryUsage of job (MB)
	195280  -  ResidentSetSize of job (KB)
...
040 (1354454.000.000) 02/17 07:04:47 Started transferring output files
...
040 (1354454.000.000) 02/17 07:04:47 Finished transferring output files
...
005 (1354454.000.000) 02/17 07:04:47 Job terminated.
	(1) Normal termination (return value 139)
		Usr 0 00:00:07, Sys 0 00:00:01  -  Run Remote Usage
		Usr 0 00:00:00, Sys 0 00:00:00  -  Run Local Usage
		Usr 0 00:00:07, Sys 0 00:00:01  -  Total Remote Usage
		Usr 0 00:00:00, Sys 0 00:00:00  -  Total Local Usage
	9955  -  Run Bytes Sent By Job
	1553  -  Run Bytes Received By Job
	9955  -  Total Bytes Sent By Job
	1553  -  Total Bytes Received By Job
	Partitionable Resources :    Usage  Request Allocated 
	   Cpus                 :        0        1         1 
	   Disk (KB)            :       33        2    551252 
	   Memory (MB)          :      191     2000      2000 
...
