000 (1355288.000.000) 02/17 07:42:38 Job submitted from host: <137.138.44.55:9618?addrs=137.138.44.55-9618+[2001-1458-d00-1a--48]-9618&alias=bigbird17.cern.ch&noUDP&sock=schedd_1694_8585_188>
...
040 (1355288.000.000) 02/17 07:43:52 Started transferring input files
	Transferring to host: <128.142.105.125:9618?addrs=128.142.105.125-9618+[2001-1458-301-8b--100-190]-9618&noUDP&sock=17164_5733_160914>
...
040 (1355288.000.000) 02/17 07:43:52 Finished transferring input files
...
001 (1355288.000.000) 02/17 07:43:53 Job executing on host: <128.142.105.125:9618?addrs=128.142.105.125-9618+[2001-1458-301-8b--100-190]-9618&noUDP&sock=1304_0396_3>
...
006 (1355288.000.000) 02/17 07:44:02 Image size of job updated: 229380
	166  -  MemoryUsage of job (MB)
	169104  -  ResidentSetSize of job (KB)
...
006 (1355288.000.000) 02/17 07:44:21 Image size of job updated: 245164
	166  -  MemoryUsage of job (MB)
	169104  -  ResidentSetSize of job (KB)
...
040 (1355288.000.000) 02/17 07:44:21 Started transferring output files
...
040 (1355288.000.000) 02/17 07:44:21 Finished transferring output files
...
005 (1355288.000.000) 02/17 07:44:21 Job terminated.
	(1) Normal termination (return value 0)
		Usr 0 00:00:10, Sys 0 00:00:01  -  Run Remote Usage
		Usr 0 00:00:00, Sys 0 00:00:00  -  Run Local Usage
		Usr 0 00:00:10, Sys 0 00:00:01  -  Total Remote Usage
		Usr 0 00:00:00, Sys 0 00:00:00  -  Total Local Usage
	8143  -  Run Bytes Sent By Job
	1488  -  Run Bytes Received By Job
	8143  -  Total Bytes Sent By Job
	1488  -  Total Bytes Received By Job
	Partitionable Resources :    Usage  Request Allocated 
	   Cpus                 :        0        1         1 
	   Disk (KB)            :       31        2    188605 
	   Memory (MB)          :      166     2000      2000 
...
