000 (1355199.000.000) 02/17 07:38:04 Job submitted from host: <137.138.44.55:9618?addrs=137.138.44.55-9618+[2001-1458-d00-1a--48]-9618&alias=bigbird17.cern.ch&noUDP&sock=schedd_1694_8585_188>
...
040 (1355199.000.000) 02/17 07:38:31 Started transferring input files
	Transferring to host: <188.184.213.32:9618?addrs=188.184.213.32-9618+[2001-1458-301-10c--100-123]-9618&noUDP&sock=27322_9210_159457>
...
040 (1355199.000.000) 02/17 07:38:31 Finished transferring input files
...
001 (1355199.000.000) 02/17 07:38:32 Job executing on host: <188.184.213.32:9618?addrs=188.184.213.32-9618+[2001-1458-301-10c--100-123]-9618&noUDP&sock=20517_88b0_3>
...
006 (1355199.000.000) 02/17 07:38:41 Image size of job updated: 240296
	174  -  MemoryUsage of job (MB)
	178028  -  ResidentSetSize of job (KB)
...
006 (1355199.000.000) 02/17 07:38:46 Image size of job updated: 245396
	174  -  MemoryUsage of job (MB)
	178028  -  ResidentSetSize of job (KB)
...
040 (1355199.000.000) 02/17 07:38:46 Started transferring output files
...
040 (1355199.000.000) 02/17 07:38:46 Finished transferring output files
...
005 (1355199.000.000) 02/17 07:38:46 Job terminated.
	(1) Normal termination (return value 0)
		Usr 0 00:00:07, Sys 0 00:00:01  -  Run Remote Usage
		Usr 0 00:00:00, Sys 0 00:00:00  -  Run Local Usage
		Usr 0 00:00:07, Sys 0 00:00:01  -  Total Remote Usage
		Usr 0 00:00:00, Sys 0 00:00:00  -  Total Local Usage
	8182  -  Run Bytes Sent By Job
	1527  -  Run Bytes Received By Job
	8182  -  Total Bytes Sent By Job
	1527  -  Total Bytes Received By Job
	Partitionable Resources :    Usage  Request Allocated 
	   Cpus                 :        0        1         1 
	   Disk (KB)            :       32        2    282163 
	   Memory (MB)          :      174     2000      2000 
...
