000 (1354939.000.000) 02/17 07:26:00 Job submitted from host: <137.138.44.55:9618?addrs=137.138.44.55-9618+[2001-1458-d00-1a--48]-9618&alias=bigbird17.cern.ch&noUDP&sock=schedd_1694_8585_188>
...
040 (1354939.000.000) 02/17 07:26:25 Started transferring input files
	Transferring to host: <188.184.212.68:9618?addrs=188.184.212.68-9618+[2001-1458-301-10c--100-48]-9618&alias=b7g24n0136.cern.ch&noUDP&sock=slot1_12_24830_bb2b_4205>
...
040 (1354939.000.000) 02/17 07:26:25 Finished transferring input files
...
001 (1354939.000.000) 02/17 07:26:26 Job executing on host: <188.184.212.68:9618?addrs=188.184.212.68-9618+[2001-1458-301-10c--100-48]-9618&alias=b7g24n0136.cern.ch&noUDP&sock=startd_3246_1082>
...
006 (1354939.000.000) 02/17 07:26:34 Image size of job updated: 302268
	51  -  MemoryUsage of job (MB)
	51764  -  ResidentSetSize of job (KB)
...
006 (1354939.000.000) 02/17 07:26:40 Image size of job updated: 302268
	51  -  MemoryUsage of job (MB)
	51768  -  ResidentSetSize of job (KB)
...
040 (1354939.000.000) 02/17 07:26:40 Started transferring output files
...
040 (1354939.000.000) 02/17 07:26:40 Finished transferring output files
...
005 (1354939.000.000) 02/17 07:26:40 Job terminated.
	(1) Normal termination (return value 0)
		Usr 0 00:00:03, Sys 0 00:00:01  -  Run Remote Usage
		Usr 0 00:00:00, Sys 0 00:00:00  -  Run Local Usage
		Usr 0 00:00:03, Sys 0 00:00:01  -  Total Remote Usage
		Usr 0 00:00:00, Sys 0 00:00:00  -  Total Local Usage
	12876  -  Run Bytes Sent By Job
	1459  -  Run Bytes Received By Job
	12876  -  Total Bytes Sent By Job
	1459  -  Total Bytes Received By Job
	Partitionable Resources :    Usage  Request Allocated 
	   Cpus                 :                 1         1 
	   Disk (KB)            :       27        2    223290 
	   Memory (MB)          :       51     2000      2000 
...
