000 (1355161.000.000) 02/17 07:36:10 Job submitted from host: <137.138.44.55:9618?addrs=137.138.44.55-9618+[2001-1458-d00-1a--48]-9618&alias=bigbird17.cern.ch&noUDP&sock=schedd_1694_8585_188>
...
040 (1355161.000.000) 02/17 07:36:22 Started transferring input files
	Transferring to host: <188.184.138.230:9618?addrs=188.184.138.230-9618+[2001-1458-301-45--100-e5]-9618&noUDP&sock=32501_a503_170927>
...
040 (1355161.000.000) 02/17 07:36:22 Finished transferring input files
...
001 (1355161.000.000) 02/17 07:36:23 Job executing on host: <188.184.138.230:9618?addrs=188.184.138.230-9618+[2001-1458-301-45--100-e5]-9618&noUDP&sock=5630_4a4a_3>
...
006 (1355161.000.000) 02/17 07:36:31 Image size of job updated: 87892
	34  -  MemoryUsage of job (MB)
	33912  -  ResidentSetSize of job (KB)
...
006 (1355161.000.000) 02/17 07:39:37 Image size of job updated: 363388
	34  -  MemoryUsage of job (MB)
	33912  -  ResidentSetSize of job (KB)
...
040 (1355161.000.000) 02/17 07:39:37 Started transferring output files
...
040 (1355161.000.000) 02/17 07:39:37 Finished transferring output files
...
005 (1355161.000.000) 02/17 07:39:38 Job terminated.
	(1) Normal termination (return value 0)
		Usr 0 00:01:31, Sys 0 00:00:01  -  Run Remote Usage
		Usr 0 00:00:00, Sys 0 00:00:00  -  Run Local Usage
		Usr 0 00:01:31, Sys 0 00:00:01  -  Total Remote Usage
		Usr 0 00:00:00, Sys 0 00:00:00  -  Total Local Usage
	13055  -  Run Bytes Sent By Job
	1564  -  Run Bytes Received By Job
	13055  -  Total Bytes Sent By Job
	1564  -  Total Bytes Received By Job
	Partitionable Resources :    Usage  Request Allocated 
	   Cpus                 :     0.68        1         1 
	   Disk (KB)            :    36           2    286976 
	   Memory (MB)          :    34        2000      2000 
...
