000 (1354537.000.000) 02/17 07:00:09 Job submitted from host: <137.138.44.55:9618?addrs=137.138.44.55-9618+[2001-1458-d00-1a--48]-9618&alias=bigbird17.cern.ch&noUDP&sock=schedd_1694_8585_188>
...
040 (1354537.000.000) 02/17 07:05:54 Started transferring input files
	Transferring to host: <128.142.193.200:9618?addrs=128.142.193.200-9618+[2001-1458-301-cc--100-382]-9618&alias=b7g52n0095.cern.ch&noUDP&sock=slot1_12_7255_8dc0_10784>
...
040 (1354537.000.000) 02/17 07:05:54 Finished transferring input files
...
001 (1354537.000.000) 02/17 07:05:55 Job executing on host: <128.142.193.200:9618?addrs=128.142.193.200-9618+[2001-1458-301-cc--100-382]-9618&alias=b7g52n0095.cern.ch&noUDP&sock=startd_2915_06a9>
...
006 (1354537.000.000) 02/17 07:06:04 Image size of job updated: 558252
	145  -  MemoryUsage of job (MB)
	147792  -  ResidentSetSize of job (KB)
...
006 (1354537.000.000) 02/17 07:07:58 Image size of job updated: 825892
	145  -  MemoryUsage of job (MB)
	147792  -  ResidentSetSize of job (KB)
...
040 (1354537.000.000) 02/17 07:07:58 Started transferring output files
...
040 (1354537.000.000) 02/17 07:07:58 Finished transferring output files
...
005 (1354537.000.000) 02/17 07:07:58 Job terminated.
	(1) Normal termination (return value 0)
		Usr 0 00:01:24, Sys 0 00:00:01  -  Run Remote Usage
		Usr 0 00:00:00, Sys 0 00:00:00  -  Run Local Usage
		Usr 0 00:01:24, Sys 0 00:00:01  -  Total Remote Usage
		Usr 0 00:00:00, Sys 0 00:00:00  -  Total Local Usage
	7957  -  Run Bytes Sent By Job
	1555  -  Run Bytes Received By Job
	7957  -  Total Bytes Sent By Job
	1555  -  Total Bytes Received By Job
	Partitionable Resources :    Usage  Request Allocated 
	   Cpus                 :     0.81        1         1 
	   Disk (KB)            :    30           2    157276 
	   Memory (MB)          :   145        2000      2000 
...
