000 (1354683.000.000) 02/17 07:12:15 Job submitted from host: <137.138.44.55:9618?addrs=137.138.44.55-9618+[2001-1458-d00-1a--48]-9618&alias=bigbird17.cern.ch&noUDP&sock=schedd_1694_8585_188>
...
040 (1354683.000.000) 02/17 07:12:17 Started transferring input files
	Transferring to host: <128.142.74.65:9618?addrs=128.142.74.65-9618+[2001-1458-301-75--100-529]-9618&alias=b7s11n0693.cern.ch&noUDP&sock=slot1_7_4966_bf03_4146>
...
040 (1354683.000.000) 02/17 07:12:17 Finished transferring input files
...
001 (1354683.000.000) 02/17 07:12:18 Job executing on host: <128.142.74.65:9618?addrs=128.142.74.65-9618+[2001-1458-301-75--100-529]-9618&alias=b7s11n0693.cern.ch&noUDP&sock=startd_3942_766c>
...
006 (1354683.000.000) 02/17 07:12:27 Image size of job updated: 511928
	208  -  MemoryUsage of job (MB)
	212280  -  ResidentSetSize of job (KB)
...
006 (1354683.000.000) 02/17 07:12:37 Image size of job updated: 1290372
	208  -  MemoryUsage of job (MB)
	212280  -  ResidentSetSize of job (KB)
...
040 (1354683.000.000) 02/17 07:12:37 Started transferring output files
...
040 (1354683.000.000) 02/17 07:12:37 Finished transferring output files
...
005 (1354683.000.000) 02/17 07:12:38 Job terminated.
	(1) Normal termination (return value 139)
		Usr 0 00:00:11, Sys 0 00:00:02  -  Run Remote Usage
		Usr 0 00:00:00, Sys 0 00:00:00  -  Run Local Usage
		Usr 0 00:00:11, Sys 0 00:00:02  -  Total Remote Usage
		Usr 0 00:00:00, Sys 0 00:00:00  -  Total Local Usage
	9964  -  Run Bytes Sent By Job
	1595  -  Run Bytes Received By Job
	9964  -  Total Bytes Sent By Job
	1595  -  Total Bytes Received By Job
	Partitionable Resources :    Usage  Request Allocated 
	   Cpus                 :                 1         1 
	   Disk (KB)            :       25        2    246201 
	   Memory (MB)          :      208     2000      2000 
...
