000 (1354806.000.000) 02/17 07:19:40 Job submitted from host: <137.138.44.55:9618?addrs=137.138.44.55-9618+[2001-1458-d00-1a--48]-9618&alias=bigbird17.cern.ch&noUDP&sock=schedd_1694_8585_188>
...
040 (1354806.000.000) 02/17 07:21:12 Started transferring input files
	Transferring to host: <128.142.65.93:9618?addrs=128.142.65.93-9618+[2001-1458-301-4c--100-75]-9618&noUDP&sock=2501_ee3f_64183>
...
040 (1354806.000.000) 02/17 07:21:12 Finished transferring input files
...
001 (1354806.000.000) 02/17 07:21:13 Job executing on host: <128.142.65.93:9618?addrs=128.142.65.93-9618+[2001-1458-301-4c--100-75]-9618&noUDP&sock=2289_a45f_3>
...
006 (1354806.000.000) 02/17 07:21:21 Image size of job updated: 283692
	218  -  MemoryUsage of job (MB)
	222916  -  ResidentSetSize of job (KB)
...
006 (1354806.000.000) 02/17 07:21:29 Image size of job updated: 498564
	218  -  MemoryUsage of job (MB)
	222916  -  ResidentSetSize of job (KB)
...
040 (1354806.000.000) 02/17 07:21:29 Started transferring output files
...
040 (1354806.000.000) 02/17 07:21:29 Finished transferring output files
...
005 (1354806.000.000) 02/17 07:21:30 Job terminated.
	(1) Normal termination (return value 139)
		Usr 0 00:00:09, Sys 0 00:00:02  -  Run Remote Usage
		Usr 0 00:00:00, Sys 0 00:00:00  -  Run Local Usage
		Usr 0 00:00:09, Sys 0 00:00:02  -  Total Remote Usage
		Usr 0 00:00:00, Sys 0 00:00:00  -  Total Local Usage
	9963  -  Run Bytes Sent By Job
	1594  -  Run Bytes Received By Job
	9963  -  Total Bytes Sent By Job
	1594  -  Total Bytes Received By Job
	Partitionable Resources :    Usage  Request Allocated 
	   Cpus                 :        0        1         1 
	   Disk (KB)            :       33        2    223909 
	   Memory (MB)          :      218     2000      2000 
...
