000 (1354551.000.000) 02/17 07:01:48 Job submitted from host: <137.138.44.55:9618?addrs=137.138.44.55-9618+[2001-1458-d00-1a--48]-9618&alias=bigbird17.cern.ch&noUDP&sock=schedd_1694_8585_188>
...
040 (1354551.000.000) 02/17 07:03:49 Started transferring input files
	Transferring to host: <128.142.80.153:9618?addrs=128.142.80.153-9618+[2001-1458-301-f5--100-5ae]-9618&noUDP&sock=16863_4247_26723>
...
040 (1354551.000.000) 02/17 07:03:49 Finished transferring input files
...
001 (1354551.000.000) 02/17 07:03:50 Job executing on host: <128.142.80.153:9618?addrs=128.142.80.153-9618+[2001-1458-301-f5--100-5ae]-9618&noUDP&sock=16706_8143_3>
...
006 (1354551.000.000) 02/17 07:03:58 Image size of job updated: 128580
	44  -  MemoryUsage of job (MB)
	44468  -  ResidentSetSize of job (KB)
...
006 (1354551.000.000) 02/17 07:04:13 Image size of job updated: 841080
	44  -  MemoryUsage of job (MB)
	44472  -  ResidentSetSize of job (KB)
...
040 (1354551.000.000) 02/17 07:04:14 Started transferring output files
...
040 (1354551.000.000) 02/17 07:04:14 Finished transferring output files
...
005 (1354551.000.000) 02/17 07:04:14 Job terminated.
	(1) Normal termination (return value 139)
		Usr 0 00:00:08, Sys 0 00:00:02  -  Run Remote Usage
		Usr 0 00:00:00, Sys 0 00:00:00  -  Run Local Usage
		Usr 0 00:00:08, Sys 0 00:00:02  -  Total Remote Usage
		Usr 0 00:00:00, Sys 0 00:00:00  -  Total Local Usage
	9956  -  Run Bytes Sent By Job
	1555  -  Run Bytes Received By Job
	9956  -  Total Bytes Sent By Job
	1555  -  Total Bytes Received By Job
	Partitionable Resources :    Usage  Request Allocated 
	   Cpus                 :        0        1         1 
	   Disk (KB)            :       32        2    158028 
	   Memory (MB)          :       44     2000      2000 
...
