000 (1354406.000.000) 02/17 06:52:13 Job submitted from host: <137.138.44.55:9618?addrs=137.138.44.55-9618+[2001-1458-d00-1a--48]-9618&alias=bigbird17.cern.ch&noUDP&sock=schedd_1694_8585_188>
...
022 (1354406.000.000) 02/17 07:04:40 Job disconnected, attempting to reconnect
    Socket between submit and execute hosts closed unexpectedly
    Trying to reconnect to slot1_7@b7s08n5650.cern.ch <128.142.125.85:9618?addrs=128.142.125.85-9618+[2001-1458-301-c3--100-3c1]-9618&noUDP&sock=4587_e102_3>
...
024 (1354406.000.000) 02/17 07:04:40 Job reconnection failed
    Job not found at execution machine
    Can not reconnect to slot1_7@b7s08n5650.cern.ch, rescheduling job
...
040 (1354406.000.000) 02/17 07:04:43 Started transferring input files
	Transferring to host: <188.185.105.143:9618?addrs=188.185.105.143-9618+[2001-1458-d00-3e--100-36e]-9618&noUDP&sock=17507_03e1_77564>
...
040 (1354406.000.000) 02/17 07:04:43 Finished transferring input files
...
001 (1354406.000.000) 02/17 07:04:44 Job executing on host: <188.185.105.143:9618?addrs=188.185.105.143-9618+[2001-1458-d00-3e--100-36e]-9618&noUDP&sock=17371_a3be_3>
...
006 (1354406.000.000) 02/17 07:04:53 Image size of job updated: 592716
	477  -  MemoryUsage of job (MB)
	487484  -  ResidentSetSize of job (KB)
...
006 (1354406.000.000) 02/17 07:04:54 Image size of job updated: 592800
	477  -  MemoryUsage of job (MB)
	487568  -  ResidentSetSize of job (KB)
...
040 (1354406.000.000) 02/17 07:04:55 Started transferring output files
...
040 (1354406.000.000) 02/17 07:04:55 Finished transferring output files
...
005 (1354406.000.000) 02/17 07:04:55 Job terminated.
	(1) Normal termination (return value 139)
		Usr 0 00:00:06, Sys 0 00:00:01  -  Run Remote Usage
		Usr 0 00:00:00, Sys 0 00:00:00  -  Run Local Usage
		Usr 0 00:00:06, Sys 0 00:00:01  -  Total Remote Usage
		Usr 0 00:00:00, Sys 0 00:00:00  -  Total Local Usage
	9944  -  Run Bytes Sent By Job
	1510  -  Run Bytes Received By Job
	9944  -  Total Bytes Sent By Job
	1510  -  Total Bytes Received By Job
	Partitionable Resources :    Usage  Request Allocated 
	   Cpus                 :        0        1         1 
	   Disk (KB)            :       33        2    583729 
	   Memory (MB)          :      477     2000      2000 
...
