000 (1354621.000.000) 02/17 07:07:19 Job submitted from host: <137.138.44.55:9618?addrs=137.138.44.55-9618+[2001-1458-d00-1a--48]-9618&alias=bigbird17.cern.ch&noUDP&sock=schedd_1694_8585_188>
...
040 (1354621.000.000) 02/17 07:09:10 Started transferring input files
	Transferring to host: <188.184.190.114:9618?addrs=188.184.190.114-9618&noUDP&sock=3175_d31a_126473>
...
040 (1354621.000.000) 02/17 07:09:10 Finished transferring input files
...
001 (1354621.000.000) 02/17 07:09:11 Job executing on host: <188.184.190.114:9618?addrs=188.184.190.114-9618&noUDP&sock=2244_c69c_3>
...
006 (1354621.000.000) 02/17 07:09:20 Image size of job updated: 85624
	33  -  MemoryUsage of job (MB)
	33772  -  ResidentSetSize of job (KB)
...
006 (1354621.000.000) 02/17 07:09:47 Image size of job updated: 234748
	33  -  MemoryUsage of job (MB)
	33772  -  ResidentSetSize of job (KB)
...
040 (1354621.000.000) 02/17 07:09:47 Started transferring output files
...
040 (1354621.000.000) 02/17 07:09:47 Finished transferring output files
...
005 (1354621.000.000) 02/17 07:09:47 Job terminated.
	(1) Normal termination (return value 139)
		Usr 0 00:00:11, Sys 0 00:00:03  -  Run Remote Usage
		Usr 0 00:00:00, Sys 0 00:00:00  -  Run Local Usage
		Usr 0 00:00:11, Sys 0 00:00:03  -  Total Remote Usage
		Usr 0 00:00:00, Sys 0 00:00:00  -  Total Local Usage
	9956  -  Run Bytes Sent By Job
	1555  -  Run Bytes Received By Job
	9956  -  Total Bytes Sent By Job
	1555  -  Total Bytes Received By Job
	Partitionable Resources :    Usage  Request Allocated 
	   Cpus                 :     0.10        1         1 
	   Disk (KB)            :    32           2    333866 
	   Memory (MB)          :    33        2000      2000 
...
