000 (1354898.000.000) 02/17 07:23:52 Job submitted from host: <137.138.44.55:9618?addrs=137.138.44.55-9618+[2001-1458-d00-1a--48]-9618&alias=bigbird17.cern.ch&noUDP&sock=schedd_1694_8585_188>
...
040 (1354898.000.000) 02/17 07:24:30 Started transferring input files
	Transferring to host: <128.142.116.176:9618?addrs=128.142.116.176-9618+[2001-1458-301-ae--100-39d]-9618&noUDP&sock=15651_4b96_56595>
...
040 (1354898.000.000) 02/17 07:24:30 Finished transferring input files
...
001 (1354898.000.000) 02/17 07:24:31 Job executing on host: <128.142.116.176:9618?addrs=128.142.116.176-9618+[2001-1458-301-ae--100-39d]-9618&noUDP&sock=15497_3b42_3>
...
006 (1354898.000.000) 02/17 07:24:40 Image size of job updated: 247384
	130  -  MemoryUsage of job (MB)
	132172  -  ResidentSetSize of job (KB)
...
006 (1354898.000.000) 02/17 07:24:58 Image size of job updated: 1302992
	130  -  MemoryUsage of job (MB)
	132536  -  ResidentSetSize of job (KB)
...
040 (1354898.000.000) 02/17 07:24:58 Started transferring output files
...
040 (1354898.000.000) 02/17 07:24:58 Finished transferring output files
...
005 (1354898.000.000) 02/17 07:24:59 Job terminated.
	(1) Normal termination (return value 139)
		Usr 0 00:00:11, Sys 0 00:00:02  -  Run Remote Usage
		Usr 0 00:00:00, Sys 0 00:00:00  -  Run Local Usage
		Usr 0 00:00:11, Sys 0 00:00:02  -  Total Remote Usage
		Usr 0 00:00:00, Sys 0 00:00:00  -  Total Local Usage
	14851  -  Run Bytes Sent By Job
	1376  -  Run Bytes Received By Job
	14851  -  Total Bytes Sent By Job
	1376  -  Total Bytes Received By Job
	Partitionable Resources :    Usage  Request Allocated 
	   Cpus                 :        0        1         1 
	   Disk (KB)            :       38        2    204907 
	   Memory (MB)          :      130     2000      2000 
...
