000 (1355361.000.000) 02/17 07:45:31 Job submitted from host: <137.138.44.55:9618?addrs=137.138.44.55-9618+[2001-1458-d00-1a--48]-9618&alias=bigbird17.cern.ch&noUDP&sock=schedd_1694_8585_188>
...
040 (1355361.000.000) 02/17 07:47:02 Started transferring input files
	Transferring to host: <128.142.77.24:9618?addrs=128.142.77.24-9618+[2001-1458-301-f4--100-344]-9618&alias=b7s12n6039.cern.ch&noUDP&sock=slot1_4_24293_5db5_9569>
...
040 (1355361.000.000) 02/17 07:47:02 Finished transferring input files
...
001 (1355361.000.000) 02/17 07:47:03 Job executing on host: <128.142.77.24:9618?addrs=128.142.77.24-9618+[2001-1458-301-f4--100-344]-9618&alias=b7s12n6039.cern.ch&noUDP&sock=startd_16684_6a2d>
...
006 (1355361.000.000) 02/17 07:47:12 Image size of job updated: 229360
	165  -  MemoryUsage of job (MB)
	168872  -  ResidentSetSize of job (KB)
...
006 (1355361.000.000) 02/17 07:47:23 Image size of job updated: 654904
	165  -  MemoryUsage of job (MB)
	168872  -  ResidentSetSize of job (KB)
...
040 (1355361.000.000) 02/17 07:47:23 Started transferring output files
...
040 (1355361.000.000) 02/17 07:47:23 Finished transferring output files
...
005 (1355361.000.000) 02/17 07:47:24 Job terminated.
	(1) Normal termination (return value 0)
		Usr 0 00:00:10, Sys 0 00:00:01  -  Run Remote Usage
		Usr 0 00:00:00, Sys 0 00:00:00  -  Run Local Usage
		Usr 0 00:00:10, Sys 0 00:00:01  -  Total Remote Usage
		Usr 0 00:00:00, Sys 0 00:00:00  -  Total Local Usage
	8138  -  Run Bytes Sent By Job
	1483  -  Run Bytes Received By Job
	8138  -  Total Bytes Sent By Job
	1483  -  Total Bytes Received By Job
	Partitionable Resources :    Usage  Request Allocated 
	   Cpus                 :                 1         1 
	   Disk (KB)            :       23        2    278625 
	   Memory (MB)          :      165     2000      2000 
...
