000 (1354695.000.000) 02/17 07:13:11 Job submitted from host: <137.138.44.55:9618?addrs=137.138.44.55-9618+[2001-1458-d00-1a--48]-9618&alias=bigbird17.cern.ch&noUDP&sock=schedd_1694_8585_188>
...
040 (1354695.000.000) 02/17 07:13:26 Started transferring input files
	Transferring to host: <128.142.126.191:9618?addrs=128.142.126.191-9618+[2001-1458-301-c3--100-235]-9618&alias=b7s08n9043.cern.ch&noUDP&sock=slot1_2_21045_db31_4103>
...
040 (1354695.000.000) 02/17 07:13:26 Finished transferring input files
...
001 (1354695.000.000) 02/17 07:13:27 Job executing on host: <128.142.126.191:9618?addrs=128.142.126.191-9618+[2001-1458-301-c3--100-235]-9618&alias=b7s08n9043.cern.ch&noUDP&sock=startd_2012_a4a3>
...
006 (1354695.000.000) 02/17 07:13:35 Image size of job updated: 302472
	145  -  MemoryUsage of job (MB)
	147876  -  ResidentSetSize of job (KB)
...
006 (1354695.000.000) 02/17 07:17:26 Image size of job updated: 824236
	145  -  MemoryUsage of job (MB)
	148048  -  ResidentSetSize of job (KB)
...
040 (1354695.000.000) 02/17 07:17:26 Started transferring output files
...
040 (1354695.000.000) 02/17 07:17:26 Finished transferring output files
...
005 (1354695.000.000) 02/17 07:17:27 Job terminated.
	(1) Normal termination (return value 0)
		Usr 0 00:01:44, Sys 0 00:00:02  -  Run Remote Usage
		Usr 0 00:00:00, Sys 0 00:00:00  -  Run Local Usage
		Usr 0 00:01:44, Sys 0 00:00:02  -  Total Remote Usage
		Usr 0 00:00:00, Sys 0 00:00:00  -  Total Local Usage
	7996  -  Run Bytes Sent By Job
	1594  -  Run Bytes Received By Job
	7996  -  Total Bytes Sent By Job
	1594  -  Total Bytes Received By Job
	Partitionable Resources :    Usage  Request Allocated 
	   Cpus                 :                 1         1 
	   Disk (KB)            :       23        2    220166 
	   Memory (MB)          :      145     2000      2000 
...
