000 (1354465.000.000) 02/17 06:56:09 Job submitted from host: <137.138.44.55:9618?addrs=137.138.44.55-9618+[2001-1458-d00-1a--48]-9618&alias=bigbird17.cern.ch&noUDP&sock=schedd_1694_8585_188>
...
040 (1354465.000.000) 02/17 07:03:41 Started transferring input files
	Transferring to host: <128.142.110.181:9618?addrs=128.142.110.181-9618&alias=b7s04n7179.cern.ch&noUDP&sock=slot1_2_10805_d990_9548>
...
040 (1354465.000.000) 02/17 07:03:41 Finished transferring input files
...
001 (1354465.000.000) 02/17 07:03:42 Job executing on host: <128.142.110.181:9618?addrs=128.142.110.181-9618&alias=b7s04n7179.cern.ch&noUDP&sock=startd_11203_e797>
...
006 (1354465.000.000) 02/17 07:03:51 Image size of job updated: 126248
	10  -  MemoryUsage of job (MB)
	9412  -  ResidentSetSize of job (KB)
...
006 (1354465.000.000) 02/17 07:07:54 Image size of job updated: 825892
	10  -  MemoryUsage of job (MB)
	9412  -  ResidentSetSize of job (KB)
...
040 (1354465.000.000) 02/17 07:07:54 Started transferring output files
...
040 (1354465.000.000) 02/17 07:07:54 Finished transferring output files
...
005 (1354465.000.000) 02/17 07:07:54 Job terminated.
	(1) Normal termination (return value 0)
		Usr 0 00:01:40, Sys 0 00:00:02  -  Run Remote Usage
		Usr 0 00:00:00, Sys 0 00:00:00  -  Run Local Usage
		Usr 0 00:01:40, Sys 0 00:00:02  -  Total Remote Usage
		Usr 0 00:00:00, Sys 0 00:00:00  -  Total Local Usage
	7955  -  Run Bytes Sent By Job
	1553  -  Run Bytes Received By Job
	7955  -  Total Bytes Sent By Job
	1553  -  Total Bytes Received By Job
	Partitionable Resources :    Usage  Request Allocated 
	   Cpus                 :     0.48        1         1 
	   Disk (KB)            :    29           2    199656 
	   Memory (MB)          :    10        2000      2000 
...
