000 (1355112.000.000) 02/17 07:33:48 Job submitted from host: <137.138.44.55:9618?addrs=137.138.44.55-9618+[2001-1458-d00-1a--48]-9618&alias=bigbird17.cern.ch&noUDP&sock=schedd_1694_8585_188>
...
040 (1355112.000.000) 02/17 07:34:25 Started transferring input files
	Transferring to host: <188.184.142.114:9618?addrs=188.184.142.114-9618+[2001-1458-301-46--100-8b]-9618&noUDP&sock=4069_ba7f_154588>
...
040 (1355112.000.000) 02/17 07:34:25 Finished transferring input files
...
001 (1355112.000.000) 02/17 07:34:26 Job executing on host: <188.184.142.114:9618?addrs=188.184.142.114-9618+[2001-1458-301-46--100-8b]-9618&noUDP&sock=2410_a355_3>
...
006 (1355112.000.000) 02/17 07:34:34 Image size of job updated: 113372
	39  -  MemoryUsage of job (MB)
	39244  -  ResidentSetSize of job (KB)
...
006 (1355112.000.000) 02/17 07:37:16 Image size of job updated: 369920
	39  -  MemoryUsage of job (MB)
	39420  -  ResidentSetSize of job (KB)
...
040 (1355112.000.000) 02/17 07:37:16 Started transferring output files
...
040 (1355112.000.000) 02/17 07:37:16 Finished transferring output files
...
005 (1355112.000.000) 02/17 07:37:16 Job terminated.
	(1) Normal termination (return value 0)
		Usr 0 00:02:00, Sys 0 00:00:02  -  Run Remote Usage
		Usr 0 00:00:00, Sys 0 00:00:00  -  Run Local Usage
		Usr 0 00:02:00, Sys 0 00:00:02  -  Total Remote Usage
		Usr 0 00:00:00, Sys 0 00:00:00  -  Total Local Usage
	13009  -  Run Bytes Sent By Job
	1518  -  Run Bytes Received By Job
	13009  -  Total Bytes Sent By Job
	1518  -  Total Bytes Received By Job
	Partitionable Resources :    Usage  Request Allocated 
	   Cpus                 :     0.87        1         1 
	   Disk (KB)            :    35           2    126635 
	   Memory (MB)          :    39        2000      2000 
...
