000 (1355071.000.000) 02/17 07:31:57 Job submitted from host: <137.138.44.55:9618?addrs=137.138.44.55-9618+[2001-1458-d00-1a--48]-9618&alias=bigbird17.cern.ch&noUDP&sock=schedd_1694_8585_188>
...
040 (1355071.000.000) 02/17 07:34:59 Started transferring input files
	Transferring to host: <128.142.73.179:9618?addrs=128.142.73.179-9618+[2001-1458-301-75--100-72]-9618&noUDP&sock=16834_d366_29632>
...
040 (1355071.000.000) 02/17 07:34:59 Finished transferring input files
...
001 (1355071.000.000) 02/17 07:35:00 Job executing on host: <128.142.73.179:9618?addrs=128.142.73.179-9618+[2001-1458-301-75--100-72]-9618&noUDP&sock=16678_4c9c_3>
...
006 (1355071.000.000) 02/17 07:35:09 Image size of job updated: 212704
	150  -  MemoryUsage of job (MB)
	152800  -  ResidentSetSize of job (KB)
...
006 (1355071.000.000) 02/17 07:39:31 Image size of job updated: 363188
	150  -  MemoryUsage of job (MB)
	152800  -  ResidentSetSize of job (KB)
...
040 (1355071.000.000) 02/17 07:39:31 Started transferring output files
...
040 (1355071.000.000) 02/17 07:39:31 Finished transferring output files
...
005 (1355071.000.000) 02/17 07:39:31 Job terminated.
	(1) Normal termination (return value 0)
		Usr 0 00:01:55, Sys 0 00:00:02  -  Run Remote Usage
		Usr 0 00:00:00, Sys 0 00:00:00  -  Run Local Usage
		Usr 0 00:01:55, Sys 0 00:00:02  -  Total Remote Usage
		Usr 0 00:00:00, Sys 0 00:00:00  -  Total Local Usage
	13015  -  Run Bytes Sent By Job
	1524  -  Run Bytes Received By Job
	13015  -  Total Bytes Sent By Job
	1524  -  Total Bytes Received By Job
	Partitionable Resources :    Usage  Request Allocated 
	   Cpus                 :     0.33        1         1 
	   Disk (KB)            :    36           2    254893 
	   Memory (MB)          :   150        2000      2000 
...
