000 (1354940.000.000) 02/17 07:26:03 Job submitted from host: <137.138.44.55:9618?addrs=137.138.44.55-9618+[2001-1458-d00-1a--48]-9618&alias=bigbird17.cern.ch&noUDP&sock=schedd_1694_8585_188>
...
040 (1354940.000.000) 02/17 07:26:43 Started transferring input files
	Transferring to host: <188.184.213.79:9618?addrs=188.184.213.79-9618+[2001-1458-301-10c--100-181]-9618&noUDP&sock=32151_09b4_71824>
...
040 (1354940.000.000) 02/17 07:26:43 Finished transferring input files
...
001 (1354940.000.000) 02/17 07:26:44 Job executing on host: <188.184.213.79:9618?addrs=188.184.213.79-9618+[2001-1458-301-10c--100-181]-9618&noUDP&sock=32113_6ce9_3>
...
006 (1354940.000.000) 02/17 07:26:53 Image size of job updated: 202648
	100  -  MemoryUsage of job (MB)
	102208  -  ResidentSetSize of job (KB)
...
006 (1354940.000.000) 02/17 07:26:55 Image size of job updated: 236552
	101  -  MemoryUsage of job (MB)
	102548  -  ResidentSetSize of job (KB)
...
040 (1354940.000.000) 02/17 07:26:55 Started transferring output files
...
040 (1354940.000.000) 02/17 07:26:55 Finished transferring output files
...
005 (1354940.000.000) 02/17 07:26:55 Job terminated.
	(1) Normal termination (return value 0)
		Usr 0 00:00:02, Sys 0 00:00:01  -  Run Remote Usage
		Usr 0 00:00:00, Sys 0 00:00:00  -  Run Local Usage
		Usr 0 00:00:02, Sys 0 00:00:01  -  Total Remote Usage
		Usr 0 00:00:00, Sys 0 00:00:00  -  Total Local Usage
	12876  -  Run Bytes Sent By Job
	1460  -  Run Bytes Received By Job
	12876  -  Total Bytes Sent By Job
	1460  -  Total Bytes Received By Job
	Partitionable Resources :    Usage  Request Allocated 
	   Cpus                 :        0        1         1 
	   Disk (KB)            :       35        2    282272 
	   Memory (MB)          :      101     2000      2000 
...
