000 (1354566.000.000) 02/17 07:03:00 Job submitted from host: <137.138.44.55:9618?addrs=137.138.44.55-9618+[2001-1458-d00-1a--48]-9618&alias=bigbird17.cern.ch&noUDP&sock=schedd_1694_8585_188>
...
040 (1354566.000.000) 02/17 07:06:53 Started transferring input files
	Transferring to host: <128.142.123.70:9618?addrs=128.142.123.70-9618&noUDP&sock=2914_ed30_96624>
...
040 (1354566.000.000) 02/17 07:06:53 Finished transferring input files
...
001 (1354566.000.000) 02/17 07:06:54 Job executing on host: <128.142.123.70:9618?addrs=128.142.123.70-9618&noUDP&sock=1871_edc9_3>
...
006 (1354566.000.000) 02/17 07:07:03 Image size of job updated: 209400
	201  -  MemoryUsage of job (MB)
	205424  -  ResidentSetSize of job (KB)
...
006 (1354566.000.000) 02/17 07:07:13 Image size of job updated: 209400
	203  -  MemoryUsage of job (MB)
	207320  -  ResidentSetSize of job (KB)
...
040 (1354566.000.000) 02/17 07:07:13 Started transferring output files
...
040 (1354566.000.000) 02/17 07:07:13 Finished transferring output files
...
005 (1354566.000.000) 02/17 07:07:14 Job terminated.
	(1) Normal termination (return value 139)
		Usr 0 00:00:11, Sys 0 00:00:02  -  Run Remote Usage
		Usr 0 00:00:00, Sys 0 00:00:00  -  Run Local Usage
		Usr 0 00:00:11, Sys 0 00:00:02  -  Total Remote Usage
		Usr 0 00:00:00, Sys 0 00:00:00  -  Total Local Usage
	9955  -  Run Bytes Sent By Job
	1555  -  Run Bytes Received By Job
	9955  -  Total Bytes Sent By Job
	1555  -  Total Bytes Received By Job
	Partitionable Resources :    Usage  Request Allocated 
	   Cpus                 :     0.24        1         1 
	   Disk (KB)            :    33           2    211498 
	   Memory (MB)          :   203        2000      2000 
...
