000 (1355299.000.000) 02/17 07:42:57 Job submitted from host: <137.138.44.55:9618?addrs=137.138.44.55-9618+[2001-1458-d00-1a--48]-9618&alias=bigbird17.cern.ch&noUDP&sock=schedd_1694_8585_188>
...
040 (1355299.000.000) 02/17 07:44:29 Started transferring input files
	Transferring to host: <128.142.126.105:9618?addrs=128.142.126.105-9618+[2001-1458-301-c3--100-d5]-9618&noUDP&sock=14698_d20f_164767>
...
040 (1355299.000.000) 02/17 07:44:29 Finished transferring input files
...
001 (1355299.000.000) 02/17 07:44:30 Job executing on host: <128.142.126.105:9618?addrs=128.142.126.105-9618+[2001-1458-301-c3--100-d5]-9618&noUDP&sock=1342_142f_3>
...
006 (1355299.000.000) 02/17 07:44:39 Image size of job updated: 238732
	173  -  MemoryUsage of job (MB)
	176456  -  ResidentSetSize of job (KB)
...
006 (1355299.000.000) 02/17 07:44:46 Image size of job updated: 244116
	173  -  MemoryUsage of job (MB)
	176456  -  ResidentSetSize of job (KB)
...
040 (1355299.000.000) 02/17 07:44:47 Started transferring output files
...
040 (1355299.000.000) 02/17 07:44:47 Finished transferring output files
...
005 (1355299.000.000) 02/17 07:44:47 Job terminated.
	(1) Normal termination (return value 0)
		Usr 0 00:00:08, Sys 0 00:00:01  -  Run Remote Usage
		Usr 0 00:00:00, Sys 0 00:00:00  -  Run Local Usage
		Usr 0 00:00:08, Sys 0 00:00:01  -  Total Remote Usage
		Usr 0 00:00:00, Sys 0 00:00:00  -  Total Local Usage
	8144  -  Run Bytes Sent By Job
	1489  -  Run Bytes Received By Job
	8144  -  Total Bytes Sent By Job
	1489  -  Total Bytes Received By Job
	Partitionable Resources :    Usage  Request Allocated 
	   Cpus                 :        0        1         1 
	   Disk (KB)            :       31        2    193694 
	   Memory (MB)          :      173     2000      2000 
...
