000 (1354610.000.000) 02/17 07:06:31 Job submitted from host: <137.138.44.55:9618?addrs=137.138.44.55-9618+[2001-1458-d00-1a--48]-9618&alias=bigbird17.cern.ch&noUDP&sock=schedd_1694_8585_188>
...
040 (1354610.000.000) 02/17 07:09:14 Started transferring input files
	Transferring to host: <128.142.85.240:9618?addrs=128.142.85.240-9618+[2001-1458-301-f6--100-2c0]-9618&alias=b7s14n1471.cern.ch&noUDP&sock=slot1_2_17336_87ba_4156>
...
040 (1354610.000.000) 02/17 07:09:14 Finished transferring input files
...
001 (1354610.000.000) 02/17 07:09:15 Job executing on host: <128.142.85.240:9618?addrs=128.142.85.240-9618+[2001-1458-301-f6--100-2c0]-9618&alias=b7s14n1471.cern.ch&noUDP&sock=startd_16624_427f>
...
006 (1354610.000.000) 02/17 07:09:24 Image size of job updated: 214356
	33  -  MemoryUsage of job (MB)
	33056  -  ResidentSetSize of job (KB)
...
006 (1354610.000.000) 02/17 07:09:44 Image size of job updated: 985776
	33  -  MemoryUsage of job (MB)
	33056  -  ResidentSetSize of job (KB)
...
040 (1354610.000.000) 02/17 07:09:44 Started transferring output files
...
040 (1354610.000.000) 02/17 07:09:44 Finished transferring output files
...
005 (1354610.000.000) 02/17 07:09:44 Job terminated.
	(1) Normal termination (return value 139)
		Usr 0 00:00:09, Sys 0 00:00:02  -  Run Remote Usage
		Usr 0 00:00:00, Sys 0 00:00:00  -  Run Local Usage
		Usr 0 00:00:09, Sys 0 00:00:02  -  Total Remote Usage
		Usr 0 00:00:00, Sys 0 00:00:00  -  Total Local Usage
	9956  -  Run Bytes Sent By Job
	1555  -  Run Bytes Received By Job
	9956  -  Total Bytes Sent By Job
	1555  -  Total Bytes Received By Job
	Partitionable Resources :    Usage  Request Allocated 
	   Cpus                 :                 1         1 
	   Disk (KB)            :       24        2    260129 
	   Memory (MB)          :       33     2000      2000 
...
