000 (1355166.000.000) 02/17 07:36:25 Job submitted from host: <137.138.44.55:9618?addrs=137.138.44.55-9618+[2001-1458-d00-1a--48]-9618&alias=bigbird17.cern.ch&noUDP&sock=schedd_1694_8585_188>
...
040 (1355166.000.000) 02/17 07:37:05 Started transferring input files
	Transferring to host: <128.142.105.125:9618?addrs=128.142.105.125-9618+[2001-1458-301-8b--100-190]-9618&noUDP&sock=17164_5733_160906>
...
040 (1355166.000.000) 02/17 07:37:05 Finished transferring input files
...
001 (1355166.000.000) 02/17 07:37:06 Job executing on host: <128.142.105.125:9618?addrs=128.142.105.125-9618+[2001-1458-301-8b--100-190]-9618&noUDP&sock=1304_0396_3>
...
006 (1355166.000.000) 02/17 07:37:14 Image size of job updated: 3848
	4  -  MemoryUsage of job (MB)
	3844  -  ResidentSetSize of job (KB)
...
006 (1355166.000.000) 02/17 07:41:59 Image size of job updated: 300852
	4  -  MemoryUsage of job (MB)
	3844  -  ResidentSetSize of job (KB)
...
040 (1355166.000.000) 02/17 07:42:00 Started transferring output files
...
040 (1355166.000.000) 02/17 07:42:00 Finished transferring output files
...
005 (1355166.000.000) 02/17 07:42:00 Job terminated.
	(1) Normal termination (return value 0)
		Usr 0 00:01:36, Sys 0 00:00:02  -  Run Remote Usage
		Usr 0 00:00:00, Sys 0 00:00:00  -  Run Local Usage
		Usr 0 00:01:36, Sys 0 00:00:02  -  Total Remote Usage
		Usr 0 00:00:00, Sys 0 00:00:00  -  Total Local Usage
	13056  -  Run Bytes Sent By Job
	1565  -  Run Bytes Received By Job
	13056  -  Total Bytes Sent By Job
	1565  -  Total Bytes Received By Job
	Partitionable Resources :    Usage  Request Allocated 
	   Cpus                 :     0.49        1         1 
	   Disk (KB)            :    35           2    190491 
	   Memory (MB)          :     4        2000      2000 
...
