000 (1354581.000.000) 02/17 07:04:03 Job submitted from host: <137.138.44.55:9618?addrs=137.138.44.55-9618+[2001-1458-d00-1a--48]-9618&alias=bigbird17.cern.ch&noUDP&sock=schedd_1694_8585_188>
...
040 (1354581.000.000) 02/17 07:07:16 Started transferring input files
	Transferring to host: <128.142.120.149:9618?addrs=128.142.120.149-9618+[2001-1458-301-b5--100-e0]-9618&alias=b7s07n8117.cern.ch&noUDP&sock=slot1_1_32680_c42a_9331>
...
040 (1354581.000.000) 02/17 07:07:16 Finished transferring input files
...
001 (1354581.000.000) 02/17 07:07:17 Job executing on host: <128.142.120.149:9618?addrs=128.142.120.149-9618+[2001-1458-301-b5--100-e0]-9618&alias=b7s07n8117.cern.ch&noUDP&sock=startd_1671_bed8>
...
006 (1354581.000.000) 02/17 07:07:26 Image size of job updated: 225204
	172  -  MemoryUsage of job (MB)
	175112  -  ResidentSetSize of job (KB)
...
006 (1354581.000.000) 02/17 07:09:34 Image size of job updated: 823644
	172  -  MemoryUsage of job (MB)
	175112  -  ResidentSetSize of job (KB)
...
040 (1354581.000.000) 02/17 07:09:34 Started transferring output files
...
040 (1354581.000.000) 02/17 07:09:34 Finished transferring output files
...
005 (1354581.000.000) 02/17 07:09:34 Job terminated.
	(1) Normal termination (return value 0)
		Usr 0 00:01:43, Sys 0 00:00:02  -  Run Remote Usage
		Usr 0 00:00:00, Sys 0 00:00:00  -  Run Local Usage
		Usr 0 00:01:43, Sys 0 00:00:02  -  Total Remote Usage
		Usr 0 00:00:00, Sys 0 00:00:00  -  Total Local Usage
	7955  -  Run Bytes Sent By Job
	1554  -  Run Bytes Received By Job
	7955  -  Total Bytes Sent By Job
	1554  -  Total Bytes Received By Job
	Partitionable Resources :    Usage  Request Allocated 
	   Cpus                 :                 1         1 
	   Disk (KB)            :       23        2    210615 
	   Memory (MB)          :      172     2000      2000 
...
