000 (1354929.000.000) 02/17 07:25:35 Job submitted from host: <137.138.44.55:9618?addrs=137.138.44.55-9618+[2001-1458-d00-1a--48]-9618&alias=bigbird17.cern.ch&noUDP&sock=schedd_1694_8585_188>
...
040 (1354929.000.000) 02/17 07:26:12 Started transferring input files
	Transferring to host: <128.142.110.18:9618?addrs=128.142.110.18-9618&noUDP&sock=2107_526f_135778>
...
040 (1354929.000.000) 02/17 07:26:12 Finished transferring input files
...
001 (1354929.000.000) 02/17 07:26:13 Job executing on host: <128.142.110.18:9618?addrs=128.142.110.18-9618&noUDP&sock=2000_6980_3>
...
006 (1354929.000.000) 02/17 07:26:22 Image size of job updated: 11336
	12  -  MemoryUsage of job (MB)
	11276  -  ResidentSetSize of job (KB)
...
006 (1354929.000.000) 02/17 07:26:51 Image size of job updated: 235760
	12  -  MemoryUsage of job (MB)
	11276  -  ResidentSetSize of job (KB)
...
040 (1354929.000.000) 02/17 07:26:51 Started transferring output files
...
040 (1354929.000.000) 02/17 07:26:51 Finished transferring output files
...
005 (1354929.000.000) 02/17 07:26:52 Job terminated.
	(1) Normal termination (return value 0)
		Usr 0 00:00:04, Sys 0 00:00:01  -  Run Remote Usage
		Usr 0 00:00:00, Sys 0 00:00:00  -  Run Local Usage
		Usr 0 00:00:04, Sys 0 00:00:01  -  Total Remote Usage
		Usr 0 00:00:00, Sys 0 00:00:00  -  Total Local Usage
	12877  -  Run Bytes Sent By Job
	1460  -  Run Bytes Received By Job
	12877  -  Total Bytes Sent By Job
	1460  -  Total Bytes Received By Job
	Partitionable Resources :    Usage  Request Allocated 
	   Cpus                 :     0.11        1         1 
	   Disk (KB)            :    36           2    191473 
	   Memory (MB)          :    12        2000      2000 
...
