000 (1354818.000.000) 02/17 07:20:10 Job submitted from host: <137.138.44.55:9618?addrs=137.138.44.55-9618+[2001-1458-d00-1a--48]-9618&alias=bigbird17.cern.ch&noUDP&sock=schedd_1694_8585_188>
...
040 (1354818.000.000) 02/17 07:21:33 Started transferring input files
	Transferring to host: <128.142.116.237:9618?addrs=128.142.116.237-9618+[2001-1458-301-ae--100-221]-9618&alias=b7s06n3581.cern.ch&noUDP&sock=slot1_7_20937_c2ac_3921>
...
040 (1354818.000.000) 02/17 07:21:33 Finished transferring input files
...
001 (1354818.000.000) 02/17 07:21:34 Job executing on host: <128.142.116.237:9618?addrs=128.142.116.237-9618+[2001-1458-301-ae--100-221]-9618&alias=b7s06n3581.cern.ch&noUDP&sock=startd_16854_0547>
...
006 (1354818.000.000) 02/17 07:21:43 Image size of job updated: 208260
	3  -  MemoryUsage of job (MB)
	2336  -  ResidentSetSize of job (KB)
...
006 (1354818.000.000) 02/17 07:22:15 Image size of job updated: 1216596
	3  -  MemoryUsage of job (MB)
	2336  -  ResidentSetSize of job (KB)
...
040 (1354818.000.000) 02/17 07:22:15 Started transferring output files
...
040 (1354818.000.000) 02/17 07:22:15 Finished transferring output files
...
005 (1354818.000.000) 02/17 07:22:16 Job terminated.
	(1) Normal termination (return value 139)
		Usr 0 00:00:11, Sys 0 00:00:03  -  Run Remote Usage
		Usr 0 00:00:00, Sys 0 00:00:00  -  Run Local Usage
		Usr 0 00:00:11, Sys 0 00:00:03  -  Total Remote Usage
		Usr 0 00:00:00, Sys 0 00:00:00  -  Total Local Usage
	9964  -  Run Bytes Sent By Job
	1595  -  Run Bytes Received By Job
	9964  -  Total Bytes Sent By Job
	1595  -  Total Bytes Received By Job
	Partitionable Resources :    Usage  Request Allocated 
	   Cpus                 :                 1         1 
	   Disk (KB)            :       24        2    175344 
	   Memory (MB)          :        3     2000      2000 
...
