000 (1355153.000.000) 02/17 07:35:49 Job submitted from host: <137.138.44.55:9618?addrs=137.138.44.55-9618+[2001-1458-d00-1a--48]-9618&alias=bigbird17.cern.ch&noUDP&sock=schedd_1694_8585_188>
...
040 (1355153.000.000) 02/17 07:37:00 Started transferring input files
	Transferring to host: <128.142.120.105:9618?addrs=128.142.120.105-9618&noUDP&sock=2990_79b3_105009>
...
040 (1355153.000.000) 02/17 07:37:00 Finished transferring input files
...
001 (1355153.000.000) 02/17 07:37:01 Job executing on host: <128.142.120.105:9618?addrs=128.142.120.105-9618&noUDP&sock=1990_8d8e_3>
...
006 (1355153.000.000) 02/17 07:37:10 Image size of job updated: 56948
	14  -  MemoryUsage of job (MB)
	14044  -  ResidentSetSize of job (KB)
...
006 (1355153.000.000) 02/17 07:39:46 Image size of job updated: 363216
	14  -  MemoryUsage of job (MB)
	14044  -  ResidentSetSize of job (KB)
...
040 (1355153.000.000) 02/17 07:39:46 Started transferring output files
...
040 (1355153.000.000) 02/17 07:39:46 Finished transferring output files
...
005 (1355153.000.000) 02/17 07:39:47 Job terminated.
	(1) Normal termination (return value 0)
		Usr 0 00:01:37, Sys 0 00:00:02  -  Run Remote Usage
		Usr 0 00:00:00, Sys 0 00:00:00  -  Run Local Usage
		Usr 0 00:01:37, Sys 0 00:00:02  -  Total Remote Usage
		Usr 0 00:00:00, Sys 0 00:00:00  -  Total Local Usage
	13056  -  Run Bytes Sent By Job
	1565  -  Run Bytes Received By Job
	13056  -  Total Bytes Sent By Job
	1565  -  Total Bytes Received By Job
	Partitionable Resources :    Usage  Request Allocated 
	   Cpus                 :     0.61        1         1 
	   Disk (KB)            :    35           2    197198 
	   Memory (MB)          :    14        2000      2000 
...
