000 (1355157.000.000) 02/17 07:35:55 Job submitted from host: <137.138.44.55:9618?addrs=137.138.44.55-9618+[2001-1458-d00-1a--48]-9618&alias=bigbird17.cern.ch&noUDP&sock=schedd_1694_8585_188>
...
040 (1355157.000.000) 02/17 07:37:28 Started transferring input files
	Transferring to host: <128.142.110.110:9618?addrs=128.142.110.110-9618+[2001-1458-301-8f--100-6cb]-9618&noUDP&sock=2012_62cb_77907>
...
040 (1355157.000.000) 02/17 07:37:28 Finished transferring input files
...
001 (1355157.000.000) 02/17 07:37:29 Job executing on host: <128.142.110.110:9618?addrs=128.142.110.110-9618+[2001-1458-301-8f--100-6cb]-9618&noUDP&sock=1959_4a1e_3>
...
006 (1355157.000.000) 02/17 07:37:38 Image size of job updated: 444
	1  -  MemoryUsage of job (MB)
	436  -  ResidentSetSize of job (KB)
...
006 (1355157.000.000) 02/17 07:42:40 Image size of job updated: 312104
	288  -  MemoryUsage of job (MB)
	294420  -  ResidentSetSize of job (KB)
...
006 (1355157.000.000) 02/17 07:44:12 Image size of job updated: 796472
	288  -  MemoryUsage of job (MB)
	294488  -  ResidentSetSize of job (KB)
...
040 (1355157.000.000) 02/17 07:44:12 Started transferring output files
...
040 (1355157.000.000) 02/17 07:44:12 Finished transferring output files
...
005 (1355157.000.000) 02/17 07:44:12 Job terminated.
	(1) Normal termination (return value 0)
		Usr 0 00:01:26, Sys 0 00:00:02  -  Run Remote Usage
		Usr 0 00:00:00, Sys 0 00:00:00  -  Run Local Usage
		Usr 0 00:01:26, Sys 0 00:00:02  -  Total Remote Usage
		Usr 0 00:00:00, Sys 0 00:00:00  -  Total Local Usage
	13055  -  Run Bytes Sent By Job
	1565  -  Run Bytes Received By Job
	13055  -  Total Bytes Sent By Job
	1565  -  Total Bytes Received By Job
	Partitionable Resources :    Usage  Request Allocated 
	   Cpus                 :     0.38        1         1 
	   Disk (KB)            :    35           2    198402 
	   Memory (MB)          :   288        2000      2000 
...
