000 (1354918.000.000) 02/17 07:24:54 Job submitted from host: <137.138.44.55:9618?addrs=137.138.44.55-9618+[2001-1458-d00-1a--48]-9618&alias=bigbird17.cern.ch&noUDP&sock=schedd_1694_8585_188>
...
040 (1354918.000.000) 02/17 07:26:00 Started transferring input files
	Transferring to host: <128.142.112.99:9618?addrs=128.142.112.99-9618+[2001-1458-301-90--100-47f]-9618&alias=b7s05n0508.cern.ch&noUDP&sock=slot1_4_27749_6e41_10441>
...
040 (1354918.000.000) 02/17 07:26:00 Finished transferring input files
...
001 (1354918.000.000) 02/17 07:26:01 Job executing on host: <128.142.112.99:9618?addrs=128.142.112.99-9618+[2001-1458-301-90--100-47f]-9618&alias=b7s05n0508.cern.ch&noUDP&sock=startd_2101_b091>
...
006 (1354918.000.000) 02/17 07:26:09 Image size of job updated: 522264
	148  -  MemoryUsage of job (MB)
	150736  -  ResidentSetSize of job (KB)
...
040 (1354918.000.000) 02/17 07:26:13 Started transferring output files
...
040 (1354918.000.000) 02/17 07:26:13 Finished transferring output files
...
005 (1354918.000.000) 02/17 07:26:13 Job terminated.
	(1) Normal termination (return value 0)
		Usr 0 00:00:04, Sys 0 00:00:01  -  Run Remote Usage
		Usr 0 00:00:00, Sys 0 00:00:00  -  Run Local Usage
		Usr 0 00:00:04, Sys 0 00:00:01  -  Total Remote Usage
		Usr 0 00:00:00, Sys 0 00:00:00  -  Total Local Usage
	12876  -  Run Bytes Sent By Job
	1459  -  Run Bytes Received By Job
	12876  -  Total Bytes Sent By Job
	1459  -  Total Bytes Received By Job
	Partitionable Resources :    Usage  Request Allocated 
	   Cpus                 :                 1         1 
	   Disk (KB)            :       28        2    189966 
	   Memory (MB)          :      148     2000      2000 
...
