000 (1355162.000.000) 02/17 07:36:14 Job submitted from host: <137.138.44.55:9618?addrs=137.138.44.55-9618+[2001-1458-d00-1a--48]-9618&alias=bigbird17.cern.ch&noUDP&sock=schedd_1694_8585_188>
...
040 (1355162.000.000) 02/17 07:37:01 Started transferring input files
	Transferring to host: <128.142.105.162:9618?addrs=128.142.105.162-9618+[2001-1458-301-8b--100-191]-9618&alias=b7s03n0768.cern.ch&noUDP&sock=slot1_8_13636_8ba4_4514>
...
040 (1355162.000.000) 02/17 07:37:01 Finished transferring input files
...
001 (1355162.000.000) 02/17 07:37:02 Job executing on host: <128.142.105.162:9618?addrs=128.142.105.162-9618+[2001-1458-301-8b--100-191]-9618&alias=b7s03n0768.cern.ch&noUDP&sock=startd_2153_5b7e>
...
006 (1355162.000.000) 02/17 07:37:10 Image size of job updated: 1104
	2  -  MemoryUsage of job (MB)
	1064  -  ResidentSetSize of job (KB)
...
006 (1355162.000.000) 02/17 07:39:57 Image size of job updated: 777136
	2  -  MemoryUsage of job (MB)
	1072  -  ResidentSetSize of job (KB)
...
040 (1355162.000.000) 02/17 07:39:58 Started transferring output files
...
040 (1355162.000.000) 02/17 07:39:58 Finished transferring output files
...
005 (1355162.000.000) 02/17 07:39:58 Job terminated.
	(1) Normal termination (return value 0)
		Usr 0 00:01:40, Sys 0 00:00:02  -  Run Remote Usage
		Usr 0 00:00:00, Sys 0 00:00:00  -  Run Local Usage
		Usr 0 00:01:40, Sys 0 00:00:02  -  Total Remote Usage
		Usr 0 00:00:00, Sys 0 00:00:00  -  Total Local Usage
	13056  -  Run Bytes Sent By Job
	1565  -  Run Bytes Received By Job
	13056  -  Total Bytes Sent By Job
	1565  -  Total Bytes Received By Job
	Partitionable Resources :    Usage  Request Allocated 
	   Cpus                 :     0.66        1         1 
	   Disk (KB)            :    34           2    121731 
	   Memory (MB)          :     2        2000      2000 
...
