000 (1354859.000.000) 02/17 07:22:18 Job submitted from host: <137.138.44.55:9618?addrs=137.138.44.55-9618+[2001-1458-d00-1a--48]-9618&alias=bigbird17.cern.ch&noUDP&sock=schedd_1694_8585_188>
...
040 (1354859.000.000) 02/17 07:22:19 Started transferring input files
	Transferring to host: <128.142.117.203:9618?addrs=128.142.117.203-9618+[2001-1458-301-ae--100-69d]-9618&noUDP&sock=14559_e1e9_111121>
...
040 (1354859.000.000) 02/17 07:22:19 Finished transferring input files
...
001 (1354859.000.000) 02/17 07:22:20 Job executing on host: <128.142.117.203:9618?addrs=128.142.117.203-9618+[2001-1458-301-ae--100-69d]-9618&noUDP&sock=14424_3e24_3>
...
006 (1354859.000.000) 02/17 07:22:30 Image size of job updated: 268940
	204  -  MemoryUsage of job (MB)
	208156  -  ResidentSetSize of job (KB)
...
006 (1354859.000.000) 02/17 07:22:40 Image size of job updated: 268940
	204  -  MemoryUsage of job (MB)
	208624  -  ResidentSetSize of job (KB)
...
040 (1354859.000.000) 02/17 07:22:40 Started transferring output files
...
040 (1354859.000.000) 02/17 07:22:40 Finished transferring output files
...
005 (1354859.000.000) 02/17 07:22:40 Job terminated.
	(1) Normal termination (return value 139)
		Usr 0 00:00:11, Sys 0 00:00:02  -  Run Remote Usage
		Usr 0 00:00:00, Sys 0 00:00:00  -  Run Local Usage
		Usr 0 00:00:11, Sys 0 00:00:02  -  Total Remote Usage
		Usr 0 00:00:00, Sys 0 00:00:00  -  Total Local Usage
	9964  -  Run Bytes Sent By Job
	1592  -  Run Bytes Received By Job
	9964  -  Total Bytes Sent By Job
	1592  -  Total Bytes Received By Job
	Partitionable Resources :    Usage  Request Allocated 
	   Cpus                 :        0        1         1 
	   Disk (KB)            :       33        2    182015 
	   Memory (MB)          :      204     2000      2000 
...
