000 (1354622.000.000) 02/17 07:07:22 Job submitted from host: <137.138.44.55:9618?addrs=137.138.44.55-9618+[2001-1458-d00-1a--48]-9618&alias=bigbird17.cern.ch&noUDP&sock=schedd_1694_8585_188>
...
040 (1354622.000.000) 02/17 07:09:13 Started transferring input files
	Transferring to host: <128.142.240.154:9618?addrs=128.142.240.154-9618+[2001-1458-301-9--100-3e3]-9618&noUDP&sock=21115_2d74_154288>
...
040 (1354622.000.000) 02/17 07:09:13 Finished transferring input files
...
001 (1354622.000.000) 02/17 07:09:14 Job executing on host: <128.142.240.154:9618?addrs=128.142.240.154-9618+[2001-1458-301-9--100-3e3]-9618&noUDP&sock=1359_bd4b_3>
...
006 (1354622.000.000) 02/17 07:09:23 Image size of job updated: 19808
	5  -  MemoryUsage of job (MB)
	5012  -  ResidentSetSize of job (KB)
...
006 (1354622.000.000) 02/17 07:10:00 Image size of job updated: 603236
	5  -  MemoryUsage of job (MB)
	5020  -  ResidentSetSize of job (KB)
...
040 (1354622.000.000) 02/17 07:10:00 Started transferring output files
...
040 (1354622.000.000) 02/17 07:10:00 Finished transferring output files
...
005 (1354622.000.000) 02/17 07:10:00 Job terminated.
	(1) Normal termination (return value 139)
		Usr 0 00:00:11, Sys 0 00:00:03  -  Run Remote Usage
		Usr 0 00:00:00, Sys 0 00:00:00  -  Run Local Usage
		Usr 0 00:00:11, Sys 0 00:00:03  -  Total Remote Usage
		Usr 0 00:00:00, Sys 0 00:00:00  -  Total Local Usage
	9956  -  Run Bytes Sent By Job
	1555  -  Run Bytes Received By Job
	9956  -  Total Bytes Sent By Job
	1555  -  Total Bytes Received By Job
	Partitionable Resources :    Usage  Request Allocated 
	   Cpus                 :        0        1         1 
	   Disk (KB)            :       33        2    343166 
	   Memory (MB)          :        5     2000      2000 
...
