000 (1355105.000.000) 02/17 07:33:23 Job submitted from host: <137.138.44.55:9618?addrs=137.138.44.55-9618+[2001-1458-d00-1a--48]-9618&alias=bigbird17.cern.ch&noUDP&sock=schedd_1694_8585_188>
...
040 (1355105.000.000) 02/17 07:36:50 Started transferring input files
	Transferring to host: <128.142.120.169:9618?addrs=128.142.120.169-9618&noUDP&sock=2855_5b0d_105659>
...
040 (1355105.000.000) 02/17 07:36:50 Finished transferring input files
...
001 (1355105.000.000) 02/17 07:36:51 Job executing on host: <128.142.120.169:9618?addrs=128.142.120.169-9618&noUDP&sock=1778_237a_3>
...
006 (1355105.000.000) 02/17 07:37:01 Image size of job updated: 3372
	3  -  MemoryUsage of job (MB)
	2664  -  ResidentSetSize of job (KB)
...
006 (1355105.000.000) 02/17 07:40:58 Image size of job updated: 322988
	3  -  MemoryUsage of job (MB)
	2664  -  ResidentSetSize of job (KB)
...
040 (1355105.000.000) 02/17 07:40:58 Started transferring output files
...
040 (1355105.000.000) 02/17 07:40:58 Finished transferring output files
...
005 (1355105.000.000) 02/17 07:40:58 Job terminated.
	(1) Normal termination (return value 0)
		Usr 0 00:02:10, Sys 0 00:00:02  -  Run Remote Usage
		Usr 0 00:00:00, Sys 0 00:00:00  -  Run Local Usage
		Usr 0 00:02:10, Sys 0 00:00:02  -  Total Remote Usage
		Usr 0 00:00:00, Sys 0 00:00:00  -  Total Local Usage
	13009  -  Run Bytes Sent By Job
	1518  -  Run Bytes Received By Job
	13009  -  Total Bytes Sent By Job
	1518  -  Total Bytes Received By Job
	Partitionable Resources :    Usage  Request Allocated 
	   Cpus                 :     0.75        1         1 
	   Disk (KB)            :    35           2    138186 
	   Memory (MB)          :     3        2000      2000 
...
