000 (1355018.000.000) 02/17 07:29:07 Job submitted from host: <137.138.44.55:9618?addrs=137.138.44.55-9618+[2001-1458-d00-1a--48]-9618&alias=bigbird17.cern.ch&noUDP&sock=schedd_1694_8585_188>
...
040 (1355018.000.000) 02/17 07:29:19 Started transferring input files
	Transferring to host: <128.142.193.167:9618?addrs=128.142.193.167-9618+[2001-1458-301-cc--100-34c]-9618&noUDP&sock=17805_fbad_72101>
...
040 (1355018.000.000) 02/17 07:29:19 Finished transferring input files
...
001 (1355018.000.000) 02/17 07:29:20 Job executing on host: <128.142.193.167:9618?addrs=128.142.193.167-9618+[2001-1458-301-cc--100-34c]-9618&noUDP&sock=17669_0af7_3>
...
006 (1355018.000.000) 02/17 07:29:27 Image size of job updated: 644696
	0  -  MemoryUsage of job (MB)
	0  -  ResidentSetSize of job (KB)
...
040 (1355018.000.000) 02/17 07:29:27 Started transferring output files
...
040 (1355018.000.000) 02/17 07:29:27 Finished transferring output files
...
005 (1355018.000.000) 02/17 07:29:27 Job terminated.
	(1) Normal termination (return value 0)
		Usr 0 00:00:03, Sys 0 00:00:01  -  Run Remote Usage
		Usr 0 00:00:00, Sys 0 00:00:00  -  Run Local Usage
		Usr 0 00:00:03, Sys 0 00:00:01  -  Total Remote Usage
		Usr 0 00:00:00, Sys 0 00:00:00  -  Total Local Usage
	12917  -  Run Bytes Sent By Job
	1501  -  Run Bytes Received By Job
	12917  -  Total Bytes Sent By Job
	1501  -  Total Bytes Received By Job
	Partitionable Resources :    Usage  Request Allocated 
	   Cpus                 :     0.03        1         1 
	   Disk (KB)            :    36           2    224280 
	   Memory (MB)          :     0        2000      2000 
...
