000 (1354462.000.000) 02/17 06:55:59 Job submitted from host: <137.138.44.55:9618?addrs=137.138.44.55-9618+[2001-1458-d00-1a--48]-9618&alias=bigbird17.cern.ch&noUDP&sock=schedd_1694_8585_188>
...
040 (1354462.000.000) 02/17 07:04:35 Started transferring input files
	Transferring to host: <128.142.81.197:9618?addrs=128.142.81.197-9618+[2001-1458-301-f5--100-5ad]-9618&alias=b7s13n0602.cern.ch&noUDP&sock=slot1_8_16653_4b7e_9607>
...
040 (1354462.000.000) 02/17 07:04:35 Finished transferring input files
...
001 (1354462.000.000) 02/17 07:04:36 Job executing on host: <128.142.81.197:9618?addrs=128.142.81.197-9618+[2001-1458-301-f5--100-5ad]-9618&alias=b7s13n0602.cern.ch&noUDP&sock=startd_16685_19c5>
...
006 (1354462.000.000) 02/17 07:04:44 Image size of job updated: 938096
	210  -  MemoryUsage of job (MB)
	214508  -  ResidentSetSize of job (KB)
...
040 (1354462.000.000) 02/17 07:04:53 Started transferring output files
...
040 (1354462.000.000) 02/17 07:04:53 Finished transferring output files
...
005 (1354462.000.000) 02/17 07:04:53 Job terminated.
	(1) Normal termination (return value 139)
		Usr 0 00:00:09, Sys 0 00:00:02  -  Run Remote Usage
		Usr 0 00:00:00, Sys 0 00:00:00  -  Run Local Usage
		Usr 0 00:00:09, Sys 0 00:00:02  -  Total Remote Usage
		Usr 0 00:00:00, Sys 0 00:00:00  -  Total Local Usage
	9955  -  Run Bytes Sent By Job
	1554  -  Run Bytes Received By Job
	9955  -  Total Bytes Sent By Job
	1554  -  Total Bytes Received By Job
	Partitionable Resources :    Usage  Request Allocated 
	   Cpus                 :                 1         1 
	   Disk (KB)            :       25        2    262427 
	   Memory (MB)          :      210     2000      2000 
...
