000 (1354793.000.000) 02/17 07:19:22 Job submitted from host: <137.138.44.55:9618?addrs=137.138.44.55-9618+[2001-1458-d00-1a--48]-9618&alias=bigbird17.cern.ch&noUDP&sock=schedd_1694_8585_188>
...
040 (1354793.000.000) 02/17 07:20:27 Started transferring input files
	Transferring to host: <188.184.198.189:9618?addrs=188.184.198.189-9618+[2001-1458-301-c1--100-33b]-9618&alias=b7g52n1325.cern.ch&noUDP&sock=slot1_2_20784_f546_24927>
...
040 (1354793.000.000) 02/17 07:20:27 Finished transferring input files
...
001 (1354793.000.000) 02/17 07:20:28 Job executing on host: <188.184.198.189:9618?addrs=188.184.198.189-9618+[2001-1458-301-c1--100-33b]-9618&alias=b7g52n1325.cern.ch&noUDP&sock=startd_18215_8dac>
...
006 (1354793.000.000) 02/17 07:20:37 Image size of job updated: 170996
	74  -  MemoryUsage of job (MB)
	75096  -  ResidentSetSize of job (KB)
...
006 (1354793.000.000) 02/17 07:20:53 Image size of job updated: 940492
	74  -  MemoryUsage of job (MB)
	75096  -  ResidentSetSize of job (KB)
...
040 (1354793.000.000) 02/17 07:20:53 Started transferring output files
...
040 (1354793.000.000) 02/17 07:20:53 Finished transferring output files
...
005 (1354793.000.000) 02/17 07:20:53 Job terminated.
	(1) Normal termination (return value 139)
		Usr 0 00:00:09, Sys 0 00:00:02  -  Run Remote Usage
		Usr 0 00:00:00, Sys 0 00:00:00  -  Run Local Usage
		Usr 0 00:00:09, Sys 0 00:00:02  -  Total Remote Usage
		Usr 0 00:00:00, Sys 0 00:00:00  -  Total Local Usage
	9964  -  Run Bytes Sent By Job
	1595  -  Run Bytes Received By Job
	9964  -  Total Bytes Sent By Job
	1595  -  Total Bytes Received By Job
	Partitionable Resources :    Usage  Request Allocated 
	   Cpus                 :                 1         1 
	   Disk (KB)            :       24        2    174429 
	   Memory (MB)          :       74     2000      2000 
...
