000 (1354862.000.000) 02/17 07:22:21 Job submitted from host: <137.138.44.55:9618?addrs=137.138.44.55-9618+[2001-1458-d00-1a--48]-9618&alias=bigbird17.cern.ch&noUDP&sock=schedd_1694_8585_188>
...
040 (1354862.000.000) 02/17 07:22:25 Started transferring input files
	Transferring to host: <128.142.113.80:9618?addrs=128.142.113.80-9618+[2001-1458-301-90--100-57f]-9618&alias=b7s05n8497.cern.ch&noUDP&sock=slot1_8_13668_17a5_3543>
...
040 (1354862.000.000) 02/17 07:22:25 Finished transferring input files
...
001 (1354862.000.000) 02/17 07:22:26 Job executing on host: <128.142.113.80:9618?addrs=128.142.113.80-9618+[2001-1458-301-90--100-57f]-9618&alias=b7s05n8497.cern.ch&noUDP&sock=startd_2010_4573>
...
006 (1354862.000.000) 02/17 07:22:34 Image size of job updated: 207836
	145  -  MemoryUsage of job (MB)
	147880  -  ResidentSetSize of job (KB)
...
006 (1354862.000.000) 02/17 07:25:04 Image size of job updated: 826808
	145  -  MemoryUsage of job (MB)
	147880  -  ResidentSetSize of job (KB)
...
040 (1354862.000.000) 02/17 07:25:04 Started transferring output files
...
040 (1354862.000.000) 02/17 07:25:04 Finished transferring output files
...
005 (1354862.000.000) 02/17 07:25:04 Job terminated.
	(1) Normal termination (return value 0)
		Usr 0 00:01:44, Sys 0 00:00:02  -  Run Remote Usage
		Usr 0 00:00:00, Sys 0 00:00:00  -  Run Local Usage
		Usr 0 00:01:44, Sys 0 00:00:02  -  Total Remote Usage
		Usr 0 00:00:00, Sys 0 00:00:00  -  Total Local Usage
	7997  -  Run Bytes Sent By Job
	1595  -  Run Bytes Received By Job
	7997  -  Total Bytes Sent By Job
	1595  -  Total Bytes Received By Job
	Partitionable Resources :    Usage  Request Allocated 
	   Cpus                 :                 1         1 
	   Disk (KB)            :       23        2    213519 
	   Memory (MB)          :      145     2000      2000 
...
