000 (1354413.000.000) 02/17 06:52:31 Job submitted from host: <137.138.44.55:9618?addrs=137.138.44.55-9618+[2001-1458-d00-1a--48]-9618&alias=bigbird17.cern.ch&noUDP&sock=schedd_1694_8585_188>
...
040 (1354413.000.000) 02/17 07:03:31 Started transferring input files
	Transferring to host: <188.184.183.98:9618?addrs=188.184.183.98-9618+[2001-1458-301-2b--100-459]-9618&alias=b7g41n5571.cern.ch&noUDP&sock=slot1_7_28174_e1b3_9297>
...
040 (1354413.000.000) 02/17 07:03:31 Finished transferring input files
...
001 (1354413.000.000) 02/17 07:03:32 Job executing on host: <188.184.183.98:9618?addrs=188.184.183.98-9618+[2001-1458-301-2b--100-459]-9618&alias=b7g41n5571.cern.ch&noUDP&sock=startd_6683_8f84>
...
006 (1354413.000.000) 02/17 07:03:41 Image size of job updated: 228928
	77  -  MemoryUsage of job (MB)
	77904  -  ResidentSetSize of job (KB)
...
006 (1354413.000.000) 02/17 07:05:21 Image size of job updated: 825232
	77  -  MemoryUsage of job (MB)
	77932  -  ResidentSetSize of job (KB)
...
040 (1354413.000.000) 02/17 07:05:21 Started transferring output files
...
040 (1354413.000.000) 02/17 07:05:21 Finished transferring output files
...
005 (1354413.000.000) 02/17 07:05:21 Job terminated.
	(1) Normal termination (return value 0)
		Usr 0 00:01:20, Sys 0 00:00:01  -  Run Remote Usage
		Usr 0 00:00:00, Sys 0 00:00:00  -  Run Local Usage
		Usr 0 00:01:20, Sys 0 00:00:01  -  Total Remote Usage
		Usr 0 00:00:00, Sys 0 00:00:00  -  Total Local Usage
	7915  -  Run Bytes Sent By Job
	1513  -  Run Bytes Received By Job
	7915  -  Total Bytes Sent By Job
	1513  -  Total Bytes Received By Job
	Partitionable Resources :    Usage  Request Allocated 
	   Cpus                 :                 1         1 
	   Disk (KB)            :       22        2    359110 
	   Memory (MB)          :       77     2000      2000 
...
