000 (1354803.000.000) 02/17 07:19:35 Job submitted from host: <137.138.44.55:9618?addrs=137.138.44.55-9618+[2001-1458-d00-1a--48]-9618&alias=bigbird17.cern.ch&noUDP&sock=schedd_1694_8585_188>
...
040 (1354803.000.000) 02/17 07:21:09 Started transferring input files
	Transferring to host: <128.142.64.219:9618?addrs=128.142.64.219-9618&noUDP&sock=3217_6adc_103252>
...
040 (1354803.000.000) 02/17 07:21:09 Finished transferring input files
...
001 (1354803.000.000) 02/17 07:21:10 Job executing on host: <128.142.64.219:9618?addrs=128.142.64.219-9618&noUDP&sock=2113_ebb4_3>
...
006 (1354803.000.000) 02/17 07:21:19 Image size of job updated: 240116
	173  -  MemoryUsage of job (MB)
	177076  -  ResidentSetSize of job (KB)
...
040 (1354803.000.000) 02/17 07:21:31 Started transferring output files
...
040 (1354803.000.000) 02/17 07:21:31 Finished transferring output files
...
005 (1354803.000.000) 02/17 07:21:31 Job terminated.
	(1) Normal termination (return value 139)
		Usr 0 00:00:10, Sys 0 00:00:02  -  Run Remote Usage
		Usr 0 00:00:00, Sys 0 00:00:00  -  Run Local Usage
		Usr 0 00:00:10, Sys 0 00:00:02  -  Total Remote Usage
		Usr 0 00:00:00, Sys 0 00:00:00  -  Total Local Usage
	9964  -  Run Bytes Sent By Job
	1594  -  Run Bytes Received By Job
	9964  -  Total Bytes Sent By Job
	1594  -  Total Bytes Received By Job
	Partitionable Resources :    Usage  Request Allocated 
	   Cpus                 :        0        1         1 
	   Disk (KB)            :       33        2    262789 
	   Memory (MB)          :      173     2000      2000 
...
