000 (1355169.000.000) 02/17 07:36:32 Job submitted from host: <137.138.44.55:9618?addrs=137.138.44.55-9618+[2001-1458-d00-1a--48]-9618&alias=bigbird17.cern.ch&noUDP&sock=schedd_1694_8585_188>
...
040 (1355169.000.000) 02/17 07:37:13 Started transferring input files
	Transferring to host: <188.184.143.99:9618?addrs=188.184.143.99-9618+[2001-1458-301-46--100-177]-9618&noUDP&sock=2967_4512_103420>
...
040 (1355169.000.000) 02/17 07:37:13 Finished transferring input files
...
001 (1355169.000.000) 02/17 07:37:14 Job executing on host: <188.184.143.99:9618?addrs=188.184.143.99-9618+[2001-1458-301-46--100-177]-9618&noUDP&sock=2002_c8b1_3>
...
006 (1355169.000.000) 02/17 07:37:23 Image size of job updated: 196976
	176  -  MemoryUsage of job (MB)
	180116  -  ResidentSetSize of job (KB)
...
040 (1355169.000.000) 02/17 07:39:16 Started transferring output files
...
040 (1355169.000.000) 02/17 07:39:16 Finished transferring output files
...
005 (1355169.000.000) 02/17 07:39:16 Job terminated.
	(1) Normal termination (return value 0)
		Usr 0 00:01:19, Sys 0 00:00:03  -  Run Remote Usage
		Usr 0 00:00:00, Sys 0 00:00:00  -  Run Local Usage
		Usr 0 00:01:19, Sys 0 00:00:03  -  Total Remote Usage
		Usr 0 00:00:00, Sys 0 00:00:00  -  Total Local Usage
	13055  -  Run Bytes Sent By Job
	1565  -  Run Bytes Received By Job
	13055  -  Total Bytes Sent By Job
	1565  -  Total Bytes Received By Job
	Partitionable Resources :    Usage  Request Allocated 
	   Cpus                 :     0.78        1         1 
	   Disk (KB)            :    36           2    209596 
	   Memory (MB)          :   176        2000      2000 
...
