000 (1355326.000.000) 02/17 07:44:16 Job submitted from host: <137.138.44.55:9618?addrs=137.138.44.55-9618+[2001-1458-d00-1a--48]-9618&alias=bigbird17.cern.ch&noUDP&sock=schedd_1694_8585_188>
...
040 (1355326.000.000) 02/17 07:46:26 Started transferring input files
	Transferring to host: <128.142.68.57:9618?addrs=128.142.68.57-9618&noUDP&sock=3241_53dd_103089>
...
040 (1355326.000.000) 02/17 07:46:26 Finished transferring input files
...
001 (1355326.000.000) 02/17 07:46:27 Job executing on host: <128.142.68.57:9618?addrs=128.142.68.57-9618&noUDP&sock=2133_a399_3>
...
006 (1355326.000.000) 02/17 07:46:36 Image size of job updated: 119304
	41  -  MemoryUsage of job (MB)
	41668  -  ResidentSetSize of job (KB)
...
006 (1355326.000.000) 02/17 07:46:50 Image size of job updated: 246740
	41  -  MemoryUsage of job (MB)
	41888  -  ResidentSetSize of job (KB)
...
040 (1355326.000.000) 02/17 07:46:50 Started transferring output files
...
040 (1355326.000.000) 02/17 07:46:50 Finished transferring output files
...
005 (1355326.000.000) 02/17 07:46:50 Job terminated.
	(1) Normal termination (return value 0)
		Usr 0 00:00:08, Sys 0 00:00:01  -  Run Remote Usage
		Usr 0 00:00:00, Sys 0 00:00:00  -  Run Local Usage
		Usr 0 00:00:08, Sys 0 00:00:01  -  Total Remote Usage
		Usr 0 00:00:00, Sys 0 00:00:00  -  Total Local Usage
	8142  -  Run Bytes Sent By Job
	1488  -  Run Bytes Received By Job
	8142  -  Total Bytes Sent By Job
	1488  -  Total Bytes Received By Job
	Partitionable Resources :    Usage  Request Allocated 
	   Cpus                 :        0        1         1 
	   Disk (KB)            :       30        2    251448 
	   Memory (MB)          :       41     2000      2000 
...
