000 (1355332.000.000) 02/17 07:44:27 Job submitted from host: <137.138.44.55:9618?addrs=137.138.44.55-9618+[2001-1458-d00-1a--48]-9618&alias=bigbird17.cern.ch&noUDP&sock=schedd_1694_8585_188>
...
040 (1355332.000.000) 02/17 07:46:53 Started transferring input files
	Transferring to host: <128.142.65.207:9618?addrs=128.142.65.207-9618+[2001-1458-301-4c--100-601]-9618&noUDP&sock=7166_d85c_11660>
...
040 (1355332.000.000) 02/17 07:46:53 Finished transferring input files
...
001 (1355332.000.000) 02/17 07:46:54 Job executing on host: <128.142.65.207:9618?addrs=128.142.65.207-9618+[2001-1458-301-4c--100-601]-9618&noUDP&sock=5500_1efa_3>
...
006 (1355332.000.000) 02/17 07:47:03 Image size of job updated: 236576
	171  -  MemoryUsage of job (MB)
	174308  -  ResidentSetSize of job (KB)
...
006 (1355332.000.000) 02/17 07:47:11 Image size of job updated: 679236
	171  -  MemoryUsage of job (MB)
	174308  -  ResidentSetSize of job (KB)
...
040 (1355332.000.000) 02/17 07:47:11 Started transferring output files
...
040 (1355332.000.000) 02/17 07:47:11 Finished transferring output files
...
005 (1355332.000.000) 02/17 07:47:11 Job terminated.
	(1) Normal termination (return value 0)
		Usr 0 00:00:07, Sys 0 00:00:01  -  Run Remote Usage
		Usr 0 00:00:00, Sys 0 00:00:00  -  Run Local Usage
		Usr 0 00:00:07, Sys 0 00:00:01  -  Total Remote Usage
		Usr 0 00:00:00, Sys 0 00:00:00  -  Total Local Usage
	8143  -  Run Bytes Sent By Job
	1488  -  Run Bytes Received By Job
	8143  -  Total Bytes Sent By Job
	1488  -  Total Bytes Received By Job
	Partitionable Resources :    Usage  Request Allocated 
	   Cpus                 :        0        1         1 
	   Disk (KB)            :       31        2    274948 
	   Memory (MB)          :      171     2000      2000 
...
