000 (1354416.000.000) 02/17 06:52:40 Job submitted from host: <137.138.44.55:9618?addrs=137.138.44.55-9618+[2001-1458-d00-1a--48]-9618&alias=bigbird17.cern.ch&noUDP&sock=schedd_1694_8585_188>
...
040 (1354416.000.000) 02/17 07:04:20 Started transferring input files
	Transferring to host: <128.142.149.53:9618?addrs=128.142.149.53-9618+[2001-1458-301-b--100-4d0]-9618&alias=b7g41n1199.cern.ch&noUDP&sock=slot1_8_15656_d176_10991>
...
040 (1354416.000.000) 02/17 07:04:20 Finished transferring input files
...
001 (1354416.000.000) 02/17 07:04:21 Job executing on host: <128.142.149.53:9618?addrs=128.142.149.53-9618+[2001-1458-301-b--100-4d0]-9618&alias=b7g41n1199.cern.ch&noUDP&sock=startd_6563_4026>
...
006 (1354416.000.000) 02/17 07:04:29 Image size of job updated: 506792
	170  -  MemoryUsage of job (MB)
	173580  -  ResidentSetSize of job (KB)
...
006 (1354416.000.000) 02/17 07:06:22 Image size of job updated: 826008
	170  -  MemoryUsage of job (MB)
	173580  -  ResidentSetSize of job (KB)
...
040 (1354416.000.000) 02/17 07:06:22 Started transferring output files
...
040 (1354416.000.000) 02/17 07:06:22 Finished transferring output files
...
005 (1354416.000.000) 02/17 07:06:23 Job terminated.
	(1) Normal termination (return value 0)
		Usr 0 00:01:35, Sys 0 00:00:02  -  Run Remote Usage
		Usr 0 00:00:00, Sys 0 00:00:00  -  Run Local Usage
		Usr 0 00:01:35, Sys 0 00:00:02  -  Total Remote Usage
		Usr 0 00:00:00, Sys 0 00:00:00  -  Total Local Usage
	7916  -  Run Bytes Sent By Job
	1514  -  Run Bytes Received By Job
	7916  -  Total Bytes Sent By Job
	1514  -  Total Bytes Received By Job
	Partitionable Resources :    Usage  Request Allocated 
	   Cpus                 :                 1         1 
	   Disk (KB)            :       23        2    349147 
	   Memory (MB)          :      170     2000      2000 
...
