000 (1354688.000.000) 02/17 07:12:41 Job submitted from host: <137.138.44.55:9618?addrs=137.138.44.55-9618+[2001-1458-d00-1a--48]-9618&alias=bigbird17.cern.ch&noUDP&sock=schedd_1694_8585_188>
...
040 (1354688.000.000) 02/17 07:12:48 Started transferring input files
	Transferring to host: <128.142.85.32:9618?addrs=128.142.85.32-9618+[2001-1458-301-f6--100-45f]-9618&noUDP&sock=16888_dfa8_27243>
...
040 (1354688.000.000) 02/17 07:12:48 Finished transferring input files
...
001 (1354688.000.000) 02/17 07:12:49 Job executing on host: <128.142.85.32:9618?addrs=128.142.85.32-9618+[2001-1458-301-f6--100-45f]-9618&noUDP&sock=16731_a721_3>
...
006 (1354688.000.000) 02/17 07:12:57 Image size of job updated: 261632
	196  -  MemoryUsage of job (MB)
	200664  -  ResidentSetSize of job (KB)
...
006 (1354688.000.000) 02/17 07:13:06 Image size of job updated: 517428
	197  -  MemoryUsage of job (MB)
	200968  -  ResidentSetSize of job (KB)
...
040 (1354688.000.000) 02/17 07:13:06 Started transferring output files
...
040 (1354688.000.000) 02/17 07:13:06 Finished transferring output files
...
005 (1354688.000.000) 02/17 07:13:06 Job terminated.
	(1) Normal termination (return value 139)
		Usr 0 00:00:10, Sys 0 00:00:02  -  Run Remote Usage
		Usr 0 00:00:00, Sys 0 00:00:00  -  Run Local Usage
		Usr 0 00:00:10, Sys 0 00:00:02  -  Total Remote Usage
		Usr 0 00:00:00, Sys 0 00:00:00  -  Total Local Usage
	9963  -  Run Bytes Sent By Job
	1594  -  Run Bytes Received By Job
	9963  -  Total Bytes Sent By Job
	1594  -  Total Bytes Received By Job
	Partitionable Resources :    Usage  Request Allocated 
	   Cpus                 :     1.01        1         1 
	   Disk (KB)            :    33           2    251531 
	   Memory (MB)          :   197        2000      2000 
...
