000 (1354602.000.000) 02/17 07:05:52 Job submitted from host: <137.138.44.55:9618?addrs=137.138.44.55-9618+[2001-1458-d00-1a--48]-9618&alias=bigbird17.cern.ch&noUDP&sock=schedd_1694_8585_188>
...
040 (1354602.000.000) 02/17 07:08:51 Started transferring input files
	Transferring to host: <128.142.133.155:9618?addrs=128.142.133.155-9618+[2001-1458-301-32--100-99]-9618&alias=b7g21n0465.cern.ch&noUDP&sock=slot1_4_11638_c612_2731>
...
040 (1354602.000.000) 02/17 07:08:51 Finished transferring input files
...
001 (1354602.000.000) 02/17 07:08:52 Job executing on host: <128.142.133.155:9618?addrs=128.142.133.155-9618+[2001-1458-301-32--100-99]-9618&alias=b7g21n0465.cern.ch&noUDP&sock=startd_2408_4424>
...
006 (1354602.000.000) 02/17 07:09:02 Image size of job updated: 811352
	170  -  MemoryUsage of job (MB)
	174076  -  ResidentSetSize of job (KB)
...
006 (1354602.000.000) 02/17 07:10:40 Image size of job updated: 825608
	170  -  MemoryUsage of job (MB)
	174076  -  ResidentSetSize of job (KB)
...
040 (1354602.000.000) 02/17 07:10:40 Started transferring output files
...
040 (1354602.000.000) 02/17 07:10:40 Finished transferring output files
...
005 (1354602.000.000) 02/17 07:10:40 Job terminated.
	(1) Normal termination (return value 0)
		Usr 0 00:01:25, Sys 0 00:00:02  -  Run Remote Usage
		Usr 0 00:00:00, Sys 0 00:00:00  -  Run Local Usage
		Usr 0 00:01:25, Sys 0 00:00:02  -  Total Remote Usage
		Usr 0 00:00:00, Sys 0 00:00:00  -  Total Local Usage
	7957  -  Run Bytes Sent By Job
	1555  -  Run Bytes Received By Job
	7957  -  Total Bytes Sent By Job
	1555  -  Total Bytes Received By Job
	Partitionable Resources :    Usage  Request Allocated 
	   Cpus                 :                 1         1 
	   Disk (KB)            :       23        2    192405 
	   Memory (MB)          :      170     2000      2000 
...
