000 (1354853.000.000) 02/17 07:22:07 Job submitted from host: <137.138.44.55:9618?addrs=137.138.44.55-9618+[2001-1458-d00-1a--48]-9618&alias=bigbird17.cern.ch&noUDP&sock=schedd_1694_8585_188>
...
040 (1354853.000.000) 02/17 07:22:14 Started transferring input files
	Transferring to host: <188.184.133.0:9618?addrs=188.184.133.0-9618+[2001-1458-301-a0--100-f4]-9618&alias=b7g28n0011.cern.ch&noUDP&sock=slot1_7_9940_610d_25030>
...
040 (1354853.000.000) 02/17 07:22:14 Finished transferring input files
...
001 (1354853.000.000) 02/17 07:22:15 Job executing on host: <188.184.133.0:9618?addrs=188.184.133.0-9618+[2001-1458-301-a0--100-f4]-9618&alias=b7g28n0011.cern.ch&noUDP&sock=startd_3887_bcb7>
...
006 (1354853.000.000) 02/17 07:22:24 Image size of job updated: 339624
	273  -  MemoryUsage of job (MB)
	278820  -  ResidentSetSize of job (KB)
...
006 (1354853.000.000) 02/17 07:22:32 Image size of job updated: 1160256
	273  -  MemoryUsage of job (MB)
	278828  -  ResidentSetSize of job (KB)
...
040 (1354853.000.000) 02/17 07:22:32 Started transferring output files
...
040 (1354853.000.000) 02/17 07:22:32 Finished transferring output files
...
005 (1354853.000.000) 02/17 07:22:32 Job terminated.
	(1) Normal termination (return value 139)
		Usr 0 00:00:10, Sys 0 00:00:02  -  Run Remote Usage
		Usr 0 00:00:00, Sys 0 00:00:00  -  Run Local Usage
		Usr 0 00:00:10, Sys 0 00:00:02  -  Total Remote Usage
		Usr 0 00:00:00, Sys 0 00:00:00  -  Total Local Usage
	9964  -  Run Bytes Sent By Job
	1595  -  Run Bytes Received By Job
	9964  -  Total Bytes Sent By Job
	1595  -  Total Bytes Received By Job
	Partitionable Resources :    Usage  Request Allocated 
	   Cpus                 :                 1         1 
	   Disk (KB)            :       25        2    140350 
	   Memory (MB)          :      273     2000      2000 
...
