000 (1354916.000.000) 02/17 07:24:51 Job submitted from host: <137.138.44.55:9618?addrs=137.138.44.55-9618+[2001-1458-d00-1a--48]-9618&alias=bigbird17.cern.ch&noUDP&sock=schedd_1694_8585_188>
...
040 (1354916.000.000) 02/17 07:25:36 Started transferring input files
	Transferring to host: <128.142.83.113:9618?addrs=128.142.83.113-9618+[2001-1458-301-f5--100-15a]-9618&alias=b7s13n4764.cern.ch&noUDP&sock=slot1_13_23727_915e_9653>
...
040 (1354916.000.000) 02/17 07:25:36 Finished transferring input files
...
001 (1354916.000.000) 02/17 07:25:37 Job executing on host: <128.142.83.113:9618?addrs=128.142.83.113-9618+[2001-1458-301-f5--100-15a]-9618&alias=b7s13n4764.cern.ch&noUDP&sock=startd_16689_d826>
...
006 (1354916.000.000) 02/17 07:25:46 Image size of job updated: 126248
	59  -  MemoryUsage of job (MB)
	59900  -  ResidentSetSize of job (KB)
...
040 (1354916.000.000) 02/17 07:25:52 Started transferring output files
...
040 (1354916.000.000) 02/17 07:25:52 Finished transferring output files
...
005 (1354916.000.000) 02/17 07:25:52 Job terminated.
	(1) Normal termination (return value 0)
		Usr 0 00:00:03, Sys 0 00:00:01  -  Run Remote Usage
		Usr 0 00:00:00, Sys 0 00:00:00  -  Run Local Usage
		Usr 0 00:00:03, Sys 0 00:00:01  -  Total Remote Usage
		Usr 0 00:00:00, Sys 0 00:00:00  -  Total Local Usage
	12875  -  Run Bytes Sent By Job
	1459  -  Run Bytes Received By Job
	12875  -  Total Bytes Sent By Job
	1459  -  Total Bytes Received By Job
	Partitionable Resources :    Usage  Request Allocated 
	   Cpus                 :                 1         1 
	   Disk (KB)            :       27        2    153030 
	   Memory (MB)          :       59     2000      2000 
...
