000 (1355366.000.000) 02/17 07:45:52 Job submitted from host: <137.138.44.55:9618?addrs=137.138.44.55-9618+[2001-1458-d00-1a--48]-9618&alias=bigbird17.cern.ch&noUDP&sock=schedd_1694_8585_188>
...
040 (1355366.000.000) 02/17 07:47:17 Started transferring input files
	Transferring to host: <128.142.85.76:9618?addrs=128.142.85.76-9618+[2001-1458-301-f6--100-1d8]-9618&noUDP&sock=16775_4143_28853>
...
040 (1355366.000.000) 02/17 07:47:17 Finished transferring input files
...
001 (1355366.000.000) 02/17 07:47:18 Job executing on host: <128.142.85.76:9618?addrs=128.142.85.76-9618+[2001-1458-301-f6--100-1d8]-9618&noUDP&sock=16618_24ed_3>
...
006 (1355366.000.000) 02/17 07:47:26 Image size of job updated: 241784
	176  -  MemoryUsage of job (MB)
	179516  -  ResidentSetSize of job (KB)
...
040 (1355366.000.000) 02/17 07:47:32 Started transferring output files
...
040 (1355366.000.000) 02/17 07:47:32 Finished transferring output files
...
005 (1355366.000.000) 02/17 07:47:32 Job terminated.
	(1) Normal termination (return value 0)
		Usr 0 00:00:08, Sys 0 00:00:01  -  Run Remote Usage
		Usr 0 00:00:00, Sys 0 00:00:00  -  Run Local Usage
		Usr 0 00:00:08, Sys 0 00:00:01  -  Total Remote Usage
		Usr 0 00:00:00, Sys 0 00:00:00  -  Total Local Usage
	8138  -  Run Bytes Sent By Job
	1483  -  Run Bytes Received By Job
	8138  -  Total Bytes Sent By Job
	1483  -  Total Bytes Received By Job
	Partitionable Resources :    Usage  Request Allocated 
	   Cpus                 :     0.04        1         1 
	   Disk (KB)            :    30           2    252404 
	   Memory (MB)          :   176        2000      2000 
...
