000 (1354719.000.000) 02/17 07:15:06 Job submitted from host: <137.138.44.55:9618?addrs=137.138.44.55-9618+[2001-1458-d00-1a--48]-9618&alias=bigbird17.cern.ch&noUDP&sock=schedd_1694_8585_188>
...
040 (1354719.000.000) 02/17 07:15:47 Started transferring input files
	Transferring to host: <128.142.74.28:9618?addrs=128.142.74.28-9618+[2001-1458-301-75--100-c6]-9618&alias=b7s11n7939.cern.ch&noUDP&sock=slot1_3_2576_c662_5359>
...
040 (1354719.000.000) 02/17 07:15:47 Finished transferring input files
...
001 (1354719.000.000) 02/17 07:15:48 Job executing on host: <128.142.74.28:9618?addrs=128.142.74.28-9618+[2001-1458-301-75--100-c6]-9618&alias=b7s11n7939.cern.ch&noUDP&sock=startd_16792_7e68>
...
006 (1354719.000.000) 02/17 07:15:56 Image size of job updated: 270480
	205  -  MemoryUsage of job (MB)
	209696  -  ResidentSetSize of job (KB)
...
006 (1354719.000.000) 02/17 07:16:06 Image size of job updated: 1132152
	206  -  MemoryUsage of job (MB)
	210152  -  ResidentSetSize of job (KB)
...
040 (1354719.000.000) 02/17 07:16:06 Started transferring output files
...
040 (1354719.000.000) 02/17 07:16:06 Finished transferring output files
...
005 (1354719.000.000) 02/17 07:16:06 Job terminated.
	(1) Normal termination (return value 139)
		Usr 0 00:00:10, Sys 0 00:00:02  -  Run Remote Usage
		Usr 0 00:00:00, Sys 0 00:00:00  -  Run Local Usage
		Usr 0 00:00:10, Sys 0 00:00:02  -  Total Remote Usage
		Usr 0 00:00:00, Sys 0 00:00:00  -  Total Local Usage
	9964  -  Run Bytes Sent By Job
	1594  -  Run Bytes Received By Job
	9964  -  Total Bytes Sent By Job
	1594  -  Total Bytes Received By Job
	Partitionable Resources :    Usage  Request Allocated 
	   Cpus                 :                 1         1 
	   Disk (KB)            :       25        2    257508 
	   Memory (MB)          :      206     2000      2000 
...
