000 (1354518.000.000) 02/17 06:58:59 Job submitted from host: <137.138.44.55:9618?addrs=137.138.44.55-9618+[2001-1458-d00-1a--48]-9618&alias=bigbird17.cern.ch&noUDP&sock=schedd_1694_8585_188>
...
040 (1354518.000.000) 02/17 07:05:19 Started transferring input files
	Transferring to host: <128.142.84.184:9618?addrs=128.142.84.184-9618+[2001-1458-301-f6--100-1b]-9618&noUDP&sock=16790_d2e4_20307>
...
040 (1354518.000.000) 02/17 07:05:19 Finished transferring input files
...
001 (1354518.000.000) 02/17 07:05:20 Job executing on host: <128.142.84.184:9618?addrs=128.142.84.184-9618+[2001-1458-301-f6--100-1b]-9618&noUDP&sock=16630_6010_3>
...
006 (1354518.000.000) 02/17 07:05:29 Image size of job updated: 319896
	254  -  MemoryUsage of job (MB)
	259112  -  ResidentSetSize of job (KB)
...
006 (1354518.000.000) 02/17 07:05:37 Image size of job updated: 461648
	254  -  MemoryUsage of job (MB)
	259228  -  ResidentSetSize of job (KB)
...
040 (1354518.000.000) 02/17 07:05:37 Started transferring output files
...
040 (1354518.000.000) 02/17 07:05:37 Finished transferring output files
...
005 (1354518.000.000) 02/17 07:05:37 Job terminated.
	(1) Normal termination (return value 139)
		Usr 0 00:00:09, Sys 0 00:00:02  -  Run Remote Usage
		Usr 0 00:00:00, Sys 0 00:00:00  -  Run Local Usage
		Usr 0 00:00:09, Sys 0 00:00:02  -  Total Remote Usage
		Usr 0 00:00:00, Sys 0 00:00:00  -  Total Local Usage
	9956  -  Run Bytes Sent By Job
	1554  -  Run Bytes Received By Job
	9956  -  Total Bytes Sent By Job
	1554  -  Total Bytes Received By Job
	Partitionable Resources :    Usage  Request Allocated 
	   Cpus                 :        0        1         1 
	   Disk (KB)            :       33        2    257963 
	   Memory (MB)          :      254     2000      2000 
...
