000 (1354772.000.000) 02/17 07:18:09 Job submitted from host: <137.138.44.55:9618?addrs=137.138.44.55-9618+[2001-1458-d00-1a--48]-9618&alias=bigbird17.cern.ch&noUDP&sock=schedd_1694_8585_188>
...
040 (1354772.000.000) 02/17 07:19:14 Started transferring input files
	Transferring to host: <188.184.168.22:9618?addrs=188.184.168.22-9618+[2001-1458-301-c0--100-226]-9618&alias=b7g52n5270.cern.ch&noUDP&sock=slot1_11_7834_82f8_9499>
...
040 (1354772.000.000) 02/17 07:19:14 Finished transferring input files
...
001 (1354772.000.000) 02/17 07:19:15 Job executing on host: <188.184.168.22:9618?addrs=188.184.168.22-9618+[2001-1458-301-c0--100-226]-9618&alias=b7g52n5270.cern.ch&noUDP&sock=startd_17816_df63>
...
006 (1354772.000.000) 02/17 07:19:23 Image size of job updated: 290028
	224  -  MemoryUsage of job (MB)
	229244  -  ResidentSetSize of job (KB)
...
006 (1354772.000.000) 02/17 07:19:31 Image size of job updated: 1185144
	224  -  MemoryUsage of job (MB)
	229368  -  ResidentSetSize of job (KB)
...
040 (1354772.000.000) 02/17 07:19:31 Started transferring output files
...
040 (1354772.000.000) 02/17 07:19:31 Finished transferring output files
...
005 (1354772.000.000) 02/17 07:19:31 Job terminated.
	(1) Normal termination (return value 139)
		Usr 0 00:00:09, Sys 0 00:00:02  -  Run Remote Usage
		Usr 0 00:00:00, Sys 0 00:00:00  -  Run Local Usage
		Usr 0 00:00:09, Sys 0 00:00:02  -  Total Remote Usage
		Usr 0 00:00:00, Sys 0 00:00:00  -  Total Local Usage
	9963  -  Run Bytes Sent By Job
	1594  -  Run Bytes Received By Job
	9963  -  Total Bytes Sent By Job
	1594  -  Total Bytes Received By Job
	Partitionable Resources :    Usage  Request Allocated 
	   Cpus                 :                 1         1 
	   Disk (KB)            :       25        2    238530 
	   Memory (MB)          :      224     2000      2000 
...
