000 (1355182.000.000) 02/17 07:37:18 Job submitted from host: <137.138.44.55:9618?addrs=137.138.44.55-9618+[2001-1458-d00-1a--48]-9618&alias=bigbird17.cern.ch&noUDP&sock=schedd_1694_8585_188>
...
040 (1355182.000.000) 02/17 07:37:21 Started transferring input files
	Transferring to host: <188.184.143.115:9618?addrs=188.184.143.115-9618+[2001-1458-301-46--100-fc]-9618&noUDP&sock=10342_9fde_157272>
...
040 (1355182.000.000) 02/17 07:37:21 Finished transferring input files
...
001 (1355182.000.000) 02/17 07:37:22 Job executing on host: <188.184.143.115:9618?addrs=188.184.143.115-9618+[2001-1458-301-46--100-fc]-9618&noUDP&sock=2405_355c_3>
...
006 (1355182.000.000) 02/17 07:37:30 Image size of job updated: 232316
	169  -  MemoryUsage of job (MB)
	172232  -  ResidentSetSize of job (KB)
...
006 (1355182.000.000) 02/17 07:39:39 Image size of job updated: 364280
	169  -  MemoryUsage of job (MB)
	172232  -  ResidentSetSize of job (KB)
...
040 (1355182.000.000) 02/17 07:39:40 Started transferring output files
...
040 (1355182.000.000) 02/17 07:39:40 Finished transferring output files
...
005 (1355182.000.000) 02/17 07:39:40 Job terminated.
	(1) Normal termination (return value 0)
		Usr 0 00:01:25, Sys 0 00:00:02  -  Run Remote Usage
		Usr 0 00:00:00, Sys 0 00:00:00  -  Run Local Usage
		Usr 0 00:01:25, Sys 0 00:00:02  -  Total Remote Usage
		Usr 0 00:00:00, Sys 0 00:00:00  -  Total Local Usage
	13054  -  Run Bytes Sent By Job
	1565  -  Run Bytes Received By Job
	13054  -  Total Bytes Sent By Job
	1565  -  Total Bytes Received By Job
	Partitionable Resources :    Usage  Request Allocated 
	   Cpus                 :     0.42        1         1 
	   Disk (KB)            :    36           2    198264 
	   Memory (MB)          :   169        2000      2000 
...
