000 (1354644.000.000) 02/17 07:09:10 Job submitted from host: <137.138.44.55:9618?addrs=137.138.44.55-9618+[2001-1458-d00-1a--48]-9618&alias=bigbird17.cern.ch&noUDP&sock=schedd_1694_8585_188>
...
040 (1354644.000.000) 02/17 07:10:01 Started transferring input files
	Transferring to host: <188.184.211.138:9618?addrs=188.184.211.138-9618+[2001-1458-301-10b--100-112]-9618&alias=b7g23n6648.cern.ch&noUDP&sock=slot1_6_22671_8533_7916>
...
040 (1354644.000.000) 02/17 07:10:01 Finished transferring input files
...
001 (1354644.000.000) 02/17 07:10:02 Job executing on host: <188.184.211.138:9618?addrs=188.184.211.138-9618+[2001-1458-301-10b--100-112]-9618&alias=b7g23n6648.cern.ch&noUDP&sock=startd_18670_a544>
...
006 (1354644.000.000) 02/17 07:10:11 Image size of job updated: 615128
	171  -  MemoryUsage of job (MB)
	174188  -  ResidentSetSize of job (KB)
...
006 (1354644.000.000) 02/17 07:12:02 Image size of job updated: 826092
	171  -  MemoryUsage of job (MB)
	174188  -  ResidentSetSize of job (KB)
...
040 (1354644.000.000) 02/17 07:12:02 Started transferring output files
...
040 (1354644.000.000) 02/17 07:12:02 Finished transferring output files
...
005 (1354644.000.000) 02/17 07:12:02 Job terminated.
	(1) Normal termination (return value 0)
		Usr 0 00:01:33, Sys 0 00:00:02  -  Run Remote Usage
		Usr 0 00:00:00, Sys 0 00:00:00  -  Run Local Usage
		Usr 0 00:01:33, Sys 0 00:00:02  -  Total Remote Usage
		Usr 0 00:00:00, Sys 0 00:00:00  -  Total Local Usage
	7961  -  Run Bytes Sent By Job
	1560  -  Run Bytes Received By Job
	7961  -  Total Bytes Sent By Job
	1560  -  Total Bytes Received By Job
	Partitionable Resources :    Usage  Request Allocated 
	   Cpus                 :                 1         1 
	   Disk (KB)            :       23        2    342418 
	   Memory (MB)          :      171     2000      2000 
...
