000 (1355116.000.000) 02/17 07:33:58 Job submitted from host: <137.138.44.55:9618?addrs=137.138.44.55-9618+[2001-1458-d00-1a--48]-9618&alias=bigbird17.cern.ch&noUDP&sock=schedd_1694_8585_188>
...
040 (1355116.000.000) 02/17 07:36:22 Started transferring input files
	Transferring to host: <188.184.139.6:9618?addrs=188.184.139.6-9618+[2001-1458-301-45--100-ea]-9618&noUDP&sock=5302_7d11_163784>
...
040 (1355116.000.000) 02/17 07:36:22 Finished transferring input files
...
001 (1355116.000.000) 02/17 07:36:23 Job executing on host: <188.184.139.6:9618?addrs=188.184.139.6-9618+[2001-1458-301-45--100-ea]-9618&noUDP&sock=5585_6c87_3>
...
006 (1355116.000.000) 02/17 07:36:32 Image size of job updated: 89400
	60  -  MemoryUsage of job (MB)
	60504  -  ResidentSetSize of job (KB)
...
006 (1355116.000.000) 02/17 07:38:57 Image size of job updated: 89400
	60  -  MemoryUsage of job (MB)
	60908  -  ResidentSetSize of job (KB)
...
040 (1355116.000.000) 02/17 07:38:57 Started transferring output files
...
040 (1355116.000.000) 02/17 07:38:57 Finished transferring output files
...
005 (1355116.000.000) 02/17 07:38:57 Job terminated.
	(1) Normal termination (return value 0)
		Usr 0 00:01:36, Sys 0 00:00:02  -  Run Remote Usage
		Usr 0 00:00:00, Sys 0 00:00:00  -  Run Local Usage
		Usr 0 00:01:36, Sys 0 00:00:02  -  Total Remote Usage
		Usr 0 00:00:00, Sys 0 00:00:00  -  Total Local Usage
	13054  -  Run Bytes Sent By Job
	1564  -  Run Bytes Received By Job
	13054  -  Total Bytes Sent By Job
	1564  -  Total Bytes Received By Job
	Partitionable Resources :    Usage  Request Allocated 
	   Cpus                 :     0.73        1         1 
	   Disk (KB)            :    36           2    280740 
	   Memory (MB)          :    60        2000      2000 
...
