000 (1354512.000.000) 02/17 06:58:36 Job submitted from host: <137.138.44.55:9618?addrs=137.138.44.55-9618+[2001-1458-d00-1a--48]-9618&alias=bigbird17.cern.ch&noUDP&sock=schedd_1694_8585_188>
...
040 (1354512.000.000) 02/17 07:03:46 Started transferring input files
	Transferring to host: <128.142.85.1:9618?addrs=128.142.85.1-9618+[2001-1458-301-f6--100-13b]-9618&alias=b7s14n6965.cern.ch&noUDP&sock=slot1_2_8044_79c0_9366>
...
040 (1354512.000.000) 02/17 07:03:46 Finished transferring input files
...
001 (1354512.000.000) 02/17 07:03:47 Job executing on host: <128.142.85.1:9618?addrs=128.142.85.1-9618+[2001-1458-301-f6--100-13b]-9618&alias=b7s14n6965.cern.ch&noUDP&sock=startd_16597_bd70>
...
006 (1354512.000.000) 02/17 07:03:56 Image size of job updated: 517076
	74  -  MemoryUsage of job (MB)
	74760  -  ResidentSetSize of job (KB)
...
006 (1354512.000.000) 02/17 07:04:11 Image size of job updated: 1278004
	74  -  MemoryUsage of job (MB)
	74760  -  ResidentSetSize of job (KB)
...
040 (1354512.000.000) 02/17 07:04:12 Started transferring output files
...
040 (1354512.000.000) 02/17 07:04:12 Finished transferring output files
...
005 (1354512.000.000) 02/17 07:04:13 Job terminated.
	(1) Normal termination (return value 139)
		Usr 0 00:00:08, Sys 0 00:00:02  -  Run Remote Usage
		Usr 0 00:00:00, Sys 0 00:00:00  -  Run Local Usage
		Usr 0 00:00:08, Sys 0 00:00:02  -  Total Remote Usage
		Usr 0 00:00:00, Sys 0 00:00:00  -  Total Local Usage
	9955  -  Run Bytes Sent By Job
	1554  -  Run Bytes Received By Job
	9955  -  Total Bytes Sent By Job
	1554  -  Total Bytes Received By Job
	Partitionable Resources :    Usage  Request Allocated 
	   Cpus                 :                 1         1 
	   Disk (KB)            :       24        2    252778 
	   Memory (MB)          :       74     2000      2000 
...
