000 (1355006.000.000) 02/17 07:28:10 Job submitted from host: <137.138.44.55:9618?addrs=137.138.44.55-9618+[2001-1458-d00-1a--48]-9618&alias=bigbird17.cern.ch&noUDP&sock=schedd_1694_8585_188>
...
040 (1355006.000.000) 02/17 07:28:29 Started transferring input files
	Transferring to host: <128.142.82.6:9618?addrs=128.142.82.6-9618+[2001-1458-301-f5--100-51b]-9618&noUDP&sock=16711_2941_28781>
...
040 (1355006.000.000) 02/17 07:28:29 Finished transferring input files
...
001 (1355006.000.000) 02/17 07:28:30 Job executing on host: <128.142.82.6:9618?addrs=128.142.82.6-9618+[2001-1458-301-f5--100-51b]-9618&noUDP&sock=16554_3edd_3>
...
006 (1355006.000.000) 02/17 07:28:38 Image size of job updated: 236848
	169  -  MemoryUsage of job (MB)
	172620  -  ResidentSetSize of job (KB)
...
040 (1355006.000.000) 02/17 07:28:38 Started transferring output files
...
040 (1355006.000.000) 02/17 07:28:38 Finished transferring output files
...
005 (1355006.000.000) 02/17 07:28:38 Job terminated.
	(1) Normal termination (return value 0)
		Usr 0 00:00:03, Sys 0 00:00:01  -  Run Remote Usage
		Usr 0 00:00:00, Sys 0 00:00:00  -  Run Local Usage
		Usr 0 00:00:03, Sys 0 00:00:01  -  Total Remote Usage
		Usr 0 00:00:00, Sys 0 00:00:00  -  Total Local Usage
	12915  -  Run Bytes Sent By Job
	1499  -  Run Bytes Received By Job
	12915  -  Total Bytes Sent By Job
	1499  -  Total Bytes Received By Job
	Partitionable Resources :    Usage  Request Allocated 
	   Cpus                 :        0        1         1 
	   Disk (KB)            :       36        2    260946 
	   Memory (MB)          :      169     2000      2000 
...
