000 (1354861.000.000) 02/17 07:22:20 Job submitted from host: <137.138.44.55:9618?addrs=137.138.44.55-9618+[2001-1458-d00-1a--48]-9618&alias=bigbird17.cern.ch&noUDP&sock=schedd_1694_8585_188>
...
040 (1354861.000.000) 02/17 07:22:23 Started transferring input files
	Transferring to host: <128.142.116.108:9618?addrs=128.142.116.108-9618+[2001-1458-301-ae--100-591]-9618&alias=b7s06n3959.cern.ch&noUDP&sock=slot1_5_29672_5bb0_4576>
...
040 (1354861.000.000) 02/17 07:22:23 Finished transferring input files
...
001 (1354861.000.000) 02/17 07:22:24 Job executing on host: <128.142.116.108:9618?addrs=128.142.116.108-9618+[2001-1458-301-ae--100-591]-9618&alias=b7s06n3959.cern.ch&noUDP&sock=startd_16582_7384>
...
006 (1354861.000.000) 02/17 07:22:33 Image size of job updated: 234696
	171  -  MemoryUsage of job (MB)
	174228  -  ResidentSetSize of job (KB)
...
006 (1354861.000.000) 02/17 07:24:42 Image size of job updated: 826112
	171  -  MemoryUsage of job (MB)
	174228  -  ResidentSetSize of job (KB)
...
040 (1354861.000.000) 02/17 07:24:42 Started transferring output files
...
040 (1354861.000.000) 02/17 07:24:42 Finished transferring output files
...
005 (1354861.000.000) 02/17 07:24:42 Job terminated.
	(1) Normal termination (return value 0)
		Usr 0 00:01:44, Sys 0 00:00:01  -  Run Remote Usage
		Usr 0 00:00:00, Sys 0 00:00:00  -  Run Local Usage
		Usr 0 00:01:44, Sys 0 00:00:01  -  Total Remote Usage
		Usr 0 00:00:00, Sys 0 00:00:00  -  Total Local Usage
	7996  -  Run Bytes Sent By Job
	1594  -  Run Bytes Received By Job
	7996  -  Total Bytes Sent By Job
	1594  -  Total Bytes Received By Job
	Partitionable Resources :    Usage  Request Allocated 
	   Cpus                 :                 1         1 
	   Disk (KB)            :       23        2    207692 
	   Memory (MB)          :      171     2000      2000 
...
