000 (1354558.000.000) 02/17 07:02:25 Job submitted from host: <137.138.44.55:9618?addrs=137.138.44.55-9618+[2001-1458-d00-1a--48]-9618&alias=bigbird17.cern.ch&noUDP&sock=schedd_1694_8585_188>
...
040 (1354558.000.000) 02/17 07:03:49 Started transferring input files
	Transferring to host: <128.142.193.200:9618?addrs=128.142.193.200-9618+[2001-1458-301-cc--100-382]-9618&alias=b7g52n0095.cern.ch&noUDP&sock=slot1_12_7255_8dc0_10783>
...
040 (1354558.000.000) 02/17 07:03:49 Finished transferring input files
...
001 (1354558.000.000) 02/17 07:03:50 Job executing on host: <128.142.193.200:9618?addrs=128.142.193.200-9618+[2001-1458-301-cc--100-382]-9618&alias=b7g52n0095.cern.ch&noUDP&sock=startd_2915_06a9>
...
006 (1354558.000.000) 02/17 07:03:59 Image size of job updated: 501660
	38  -  MemoryUsage of job (MB)
	38516  -  ResidentSetSize of job (KB)
...
006 (1354558.000.000) 02/17 07:05:53 Image size of job updated: 825508
	38  -  MemoryUsage of job (MB)
	38532  -  ResidentSetSize of job (KB)
...
040 (1354558.000.000) 02/17 07:05:53 Started transferring output files
...
040 (1354558.000.000) 02/17 07:05:53 Finished transferring output files
...
005 (1354558.000.000) 02/17 07:05:53 Job terminated.
	(1) Normal termination (return value 0)
		Usr 0 00:01:30, Sys 0 00:00:01  -  Run Remote Usage
		Usr 0 00:00:00, Sys 0 00:00:00  -  Run Local Usage
		Usr 0 00:01:30, Sys 0 00:00:01  -  Total Remote Usage
		Usr 0 00:00:00, Sys 0 00:00:00  -  Total Local Usage
	7956  -  Run Bytes Sent By Job
	1554  -  Run Bytes Received By Job
	7956  -  Total Bytes Sent By Job
	1554  -  Total Bytes Received By Job
	Partitionable Resources :    Usage  Request Allocated 
	   Cpus                 :                 1         1 
	   Disk (KB)            :       22        2    157897 
	   Memory (MB)          :       38     2000      2000 
...
