000 (1354710.000.000) 02/17 07:14:27 Job submitted from host: <137.138.44.55:9618?addrs=137.138.44.55-9618+[2001-1458-d00-1a--48]-9618&alias=bigbird17.cern.ch&noUDP&sock=schedd_1694_8585_188>
...
040 (1354710.000.000) 02/17 07:15:05 Started transferring input files
	Transferring to host: <128.142.69.184:9618?addrs=128.142.69.184-9618+[2001-1458-301-52--100-2ee]-9618&alias=b7s10n2121.cern.ch&noUDP&sock=slot1_3_4673_4d17_4334>
...
040 (1354710.000.000) 02/17 07:15:05 Finished transferring input files
...
001 (1354710.000.000) 02/17 07:15:06 Job executing on host: <128.142.69.184:9618?addrs=128.142.69.184-9618+[2001-1458-301-52--100-2ee]-9618&alias=b7s10n2121.cern.ch&noUDP&sock=startd_3732_6b89>
...
006 (1354710.000.000) 02/17 07:15:15 Image size of job updated: 83260
	33  -  MemoryUsage of job (MB)
	33052  -  ResidentSetSize of job (KB)
...
006 (1354710.000.000) 02/17 07:15:35 Image size of job updated: 558284
	33  -  MemoryUsage of job (MB)
	33052  -  ResidentSetSize of job (KB)
...
040 (1354710.000.000) 02/17 07:15:35 Started transferring output files
...
040 (1354710.000.000) 02/17 07:15:35 Finished transferring output files
...
005 (1354710.000.000) 02/17 07:15:35 Job terminated.
	(1) Normal termination (return value 139)
		Usr 0 00:00:10, Sys 0 00:00:02  -  Run Remote Usage
		Usr 0 00:00:00, Sys 0 00:00:00  -  Run Local Usage
		Usr 0 00:00:10, Sys 0 00:00:02  -  Total Remote Usage
		Usr 0 00:00:00, Sys 0 00:00:00  -  Total Local Usage
	9964  -  Run Bytes Sent By Job
	1594  -  Run Bytes Received By Job
	9964  -  Total Bytes Sent By Job
	1594  -  Total Bytes Received By Job
	Partitionable Resources :    Usage  Request Allocated 
	   Cpus                 :                 1         1 
	   Disk (KB)            :       24        2    247772 
	   Memory (MB)          :       33     2000      2000 
...
