000 (1354912.000.000) 02/17 07:24:43 Job submitted from host: <137.138.44.55:9618?addrs=137.138.44.55-9618+[2001-1458-d00-1a--48]-9618&alias=bigbird17.cern.ch&noUDP&sock=schedd_1694_8585_188>
...
040 (1354912.000.000) 02/17 07:25:36 Started transferring input files
	Transferring to host: <128.142.193.167:9618?addrs=128.142.193.167-9618+[2001-1458-301-cc--100-34c]-9618&noUDP&sock=17805_fbad_72098>
...
040 (1354912.000.000) 02/17 07:25:36 Finished transferring input files
...
001 (1354912.000.000) 02/17 07:25:37 Job executing on host: <128.142.193.167:9618?addrs=128.142.193.167-9618+[2001-1458-301-cc--100-34c]-9618&noUDP&sock=17669_0af7_3>
...
006 (1354912.000.000) 02/17 07:25:46 Image size of job updated: 193564
	94  -  MemoryUsage of job (MB)
	96020  -  ResidentSetSize of job (KB)
...
006 (1354912.000.000) 02/17 07:29:17 Image size of job updated: 805756
	94  -  MemoryUsage of job (MB)
	96020  -  ResidentSetSize of job (KB)
...
040 (1354912.000.000) 02/17 07:29:17 Started transferring output files
...
040 (1354912.000.000) 02/17 07:29:17 Finished transferring output files
...
005 (1354912.000.000) 02/17 07:29:18 Job terminated.
	(1) Normal termination (return value 0)
		Usr 0 00:02:22, Sys 0 00:00:02  -  Run Remote Usage
		Usr 0 00:00:00, Sys 0 00:00:00  -  Run Local Usage
		Usr 0 00:02:22, Sys 0 00:00:02  -  Total Remote Usage
		Usr 0 00:00:00, Sys 0 00:00:00  -  Total Local Usage
	12757  -  Run Bytes Sent By Job
	1417  -  Run Bytes Received By Job
	12757  -  Total Bytes Sent By Job
	1417  -  Total Bytes Received By Job
	Partitionable Resources :    Usage  Request Allocated 
	   Cpus                 :     0.93        1         1 
	   Disk (KB)            :    35           2    225572 
	   Memory (MB)          :    94        2000      2000 
...
