000 (1355196.000.000) 02/17 07:37:56 Job submitted from host: <137.138.44.55:9618?addrs=137.138.44.55-9618+[2001-1458-d00-1a--48]-9618&alias=bigbird17.cern.ch&noUDP&sock=schedd_1694_8585_188>
...
040 (1355196.000.000) 02/17 07:38:25 Started transferring input files
	Transferring to host: <188.184.200.240:9618?addrs=188.184.200.240-9618+[2001-1458-301-68--100-39b]-9618&alias=b7g26n0068.cern.ch&noUDP&sock=slot1_3_8367_0eed_24928>
...
040 (1355196.000.000) 02/17 07:38:25 Finished transferring input files
...
001 (1355196.000.000) 02/17 07:38:26 Job executing on host: <188.184.200.240:9618?addrs=188.184.200.240-9618+[2001-1458-301-68--100-39b]-9618&alias=b7g26n0068.cern.ch&noUDP&sock=startd_14705_fc40>
...
006 (1355196.000.000) 02/17 07:38:35 Image size of job updated: 347808
	154  -  MemoryUsage of job (MB)
	157588  -  ResidentSetSize of job (KB)
...
006 (1355196.000.000) 02/17 07:42:27 Image size of job updated: 777248
	154  -  MemoryUsage of job (MB)
	157588  -  ResidentSetSize of job (KB)
...
040 (1355196.000.000) 02/17 07:42:28 Started transferring output files
...
040 (1355196.000.000) 02/17 07:42:28 Finished transferring output files
...
005 (1355196.000.000) 02/17 07:42:28 Job terminated.
	(1) Normal termination (return value 0)
		Usr 0 00:01:46, Sys 0 00:00:02  -  Run Remote Usage
		Usr 0 00:00:00, Sys 0 00:00:00  -  Run Local Usage
		Usr 0 00:01:46, Sys 0 00:00:02  -  Total Remote Usage
		Usr 0 00:00:00, Sys 0 00:00:00  -  Total Local Usage
	13051  -  Run Bytes Sent By Job
	1560  -  Run Bytes Received By Job
	13051  -  Total Bytes Sent By Job
	1560  -  Total Bytes Received By Job
	Partitionable Resources :    Usage  Request Allocated 
	   Cpus                 :                 1         1 
	   Disk (KB)            :       28        2    193642 
	   Memory (MB)          :      154     2000      2000 
...
