000 (1354875.000.000) 02/17 07:22:41 Job submitted from host: <137.138.44.55:9618?addrs=137.138.44.55-9618+[2001-1458-d00-1a--48]-9618&alias=bigbird17.cern.ch&noUDP&sock=schedd_1694_8585_188>
...
040 (1354875.000.000) 02/17 07:23:06 Started transferring input files
	Transferring to host: <128.142.70.123:9618?addrs=128.142.70.123-9618&noUDP&sock=3227_769c_101841>
...
040 (1354875.000.000) 02/17 07:23:06 Finished transferring input files
...
001 (1354875.000.000) 02/17 07:23:07 Job executing on host: <128.142.70.123:9618?addrs=128.142.70.123-9618&noUDP&sock=2154_0b16_3>
...
006 (1354875.000.000) 02/17 07:23:15 Image size of job updated: 377392
	310  -  MemoryUsage of job (MB)
	316588  -  ResidentSetSize of job (KB)
...
006 (1354875.000.000) 02/17 07:23:21 Image size of job updated: 598072
	310  -  MemoryUsage of job (MB)
	317044  -  ResidentSetSize of job (KB)
...
040 (1354875.000.000) 02/17 07:23:21 Started transferring output files
...
040 (1354875.000.000) 02/17 07:23:21 Finished transferring output files
...
005 (1354875.000.000) 02/17 07:23:22 Job terminated.
	(1) Normal termination (return value 139)
		Usr 0 00:00:08, Sys 0 00:00:02  -  Run Remote Usage
		Usr 0 00:00:00, Sys 0 00:00:00  -  Run Local Usage
		Usr 0 00:00:08, Sys 0 00:00:02  -  Total Remote Usage
		Usr 0 00:00:00, Sys 0 00:00:00  -  Total Local Usage
	9964  -  Run Bytes Sent By Job
	1595  -  Run Bytes Received By Job
	9964  -  Total Bytes Sent By Job
	1595  -  Total Bytes Received By Job
	Partitionable Resources :    Usage  Request Allocated 
	   Cpus                 :        0        1         1 
	   Disk (KB)            :       33        2    272976 
	   Memory (MB)          :      310     2000      2000 
...
