000 (1354791.000.000) 02/17 07:19:19 Job submitted from host: <137.138.44.55:9618?addrs=137.138.44.55-9618+[2001-1458-d00-1a--48]-9618&alias=bigbird17.cern.ch&noUDP&sock=schedd_1694_8585_188>
...
040 (1354791.000.000) 02/17 07:21:04 Started transferring input files
	Transferring to host: <188.184.133.0:9618?addrs=188.184.133.0-9618+[2001-1458-301-a0--100-f4]-9618&alias=b7g28n0011.cern.ch&noUDP&sock=slot1_7_9940_610d_25026>
...
040 (1354791.000.000) 02/17 07:21:04 Finished transferring input files
...
001 (1354791.000.000) 02/17 07:21:05 Job executing on host: <188.184.133.0:9618?addrs=188.184.133.0-9618+[2001-1458-301-a0--100-f4]-9618&alias=b7g28n0011.cern.ch&noUDP&sock=startd_3887_bcb7>
...
006 (1354791.000.000) 02/17 07:21:14 Image size of job updated: 627584
	261  -  MemoryUsage of job (MB)
	266580  -  ResidentSetSize of job (KB)
...
006 (1354791.000.000) 02/17 07:21:23 Image size of job updated: 627584
	261  -  MemoryUsage of job (MB)
	267188  -  ResidentSetSize of job (KB)
...
040 (1354791.000.000) 02/17 07:21:23 Started transferring output files
...
040 (1354791.000.000) 02/17 07:21:23 Finished transferring output files
...
005 (1354791.000.000) 02/17 07:21:23 Job terminated.
	(1) Normal termination (return value 139)
		Usr 0 00:00:11, Sys 0 00:00:02  -  Run Remote Usage
		Usr 0 00:00:00, Sys 0 00:00:00  -  Run Local Usage
		Usr 0 00:00:11, Sys 0 00:00:02  -  Total Remote Usage
		Usr 0 00:00:00, Sys 0 00:00:00  -  Total Local Usage
	9964  -  Run Bytes Sent By Job
	1595  -  Run Bytes Received By Job
	9964  -  Total Bytes Sent By Job
	1595  -  Total Bytes Received By Job
	Partitionable Resources :    Usage  Request Allocated 
	   Cpus                 :                 1         1 
	   Disk (KB)            :       25        2    140377 
	   Memory (MB)          :      261     2000      2000 
...
