000 (1355291.000.000) 02/17 07:42:43 Job submitted from host: <137.138.44.55:9618?addrs=137.138.44.55-9618+[2001-1458-d00-1a--48]-9618&alias=bigbird17.cern.ch&noUDP&sock=schedd_1694_8585_188>
...
040 (1355291.000.000) 02/17 07:44:04 Started transferring input files
	Transferring to host: <128.142.108.236:9618?addrs=128.142.108.236-9618&noUDP&sock=2301_0337_98928>
...
040 (1355291.000.000) 02/17 07:44:04 Finished transferring input files
...
001 (1355291.000.000) 02/17 07:44:05 Job executing on host: <128.142.108.236:9618?addrs=128.142.108.236-9618&noUDP&sock=2182_3fbd_3>
...
006 (1355291.000.000) 02/17 07:44:13 Image size of job updated: 154868
	59  -  MemoryUsage of job (MB)
	60000  -  ResidentSetSize of job (KB)
...
006 (1355291.000.000) 02/17 07:44:31 Image size of job updated: 245596
	59  -  MemoryUsage of job (MB)
	60404  -  ResidentSetSize of job (KB)
...
040 (1355291.000.000) 02/17 07:44:31 Started transferring output files
...
040 (1355291.000.000) 02/17 07:44:31 Finished transferring output files
...
005 (1355291.000.000) 02/17 07:44:32 Job terminated.
	(1) Normal termination (return value 0)
		Usr 0 00:00:08, Sys 0 00:00:01  -  Run Remote Usage
		Usr 0 00:00:00, Sys 0 00:00:00  -  Run Local Usage
		Usr 0 00:00:08, Sys 0 00:00:01  -  Total Remote Usage
		Usr 0 00:00:00, Sys 0 00:00:00  -  Total Local Usage
	8143  -  Run Bytes Sent By Job
	1488  -  Run Bytes Received By Job
	8143  -  Total Bytes Sent By Job
	1488  -  Total Bytes Received By Job
	Partitionable Resources :    Usage  Request Allocated 
	   Cpus                 :        0        1         1 
	   Disk (KB)            :       31        2    211678 
	   Memory (MB)          :       59     2000      2000 
...
