000 (1355150.000.000) 02/17 07:35:42 Job submitted from host: <137.138.44.55:9618?addrs=137.138.44.55-9618+[2001-1458-d00-1a--48]-9618&alias=bigbird17.cern.ch&noUDP&sock=schedd_1694_8585_188>
...
040 (1355150.000.000) 02/17 07:36:58 Started transferring input files
	Transferring to host: <128.142.120.226:9618?addrs=128.142.120.226-9618+[2001-1458-301-b5--100-5cd]-9618&noUDP&sock=29285_ae80_158944>
...
040 (1355150.000.000) 02/17 07:36:58 Finished transferring input files
...
001 (1355150.000.000) 02/17 07:36:59 Job executing on host: <128.142.120.226:9618?addrs=128.142.120.226-9618+[2001-1458-301-b5--100-5cd]-9618&noUDP&sock=1302_a465_3>
...
006 (1355150.000.000) 02/17 07:37:08 Image size of job updated: 3560
	3  -  MemoryUsage of job (MB)
	2796  -  ResidentSetSize of job (KB)
...
006 (1355150.000.000) 02/17 07:40:36 Image size of job updated: 332604
	3  -  MemoryUsage of job (MB)
	2840  -  ResidentSetSize of job (KB)
...
040 (1355150.000.000) 02/17 07:40:36 Started transferring output files
...
040 (1355150.000.000) 02/17 07:40:36 Finished transferring output files
...
005 (1355150.000.000) 02/17 07:40:36 Job terminated.
	(1) Normal termination (return value 0)
		Usr 0 00:01:54, Sys 0 00:00:02  -  Run Remote Usage
		Usr 0 00:00:00, Sys 0 00:00:00  -  Run Local Usage
		Usr 0 00:01:54, Sys 0 00:00:02  -  Total Remote Usage
		Usr 0 00:00:00, Sys 0 00:00:00  -  Total Local Usage
	13054  -  Run Bytes Sent By Job
	1563  -  Run Bytes Received By Job
	13054  -  Total Bytes Sent By Job
	1563  -  Total Bytes Received By Job
	Partitionable Resources :    Usage  Request Allocated 
	   Cpus                 :        0        1         1 
	   Disk (KB)            :       35        2    135568 
	   Memory (MB)          :        3     2000      2000 
...
