000 (1354543.000.000) 02/17 07:01:09 Job submitted from host: <137.138.44.55:9618?addrs=137.138.44.55-9618+[2001-1458-d00-1a--48]-9618&alias=bigbird17.cern.ch&noUDP&sock=schedd_1694_8585_188>
...
040 (1354543.000.000) 02/17 07:06:14 Started transferring input files
	Transferring to host: <128.142.126.191:9618?addrs=128.142.126.191-9618+[2001-1458-301-c3--100-235]-9618&alias=b7s08n9043.cern.ch&noUDP&sock=slot1_2_21045_db31_4093>
...
040 (1354543.000.000) 02/17 07:06:14 Finished transferring input files
...
001 (1354543.000.000) 02/17 07:06:15 Job executing on host: <128.142.126.191:9618?addrs=128.142.126.191-9618+[2001-1458-301-c3--100-235]-9618&alias=b7s08n9043.cern.ch&noUDP&sock=startd_2012_a4a3>
...
006 (1354543.000.000) 02/17 07:06:24 Image size of job updated: 257052
	145  -  MemoryUsage of job (MB)
	147740  -  ResidentSetSize of job (KB)
...
006 (1354543.000.000) 02/17 07:10:25 Image size of job updated: 825356
	145  -  MemoryUsage of job (MB)
	147740  -  ResidentSetSize of job (KB)
...
040 (1354543.000.000) 02/17 07:10:26 Started transferring output files
...
040 (1354543.000.000) 02/17 07:10:26 Finished transferring output files
...
005 (1354543.000.000) 02/17 07:10:26 Job terminated.
	(1) Normal termination (return value 0)
		Usr 0 00:01:46, Sys 0 00:00:02  -  Run Remote Usage
		Usr 0 00:00:00, Sys 0 00:00:00  -  Run Local Usage
		Usr 0 00:01:46, Sys 0 00:00:02  -  Total Remote Usage
		Usr 0 00:00:00, Sys 0 00:00:00  -  Total Local Usage
	7956  -  Run Bytes Sent By Job
	1554  -  Run Bytes Received By Job
	7956  -  Total Bytes Sent By Job
	1554  -  Total Bytes Received By Job
	Partitionable Resources :    Usage  Request Allocated 
	   Cpus                 :     0.73        1         1 
	   Disk (KB)            :    30           2    220185 
	   Memory (MB)          :   145        2000      2000 
...
