000 (1354658.000.000) 02/17 07:10:19 Job submitted from host: <137.138.44.55:9618?addrs=137.138.44.55-9618+[2001-1458-d00-1a--48]-9618&alias=bigbird17.cern.ch&noUDP&sock=schedd_1694_8585_188>
...
040 (1354658.000.000) 02/17 07:10:31 Started transferring input files
	Transferring to host: <128.142.80.125:9618?addrs=128.142.80.125-9618+[2001-1458-301-f5--100-297]-9618&noUDP&sock=7236_2a9f_11768>
...
040 (1354658.000.000) 02/17 07:10:31 Finished transferring input files
...
001 (1354658.000.000) 02/17 07:10:32 Job executing on host: <128.142.80.125:9618?addrs=128.142.80.125-9618+[2001-1458-301-f5--100-297]-9618&noUDP&sock=5483_75de_3>
...
006 (1354658.000.000) 02/17 07:10:40 Image size of job updated: 235520
	171  -  MemoryUsage of job (MB)
	175076  -  ResidentSetSize of job (KB)
...
006 (1354658.000.000) 02/17 07:12:15 Image size of job updated: 384476
	171  -  MemoryUsage of job (MB)
	175076  -  ResidentSetSize of job (KB)
...
040 (1354658.000.000) 02/17 07:12:15 Started transferring output files
...
040 (1354658.000.000) 02/17 07:12:15 Finished transferring output files
...
005 (1354658.000.000) 02/17 07:12:15 Job terminated.
	(1) Normal termination (return value 0)
		Usr 0 00:01:15, Sys 0 00:00:02  -  Run Remote Usage
		Usr 0 00:00:00, Sys 0 00:00:00  -  Run Local Usage
		Usr 0 00:01:15, Sys 0 00:00:02  -  Total Remote Usage
		Usr 0 00:00:00, Sys 0 00:00:00  -  Total Local Usage
	7955  -  Run Bytes Sent By Job
	1554  -  Run Bytes Received By Job
	7955  -  Total Bytes Sent By Job
	1554  -  Total Bytes Received By Job
	Partitionable Resources :    Usage  Request Allocated 
	   Cpus                 :     0.88        1         1 
	   Disk (KB)            :    31           2    248615 
	   Memory (MB)          :   171        2000      2000 
...
