000 (1355080.000.000) 02/17 07:32:17 Job submitted from host: <137.138.44.55:9618?addrs=137.138.44.55-9618+[2001-1458-d00-1a--48]-9618&alias=bigbird17.cern.ch&noUDP&sock=schedd_1694_8585_188>
...
040 (1355080.000.000) 02/17 07:36:19 Started transferring input files
	Transferring to host: <188.184.212.206:9618?addrs=188.184.212.206-9618+[2001-1458-301-10c--100-d8]-9618&noUDP&sock=9968_1b8e_160308>
...
040 (1355080.000.000) 02/17 07:36:19 Finished transferring input files
...
001 (1355080.000.000) 02/17 07:36:20 Job executing on host: <188.184.212.206:9618?addrs=188.184.212.206-9618+[2001-1458-301-10c--100-d8]-9618&noUDP&sock=8835_a753_3>
...
006 (1355080.000.000) 02/17 07:36:29 Image size of job updated: 193516
	94  -  MemoryUsage of job (MB)
	95972  -  ResidentSetSize of job (KB)
...
006 (1355080.000.000) 02/17 07:39:43 Image size of job updated: 362624
	94  -  MemoryUsage of job (MB)
	95972  -  ResidentSetSize of job (KB)
...
040 (1355080.000.000) 02/17 07:39:44 Started transferring output files
...
040 (1355080.000.000) 02/17 07:39:44 Finished transferring output files
...
005 (1355080.000.000) 02/17 07:39:44 Job terminated.
	(1) Normal termination (return value 0)
		Usr 0 00:01:53, Sys 0 00:00:02  -  Run Remote Usage
		Usr 0 00:00:00, Sys 0 00:00:00  -  Run Local Usage
		Usr 0 00:01:53, Sys 0 00:00:02  -  Total Remote Usage
		Usr 0 00:00:00, Sys 0 00:00:00  -  Total Local Usage
	13014  -  Run Bytes Sent By Job
	1524  -  Run Bytes Received By Job
	13014  -  Total Bytes Sent By Job
	1524  -  Total Bytes Received By Job
	Partitionable Resources :    Usage  Request Allocated 
	   Cpus                 :     0.86        1         1 
	   Disk (KB)            :    36           2    211608 
	   Memory (MB)          :    94        2000      2000 
...
