000 (1354829.000.000) 02/17 07:20:44 Job submitted from host: <137.138.44.55:9618?addrs=137.138.44.55-9618+[2001-1458-d00-1a--48]-9618&alias=bigbird17.cern.ch&noUDP&sock=schedd_1694_8585_188>
...
040 (1354829.000.000) 02/17 07:21:22 Started transferring input files
	Transferring to host: <128.142.116.176:9618?addrs=128.142.116.176-9618+[2001-1458-301-ae--100-39d]-9618&noUDP&sock=15651_4b96_56589>
...
040 (1354829.000.000) 02/17 07:21:22 Finished transferring input files
...
001 (1354829.000.000) 02/17 07:21:23 Job executing on host: <128.142.116.176:9618?addrs=128.142.116.176-9618+[2001-1458-301-ae--100-39d]-9618&noUDP&sock=15497_3b42_3>
...
006 (1354829.000.000) 02/17 07:21:33 Image size of job updated: 66792
	18  -  MemoryUsage of job (MB)
	17432  -  ResidentSetSize of job (KB)
...
006 (1354829.000.000) 02/17 07:24:29 Image size of job updated: 847024
	18  -  MemoryUsage of job (MB)
	17432  -  ResidentSetSize of job (KB)
...
040 (1354829.000.000) 02/17 07:24:29 Started transferring output files
...
040 (1354829.000.000) 02/17 07:24:29 Finished transferring output files
...
005 (1354829.000.000) 02/17 07:24:30 Job terminated.
	(1) Normal termination (return value 0)
		Usr 0 00:01:44, Sys 0 00:00:02  -  Run Remote Usage
		Usr 0 00:00:00, Sys 0 00:00:00  -  Run Local Usage
		Usr 0 00:01:44, Sys 0 00:00:02  -  Total Remote Usage
		Usr 0 00:00:00, Sys 0 00:00:00  -  Total Local Usage
	7997  -  Run Bytes Sent By Job
	1595  -  Run Bytes Received By Job
	7997  -  Total Bytes Sent By Job
	1595  -  Total Bytes Received By Job
	Partitionable Resources :    Usage  Request Allocated 
	   Cpus                 :     0.41        1         1 
	   Disk (KB)            :    31           2    205876 
	   Memory (MB)          :    18        2000      2000 
...
