000 (1354643.000.000) 02/17 07:09:07 Job submitted from host: <137.138.44.55:9618?addrs=137.138.44.55-9618+[2001-1458-d00-1a--48]-9618&alias=bigbird17.cern.ch&noUDP&sock=schedd_1694_8585_188>
...
040 (1354643.000.000) 02/17 07:10:00 Started transferring input files
	Transferring to host: <188.184.169.147:9618?addrs=188.184.169.147-9618+[2001-1458-301-c0--100-3ed]-9618&alias=b7g52n4842.cern.ch&noUDP&sock=slot1_4_20074_b2e9_4264>
...
040 (1354643.000.000) 02/17 07:10:00 Finished transferring input files
...
001 (1354643.000.000) 02/17 07:10:01 Job executing on host: <188.184.169.147:9618?addrs=188.184.169.147-9618+[2001-1458-301-c0--100-3ed]-9618&alias=b7g52n4842.cern.ch&noUDP&sock=startd_17550_6b31>
...
006 (1354643.000.000) 02/17 07:10:10 Image size of job updated: 266112
	201  -  MemoryUsage of job (MB)
	205328  -  ResidentSetSize of job (KB)
...
006 (1354643.000.000) 02/17 07:10:18 Image size of job updated: 1198112
	202  -  MemoryUsage of job (MB)
	205880  -  ResidentSetSize of job (KB)
...
040 (1354643.000.000) 02/17 07:10:18 Started transferring output files
...
040 (1354643.000.000) 02/17 07:10:18 Finished transferring output files
...
005 (1354643.000.000) 02/17 07:10:19 Job terminated.
	(1) Normal termination (return value 139)
		Usr 0 00:00:09, Sys 0 00:00:02  -  Run Remote Usage
		Usr 0 00:00:00, Sys 0 00:00:00  -  Run Local Usage
		Usr 0 00:00:09, Sys 0 00:00:02  -  Total Remote Usage
		Usr 0 00:00:00, Sys 0 00:00:00  -  Total Local Usage
	9957  -  Run Bytes Sent By Job
	1560  -  Run Bytes Received By Job
	9957  -  Total Bytes Sent By Job
	1560  -  Total Bytes Received By Job
	Partitionable Resources :    Usage  Request Allocated 
	   Cpus                 :                 1         1 
	   Disk (KB)            :       25        2    247894 
	   Memory (MB)          :      202     2000      2000 
...
