000 (1354681.000.000) 02/17 07:12:08 Job submitted from host: <137.138.44.55:9618?addrs=137.138.44.55-9618+[2001-1458-d00-1a--48]-9618&alias=bigbird17.cern.ch&noUDP&sock=schedd_1694_8585_188>
...
040 (1354681.000.000) 02/17 07:12:15 Started transferring input files
	Transferring to host: <128.142.149.241:9618?addrs=128.142.149.241-9618+[2001-1458-301-b--100-36a]-9618&noUDP&sock=28466_9f3f_162219>
...
040 (1354681.000.000) 02/17 07:12:15 Finished transferring input files
...
001 (1354681.000.000) 02/17 07:12:16 Job executing on host: <128.142.149.241:9618?addrs=128.142.149.241-9618+[2001-1458-301-b--100-36a]-9618&noUDP&sock=7649_2800_3>
...
006 (1354681.000.000) 02/17 07:12:25 Image size of job updated: 212568
	149  -  MemoryUsage of job (MB)
	152496  -  ResidentSetSize of job (KB)
...
006 (1354681.000.000) 02/17 07:14:43 Image size of job updated: 386668
	149  -  MemoryUsage of job (MB)
	152496  -  ResidentSetSize of job (KB)
...
040 (1354681.000.000) 02/17 07:14:43 Started transferring output files
...
040 (1354681.000.000) 02/17 07:14:43 Finished transferring output files
...
005 (1354681.000.000) 02/17 07:14:44 Job terminated.
	(1) Normal termination (return value 0)
		Usr 0 00:01:44, Sys 0 00:00:02  -  Run Remote Usage
		Usr 0 00:00:00, Sys 0 00:00:00  -  Run Local Usage
		Usr 0 00:01:44, Sys 0 00:00:02  -  Total Remote Usage
		Usr 0 00:00:00, Sys 0 00:00:00  -  Total Local Usage
	7966  -  Run Bytes Sent By Job
	1565  -  Run Bytes Received By Job
	7966  -  Total Bytes Sent By Job
	1565  -  Total Bytes Received By Job
	Partitionable Resources :    Usage  Request Allocated 
	   Cpus                 :     0.72        1         1 
	   Disk (KB)            :    31           2    335360 
	   Memory (MB)          :   149        2000      2000 
...
