000 (1355310.000.000) 02/17 07:43:25 Job submitted from host: <137.138.44.55:9618?addrs=137.138.44.55-9618+[2001-1458-d00-1a--48]-9618&alias=bigbird17.cern.ch&noUDP&sock=schedd_1694_8585_188>
...
040 (1355310.000.000) 02/17 07:46:46 Started transferring input files
	Transferring to host: <128.142.80.213:9618?addrs=128.142.80.213-9618+[2001-1458-301-f5--100-5de]-9618&alias=b7s13n0350.cern.ch&noUDP&sock=slot1_2_13660_74a5_4437>
...
040 (1355310.000.000) 02/17 07:46:46 Finished transferring input files
...
001 (1355310.000.000) 02/17 07:46:47 Job executing on host: <128.142.80.213:9618?addrs=128.142.80.213-9618+[2001-1458-301-f5--100-5de]-9618&alias=b7s13n0350.cern.ch&noUDP&sock=startd_16486_9a6d>
...
006 (1355310.000.000) 02/17 07:46:55 Image size of job updated: 558284
	167  -  MemoryUsage of job (MB)
	170124  -  ResidentSetSize of job (KB)
...
040 (1355310.000.000) 02/17 07:47:01 Started transferring output files
...
040 (1355310.000.000) 02/17 07:47:01 Finished transferring output files
...
005 (1355310.000.000) 02/17 07:47:01 Job terminated.
	(1) Normal termination (return value 0)
		Usr 0 00:00:07, Sys 0 00:00:01  -  Run Remote Usage
		Usr 0 00:00:00, Sys 0 00:00:00  -  Run Local Usage
		Usr 0 00:00:07, Sys 0 00:00:01  -  Total Remote Usage
		Usr 0 00:00:00, Sys 0 00:00:00  -  Total Local Usage
	8138  -  Run Bytes Sent By Job
	1483  -  Run Bytes Received By Job
	8138  -  Total Bytes Sent By Job
	1483  -  Total Bytes Received By Job
	Partitionable Resources :    Usage  Request Allocated 
	   Cpus                 :                 1         1 
	   Disk (KB)            :       23        2    231183 
	   Memory (MB)          :      167     2000      2000 
...
