000 (1354672.000.000) 02/17 07:11:27 Job submitted from host: <137.138.44.55:9618?addrs=137.138.44.55-9618+[2001-1458-d00-1a--48]-9618&alias=bigbird17.cern.ch&noUDP&sock=schedd_1694_8585_188>
...
040 (1354672.000.000) 02/17 07:11:55 Started transferring input files
	Transferring to host: <188.184.211.156:9618?addrs=188.184.211.156-9618+[2001-1458-301-10b--100-506]-9618&noUDP&sock=17230_d7f6_79720>
...
040 (1354672.000.000) 02/17 07:11:55 Finished transferring input files
...
001 (1354672.000.000) 02/17 07:11:56 Job executing on host: <188.184.211.156:9618?addrs=188.184.211.156-9618+[2001-1458-301-10b--100-506]-9618&noUDP&sock=17076_4b4d_3>
...
006 (1354672.000.000) 02/17 07:12:04 Image size of job updated: 2476
	3  -  MemoryUsage of job (MB)
	2156  -  ResidentSetSize of job (KB)
...
006 (1354672.000.000) 02/17 07:14:07 Image size of job updated: 234308
	3  -  MemoryUsage of job (MB)
	2168  -  ResidentSetSize of job (KB)
...
040 (1354672.000.000) 02/17 07:14:07 Started transferring output files
...
040 (1354672.000.000) 02/17 07:14:07 Finished transferring output files
...
005 (1354672.000.000) 02/17 07:14:07 Job terminated.
	(1) Normal termination (return value 139)
		Usr 0 00:00:11, Sys 0 00:00:02  -  Run Remote Usage
		Usr 0 00:00:00, Sys 0 00:00:00  -  Run Local Usage
		Usr 0 00:00:11, Sys 0 00:00:02  -  Total Remote Usage
		Usr 0 00:00:00, Sys 0 00:00:00  -  Total Local Usage
	9955  -  Run Bytes Sent By Job
	1549  -  Run Bytes Received By Job
	9955  -  Total Bytes Sent By Job
	1549  -  Total Bytes Received By Job
	Partitionable Resources :    Usage  Request Allocated 
	   Cpus                 :     0.14        1         1 
	   Disk (KB)            :    34           2    359535 
	   Memory (MB)          :     3        2000      2000 
...
