000 (1355037.000.000) 02/17 07:30:34 Job submitted from host: <137.138.44.55:9618?addrs=137.138.44.55-9618+[2001-1458-d00-1a--48]-9618&alias=bigbird17.cern.ch&noUDP&sock=schedd_1694_8585_188>
...
040 (1355037.000.000) 02/17 07:30:51 Started transferring input files
	Transferring to host: <128.142.114.116:9618?addrs=128.142.114.116-9618+[2001-1458-301-90--100-180]-9618&alias=b7s05n6988.cern.ch&noUDP&sock=slot1_7_23551_8f57_4123>
...
040 (1355037.000.000) 02/17 07:30:51 Finished transferring input files
...
001 (1355037.000.000) 02/17 07:30:52 Job executing on host: <128.142.114.116:9618?addrs=128.142.114.116-9618+[2001-1458-301-90--100-180]-9618&alias=b7s05n6988.cern.ch&noUDP&sock=startd_1991_3d26>
...
006 (1355037.000.000) 02/17 07:31:01 Image size of job updated: 488312
	81  -  MemoryUsage of job (MB)
	82268  -  ResidentSetSize of job (KB)
...
040 (1355037.000.000) 02/17 07:31:08 Started transferring output files
...
040 (1355037.000.000) 02/17 07:31:08 Finished transferring output files
...
005 (1355037.000.000) 02/17 07:31:08 Job terminated.
	(1) Normal termination (return value 0)
		Usr 0 00:00:04, Sys 0 00:00:01  -  Run Remote Usage
		Usr 0 00:00:00, Sys 0 00:00:00  -  Run Local Usage
		Usr 0 00:00:04, Sys 0 00:00:01  -  Total Remote Usage
		Usr 0 00:00:00, Sys 0 00:00:00  -  Total Local Usage
	12917  -  Run Bytes Sent By Job
	1500  -  Run Bytes Received By Job
	12917  -  Total Bytes Sent By Job
	1500  -  Total Bytes Received By Job
	Partitionable Resources :    Usage  Request Allocated 
	   Cpus                 :                 1         1 
	   Disk (KB)            :       28        2    185565 
	   Memory (MB)          :       81     2000      2000 
...
