000 (1354713.000.000) 02/17 07:14:35 Job submitted from host: <137.138.44.55:9618?addrs=137.138.44.55-9618+[2001-1458-d00-1a--48]-9618&alias=bigbird17.cern.ch&noUDP&sock=schedd_1694_8585_188>
...
040 (1354713.000.000) 02/17 07:15:06 Started transferring input files
	Transferring to host: <128.142.74.98:9618?addrs=128.142.74.98-9618&alias=b7s11n5200.cern.ch&noUDP&sock=slot1_16_2789_da4a_8705>
...
040 (1354713.000.000) 02/17 07:15:06 Finished transferring input files
...
001 (1354713.000.000) 02/17 07:15:07 Job executing on host: <128.142.74.98:9618?addrs=128.142.74.98-9618&alias=b7s11n5200.cern.ch&noUDP&sock=startd_16706_8143>
...
006 (1354713.000.000) 02/17 07:15:15 Image size of job updated: 10108
	4  -  MemoryUsage of job (MB)
	3296  -  ResidentSetSize of job (KB)
...
006 (1354713.000.000) 02/17 07:15:52 Image size of job updated: 938360
	4  -  MemoryUsage of job (MB)
	3324  -  ResidentSetSize of job (KB)
...
040 (1354713.000.000) 02/17 07:15:52 Started transferring output files
...
040 (1354713.000.000) 02/17 07:15:52 Finished transferring output files
...
005 (1354713.000.000) 02/17 07:15:52 Job terminated.
	(1) Normal termination (return value 139)
		Usr 0 00:00:11, Sys 0 00:00:03  -  Run Remote Usage
		Usr 0 00:00:00, Sys 0 00:00:00  -  Run Local Usage
		Usr 0 00:00:11, Sys 0 00:00:03  -  Total Remote Usage
		Usr 0 00:00:00, Sys 0 00:00:00  -  Total Local Usage
	9964  -  Run Bytes Sent By Job
	1595  -  Run Bytes Received By Job
	9964  -  Total Bytes Sent By Job
	1595  -  Total Bytes Received By Job
	Partitionable Resources :    Usage  Request Allocated 
	   Cpus                 :                 1         1 
	   Disk (KB)            :       24        2    172807 
	   Memory (MB)          :        4     2000      2000 
...
