000 (1355177.000.000) 02/17 07:36:54 Job submitted from host: <137.138.44.55:9618?addrs=137.138.44.55-9618+[2001-1458-d00-1a--48]-9618&alias=bigbird17.cern.ch&noUDP&sock=schedd_1694_8585_188>
...
040 (1355177.000.000) 02/17 07:37:16 Started transferring input files
	Transferring to host: <188.184.142.125:9618?addrs=188.184.142.125-9618+[2001-1458-301-46--100-7f]-9618&alias=b7g21n0593.cern.ch&noUDP&sock=slot1_5_7645_5810_9242>
...
040 (1355177.000.000) 02/17 07:37:16 Finished transferring input files
...
001 (1355177.000.000) 02/17 07:37:17 Job executing on host: <188.184.142.125:9618?addrs=188.184.142.125-9618+[2001-1458-301-46--100-7f]-9618&alias=b7g21n0593.cern.ch&noUDP&sock=startd_2400_c762>
...
006 (1355177.000.000) 02/17 07:37:26 Image size of job updated: 650952
	161  -  MemoryUsage of job (MB)
	164204  -  ResidentSetSize of job (KB)
...
006 (1355177.000.000) 02/17 07:39:30 Image size of job updated: 777448
	161  -  MemoryUsage of job (MB)
	164204  -  ResidentSetSize of job (KB)
...
040 (1355177.000.000) 02/17 07:39:30 Started transferring output files
...
040 (1355177.000.000) 02/17 07:39:30 Finished transferring output files
...
005 (1355177.000.000) 02/17 07:39:30 Job terminated.
	(1) Normal termination (return value 0)
		Usr 0 00:01:22, Sys 0 00:00:02  -  Run Remote Usage
		Usr 0 00:00:00, Sys 0 00:00:00  -  Run Local Usage
		Usr 0 00:01:22, Sys 0 00:00:02  -  Total Remote Usage
		Usr 0 00:00:00, Sys 0 00:00:00  -  Total Local Usage
	13055  -  Run Bytes Sent By Job
	1565  -  Run Bytes Received By Job
	13055  -  Total Bytes Sent By Job
	1565  -  Total Bytes Received By Job
	Partitionable Resources :    Usage  Request Allocated 
	   Cpus                 :     0.81        1         1 
	   Disk (KB)            :    35           2    197320 
	   Memory (MB)          :   161        2000      2000 
...
