000 (1355269.000.000) 02/17 07:41:58 Job submitted from host: <137.138.44.55:9618?addrs=137.138.44.55-9618+[2001-1458-d00-1a--48]-9618&alias=bigbird17.cern.ch&noUDP&sock=schedd_1694_8585_188>
...
040 (1355269.000.000) 02/17 07:42:33 Started transferring input files
	Transferring to host: <188.184.132.201:9618?addrs=188.184.132.201-9618+[2001-1458-301-a0--100-9f]-9618&alias=b7g28n0190.cern.ch&noUDP&sock=slot1_5_9971_38af_4389>
...
040 (1355269.000.000) 02/17 07:42:33 Finished transferring input files
...
001 (1355269.000.000) 02/17 07:42:34 Job executing on host: <188.184.132.201:9618?addrs=188.184.132.201-9618+[2001-1458-301-a0--100-9f]-9618&alias=b7g28n0190.cern.ch&noUDP&sock=startd_1975_43a2>
...
006 (1355269.000.000) 02/17 07:42:42 Image size of job updated: 258980
	164  -  MemoryUsage of job (MB)
	167604  -  ResidentSetSize of job (KB)
...
006 (1355269.000.000) 02/17 07:42:59 Image size of job updated: 654880
	164  -  MemoryUsage of job (MB)
	167604  -  ResidentSetSize of job (KB)
...
040 (1355269.000.000) 02/17 07:42:59 Started transferring output files
...
040 (1355269.000.000) 02/17 07:42:59 Finished transferring output files
...
005 (1355269.000.000) 02/17 07:42:59 Job terminated.
	(1) Normal termination (return value 0)
		Usr 0 00:00:10, Sys 0 00:00:01  -  Run Remote Usage
		Usr 0 00:00:00, Sys 0 00:00:00  -  Run Local Usage
		Usr 0 00:00:10, Sys 0 00:00:01  -  Total Remote Usage
		Usr 0 00:00:00, Sys 0 00:00:00  -  Total Local Usage
	8177  -  Run Bytes Sent By Job
	1522  -  Run Bytes Received By Job
	8177  -  Total Bytes Sent By Job
	1522  -  Total Bytes Received By Job
	Partitionable Resources :    Usage  Request Allocated 
	   Cpus                 :                 1         1 
	   Disk (KB)            :       23        2    202718 
	   Memory (MB)          :      164     2000      2000 
...
