000 (1354833.000.000) 02/17 07:20:54 Job submitted from host: <137.138.44.55:9618?addrs=137.138.44.55-9618+[2001-1458-d00-1a--48]-9618&alias=bigbird17.cern.ch&noUDP&sock=schedd_1694_8585_188>
...
040 (1354833.000.000) 02/17 07:21:40 Started transferring input files
	Transferring to host: <128.142.119.186:9618?addrs=128.142.119.186-9618+[2001-1458-301-ae--100-3ff]-9618&noUDP&sock=18825_aa57_79657>
...
040 (1354833.000.000) 02/17 07:21:40 Finished transferring input files
...
001 (1354833.000.000) 02/17 07:21:41 Job executing on host: <128.142.119.186:9618?addrs=128.142.119.186-9618+[2001-1458-301-ae--100-3ff]-9618&noUDP&sock=18689_ad90_3>
...
006 (1354833.000.000) 02/17 07:21:49 Image size of job updated: 4164
	3  -  MemoryUsage of job (MB)
	2920  -  ResidentSetSize of job (KB)
...
006 (1354833.000.000) 02/17 07:22:17 Image size of job updated: 755072
	3  -  MemoryUsage of job (MB)
	2920  -  ResidentSetSize of job (KB)
...
040 (1354833.000.000) 02/17 07:22:18 Started transferring output files
...
040 (1354833.000.000) 02/17 07:22:18 Finished transferring output files
...
005 (1354833.000.000) 02/17 07:22:18 Job terminated.
	(1) Normal termination (return value 139)
		Usr 0 00:00:11, Sys 0 00:00:02  -  Run Remote Usage
		Usr 0 00:00:00, Sys 0 00:00:00  -  Run Local Usage
		Usr 0 00:00:11, Sys 0 00:00:02  -  Total Remote Usage
		Usr 0 00:00:00, Sys 0 00:00:00  -  Total Local Usage
	9964  -  Run Bytes Sent By Job
	1595  -  Run Bytes Received By Job
	9964  -  Total Bytes Sent By Job
	1595  -  Total Bytes Received By Job
	Partitionable Resources :    Usage  Request Allocated 
	   Cpus                 :     0.04        1         1 
	   Disk (KB)            :    33           2    197036 
	   Memory (MB)          :     3        2000      2000 
...
