000 (1355101.000.000) 02/17 07:33:04 Job submitted from host: <137.138.44.55:9618?addrs=137.138.44.55-9618+[2001-1458-d00-1a--48]-9618&alias=bigbird17.cern.ch&noUDP&sock=schedd_1694_8585_188>
...
040 (1355101.000.000) 02/17 07:36:22 Started transferring input files
	Transferring to host: <188.184.190.8:9618?addrs=188.184.190.8-9618&noUDP&sock=2946_7931_147164>
...
040 (1355101.000.000) 02/17 07:36:22 Finished transferring input files
...
001 (1355101.000.000) 02/17 07:36:23 Job executing on host: <188.184.190.8:9618?addrs=188.184.190.8-9618&noUDP&sock=2033_0c20_3>
...
006 (1355101.000.000) 02/17 07:36:31 Image size of job updated: 142184
	49  -  MemoryUsage of job (MB)
	50088  -  ResidentSetSize of job (KB)
...
006 (1355101.000.000) 02/17 07:39:21 Image size of job updated: 365036
	49  -  MemoryUsage of job (MB)
	50108  -  ResidentSetSize of job (KB)
...
040 (1355101.000.000) 02/17 07:39:21 Started transferring output files
...
040 (1355101.000.000) 02/17 07:39:21 Finished transferring output files
...
005 (1355101.000.000) 02/17 07:39:21 Job terminated.
	(1) Normal termination (return value 0)
		Usr 0 00:01:44, Sys 0 00:00:02  -  Run Remote Usage
		Usr 0 00:00:00, Sys 0 00:00:00  -  Run Local Usage
		Usr 0 00:01:44, Sys 0 00:00:02  -  Total Remote Usage
		Usr 0 00:00:00, Sys 0 00:00:00  -  Total Local Usage
	13009  -  Run Bytes Sent By Job
	1518  -  Run Bytes Received By Job
	13009  -  Total Bytes Sent By Job
	1518  -  Total Bytes Received By Job
	Partitionable Resources :    Usage  Request Allocated 
	   Cpus                 :     0.64        1         1 
	   Disk (KB)            :    35           2    269195 
	   Memory (MB)          :    49        2000      2000 
...
