000 (1354794.000.000) 02/17 07:19:23 Job submitted from host: <137.138.44.55:9618?addrs=137.138.44.55-9618+[2001-1458-d00-1a--48]-9618&alias=bigbird17.cern.ch&noUDP&sock=schedd_1694_8585_188>
...
040 (1354794.000.000) 02/17 07:21:06 Started transferring input files
	Transferring to host: <188.184.198.189:9618?addrs=188.184.198.189-9618+[2001-1458-301-c1--100-33b]-9618&alias=b7g52n1325.cern.ch&noUDP&sock=slot1_2_20784_f546_24928>
...
040 (1354794.000.000) 02/17 07:21:06 Finished transferring input files
...
001 (1354794.000.000) 02/17 07:21:07 Job executing on host: <188.184.198.189:9618?addrs=188.184.198.189-9618+[2001-1458-301-c1--100-33b]-9618&alias=b7g52n1325.cern.ch&noUDP&sock=startd_18215_8dac>
...
006 (1354794.000.000) 02/17 07:21:16 Image size of job updated: 936408
	322  -  MemoryUsage of job (MB)
	329000  -  ResidentSetSize of job (KB)
...
040 (1354794.000.000) 02/17 07:21:22 Started transferring output files
...
040 (1354794.000.000) 02/17 07:21:22 Finished transferring output files
...
005 (1354794.000.000) 02/17 07:21:22 Job terminated.
	(1) Normal termination (return value 139)
		Usr 0 00:00:09, Sys 0 00:00:02  -  Run Remote Usage
		Usr 0 00:00:00, Sys 0 00:00:00  -  Run Local Usage
		Usr 0 00:00:09, Sys 0 00:00:02  -  Total Remote Usage
		Usr 0 00:00:00, Sys 0 00:00:00  -  Total Local Usage
	9964  -  Run Bytes Sent By Job
	1595  -  Run Bytes Received By Job
	9964  -  Total Bytes Sent By Job
	1595  -  Total Bytes Received By Job
	Partitionable Resources :    Usage  Request Allocated 
	   Cpus                 :                 1         1 
	   Disk (KB)            :       25        2    173972 
	   Memory (MB)          :      322     2000      2000 
...
