000 (1354639.000.000) 02/17 07:08:34 Job submitted from host: <137.138.44.55:9618?addrs=137.138.44.55-9618+[2001-1458-d00-1a--48]-9618&alias=bigbird17.cern.ch&noUDP&sock=schedd_1694_8585_188>
...
040 (1354639.000.000) 02/17 07:09:58 Started transferring input files
	Transferring to host: <128.142.85.83:9618?addrs=128.142.85.83-9618+[2001-1458-301-f6--100-48a]-9618&noUDP&sock=16383_0e33_21003>
...
040 (1354639.000.000) 02/17 07:09:58 Finished transferring input files
...
001 (1354639.000.000) 02/17 07:09:59 Job executing on host: <128.142.85.83:9618?addrs=128.142.85.83-9618+[2001-1458-301-f6--100-48a]-9618&noUDP&sock=16227_f365_3>
...
006 (1354639.000.000) 02/17 07:10:07 Image size of job updated: 354048
	287  -  MemoryUsage of job (MB)
	293244  -  ResidentSetSize of job (KB)
...
006 (1354639.000.000) 02/17 07:10:14 Image size of job updated: 606396
	288  -  MemoryUsage of job (MB)
	294856  -  ResidentSetSize of job (KB)
...
040 (1354639.000.000) 02/17 07:10:14 Started transferring output files
...
040 (1354639.000.000) 02/17 07:10:14 Finished transferring output files
...
005 (1354639.000.000) 02/17 07:10:14 Job terminated.
	(1) Normal termination (return value 139)
		Usr 0 00:00:09, Sys 0 00:00:02  -  Run Remote Usage
		Usr 0 00:00:00, Sys 0 00:00:00  -  Run Local Usage
		Usr 0 00:00:09, Sys 0 00:00:02  -  Total Remote Usage
		Usr 0 00:00:00, Sys 0 00:00:00  -  Total Local Usage
	9956  -  Run Bytes Sent By Job
	1560  -  Run Bytes Received By Job
	9956  -  Total Bytes Sent By Job
	1560  -  Total Bytes Received By Job
	Partitionable Resources :    Usage  Request Allocated 
	   Cpus                 :        0        1         1 
	   Disk (KB)            :       33        2    259871 
	   Memory (MB)          :      288     2000      2000 
...
