000 (1354628.000.000) 02/17 07:07:41 Job submitted from host: <137.138.44.55:9618?addrs=137.138.44.55-9618+[2001-1458-d00-1a--48]-9618&alias=bigbird17.cern.ch&noUDP&sock=schedd_1694_8585_188>
...
040 (1354628.000.000) 02/17 07:09:12 Started transferring input files
	Transferring to host: <128.142.149.144:9618?addrs=128.142.149.144-9618+[2001-1458-301-b--100-118]-9618&alias=b7g41n3544.cern.ch&noUDP&sock=slot1_5_26255_c5c5_9260>
...
040 (1354628.000.000) 02/17 07:09:12 Finished transferring input files
...
001 (1354628.000.000) 02/17 07:09:13 Job executing on host: <128.142.149.144:9618?addrs=128.142.149.144-9618+[2001-1458-301-b--100-118]-9618&alias=b7g41n3544.cern.ch&noUDP&sock=startd_14199_e955>
...
006 (1354628.000.000) 02/17 07:09:21 Image size of job updated: 1045808
	33  -  MemoryUsage of job (MB)
	33356  -  ResidentSetSize of job (KB)
...
006 (1354628.000.000) 02/17 07:12:37 Image size of job updated: 1045808
	33  -  MemoryUsage of job (MB)
	33408  -  ResidentSetSize of job (KB)
...
040 (1354628.000.000) 02/17 07:12:38 Started transferring output files
...
040 (1354628.000.000) 02/17 07:12:38 Finished transferring output files
...
005 (1354628.000.000) 02/17 07:12:38 Job terminated.
	(1) Normal termination (return value 0)
		Usr 0 00:01:44, Sys 0 00:00:13  -  Run Remote Usage
		Usr 0 00:00:00, Sys 0 00:00:00  -  Run Local Usage
		Usr 0 00:01:44, Sys 0 00:00:13  -  Total Remote Usage
		Usr 0 00:00:00, Sys 0 00:00:00  -  Total Local Usage
	7956  -  Run Bytes Sent By Job
	1555  -  Run Bytes Received By Job
	7956  -  Total Bytes Sent By Job
	1555  -  Total Bytes Received By Job
	Partitionable Resources :    Usage  Request Allocated 
	   Cpus                 :                 1         1 
	   Disk (KB)            :       22        2    276546 
	   Memory (MB)          :       33     2000      2000 
...
