000 (1354603.000.000) 02/17 07:05:54 Job submitted from host: <137.138.44.55:9618?addrs=137.138.44.55-9618+[2001-1458-d00-1a--48]-9618&alias=bigbird17.cern.ch&noUDP&sock=schedd_1694_8585_188>
...
040 (1354603.000.000) 02/17 07:08:59 Started transferring input files
	Transferring to host: <188.184.210.131:9618?addrs=188.184.210.131-9618+[2001-1458-301-10b--100-2f0]-9618&alias=b7g23n1473.cern.ch&noUDP&sock=slot1_5_29443_01c6_2069>
...
040 (1354603.000.000) 02/17 07:08:59 Finished transferring input files
...
001 (1354603.000.000) 02/17 07:09:00 Job executing on host: <188.184.210.131:9618?addrs=188.184.210.131-9618+[2001-1458-301-10b--100-2f0]-9618&alias=b7g23n1473.cern.ch&noUDP&sock=startd_29342_bffa>
...
006 (1354603.000.000) 02/17 07:09:08 Image size of job updated: 302504
	143  -  MemoryUsage of job (MB)
	145548  -  ResidentSetSize of job (KB)
...
006 (1354603.000.000) 02/17 07:12:15 Image size of job updated: 826444
	143  -  MemoryUsage of job (MB)
	145556  -  ResidentSetSize of job (KB)
...
040 (1354603.000.000) 02/17 07:12:15 Started transferring output files
...
040 (1354603.000.000) 02/17 07:12:15 Finished transferring output files
...
005 (1354603.000.000) 02/17 07:12:15 Job terminated.
	(1) Normal termination (return value 0)
		Usr 0 00:01:50, Sys 0 00:00:03  -  Run Remote Usage
		Usr 0 00:00:00, Sys 0 00:00:00  -  Run Local Usage
		Usr 0 00:01:50, Sys 0 00:00:03  -  Total Remote Usage
		Usr 0 00:00:00, Sys 0 00:00:00  -  Total Local Usage
	7956  -  Run Bytes Sent By Job
	1554  -  Run Bytes Received By Job
	7956  -  Total Bytes Sent By Job
	1554  -  Total Bytes Received By Job
	Partitionable Resources :    Usage  Request Allocated 
	   Cpus                 :                 1         1 
	   Disk (KB)            :       23        2    346786 
	   Memory (MB)          :      143     2000      2000 
...
