000 (1354539.000.000) 02/17 07:00:48 Job submitted from host: <137.138.44.55:9618?addrs=137.138.44.55-9618+[2001-1458-d00-1a--48]-9618&alias=bigbird17.cern.ch&noUDP&sock=schedd_1694_8585_188>
...
040 (1354539.000.000) 02/17 07:05:58 Started transferring input files
	Transferring to host: <188.184.183.98:9618?addrs=188.184.183.98-9618+[2001-1458-301-2b--100-459]-9618&alias=b7g41n5571.cern.ch&noUDP&sock=slot1_7_28174_e1b3_9303>
...
040 (1354539.000.000) 02/17 07:05:58 Finished transferring input files
...
001 (1354539.000.000) 02/17 07:05:59 Job executing on host: <188.184.183.98:9618?addrs=188.184.183.98-9618+[2001-1458-301-2b--100-459]-9618&alias=b7g41n5571.cern.ch&noUDP&sock=startd_6683_8f84>
...
006 (1354539.000.000) 02/17 07:06:07 Image size of job updated: 812224
	172  -  MemoryUsage of job (MB)
	176068  -  ResidentSetSize of job (KB)
...
006 (1354539.000.000) 02/17 07:08:05 Image size of job updated: 824640
	172  -  MemoryUsage of job (MB)
	176068  -  ResidentSetSize of job (KB)
...
040 (1354539.000.000) 02/17 07:08:06 Started transferring output files
...
040 (1354539.000.000) 02/17 07:08:06 Finished transferring output files
...
005 (1354539.000.000) 02/17 07:08:06 Job terminated.
	(1) Normal termination (return value 0)
		Usr 0 00:01:21, Sys 0 00:00:02  -  Run Remote Usage
		Usr 0 00:00:00, Sys 0 00:00:00  -  Run Local Usage
		Usr 0 00:01:21, Sys 0 00:00:02  -  Total Remote Usage
		Usr 0 00:00:00, Sys 0 00:00:00  -  Total Local Usage
	7957  -  Run Bytes Sent By Job
	1555  -  Run Bytes Received By Job
	7957  -  Total Bytes Sent By Job
	1555  -  Total Bytes Received By Job
	Partitionable Resources :    Usage  Request Allocated 
	   Cpus                 :                 1         1 
	   Disk (KB)            :       23        2    358487 
	   Memory (MB)          :      172     2000      2000 
...
