000 (1354679.000.000) 02/17 07:12:00 Job submitted from host: <137.138.44.55:9618?addrs=137.138.44.55-9618+[2001-1458-d00-1a--48]-9618&alias=bigbird17.cern.ch&noUDP&sock=schedd_1694_8585_188>
...
040 (1354679.000.000) 02/17 07:12:03 Started transferring input files
	Transferring to host: <188.184.211.138:9618?addrs=188.184.211.138-9618+[2001-1458-301-10b--100-112]-9618&alias=b7g23n6648.cern.ch&noUDP&sock=slot1_6_22671_8533_7920>
...
040 (1354679.000.000) 02/17 07:12:03 Finished transferring input files
...
001 (1354679.000.000) 02/17 07:12:04 Job executing on host: <188.184.211.138:9618?addrs=188.184.211.138-9618+[2001-1458-301-10b--100-112]-9618&alias=b7g23n6648.cern.ch&noUDP&sock=startd_18670_a544>
...
006 (1354679.000.000) 02/17 07:12:13 Image size of job updated: 615144
	223  -  MemoryUsage of job (MB)
	228188  -  ResidentSetSize of job (KB)
...
006 (1354679.000.000) 02/17 07:12:23 Image size of job updated: 615144
	224  -  MemoryUsage of job (MB)
	228500  -  ResidentSetSize of job (KB)
...
040 (1354679.000.000) 02/17 07:12:23 Started transferring output files
...
040 (1354679.000.000) 02/17 07:12:23 Finished transferring output files
...
005 (1354679.000.000) 02/17 07:12:23 Job terminated.
	(1) Normal termination (return value 139)
		Usr 0 00:00:10, Sys 0 00:00:03  -  Run Remote Usage
		Usr 0 00:00:00, Sys 0 00:00:00  -  Run Local Usage
		Usr 0 00:00:10, Sys 0 00:00:03  -  Total Remote Usage
		Usr 0 00:00:00, Sys 0 00:00:00  -  Total Local Usage
	9954  -  Run Bytes Sent By Job
	1549  -  Run Bytes Received By Job
	9954  -  Total Bytes Sent By Job
	1549  -  Total Bytes Received By Job
	Partitionable Resources :    Usage  Request Allocated 
	   Cpus                 :                 1         1 
	   Disk (KB)            :       24        2    342285 
	   Memory (MB)          :      224     2000      2000 
...
