000 (1354902.000.000) 02/17 07:24:14 Job submitted from host: <137.138.44.55:9618?addrs=137.138.44.55-9618+[2001-1458-d00-1a--48]-9618&alias=bigbird17.cern.ch&noUDP&sock=schedd_1694_8585_188>
...
040 (1354902.000.000) 02/17 07:24:57 Started transferring input files
	Transferring to host: <128.142.119.186:9618?addrs=128.142.119.186-9618+[2001-1458-301-ae--100-3ff]-9618&noUDP&sock=18825_aa57_79662>
...
040 (1354902.000.000) 02/17 07:24:57 Finished transferring input files
...
001 (1354902.000.000) 02/17 07:24:58 Job executing on host: <128.142.119.186:9618?addrs=128.142.119.186-9618+[2001-1458-301-ae--100-3ff]-9618&noUDP&sock=18689_ad90_3>
...
006 (1354902.000.000) 02/17 07:25:06 Image size of job updated: 210560
	148  -  MemoryUsage of job (MB)
	151388  -  ResidentSetSize of job (KB)
...
006 (1354902.000.000) 02/17 07:29:37 Image size of job updated: 306552
	148  -  MemoryUsage of job (MB)
	151524  -  ResidentSetSize of job (KB)
...
040 (1354902.000.000) 02/17 07:29:37 Started transferring output files
...
040 (1354902.000.000) 02/17 07:29:37 Finished transferring output files
...
005 (1354902.000.000) 02/17 07:29:37 Job terminated.
	(1) Normal termination (return value 0)
		Usr 0 00:02:46, Sys 0 00:00:03  -  Run Remote Usage
		Usr 0 00:00:00, Sys 0 00:00:00  -  Run Local Usage
		Usr 0 00:02:46, Sys 0 00:00:03  -  Total Remote Usage
		Usr 0 00:00:00, Sys 0 00:00:00  -  Total Local Usage
	12758  -  Run Bytes Sent By Job
	1416  -  Run Bytes Received By Job
	12758  -  Total Bytes Sent By Job
	1416  -  Total Bytes Received By Job
	Partitionable Resources :    Usage  Request Allocated 
	   Cpus                 :     0.69        1         1 
	   Disk (KB)            :    36           2    196163 
	   Memory (MB)          :   148        2000      2000 
...
