000 (1354590.000.000) 02/17 07:04:37 Job submitted from host: <137.138.44.55:9618?addrs=137.138.44.55-9618+[2001-1458-d00-1a--48]-9618&alias=bigbird17.cern.ch&noUDP&sock=schedd_1694_8585_188>
...
040 (1354590.000.000) 02/17 07:07:55 Started transferring input files
	Transferring to host: <128.142.110.181:9618?addrs=128.142.110.181-9618&alias=b7s04n7179.cern.ch&noUDP&sock=slot1_2_10805_d990_9557>
...
040 (1354590.000.000) 02/17 07:07:55 Finished transferring input files
...
001 (1354590.000.000) 02/17 07:07:56 Job executing on host: <128.142.110.181:9618?addrs=128.142.110.181-9618&alias=b7s04n7179.cern.ch&noUDP&sock=startd_11203_e797>
...
006 (1354590.000.000) 02/17 07:08:05 Image size of job updated: 240508
	174  -  MemoryUsage of job (MB)
	177752  -  ResidentSetSize of job (KB)
...
006 (1354590.000.000) 02/17 07:08:17 Image size of job updated: 1096188
	174  -  MemoryUsage of job (MB)
	177848  -  ResidentSetSize of job (KB)
...
040 (1354590.000.000) 02/17 07:08:17 Started transferring output files
...
040 (1354590.000.000) 02/17 07:08:17 Finished transferring output files
...
005 (1354590.000.000) 02/17 07:08:18 Job terminated.
	(1) Normal termination (return value 139)
		Usr 0 00:00:12, Sys 0 00:00:03  -  Run Remote Usage
		Usr 0 00:00:00, Sys 0 00:00:00  -  Run Local Usage
		Usr 0 00:00:12, Sys 0 00:00:03  -  Total Remote Usage
		Usr 0 00:00:00, Sys 0 00:00:00  -  Total Local Usage
	9955  -  Run Bytes Sent By Job
	1555  -  Run Bytes Received By Job
	9955  -  Total Bytes Sent By Job
	1555  -  Total Bytes Received By Job
	Partitionable Resources :    Usage  Request Allocated 
	   Cpus                 :                 1         1 
	   Disk (KB)            :       25        2    198970 
	   Memory (MB)          :      174     2000      2000 
...
