000 (1354423.000.000) 02/17 06:53:05 Job submitted from host: <137.138.44.55:9618?addrs=137.138.44.55-9618+[2001-1458-d00-1a--48]-9618&alias=bigbird17.cern.ch&noUDP&sock=schedd_1694_8585_188>
...
040 (1354423.000.000) 02/17 07:04:15 Started transferring input files
	Transferring to host: <188.185.105.102:9618?addrs=188.185.105.102-9618+[2001-1458-d00-3e--100-5e]-9618&alias=b7g50s1347.cern.ch&noUDP&sock=slot1_6_30083_f1e0_10108>
...
040 (1354423.000.000) 02/17 07:04:15 Finished transferring input files
...
001 (1354423.000.000) 02/17 07:04:16 Job executing on host: <188.185.105.102:9618?addrs=188.185.105.102-9618+[2001-1458-d00-3e--100-5e]-9618&alias=b7g50s1347.cern.ch&noUDP&sock=startd_18315_2525>
...
006 (1354423.000.000) 02/17 07:04:25 Image size of job updated: 1061736
	172  -  MemoryUsage of job (MB)
	175496  -  ResidentSetSize of job (KB)
...
040 (1354423.000.000) 02/17 07:06:04 Started transferring output files
...
040 (1354423.000.000) 02/17 07:06:04 Finished transferring output files
...
005 (1354423.000.000) 02/17 07:06:04 Job terminated.
	(1) Normal termination (return value 0)
		Usr 0 00:01:06, Sys 0 00:00:01  -  Run Remote Usage
		Usr 0 00:00:00, Sys 0 00:00:00  -  Run Local Usage
		Usr 0 00:01:06, Sys 0 00:00:01  -  Total Remote Usage
		Usr 0 00:00:00, Sys 0 00:00:00  -  Total Local Usage
	7909  -  Run Bytes Sent By Job
	1508  -  Run Bytes Received By Job
	7909  -  Total Bytes Sent By Job
	1508  -  Total Bytes Received By Job
	Partitionable Resources :    Usage  Request Allocated 
	   Cpus                 :                 1         1 
	   Disk (KB)            :       23        2    574178 
	   Memory (MB)          :      172     2000      2000 
...
