000 (1354921.000.000) 02/17 07:25:04 Job submitted from host: <137.138.44.55:9618?addrs=137.138.44.55-9618+[2001-1458-d00-1a--48]-9618&alias=bigbird17.cern.ch&noUDP&sock=schedd_1694_8585_188>
...
040 (1354921.000.000) 02/17 07:26:05 Started transferring input files
	Transferring to host: <128.142.116.237:9618?addrs=128.142.116.237-9618+[2001-1458-301-ae--100-221]-9618&alias=b7s06n3581.cern.ch&noUDP&sock=slot1_7_20937_c2ac_3928>
...
040 (1354921.000.000) 02/17 07:26:05 Finished transferring input files
...
001 (1354921.000.000) 02/17 07:26:06 Job executing on host: <128.142.116.237:9618?addrs=128.142.116.237-9618+[2001-1458-301-ae--100-221]-9618&alias=b7s06n3581.cern.ch&noUDP&sock=startd_16854_0547>
...
006 (1354921.000.000) 02/17 07:26:15 Image size of job updated: 653304
	165  -  MemoryUsage of job (MB)
	168676  -  ResidentSetSize of job (KB)
...
040 (1354921.000.000) 02/17 07:26:17 Started transferring output files
...
040 (1354921.000.000) 02/17 07:26:17 Finished transferring output files
...
005 (1354921.000.000) 02/17 07:26:17 Job terminated.
	(1) Normal termination (return value 0)
		Usr 0 00:00:04, Sys 0 00:00:01  -  Run Remote Usage
		Usr 0 00:00:00, Sys 0 00:00:00  -  Run Local Usage
		Usr 0 00:00:04, Sys 0 00:00:01  -  Total Remote Usage
		Usr 0 00:00:00, Sys 0 00:00:00  -  Total Local Usage
	12875  -  Run Bytes Sent By Job
	1458  -  Run Bytes Received By Job
	12875  -  Total Bytes Sent By Job
	1458  -  Total Bytes Received By Job
	Partitionable Resources :    Usage  Request Allocated 
	   Cpus                 :                 1         1 
	   Disk (KB)            :       28        2    174760 
	   Memory (MB)          :      165     2000      2000 
...
