000 (1354420.000.000) 02/17 06:52:52 Job submitted from host: <137.138.44.55:9618?addrs=137.138.44.55-9618+[2001-1458-d00-1a--48]-9618&alias=bigbird17.cern.ch&noUDP&sock=schedd_1694_8585_188>
...
040 (1354420.000.000) 02/17 07:04:22 Started transferring input files
	Transferring to host: <188.184.182.198:9618?addrs=188.184.182.198-9618+[2001-1458-301-2b--100-4aa]-9618&noUDP&sock=13069_0aed_157023>
...
040 (1354420.000.000) 02/17 07:04:22 Finished transferring input files
...
001 (1354420.000.000) 02/17 07:04:23 Job executing on host: <188.184.182.198:9618?addrs=188.184.182.198-9618+[2001-1458-301-2b--100-4aa]-9618&noUDP&sock=17064_102a_3>
...
006 (1354420.000.000) 02/17 07:04:32 Image size of job updated: 362236
	295  -  MemoryUsage of job (MB)
	301432  -  ResidentSetSize of job (KB)
...
006 (1354420.000.000) 02/17 07:04:39 Image size of job updated: 559012
	295  -  MemoryUsage of job (MB)
	301432  -  ResidentSetSize of job (KB)
...
040 (1354420.000.000) 02/17 07:04:39 Started transferring output files
...
040 (1354420.000.000) 02/17 07:04:39 Finished transferring output files
...
005 (1354420.000.000) 02/17 07:04:39 Job terminated.
	(1) Normal termination (return value 139)
		Usr 0 00:00:09, Sys 0 00:00:02  -  Run Remote Usage
		Usr 0 00:00:00, Sys 0 00:00:00  -  Run Local Usage
		Usr 0 00:00:09, Sys 0 00:00:02  -  Total Remote Usage
		Usr 0 00:00:00, Sys 0 00:00:00  -  Total Local Usage
	9945  -  Run Bytes Sent By Job
	1509  -  Run Bytes Received By Job
	9945  -  Total Bytes Sent By Job
	1509  -  Total Bytes Received By Job
	Partitionable Resources :    Usage  Request Allocated 
	   Cpus                 :        0        1         1 
	   Disk (KB)            :       33        2    332576 
	   Memory (MB)          :      295     2000      2000 
...
