000 (1355021.000.000) 02/17 07:29:23 Job submitted from host: <137.138.44.55:9618?addrs=137.138.44.55-9618+[2001-1458-d00-1a--48]-9618&alias=bigbird17.cern.ch&noUDP&sock=schedd_1694_8585_188>
...
040 (1355021.000.000) 02/17 07:29:28 Started transferring input files
	Transferring to host: <128.142.193.167:9618?addrs=128.142.193.167-9618+[2001-1458-301-cc--100-34c]-9618&noUDP&sock=17805_fbad_72103>
...
040 (1355021.000.000) 02/17 07:29:28 Finished transferring input files
...
001 (1355021.000.000) 02/17 07:29:29 Job executing on host: <128.142.193.167:9618?addrs=128.142.193.167-9618+[2001-1458-301-cc--100-34c]-9618&noUDP&sock=17669_0af7_3>
...
006 (1355021.000.000) 02/17 07:29:36 Image size of job updated: 213568
	0  -  MemoryUsage of job (MB)
	0  -  ResidentSetSize of job (KB)
...
040 (1355021.000.000) 02/17 07:29:36 Started transferring output files
...
040 (1355021.000.000) 02/17 07:29:36 Finished transferring output files
...
005 (1355021.000.000) 02/17 07:29:36 Job terminated.
	(1) Normal termination (return value 0)
		Usr 0 00:00:03, Sys 0 00:00:01  -  Run Remote Usage
		Usr 0 00:00:00, Sys 0 00:00:00  -  Run Local Usage
		Usr 0 00:00:03, Sys 0 00:00:01  -  Total Remote Usage
		Usr 0 00:00:00, Sys 0 00:00:00  -  Total Local Usage
	12916  -  Run Bytes Sent By Job
	1500  -  Run Bytes Received By Job
	12916  -  Total Bytes Sent By Job
	1500  -  Total Bytes Received By Job
	Partitionable Resources :    Usage  Request Allocated 
	   Cpus                 :        0        1         1 
	   Disk (KB)            :       36        2    224197 
	   Memory (MB)          :        0     2000      2000 
...
