000 (1355070.000.000) 02/17 07:31:55 Job submitted from host: <137.138.44.55:9618?addrs=137.138.44.55-9618+[2001-1458-d00-1a--48]-9618&alias=bigbird17.cern.ch&noUDP&sock=schedd_1694_8585_188>
...
040 (1355070.000.000) 02/17 07:34:01 Started transferring input files
	Transferring to host: <188.184.207.32:9618?addrs=188.184.207.32-9618+[2001-1458-301-7d--100-32b]-9618&alias=b7g27n0134.cern.ch&noUDP&sock=slot1_4_20635_f960_25113>
...
040 (1355070.000.000) 02/17 07:34:01 Finished transferring input files
...
001 (1355070.000.000) 02/17 07:34:02 Job executing on host: <188.184.207.32:9618?addrs=188.184.207.32-9618+[2001-1458-301-7d--100-32b]-9618&alias=b7g27n0134.cern.ch&noUDP&sock=startd_1772_05e9>
...
006 (1355070.000.000) 02/17 07:34:10 Image size of job updated: 144836
	3  -  MemoryUsage of job (MB)
	2520  -  ResidentSetSize of job (KB)
...
006 (1355070.000.000) 02/17 07:37:40 Image size of job updated: 782280
	3  -  MemoryUsage of job (MB)
	2520  -  ResidentSetSize of job (KB)
...
040 (1355070.000.000) 02/17 07:37:40 Started transferring output files
...
040 (1355070.000.000) 02/17 07:37:40 Finished transferring output files
...
005 (1355070.000.000) 02/17 07:37:40 Job terminated.
	(1) Normal termination (return value 0)
		Usr 0 00:02:00, Sys 0 00:00:02  -  Run Remote Usage
		Usr 0 00:00:00, Sys 0 00:00:00  -  Run Local Usage
		Usr 0 00:02:00, Sys 0 00:00:02  -  Total Remote Usage
		Usr 0 00:00:00, Sys 0 00:00:00  -  Total Local Usage
	13014  -  Run Bytes Sent By Job
	1523  -  Run Bytes Received By Job
	13014  -  Total Bytes Sent By Job
	1523  -  Total Bytes Received By Job
	Partitionable Resources :    Usage  Request Allocated 
	   Cpus                 :     0.76        1         1 
	   Disk (KB)            :    34           2    191887 
	   Memory (MB)          :     3        2000      2000 
...
