000 (1354814.000.000) 02/17 07:20:02 Job submitted from host: <137.138.44.55:9618?addrs=137.138.44.55-9618+[2001-1458-d00-1a--48]-9618&alias=bigbird17.cern.ch&noUDP&sock=schedd_1694_8585_188>
...
040 (1354814.000.000) 02/17 07:20:44 Started transferring input files
	Transferring to host: <128.142.82.60:9618?addrs=128.142.82.60-9618+[2001-1458-301-f5--100-630]-9618&alias=b7s13n3126.cern.ch&noUDP&sock=slot1_4_17232_40b6_3771>
...
040 (1354814.000.000) 02/17 07:20:44 Finished transferring input files
...
001 (1354814.000.000) 02/17 07:20:45 Job executing on host: <128.142.82.60:9618?addrs=128.142.82.60-9618+[2001-1458-301-f5--100-630]-9618&alias=b7s13n3126.cern.ch&noUDP&sock=startd_16681_5b65>
...
006 (1354814.000.000) 02/17 07:20:54 Image size of job updated: 126248
	1  -  MemoryUsage of job (MB)
	444  -  ResidentSetSize of job (KB)
...
006 (1354814.000.000) 02/17 07:21:35 Image size of job updated: 939676
	1  -  MemoryUsage of job (MB)
	444  -  ResidentSetSize of job (KB)
...
040 (1354814.000.000) 02/17 07:21:35 Started transferring output files
...
040 (1354814.000.000) 02/17 07:21:35 Finished transferring output files
...
005 (1354814.000.000) 02/17 07:21:35 Job terminated.
	(1) Normal termination (return value 139)
		Usr 0 00:00:10, Sys 0 00:00:04  -  Run Remote Usage
		Usr 0 00:00:00, Sys 0 00:00:00  -  Run Local Usage
		Usr 0 00:00:10, Sys 0 00:00:04  -  Total Remote Usage
		Usr 0 00:00:00, Sys 0 00:00:00  -  Total Local Usage
	9964  -  Run Bytes Sent By Job
	1593  -  Run Bytes Received By Job
	9964  -  Total Bytes Sent By Job
	1593  -  Total Bytes Received By Job
	Partitionable Resources :    Usage  Request Allocated 
	   Cpus                 :                 1         1 
	   Disk (KB)            :       24        2    173352 
	   Memory (MB)          :        1     2000      2000 
...
