000 (1354749.000.000) 02/17 07:16:56 Job submitted from host: <137.138.44.55:9618?addrs=137.138.44.55-9618+[2001-1458-d00-1a--48]-9618&alias=bigbird17.cern.ch&noUDP&sock=schedd_1694_8585_188>
...
040 (1354749.000.000) 02/17 07:17:10 Started transferring input files
	Transferring to host: <188.184.168.22:9618?addrs=188.184.168.22-9618+[2001-1458-301-c0--100-226]-9618&alias=b7g52n5270.cern.ch&noUDP&sock=slot1_11_7834_82f8_9497>
...
040 (1354749.000.000) 02/17 07:17:10 Finished transferring input files
...
001 (1354749.000.000) 02/17 07:17:11 Job executing on host: <188.184.168.22:9618?addrs=188.184.168.22-9618+[2001-1458-301-c0--100-226]-9618&alias=b7g52n5270.cern.ch&noUDP&sock=startd_17816_df63>
...
006 (1354749.000.000) 02/17 07:17:20 Image size of job updated: 235532
	171  -  MemoryUsage of job (MB)
	175064  -  ResidentSetSize of job (KB)
...
006 (1354749.000.000) 02/17 07:19:13 Image size of job updated: 826220
	171  -  MemoryUsage of job (MB)
	175064  -  ResidentSetSize of job (KB)
...
040 (1354749.000.000) 02/17 07:19:13 Started transferring output files
...
040 (1354749.000.000) 02/17 07:19:13 Finished transferring output files
...
005 (1354749.000.000) 02/17 07:19:13 Job terminated.
	(1) Normal termination (return value 0)
		Usr 0 00:01:39, Sys 0 00:00:01  -  Run Remote Usage
		Usr 0 00:00:00, Sys 0 00:00:00  -  Run Local Usage
		Usr 0 00:01:39, Sys 0 00:00:01  -  Total Remote Usage
		Usr 0 00:00:00, Sys 0 00:00:00  -  Total Local Usage
	7996  -  Run Bytes Sent By Job
	1595  -  Run Bytes Received By Job
	7996  -  Total Bytes Sent By Job
	1595  -  Total Bytes Received By Job
	Partitionable Resources :    Usage  Request Allocated 
	   Cpus                 :     0.88        1         1 
	   Disk (KB)            :    31           2    238838 
	   Memory (MB)          :   171        2000      2000 
...
