000 (1355185.000.000) 02/17 07:37:29 Job submitted from host: <137.138.44.55:9618?addrs=137.138.44.55-9618+[2001-1458-d00-1a--48]-9618&alias=bigbird17.cern.ch&noUDP&sock=schedd_1694_8585_188>
...
040 (1355185.000.000) 02/17 07:37:35 Started transferring input files
	Transferring to host: <188.184.132.201:9618?addrs=188.184.132.201-9618+[2001-1458-301-a0--100-9f]-9618&alias=b7g28n0190.cern.ch&noUDP&sock=slot1_5_9971_38af_4383>
...
040 (1355185.000.000) 02/17 07:37:35 Finished transferring input files
...
001 (1355185.000.000) 02/17 07:37:36 Job executing on host: <188.184.132.201:9618?addrs=188.184.132.201-9618+[2001-1458-301-a0--100-9f]-9618&alias=b7g28n0190.cern.ch&noUDP&sock=startd_1975_43a2>
...
006 (1355185.000.000) 02/17 07:37:44 Image size of job updated: 704432
	176  -  MemoryUsage of job (MB)
	180092  -  ResidentSetSize of job (KB)
...
006 (1355185.000.000) 02/17 07:41:32 Image size of job updated: 777092
	176  -  MemoryUsage of job (MB)
	180092  -  ResidentSetSize of job (KB)
...
040 (1355185.000.000) 02/17 07:41:32 Started transferring output files
...
040 (1355185.000.000) 02/17 07:41:32 Finished transferring output files
...
005 (1355185.000.000) 02/17 07:41:32 Job terminated.
	(1) Normal termination (return value 0)
		Usr 0 00:01:39, Sys 0 00:00:02  -  Run Remote Usage
		Usr 0 00:00:00, Sys 0 00:00:00  -  Run Local Usage
		Usr 0 00:01:39, Sys 0 00:00:02  -  Total Remote Usage
		Usr 0 00:00:00, Sys 0 00:00:00  -  Total Local Usage
	13051  -  Run Bytes Sent By Job
	1560  -  Run Bytes Received By Job
	13051  -  Total Bytes Sent By Job
	1560  -  Total Bytes Received By Job
	Partitionable Resources :    Usage  Request Allocated 
	   Cpus                 :                 1         1 
	   Disk (KB)            :       28        2    202894 
	   Memory (MB)          :      176     2000      2000 
...
