000 (1354502.000.000) 02/17 06:58:08 Job submitted from host: <137.138.44.55:9618?addrs=137.138.44.55-9618+[2001-1458-d00-1a--48]-9618&alias=bigbird17.cern.ch&noUDP&sock=schedd_1694_8585_188>
...
040 (1354502.000.000) 02/17 07:04:57 Started transferring input files
	Transferring to host: <128.142.149.64:9618?addrs=128.142.149.64-9618+[2001-1458-301-b--100-23a]-9618&alias=b7g41n0420.cern.ch&noUDP&sock=slot1_5_28842_8c4e_24614>
...
040 (1354502.000.000) 02/17 07:04:57 Finished transferring input files
...
001 (1354502.000.000) 02/17 07:04:58 Job executing on host: <128.142.149.64:9618?addrs=128.142.149.64-9618+[2001-1458-301-b--100-23a]-9618&alias=b7g41n0420.cern.ch&noUDP&sock=startd_6564_efbe>
...
006 (1354502.000.000) 02/17 07:05:07 Image size of job updated: 277068
	212  -  MemoryUsage of job (MB)
	216284  -  ResidentSetSize of job (KB)
...
006 (1354502.000.000) 02/17 07:05:16 Image size of job updated: 1169368
	212  -  MemoryUsage of job (MB)
	216392  -  ResidentSetSize of job (KB)
...
040 (1354502.000.000) 02/17 07:05:16 Started transferring output files
...
040 (1354502.000.000) 02/17 07:05:16 Finished transferring output files
...
005 (1354502.000.000) 02/17 07:05:17 Job terminated.
	(1) Normal termination (return value 139)
		Usr 0 00:00:09, Sys 0 00:00:02  -  Run Remote Usage
		Usr 0 00:00:00, Sys 0 00:00:00  -  Run Local Usage
		Usr 0 00:00:09, Sys 0 00:00:02  -  Total Remote Usage
		Usr 0 00:00:00, Sys 0 00:00:00  -  Total Local Usage
	9955  -  Run Bytes Sent By Job
	1554  -  Run Bytes Received By Job
	9955  -  Total Bytes Sent By Job
	1554  -  Total Bytes Received By Job
	Partitionable Resources :    Usage  Request Allocated 
	   Cpus                 :                 1         1 
	   Disk (KB)            :       25        2    340754 
	   Memory (MB)          :      212     2000      2000 
...
