000 (1354765.000.000) 02/17 07:17:56 Job submitted from host: <137.138.44.55:9618?addrs=137.138.44.55-9618+[2001-1458-d00-1a--48]-9618&alias=bigbird17.cern.ch&noUDP&sock=schedd_1694_8585_188>
...
040 (1354765.000.000) 02/17 07:18:40 Started transferring input files
	Transferring to host: <128.142.65.93:9618?addrs=128.142.65.93-9618+[2001-1458-301-4c--100-75]-9618&noUDP&sock=2501_ee3f_64179>
...
040 (1354765.000.000) 02/17 07:18:40 Finished transferring input files
...
001 (1354765.000.000) 02/17 07:18:41 Job executing on host: <128.142.65.93:9618?addrs=128.142.65.93-9618+[2001-1458-301-4c--100-75]-9618&noUDP&sock=2289_a45f_3>
...
006 (1354765.000.000) 02/17 07:18:50 Image size of job updated: 240640
	176  -  MemoryUsage of job (MB)
	179432  -  ResidentSetSize of job (KB)
...
006 (1354765.000.000) 02/17 07:19:02 Image size of job updated: 498952
	176  -  MemoryUsage of job (MB)
	179432  -  ResidentSetSize of job (KB)
...
040 (1354765.000.000) 02/17 07:19:02 Started transferring output files
...
040 (1354765.000.000) 02/17 07:19:02 Finished transferring output files
...
005 (1354765.000.000) 02/17 07:19:02 Job terminated.
	(1) Normal termination (return value 139)
		Usr 0 00:00:09, Sys 0 00:00:02  -  Run Remote Usage
		Usr 0 00:00:00, Sys 0 00:00:00  -  Run Local Usage
		Usr 0 00:00:09, Sys 0 00:00:02  -  Total Remote Usage
		Usr 0 00:00:00, Sys 0 00:00:00  -  Total Local Usage
	9963  -  Run Bytes Sent By Job
	1595  -  Run Bytes Received By Job
	9963  -  Total Bytes Sent By Job
	1595  -  Total Bytes Received By Job
	Partitionable Resources :    Usage  Request Allocated 
	   Cpus                 :     0.59        1         1 
	   Disk (KB)            :    33           2    224319 
	   Memory (MB)          :   176        2000      2000 
...
