000 (1354956.000.000) 02/17 07:26:40 Job submitted from host: <137.138.44.55:9618?addrs=137.138.44.55-9618+[2001-1458-d00-1a--48]-9618&alias=bigbird17.cern.ch&noUDP&sock=schedd_1694_8585_188>
...
040 (1354956.000.000) 02/17 07:27:01 Started transferring input files
	Transferring to host: <128.142.110.18:9618?addrs=128.142.110.18-9618&noUDP&sock=2107_526f_135780>
...
040 (1354956.000.000) 02/17 07:27:01 Finished transferring input files
...
001 (1354956.000.000) 02/17 07:27:02 Job executing on host: <128.142.110.18:9618?addrs=128.142.110.18-9618&noUDP&sock=2000_6980_3>
...
006 (1354956.000.000) 02/17 07:27:11 Image size of job updated: 24592
	6  -  MemoryUsage of job (MB)
	5764  -  ResidentSetSize of job (KB)
...
006 (1354956.000.000) 02/17 07:27:47 Image size of job updated: 222932
	6  -  MemoryUsage of job (MB)
	5764  -  ResidentSetSize of job (KB)
...
040 (1354956.000.000) 02/17 07:27:47 Started transferring output files
...
040 (1354956.000.000) 02/17 07:27:47 Finished transferring output files
...
005 (1354956.000.000) 02/17 07:27:47 Job terminated.
	(1) Normal termination (return value 0)
		Usr 0 00:00:04, Sys 0 00:00:01  -  Run Remote Usage
		Usr 0 00:00:00, Sys 0 00:00:00  -  Run Local Usage
		Usr 0 00:00:04, Sys 0 00:00:01  -  Total Remote Usage
		Usr 0 00:00:00, Sys 0 00:00:00  -  Total Local Usage
	12877  -  Run Bytes Sent By Job
	1460  -  Run Bytes Received By Job
	12877  -  Total Bytes Sent By Job
	1460  -  Total Bytes Received By Job
	Partitionable Resources :    Usage  Request Allocated 
	   Cpus                 :     0.13        1         1 
	   Disk (KB)            :    36           2    191445 
	   Memory (MB)          :     6        2000      2000 
...
