000 (1355051.000.000) 02/17 07:31:24 Job submitted from host: <137.138.44.55:9618?addrs=137.138.44.55-9618+[2001-1458-d00-1a--48]-9618&alias=bigbird17.cern.ch&noUDP&sock=schedd_1694_8585_188>
...
040 (1355051.000.000) 02/17 07:31:41 Started transferring input files
	Transferring to host: <128.142.116.135:9618?addrs=128.142.116.135-9618+[2001-1458-301-ae--100-417]-9618&noUDP&sock=17900_eb51_56541>
...
040 (1355051.000.000) 02/17 07:31:41 Finished transferring input files
...
001 (1355051.000.000) 02/17 07:31:42 Job executing on host: <128.142.116.135:9618?addrs=128.142.116.135-9618+[2001-1458-301-ae--100-417]-9618&noUDP&sock=17747_8b5a_3>
...
006 (1355051.000.000) 02/17 07:31:50 Image size of job updated: 227984
	0  -  MemoryUsage of job (MB)
	0  -  ResidentSetSize of job (KB)
...
040 (1355051.000.000) 02/17 07:31:50 Started transferring output files
...
040 (1355051.000.000) 02/17 07:31:50 Finished transferring output files
...
005 (1355051.000.000) 02/17 07:31:50 Job terminated.
	(1) Normal termination (return value 0)
		Usr 0 00:00:03, Sys 0 00:00:01  -  Run Remote Usage
		Usr 0 00:00:00, Sys 0 00:00:00  -  Run Local Usage
		Usr 0 00:00:03, Sys 0 00:00:01  -  Total Remote Usage
		Usr 0 00:00:00, Sys 0 00:00:00  -  Total Local Usage
	12913  -  Run Bytes Sent By Job
	1496  -  Run Bytes Received By Job
	12913  -  Total Bytes Sent By Job
	1496  -  Total Bytes Received By Job
	Partitionable Resources :    Usage  Request Allocated 
	   Cpus                 :     0.05        1         1 
	   Disk (KB)            :    36           2    208317 
	   Memory (MB)          :     0        2000      2000 
...
