000 (1355089.000.000) 02/17 07:32:27 Job submitted from host: <137.138.44.55:9618?addrs=137.138.44.55-9618+[2001-1458-d00-1a--48]-9618&alias=bigbird17.cern.ch&noUDP&sock=schedd_1694_8585_188>
...
040 (1355089.000.000) 02/17 07:36:47 Started transferring input files
	Transferring to host: <188.184.186.106:9618?addrs=188.184.186.106-9618+[2001-1458-301-f8--100-6d]-9618&noUDP&sock=31493_6ada_164939>
...
040 (1355089.000.000) 02/17 07:36:47 Finished transferring input files
...
001 (1355089.000.000) 02/17 07:36:48 Job executing on host: <188.184.186.106:9618?addrs=188.184.186.106-9618+[2001-1458-301-f8--100-6d]-9618&noUDP&sock=2329_1429_3>
...
006 (1355089.000.000) 02/17 07:36:57 Image size of job updated: 240528
	176  -  MemoryUsage of job (MB)
	180056  -  ResidentSetSize of job (KB)
...
006 (1355089.000.000) 02/17 07:39:15 Image size of job updated: 366284
	176  -  MemoryUsage of job (MB)
	180056  -  ResidentSetSize of job (KB)
...
040 (1355089.000.000) 02/17 07:39:15 Started transferring output files
...
040 (1355089.000.000) 02/17 07:39:15 Finished transferring output files
...
005 (1355089.000.000) 02/17 07:39:16 Job terminated.
	(1) Normal termination (return value 0)
		Usr 0 00:01:46, Sys 0 00:00:02  -  Run Remote Usage
		Usr 0 00:00:00, Sys 0 00:00:00  -  Run Local Usage
		Usr 0 00:01:46, Sys 0 00:00:02  -  Total Remote Usage
		Usr 0 00:00:00, Sys 0 00:00:00  -  Total Local Usage
	13014  -  Run Bytes Sent By Job
	1524  -  Run Bytes Received By Job
	13014  -  Total Bytes Sent By Job
	1524  -  Total Bytes Received By Job
	Partitionable Resources :    Usage  Request Allocated 
	   Cpus                 :     0.61        1         1 
	   Disk (KB)            :    36           2    201825 
	   Memory (MB)          :   176        2000      2000 
...
