000 (1354876.000.000) 02/17 07:22:42 Job submitted from host: <137.138.44.55:9618?addrs=137.138.44.55-9618+[2001-1458-d00-1a--48]-9618&alias=bigbird17.cern.ch&noUDP&sock=schedd_1694_8585_188>
...
040 (1354876.000.000) 02/17 07:23:01 Started transferring input files
	Transferring to host: <128.142.104.158:9618?addrs=128.142.104.158-9618+[2001-1458-301-8b--100-79]-9618&noUDP&sock=27190_908b_161467>
...
040 (1354876.000.000) 02/17 07:23:01 Finished transferring input files
...
001 (1354876.000.000) 02/17 07:23:02 Job executing on host: <128.142.104.158:9618?addrs=128.142.104.158-9618+[2001-1458-301-8b--100-79]-9618&noUDP&sock=1303_53fe_3>
...
006 (1354876.000.000) 02/17 07:23:11 Image size of job updated: 85012
	33  -  MemoryUsage of job (MB)
	33768  -  ResidentSetSize of job (KB)
...
006 (1354876.000.000) 02/17 07:25:46 Image size of job updated: 363864
	33  -  MemoryUsage of job (MB)
	33768  -  ResidentSetSize of job (KB)
...
040 (1354876.000.000) 02/17 07:25:46 Started transferring output files
...
040 (1354876.000.000) 02/17 07:25:46 Finished transferring output files
...
005 (1354876.000.000) 02/17 07:25:46 Job terminated.
	(1) Normal termination (return value 0)
		Usr 0 00:01:52, Sys 0 00:00:02  -  Run Remote Usage
		Usr 0 00:00:00, Sys 0 00:00:00  -  Run Local Usage
		Usr 0 00:01:52, Sys 0 00:00:02  -  Total Remote Usage
		Usr 0 00:00:00, Sys 0 00:00:00  -  Total Local Usage
	7997  -  Run Bytes Sent By Job
	1595  -  Run Bytes Received By Job
	7997  -  Total Bytes Sent By Job
	1595  -  Total Bytes Received By Job
	Partitionable Resources :    Usage  Request Allocated 
	   Cpus                 :     0.81        1         1 
	   Disk (KB)            :    31           2    106497 
	   Memory (MB)          :    33        2000      2000 
...
