000 (1354867.000.000) 02/17 07:22:27 Job submitted from host: <137.138.44.55:9618?addrs=137.138.44.55-9618+[2001-1458-d00-1a--48]-9618&alias=bigbird17.cern.ch&noUDP&sock=schedd_1694_8585_188>
...
040 (1354867.000.000) 02/17 07:22:36 Started transferring input files
	Transferring to host: <128.142.117.80:9618?addrs=128.142.117.80-9618+[2001-1458-301-ae--100-1cf]-9618&noUDP&sock=18720_aef2_79354>
...
040 (1354867.000.000) 02/17 07:22:36 Finished transferring input files
...
001 (1354867.000.000) 02/17 07:22:37 Job executing on host: <128.142.117.80:9618?addrs=128.142.117.80-9618+[2001-1458-301-ae--100-1cf]-9618&noUDP&sock=18585_57b7_3>
...
006 (1354867.000.000) 02/17 07:22:45 Image size of job updated: 234996
	171  -  MemoryUsage of job (MB)
	174528  -  ResidentSetSize of job (KB)
...
006 (1354867.000.000) 02/17 07:25:02 Image size of job updated: 388188
	171  -  MemoryUsage of job (MB)
	174528  -  ResidentSetSize of job (KB)
...
040 (1354867.000.000) 02/17 07:25:02 Started transferring output files
...
040 (1354867.000.000) 02/17 07:25:02 Finished transferring output files
...
005 (1354867.000.000) 02/17 07:25:02 Job terminated.
	(1) Normal termination (return value 0)
		Usr 0 00:01:50, Sys 0 00:00:02  -  Run Remote Usage
		Usr 0 00:00:00, Sys 0 00:00:00  -  Run Local Usage
		Usr 0 00:01:50, Sys 0 00:00:02  -  Total Remote Usage
		Usr 0 00:00:00, Sys 0 00:00:00  -  Total Local Usage
	7997  -  Run Bytes Sent By Job
	1595  -  Run Bytes Received By Job
	7997  -  Total Bytes Sent By Job
	1595  -  Total Bytes Received By Job
	Partitionable Resources :    Usage  Request Allocated 
	   Cpus                 :     0.93        1         1 
	   Disk (KB)            :    31           2    206262 
	   Memory (MB)          :   171        2000      2000 
...
