000 (1354761.000.000) 02/17 07:17:38 Job submitted from host: <137.138.44.55:9618?addrs=137.138.44.55-9618+[2001-1458-d00-1a--48]-9618&alias=bigbird17.cern.ch&noUDP&sock=schedd_1694_8585_188>
...
040 (1354761.000.000) 02/17 07:17:55 Started transferring input files
	Transferring to host: <128.142.126.191:9618?addrs=128.142.126.191-9618+[2001-1458-301-c3--100-235]-9618&alias=b7s08n9043.cern.ch&noUDP&sock=slot1_3_21045_db31_4107>
...
040 (1354761.000.000) 02/17 07:17:55 Finished transferring input files
...
001 (1354761.000.000) 02/17 07:17:56 Job executing on host: <128.142.126.191:9618?addrs=128.142.126.191-9618+[2001-1458-301-c3--100-235]-9618&alias=b7s08n9043.cern.ch&noUDP&sock=startd_2012_a4a3>
...
006 (1354761.000.000) 02/17 07:18:05 Image size of job updated: 581092
	144  -  MemoryUsage of job (MB)
	146744  -  ResidentSetSize of job (KB)
...
006 (1354761.000.000) 02/17 07:18:29 Image size of job updated: 1011244
	144  -  MemoryUsage of job (MB)
	146748  -  ResidentSetSize of job (KB)
...
040 (1354761.000.000) 02/17 07:18:29 Started transferring output files
...
040 (1354761.000.000) 02/17 07:18:29 Finished transferring output files
...
005 (1354761.000.000) 02/17 07:18:29 Job terminated.
	(1) Normal termination (return value 139)
		Usr 0 00:00:11, Sys 0 00:00:03  -  Run Remote Usage
		Usr 0 00:00:00, Sys 0 00:00:00  -  Run Local Usage
		Usr 0 00:00:11, Sys 0 00:00:03  -  Total Remote Usage
		Usr 0 00:00:00, Sys 0 00:00:00  -  Total Local Usage
	9962  -  Run Bytes Sent By Job
	1594  -  Run Bytes Received By Job
	9962  -  Total Bytes Sent By Job
	1594  -  Total Bytes Received By Job
	Partitionable Resources :    Usage  Request Allocated 
	   Cpus                 :                 1         1 
	   Disk (KB)            :       25        2    220105 
	   Memory (MB)          :      144     2000      2000 
...
