000 (1354714.000.000) 02/17 07:14:37 Job submitted from host: <137.138.44.55:9618?addrs=137.138.44.55-9618+[2001-1458-d00-1a--48]-9618&alias=bigbird17.cern.ch&noUDP&sock=schedd_1694_8585_188>
...
040 (1354714.000.000) 02/17 07:15:22 Started transferring input files
	Transferring to host: <128.142.84.199:9618?addrs=128.142.84.199-9618+[2001-1458-301-f6--100-48b]-9618&noUDP&sock=16772_2423_28998>
...
040 (1354714.000.000) 02/17 07:15:22 Finished transferring input files
...
001 (1354714.000.000) 02/17 07:15:23 Job executing on host: <128.142.84.199:9618?addrs=128.142.84.199-9618+[2001-1458-301-f6--100-48b]-9618&noUDP&sock=16616_c5bd_3>
...
006 (1354714.000.000) 02/17 07:15:32 Image size of job updated: 50632
	12  -  MemoryUsage of job (MB)
	11612  -  ResidentSetSize of job (KB)
...
006 (1354714.000.000) 02/17 07:16:05 Image size of job updated: 598328
	12  -  MemoryUsage of job (MB)
	12260  -  ResidentSetSize of job (KB)
...
040 (1354714.000.000) 02/17 07:16:05 Started transferring output files
...
040 (1354714.000.000) 02/17 07:16:05 Finished transferring output files
...
005 (1354714.000.000) 02/17 07:16:06 Job terminated.
	(1) Normal termination (return value 139)
		Usr 0 00:00:10, Sys 0 00:00:03  -  Run Remote Usage
		Usr 0 00:00:00, Sys 0 00:00:00  -  Run Local Usage
		Usr 0 00:00:10, Sys 0 00:00:03  -  Total Remote Usage
		Usr 0 00:00:00, Sys 0 00:00:00  -  Total Local Usage
	9964  -  Run Bytes Sent By Job
	1595  -  Run Bytes Received By Job
	9964  -  Total Bytes Sent By Job
	1595  -  Total Bytes Received By Job
	Partitionable Resources :    Usage  Request Allocated 
	   Cpus                 :        0        1         1 
	   Disk (KB)            :       32        2    250656 
	   Memory (MB)          :       12     2000      2000 
...
