000 (1354910.000.000) 02/17 07:24:37 Job submitted from host: <137.138.44.55:9618?addrs=137.138.44.55-9618+[2001-1458-d00-1a--48]-9618&alias=bigbird17.cern.ch&noUDP&sock=schedd_1694_8585_188>
...
040 (1354910.000.000) 02/17 07:25:29 Started transferring input files
	Transferring to host: <128.142.112.99:9618?addrs=128.142.112.99-9618+[2001-1458-301-90--100-47f]-9618&alias=b7s05n0508.cern.ch&noUDP&sock=slot1_4_27749_6e41_10439>
...
040 (1354910.000.000) 02/17 07:25:29 Finished transferring input files
...
001 (1354910.000.000) 02/17 07:25:30 Job executing on host: <128.142.112.99:9618?addrs=128.142.112.99-9618+[2001-1458-301-90--100-47f]-9618&alias=b7s05n0508.cern.ch&noUDP&sock=startd_2101_b091>
...
006 (1354910.000.000) 02/17 07:25:39 Image size of job updated: 618016
	169  -  MemoryUsage of job (MB)
	172312  -  ResidentSetSize of job (KB)
...
006 (1354910.000.000) 02/17 07:25:55 Image size of job updated: 1265272
	169  -  MemoryUsage of job (MB)
	172312  -  ResidentSetSize of job (KB)
...
040 (1354910.000.000) 02/17 07:25:55 Started transferring output files
...
040 (1354910.000.000) 02/17 07:25:55 Finished transferring output files
...
005 (1354910.000.000) 02/17 07:25:55 Job terminated.
	(1) Normal termination (return value 139)
		Usr 0 00:00:12, Sys 0 00:00:03  -  Run Remote Usage
		Usr 0 00:00:00, Sys 0 00:00:00  -  Run Local Usage
		Usr 0 00:00:12, Sys 0 00:00:03  -  Total Remote Usage
		Usr 0 00:00:00, Sys 0 00:00:00  -  Total Local Usage
	14858  -  Run Bytes Sent By Job
	1417  -  Run Bytes Received By Job
	14858  -  Total Bytes Sent By Job
	1417  -  Total Bytes Received By Job
	Partitionable Resources :    Usage  Request Allocated 
	   Cpus                 :                 1         1 
	   Disk (KB)            :       30        2    189974 
	   Memory (MB)          :      169     2000      2000 
...
