000 (1354694.000.000) 02/17 07:13:08 Job submitted from host: <137.138.44.55:9618?addrs=137.138.44.55-9618+[2001-1458-d00-1a--48]-9618&alias=bigbird17.cern.ch&noUDP&sock=schedd_1694_8585_188>
...
040 (1354694.000.000) 02/17 07:13:19 Started transferring input files
	Transferring to host: <188.184.190.114:9618?addrs=188.184.190.114-9618&noUDP&sock=3175_d31a_126477>
...
040 (1354694.000.000) 02/17 07:13:19 Finished transferring input files
...
001 (1354694.000.000) 02/17 07:13:20 Job executing on host: <188.184.190.114:9618?addrs=188.184.190.114-9618&noUDP&sock=2244_c69c_3>
...
006 (1354694.000.000) 02/17 07:13:29 Image size of job updated: 206396
	144  -  MemoryUsage of job (MB)
	146936  -  ResidentSetSize of job (KB)
...
006 (1354694.000.000) 02/17 07:13:46 Image size of job updated: 543344
	144  -  MemoryUsage of job (MB)
	147112  -  ResidentSetSize of job (KB)
...
040 (1354694.000.000) 02/17 07:13:46 Started transferring output files
...
040 (1354694.000.000) 02/17 07:13:46 Finished transferring output files
...
005 (1354694.000.000) 02/17 07:13:46 Job terminated.
	(1) Normal termination (return value 139)
		Usr 0 00:00:12, Sys 0 00:00:03  -  Run Remote Usage
		Usr 0 00:00:00, Sys 0 00:00:00  -  Run Local Usage
		Usr 0 00:00:12, Sys 0 00:00:03  -  Total Remote Usage
		Usr 0 00:00:00, Sys 0 00:00:00  -  Total Local Usage
	9964  -  Run Bytes Sent By Job
	1595  -  Run Bytes Received By Job
	9964  -  Total Bytes Sent By Job
	1595  -  Total Bytes Received By Job
	Partitionable Resources :    Usage  Request Allocated 
	   Cpus                 :        0        1         1 
	   Disk (KB)            :       33        2    333118 
	   Memory (MB)          :      144     2000      2000 
...
