000 (1354795.000.000) 02/17 07:19:24 Job submitted from host: <137.138.44.55:9618?addrs=137.138.44.55-9618+[2001-1458-d00-1a--48]-9618&alias=bigbird17.cern.ch&noUDP&sock=schedd_1694_8585_188>
...
040 (1354795.000.000) 02/17 07:21:06 Started transferring input files
	Transferring to host: <188.184.186.243:9618?addrs=188.184.186.243-9618+[2001-1458-301-f8--100-d5]-9618&alias=b7g28n0436.cern.ch&noUDP&sock=slot1_4_3404_2d03_4247>
...
040 (1354795.000.000) 02/17 07:21:06 Finished transferring input files
...
001 (1354795.000.000) 02/17 07:21:07 Job executing on host: <188.184.186.243:9618?addrs=188.184.186.243-9618+[2001-1458-301-f8--100-d5]-9618&alias=b7g28n0436.cern.ch&noUDP&sock=startd_32644_a5b3>
...
006 (1354795.000.000) 02/17 07:21:16 Image size of job updated: 643436
	171  -  MemoryUsage of job (MB)
	174768  -  ResidentSetSize of job (KB)
...
006 (1354795.000.000) 02/17 07:23:26 Image size of job updated: 826180
	171  -  MemoryUsage of job (MB)
	174768  -  ResidentSetSize of job (KB)
...
040 (1354795.000.000) 02/17 07:23:26 Started transferring output files
...
040 (1354795.000.000) 02/17 07:23:26 Finished transferring output files
...
005 (1354795.000.000) 02/17 07:23:26 Job terminated.
	(1) Normal termination (return value 0)
		Usr 0 00:01:50, Sys 0 00:00:02  -  Run Remote Usage
		Usr 0 00:00:00, Sys 0 00:00:00  -  Run Local Usage
		Usr 0 00:01:50, Sys 0 00:00:02  -  Total Remote Usage
		Usr 0 00:00:00, Sys 0 00:00:00  -  Total Local Usage
	7996  -  Run Bytes Sent By Job
	1594  -  Run Bytes Received By Job
	7996  -  Total Bytes Sent By Job
	1594  -  Total Bytes Received By Job
	Partitionable Resources :    Usage  Request Allocated 
	   Cpus                 :                 1         1 
	   Disk (KB)            :       23        2    204764 
	   Memory (MB)          :      171     2000      2000 
...
