000 (1354636.000.000) 02/17 07:08:20 Job submitted from host: <137.138.44.55:9618?addrs=137.138.44.55-9618+[2001-1458-d00-1a--48]-9618&alias=bigbird17.cern.ch&noUDP&sock=schedd_1694_8585_188>
...
040 (1354636.000.000) 02/17 07:09:25 Started transferring input files
	Transferring to host: <188.184.182.231:9618?addrs=188.184.182.231-9618+[2001-1458-301-2b--100-12c]-9618&alias=b7g41n7041.cern.ch&noUDP&sock=slot1_9_18883_8819_4615>
...
040 (1354636.000.000) 02/17 07:09:25 Finished transferring input files
...
001 (1354636.000.000) 02/17 07:09:26 Job executing on host: <188.184.182.231:9618?addrs=188.184.182.231-9618+[2001-1458-301-2b--100-12c]-9618&alias=b7g41n7041.cern.ch&noUDP&sock=startd_3676_023b>
...
006 (1354636.000.000) 02/17 07:09:34 Image size of job updated: 67348
	18  -  MemoryUsage of job (MB)
	17724  -  ResidentSetSize of job (KB)
...
006 (1354636.000.000) 02/17 07:11:44 Image size of job updated: 826624
	18  -  MemoryUsage of job (MB)
	17724  -  ResidentSetSize of job (KB)
...
040 (1354636.000.000) 02/17 07:11:44 Started transferring output files
...
040 (1354636.000.000) 02/17 07:11:44 Finished transferring output files
...
005 (1354636.000.000) 02/17 07:11:44 Job terminated.
	(1) Normal termination (return value 0)
		Usr 0 00:01:30, Sys 0 00:00:02  -  Run Remote Usage
		Usr 0 00:00:00, Sys 0 00:00:00  -  Run Local Usage
		Usr 0 00:01:30, Sys 0 00:00:02  -  Total Remote Usage
		Usr 0 00:00:00, Sys 0 00:00:00  -  Total Local Usage
	7960  -  Run Bytes Sent By Job
	1559  -  Run Bytes Received By Job
	7960  -  Total Bytes Sent By Job
	1559  -  Total Bytes Received By Job
	Partitionable Resources :    Usage  Request Allocated 
	   Cpus                 :                 1         1 
	   Disk (KB)            :       22        2    328491 
	   Memory (MB)          :       18     2000      2000 
...
