000 (1354599.000.000) 02/17 07:05:29 Job submitted from host: <137.138.44.55:9618?addrs=137.138.44.55-9618+[2001-1458-d00-1a--48]-9618&alias=bigbird17.cern.ch&noUDP&sock=schedd_1694_8585_188>
...
040 (1354599.000.000) 02/17 07:08:32 Started transferring input files
	Transferring to host: <128.142.123.77:9618?addrs=128.142.123.77-9618+[2001-1458-301-b5--100-b6]-9618&noUDP&sock=6059_dd0f_80137>
...
040 (1354599.000.000) 02/17 07:08:32 Finished transferring input files
...
001 (1354599.000.000) 02/17 07:08:33 Job executing on host: <128.142.123.77:9618?addrs=128.142.123.77-9618+[2001-1458-301-b5--100-b6]-9618&noUDP&sock=4757_7c1c_3>
...
006 (1354599.000.000) 02/17 07:08:42 Image size of job updated: 160248
	89  -  MemoryUsage of job (MB)
	90428  -  ResidentSetSize of job (KB)
...
006 (1354599.000.000) 02/17 07:09:05 Image size of job updated: 160248
	89  -  MemoryUsage of job (MB)
	90528  -  ResidentSetSize of job (KB)
...
040 (1354599.000.000) 02/17 07:09:06 Started transferring output files
...
040 (1354599.000.000) 02/17 07:09:06 Finished transferring output files
...
005 (1354599.000.000) 02/17 07:09:07 Job terminated.
	(1) Normal termination (return value 139)
		Usr 0 00:00:10, Sys 0 00:00:03  -  Run Remote Usage
		Usr 0 00:00:00, Sys 0 00:00:00  -  Run Local Usage
		Usr 0 00:00:10, Sys 0 00:00:03  -  Total Remote Usage
		Usr 0 00:00:00, Sys 0 00:00:00  -  Total Local Usage
	9956  -  Run Bytes Sent By Job
	1555  -  Run Bytes Received By Job
	9956  -  Total Bytes Sent By Job
	1555  -  Total Bytes Received By Job
	Partitionable Resources :    Usage  Request Allocated 
	   Cpus                 :     0.18        1         1 
	   Disk (KB)            :    33           2    200892 
	   Memory (MB)          :    89        2000      2000 
...
