000 (1354837.000.000) 02/17 07:21:09 Job submitted from host: <137.138.44.55:9618?addrs=137.138.44.55-9618+[2001-1458-d00-1a--48]-9618&alias=bigbird17.cern.ch&noUDP&sock=schedd_1694_8585_188>
...
040 (1354837.000.000) 02/17 07:21:45 Started transferring input files
	Transferring to host: <128.142.114.247:9618?addrs=128.142.114.247-9618+[2001-1458-301-90--100-3ff]-9618&noUDP&sock=32519_53c3_159582>
...
040 (1354837.000.000) 02/17 07:21:45 Finished transferring input files
...
001 (1354837.000.000) 02/17 07:21:46 Job executing on host: <128.142.114.247:9618?addrs=128.142.114.247-9618+[2001-1458-301-90--100-3ff]-9618&noUDP&sock=1377_1600_3>
...
006 (1354837.000.000) 02/17 07:21:54 Image size of job updated: 436
	1  -  MemoryUsage of job (MB)
	436  -  ResidentSetSize of job (KB)
...
006 (1354837.000.000) 02/17 07:26:54 Image size of job updated: 242892
	174  -  MemoryUsage of job (MB)
	177996  -  ResidentSetSize of job (KB)
...
040 (1354837.000.000) 02/17 07:27:48 Started transferring output files
...
040 (1354837.000.000) 02/17 07:27:48 Finished transferring output files
...
005 (1354837.000.000) 02/17 07:27:48 Job terminated.
	(1) Normal termination (return value 139)
		Usr 0 00:00:12, Sys 0 00:00:04  -  Run Remote Usage
		Usr 0 00:00:00, Sys 0 00:00:00  -  Run Local Usage
		Usr 0 00:00:12, Sys 0 00:00:04  -  Total Remote Usage
		Usr 0 00:00:00, Sys 0 00:00:00  -  Total Local Usage
	9962  -  Run Bytes Sent By Job
	1592  -  Run Bytes Received By Job
	9962  -  Total Bytes Sent By Job
	1592  -  Total Bytes Received By Job
	Partitionable Resources :    Usage  Request Allocated 
	   Cpus                 :        0        1         1 
	   Disk (KB)            :       32        2    193547 
	   Memory (MB)          :      174     2000      2000 
...
