000 (1355311.000.000) 02/17 07:43:27 Job submitted from host: <137.138.44.55:9618?addrs=137.138.44.55-9618+[2001-1458-d00-1a--48]-9618&alias=bigbird17.cern.ch&noUDP&sock=schedd_1694_8585_188>
...
040 (1355311.000.000) 02/17 07:46:46 Started transferring input files
	Transferring to host: <128.142.68.66:9618?addrs=128.142.68.66-9618&noUDP&sock=3185_dedb_103644>
...
040 (1355311.000.000) 02/17 07:46:46 Finished transferring input files
...
001 (1355311.000.000) 02/17 07:46:47 Job executing on host: <128.142.68.66:9618?addrs=128.142.68.66-9618&noUDP&sock=2190_bc7f_3>
...
006 (1355311.000.000) 02/17 07:46:55 Image size of job updated: 245092
	179  -  MemoryUsage of job (MB)
	182824  -  ResidentSetSize of job (KB)
...
006 (1355311.000.000) 02/17 07:47:00 Image size of job updated: 247656
	179  -  MemoryUsage of job (MB)
	182824  -  ResidentSetSize of job (KB)
...
040 (1355311.000.000) 02/17 07:47:00 Started transferring output files
...
040 (1355311.000.000) 02/17 07:47:00 Finished transferring output files
...
005 (1355311.000.000) 02/17 07:47:00 Job terminated.
	(1) Normal termination (return value 0)
		Usr 0 00:00:08, Sys 0 00:00:01  -  Run Remote Usage
		Usr 0 00:00:00, Sys 0 00:00:00  -  Run Local Usage
		Usr 0 00:00:08, Sys 0 00:00:01  -  Total Remote Usage
		Usr 0 00:00:00, Sys 0 00:00:00  -  Total Local Usage
	8139  -  Run Bytes Sent By Job
	1484  -  Run Bytes Received By Job
	8139  -  Total Bytes Sent By Job
	1484  -  Total Bytes Received By Job
	Partitionable Resources :    Usage  Request Allocated 
	   Cpus                 :        0        1         1 
	   Disk (KB)            :       30        2    279735 
	   Memory (MB)          :      179     2000      2000 
...
