000 (1354872.000.000) 02/17 07:22:36 Job submitted from host: <137.138.44.55:9618?addrs=137.138.44.55-9618+[2001-1458-d00-1a--48]-9618&alias=bigbird17.cern.ch&noUDP&sock=schedd_1694_8585_188>
...
040 (1354872.000.000) 02/17 07:22:57 Started transferring input files
	Transferring to host: <128.142.68.142:9618?addrs=128.142.68.142-9618+[2001-1458-301-52--100-299]-9618&alias=b7s10n3605.cern.ch&noUDP&sock=slot1_10_14323_9960_9690>
...
040 (1354872.000.000) 02/17 07:22:57 Finished transferring input files
...
001 (1354872.000.000) 02/17 07:22:58 Job executing on host: <128.142.68.142:9618?addrs=128.142.68.142-9618+[2001-1458-301-52--100-299]-9618&alias=b7s10n3605.cern.ch&noUDP&sock=startd_2288_f4c7>
...
006 (1354872.000.000) 02/17 07:23:07 Image size of job updated: 563368
	171  -  MemoryUsage of job (MB)
	174120  -  ResidentSetSize of job (KB)
...
006 (1354872.000.000) 02/17 07:25:00 Image size of job updated: 825684
	171  -  MemoryUsage of job (MB)
	174120  -  ResidentSetSize of job (KB)
...
040 (1354872.000.000) 02/17 07:25:00 Started transferring output files
...
040 (1354872.000.000) 02/17 07:25:00 Finished transferring output files
...
005 (1354872.000.000) 02/17 07:25:00 Job terminated.
	(1) Normal termination (return value 0)
		Usr 0 00:01:33, Sys 0 00:00:02  -  Run Remote Usage
		Usr 0 00:00:00, Sys 0 00:00:00  -  Run Local Usage
		Usr 0 00:01:33, Sys 0 00:00:02  -  Total Remote Usage
		Usr 0 00:00:00, Sys 0 00:00:00  -  Total Local Usage
	7996  -  Run Bytes Sent By Job
	1594  -  Run Bytes Received By Job
	7996  -  Total Bytes Sent By Job
	1594  -  Total Bytes Received By Job
	Partitionable Resources :    Usage  Request Allocated 
	   Cpus                 :     0.46        1         1 
	   Disk (KB)            :    30           2    263349 
	   Memory (MB)          :   171        2000      2000 
...
