000 (1354647.000.000) 02/17 07:09:25 Job submitted from host: <137.138.44.55:9618?addrs=137.138.44.55-9618+[2001-1458-d00-1a--48]-9618&alias=bigbird17.cern.ch&noUDP&sock=schedd_1694_8585_188>
...
040 (1354647.000.000) 02/17 07:10:05 Started transferring input files
	Transferring to host: <188.184.211.124:9618?addrs=188.184.211.124-9618+[2001-1458-301-10b--100-135]-9618&noUDP&sock=18603_3f0e_80908>
...
040 (1354647.000.000) 02/17 07:10:05 Finished transferring input files
...
001 (1354647.000.000) 02/17 07:10:06 Job executing on host: <188.184.211.124:9618?addrs=188.184.211.124-9618+[2001-1458-301-10b--100-135]-9618&noUDP&sock=18467_678a_3>
...
006 (1354647.000.000) 02/17 07:10:14 Image size of job updated: 235348
	171  -  MemoryUsage of job (MB)
	174880  -  ResidentSetSize of job (KB)
...
006 (1354647.000.000) 02/17 07:12:22 Image size of job updated: 400996
	171  -  MemoryUsage of job (MB)
	174880  -  ResidentSetSize of job (KB)
...
040 (1354647.000.000) 02/17 07:12:22 Started transferring output files
...
040 (1354647.000.000) 02/17 07:12:22 Finished transferring output files
...
005 (1354647.000.000) 02/17 07:12:22 Job terminated.
	(1) Normal termination (return value 0)
		Usr 0 00:01:41, Sys 0 00:00:02  -  Run Remote Usage
		Usr 0 00:00:00, Sys 0 00:00:00  -  Run Local Usage
		Usr 0 00:01:41, Sys 0 00:00:02  -  Total Remote Usage
		Usr 0 00:00:00, Sys 0 00:00:00  -  Total Local Usage
	7962  -  Run Bytes Sent By Job
	1560  -  Run Bytes Received By Job
	7962  -  Total Bytes Sent By Job
	1560  -  Total Bytes Received By Job
	Partitionable Resources :    Usage  Request Allocated 
	   Cpus                 :     0.72        1         1 
	   Disk (KB)            :    31           2    333340 
	   Memory (MB)          :   171        2000      2000 
...
