000 (1355362.000.000) 02/17 07:45:35 Job submitted from host: <137.138.44.55:9618?addrs=137.138.44.55-9618+[2001-1458-d00-1a--48]-9618&alias=bigbird17.cern.ch&noUDP&sock=schedd_1694_8585_188>
...
040 (1355362.000.000) 02/17 07:47:04 Started transferring input files
	Transferring to host: <128.142.80.213:9618?addrs=128.142.80.213-9618+[2001-1458-301-f5--100-5de]-9618&alias=b7s13n0350.cern.ch&noUDP&sock=slot1_2_13660_74a5_4438>
...
040 (1355362.000.000) 02/17 07:47:04 Finished transferring input files
...
001 (1355362.000.000) 02/17 07:47:05 Job executing on host: <128.142.80.213:9618?addrs=128.142.80.213-9618+[2001-1458-301-f5--100-5de]-9618&alias=b7s13n0350.cern.ch&noUDP&sock=startd_16486_9a6d>
...
006 (1355362.000.000) 02/17 07:47:14 Image size of job updated: 302256
	175  -  MemoryUsage of job (MB)
	178500  -  ResidentSetSize of job (KB)
...
006 (1355362.000.000) 02/17 07:47:22 Image size of job updated: 654884
	175  -  MemoryUsage of job (MB)
	178500  -  ResidentSetSize of job (KB)
...
040 (1355362.000.000) 02/17 07:47:22 Started transferring output files
...
040 (1355362.000.000) 02/17 07:47:22 Finished transferring output files
...
005 (1355362.000.000) 02/17 07:47:22 Job terminated.
	(1) Normal termination (return value 0)
		Usr 0 00:00:09, Sys 0 00:00:01  -  Run Remote Usage
		Usr 0 00:00:00, Sys 0 00:00:00  -  Run Local Usage
		Usr 0 00:00:09, Sys 0 00:00:01  -  Total Remote Usage
		Usr 0 00:00:00, Sys 0 00:00:00  -  Total Local Usage
	8139  -  Run Bytes Sent By Job
	1484  -  Run Bytes Received By Job
	8139  -  Total Bytes Sent By Job
	1484  -  Total Bytes Received By Job
	Partitionable Resources :    Usage  Request Allocated 
	   Cpus                 :                 1         1 
	   Disk (KB)            :       23        2    231153 
	   Memory (MB)          :      175     2000      2000 
...
