000 (1354684.000.000) 02/17 07:12:18 Job submitted from host: <137.138.44.55:9618?addrs=137.138.44.55-9618+[2001-1458-d00-1a--48]-9618&alias=bigbird17.cern.ch&noUDP&sock=schedd_1694_8585_188>
...
040 (1354684.000.000) 02/17 07:12:19 Started transferring input files
	Transferring to host: <128.142.72.238:9618?addrs=128.142.72.238-9618+[2001-1458-301-75--100-470]-9618&noUDP&sock=16797_c184_29377>
...
040 (1354684.000.000) 02/17 07:12:19 Finished transferring input files
...
001 (1354684.000.000) 02/17 07:12:20 Job executing on host: <128.142.72.238:9618?addrs=128.142.72.238-9618+[2001-1458-301-75--100-470]-9618&noUDP&sock=16641_eb9b_3>
...
006 (1354684.000.000) 02/17 07:12:28 Image size of job updated: 287996
	222  -  MemoryUsage of job (MB)
	227212  -  ResidentSetSize of job (KB)
...
006 (1354684.000.000) 02/17 07:12:37 Image size of job updated: 1278820
	222  -  MemoryUsage of job (MB)
	227252  -  ResidentSetSize of job (KB)
...
040 (1354684.000.000) 02/17 07:12:37 Started transferring output files
...
040 (1354684.000.000) 02/17 07:12:37 Finished transferring output files
...
005 (1354684.000.000) 02/17 07:12:37 Job terminated.
	(1) Normal termination (return value 139)
		Usr 0 00:00:10, Sys 0 00:00:02  -  Run Remote Usage
		Usr 0 00:00:00, Sys 0 00:00:00  -  Run Local Usage
		Usr 0 00:00:10, Sys 0 00:00:02  -  Total Remote Usage
		Usr 0 00:00:00, Sys 0 00:00:00  -  Total Local Usage
	9961  -  Run Bytes Sent By Job
	1594  -  Run Bytes Received By Job
	9961  -  Total Bytes Sent By Job
	1594  -  Total Bytes Received By Job
	Partitionable Resources :    Usage  Request Allocated 
	   Cpus                 :     1.08        1         1 
	   Disk (KB)            :    33           2    200872 
	   Memory (MB)          :   222        2000      2000 
...
