000 (1354673.000.000) 02/17 07:11:31 Job submitted from host: <137.138.44.55:9618?addrs=137.138.44.55-9618+[2001-1458-d00-1a--48]-9618&alias=bigbird17.cern.ch&noUDP&sock=schedd_1694_8585_188>
...
040 (1354673.000.000) 02/17 07:11:56 Started transferring input files
	Transferring to host: <188.184.210.57:9618?addrs=188.184.210.57-9618+[2001-1458-301-10b--100-170]-9618&alias=b7g23n8525.cern.ch&noUDP&sock=slot1_7_32170_6cd5_9605>
...
040 (1354673.000.000) 02/17 07:11:56 Finished transferring input files
...
001 (1354673.000.000) 02/17 07:11:57 Job executing on host: <188.184.210.57:9618?addrs=188.184.210.57-9618+[2001-1458-301-10b--100-170]-9618&alias=b7g23n8525.cern.ch&noUDP&sock=startd_18665_374a>
...
006 (1354673.000.000) 02/17 07:12:05 Image size of job updated: 208920
	146  -  MemoryUsage of job (MB)
	148960  -  ResidentSetSize of job (KB)
...
006 (1354673.000.000) 02/17 07:12:22 Image size of job updated: 938580
	146  -  MemoryUsage of job (MB)
	148960  -  ResidentSetSize of job (KB)
...
040 (1354673.000.000) 02/17 07:12:22 Started transferring output files
...
040 (1354673.000.000) 02/17 07:12:22 Finished transferring output files
...
005 (1354673.000.000) 02/17 07:12:23 Job terminated.
	(1) Normal termination (return value 139)
		Usr 0 00:00:11, Sys 0 00:00:03  -  Run Remote Usage
		Usr 0 00:00:00, Sys 0 00:00:00  -  Run Local Usage
		Usr 0 00:00:11, Sys 0 00:00:03  -  Total Remote Usage
		Usr 0 00:00:00, Sys 0 00:00:00  -  Total Local Usage
	9955  -  Run Bytes Sent By Job
	1550  -  Run Bytes Received By Job
	9955  -  Total Bytes Sent By Job
	1550  -  Total Bytes Received By Job
	Partitionable Resources :    Usage  Request Allocated 
	   Cpus                 :                 1         1 
	   Disk (KB)            :       25        2    335204 
	   Memory (MB)          :      146     2000      2000 
...
