000 (1355053.000.000) 02/17 07:31:31 Job submitted from host: <137.138.44.55:9618?addrs=137.138.44.55-9618+[2001-1458-d00-1a--48]-9618&alias=bigbird17.cern.ch&noUDP&sock=schedd_1694_8585_188>
...
040 (1355053.000.000) 02/17 07:31:45 Started transferring input files
	Transferring to host: <128.142.116.91:9618?addrs=128.142.116.91-9618+[2001-1458-301-ae--100-176]-9618&alias=b7s06n9307.cern.ch&noUDP&sock=slot1_6_23945_2b27_8659>
...
040 (1355053.000.000) 02/17 07:31:45 Finished transferring input files
...
001 (1355053.000.000) 02/17 07:31:46 Job executing on host: <128.142.116.91:9618?addrs=128.142.116.91-9618+[2001-1458-301-ae--100-176]-9618&alias=b7s06n9307.cern.ch&noUDP&sock=startd_17686_b413>
...
006 (1355053.000.000) 02/17 07:31:55 Image size of job updated: 755324
	173  -  MemoryUsage of job (MB)
	176148  -  ResidentSetSize of job (KB)
...
006 (1355053.000.000) 02/17 07:34:40 Image size of job updated: 783436
	173  -  MemoryUsage of job (MB)
	176148  -  ResidentSetSize of job (KB)
...
040 (1355053.000.000) 02/17 07:34:40 Started transferring output files
...
040 (1355053.000.000) 02/17 07:34:40 Finished transferring output files
...
005 (1355053.000.000) 02/17 07:34:40 Job terminated.
	(1) Normal termination (return value 0)
		Usr 0 00:02:08, Sys 0 00:00:02  -  Run Remote Usage
		Usr 0 00:00:00, Sys 0 00:00:00  -  Run Local Usage
		Usr 0 00:02:08, Sys 0 00:00:02  -  Total Remote Usage
		Usr 0 00:00:00, Sys 0 00:00:00  -  Total Local Usage
	13011  -  Run Bytes Sent By Job
	1520  -  Run Bytes Received By Job
	13011  -  Total Bytes Sent By Job
	1520  -  Total Bytes Received By Job
	Partitionable Resources :    Usage  Request Allocated 
	   Cpus                 :                 1         1 
	   Disk (KB)            :       28        2    164482 
	   Memory (MB)          :      173     2000      2000 
...
