000 (1354582.000.000) 02/17 07:04:09 Job submitted from host: <137.138.44.55:9618?addrs=137.138.44.55-9618+[2001-1458-d00-1a--48]-9618&alias=bigbird17.cern.ch&noUDP&sock=schedd_1694_8585_188>
...
040 (1354582.000.000) 02/17 07:07:17 Started transferring input files
	Transferring to host: <128.142.123.70:9618?addrs=128.142.123.70-9618&noUDP&sock=2914_ed30_96627>
...
040 (1354582.000.000) 02/17 07:07:18 Finished transferring input files
...
001 (1354582.000.000) 02/17 07:07:19 Job executing on host: <128.142.123.70:9618?addrs=128.142.123.70-9618&noUDP&sock=1871_edc9_3>
...
006 (1354582.000.000) 02/17 07:07:27 Image size of job updated: 218460
	200  -  MemoryUsage of job (MB)
	204548  -  ResidentSetSize of job (KB)
...
040 (1354582.000.000) 02/17 07:07:37 Started transferring output files
...
040 (1354582.000.000) 02/17 07:07:37 Finished transferring output files
...
005 (1354582.000.000) 02/17 07:07:37 Job terminated.
	(1) Normal termination (return value 139)
		Usr 0 00:00:10, Sys 0 00:00:02  -  Run Remote Usage
		Usr 0 00:00:00, Sys 0 00:00:00  -  Run Local Usage
		Usr 0 00:00:10, Sys 0 00:00:02  -  Total Remote Usage
		Usr 0 00:00:00, Sys 0 00:00:00  -  Total Local Usage
	9955  -  Run Bytes Sent By Job
	1555  -  Run Bytes Received By Job
	9955  -  Total Bytes Sent By Job
	1555  -  Total Bytes Received By Job
	Partitionable Resources :    Usage  Request Allocated 
	   Cpus                 :     0.92        1         1 
	   Disk (KB)            :    32           2    211485 
	   Memory (MB)          :   200        2000      2000 
...
