000 (1355061.000.000) 02/17 07:31:45 Job submitted from host: <137.138.44.55:9618?addrs=137.138.44.55-9618+[2001-1458-d00-1a--48]-9618&alias=bigbird17.cern.ch&noUDP&sock=schedd_1694_8585_188>
...
040 (1355061.000.000) 02/17 07:34:08 Started transferring input files
	Transferring to host: <188.184.143.99:9618?addrs=188.184.143.99-9618+[2001-1458-301-46--100-177]-9618&noUDP&sock=2967_4512_103416>
...
040 (1355061.000.000) 02/17 07:34:08 Finished transferring input files
...
001 (1355061.000.000) 02/17 07:34:09 Job executing on host: <188.184.143.99:9618?addrs=188.184.143.99-9618+[2001-1458-301-46--100-177]-9618&noUDP&sock=2002_c8b1_3>
...
006 (1355061.000.000) 02/17 07:34:18 Image size of job updated: 59076
	33  -  MemoryUsage of job (MB)
	33788  -  ResidentSetSize of job (KB)
...
006 (1355061.000.000) 02/17 07:36:54 Image size of job updated: 799712
	33  -  MemoryUsage of job (MB)
	33788  -  ResidentSetSize of job (KB)
...
040 (1355061.000.000) 02/17 07:36:54 Started transferring output files
...
040 (1355061.000.000) 02/17 07:36:54 Finished transferring output files
...
005 (1355061.000.000) 02/17 07:36:54 Job terminated.
	(1) Normal termination (return value 0)
		Usr 0 00:01:44, Sys 0 00:00:03  -  Run Remote Usage
		Usr 0 00:00:00, Sys 0 00:00:00  -  Run Local Usage
		Usr 0 00:01:44, Sys 0 00:00:03  -  Total Remote Usage
		Usr 0 00:00:00, Sys 0 00:00:00  -  Total Local Usage
	13013  -  Run Bytes Sent By Job
	1523  -  Run Bytes Received By Job
	13013  -  Total Bytes Sent By Job
	1523  -  Total Bytes Received By Job
	Partitionable Resources :    Usage  Request Allocated 
	   Cpus                 :     0.58        1         1 
	   Disk (KB)            :    35           2    210309 
	   Memory (MB)          :    33        2000      2000 
...
