000 (1355096.000.000) 02/17 07:32:45 Job submitted from host: <137.138.44.55:9618?addrs=137.138.44.55-9618+[2001-1458-d00-1a--48]-9618&alias=bigbird17.cern.ch&noUDP&sock=schedd_1694_8585_188>
...
040 (1355096.000.000) 02/17 07:36:51 Started transferring input files
	Transferring to host: <128.142.104.135:9618?addrs=128.142.104.135-9618&noUDP&sock=2867_cf8e_151911>
...
040 (1355096.000.000) 02/17 07:36:51 Finished transferring input files
...
001 (1355096.000.000) 02/17 07:36:52 Job executing on host: <128.142.104.135:9618?addrs=128.142.104.135-9618&noUDP&sock=1785_f0a4_3>
...
006 (1355096.000.000) 02/17 07:37:01 Image size of job updated: 1800
	2  -  MemoryUsage of job (MB)
	1660  -  ResidentSetSize of job (KB)
...
006 (1355096.000.000) 02/17 07:42:02 Image size of job updated: 335320
	297  -  MemoryUsage of job (MB)
	303120  -  ResidentSetSize of job (KB)
...
040 (1355096.000.000) 02/17 07:43:06 Started transferring output files
...
040 (1355096.000.000) 02/17 07:43:06 Finished transferring output files
...
005 (1355096.000.000) 02/17 07:43:06 Job terminated.
	(1) Normal termination (return value 0)
		Usr 0 00:02:18, Sys 0 00:00:03  -  Run Remote Usage
		Usr 0 00:00:00, Sys 0 00:00:00  -  Run Local Usage
		Usr 0 00:02:18, Sys 0 00:00:03  -  Total Remote Usage
		Usr 0 00:00:00, Sys 0 00:00:00  -  Total Local Usage
	13015  -  Run Bytes Sent By Job
	1524  -  Run Bytes Received By Job
	13015  -  Total Bytes Sent By Job
	1524  -  Total Bytes Received By Job
	Partitionable Resources :    Usage  Request Allocated 
	   Cpus                 :     0.19        1         1 
	   Disk (KB)            :    35           2    100371 
	   Memory (MB)          :   297        2000      2000 
...
