000 (1354955.000.000) 02/17 07:26:35 Job submitted from host: <137.138.44.55:9618?addrs=137.138.44.55-9618+[2001-1458-d00-1a--48]-9618&alias=bigbird17.cern.ch&noUDP&sock=schedd_1694_8585_188>
...
040 (1354955.000.000) 02/17 07:27:00 Started transferring input files
	Transferring to host: <128.142.149.59:9618?addrs=128.142.149.59-9618+[2001-1458-301-b--100-2dc]-9618&noUDP&sock=31782_0b45_159877>
...
040 (1354955.000.000) 02/17 07:27:01 Finished transferring input files
...
001 (1354955.000.000) 02/17 07:27:02 Job executing on host: <128.142.149.59:9618?addrs=128.142.149.59-9618+[2001-1458-301-b--100-2dc]-9618&noUDP&sock=6517_b2cb_3>
...
006 (1354955.000.000) 02/17 07:27:10 Image size of job updated: 235072
	169  -  MemoryUsage of job (MB)
	172340  -  ResidentSetSize of job (KB)
...
006 (1354955.000.000) 02/17 07:27:11 Image size of job updated: 235116
	169  -  MemoryUsage of job (MB)
	172384  -  ResidentSetSize of job (KB)
...
040 (1354955.000.000) 02/17 07:27:11 Started transferring output files
...
040 (1354955.000.000) 02/17 07:27:11 Finished transferring output files
...
005 (1354955.000.000) 02/17 07:27:11 Job terminated.
	(1) Normal termination (return value 0)
		Usr 0 00:00:03, Sys 0 00:00:01  -  Run Remote Usage
		Usr 0 00:00:00, Sys 0 00:00:00  -  Run Local Usage
		Usr 0 00:00:03, Sys 0 00:00:01  -  Total Remote Usage
		Usr 0 00:00:00, Sys 0 00:00:00  -  Total Local Usage
	12876  -  Run Bytes Sent By Job
	1459  -  Run Bytes Received By Job
	12876  -  Total Bytes Sent By Job
	1459  -  Total Bytes Received By Job
	Partitionable Resources :    Usage  Request Allocated 
	   Cpus                 :     0.21        1         1 
	   Disk (KB)            :    36           2    322096 
	   Memory (MB)          :   169        2000      2000 
...
