000 (1354841.000.000) 02/17 07:21:20 Job submitted from host: <137.138.44.55:9618?addrs=137.138.44.55-9618+[2001-1458-d00-1a--48]-9618&alias=bigbird17.cern.ch&noUDP&sock=schedd_1694_8585_188>
...
040 (1354841.000.000) 02/17 07:21:48 Started transferring input files
	Transferring to host: <128.142.65.93:9618?addrs=128.142.65.93-9618+[2001-1458-301-4c--100-75]-9618&noUDP&sock=2501_ee3f_64185>
...
040 (1354841.000.000) 02/17 07:21:48 Finished transferring input files
...
001 (1354841.000.000) 02/17 07:21:49 Job executing on host: <128.142.65.93:9618?addrs=128.142.65.93-9618+[2001-1458-301-4c--100-75]-9618&noUDP&sock=2289_a45f_3>
...
006 (1354841.000.000) 02/17 07:21:58 Image size of job updated: 331676
	265  -  MemoryUsage of job (MB)
	270880  -  ResidentSetSize of job (KB)
...
006 (1354841.000.000) 02/17 07:22:06 Image size of job updated: 331676
	265  -  MemoryUsage of job (MB)
	271056  -  ResidentSetSize of job (KB)
...
040 (1354841.000.000) 02/17 07:22:06 Started transferring output files
...
040 (1354841.000.000) 02/17 07:22:06 Finished transferring output files
...
005 (1354841.000.000) 02/17 07:22:06 Job terminated.
	(1) Normal termination (return value 139)
		Usr 0 00:00:10, Sys 0 00:00:02  -  Run Remote Usage
		Usr 0 00:00:00, Sys 0 00:00:00  -  Run Local Usage
		Usr 0 00:00:10, Sys 0 00:00:02  -  Total Remote Usage
		Usr 0 00:00:00, Sys 0 00:00:00  -  Total Local Usage
	9964  -  Run Bytes Sent By Job
	1594  -  Run Bytes Received By Job
	9964  -  Total Bytes Sent By Job
	1594  -  Total Bytes Received By Job
	Partitionable Resources :    Usage  Request Allocated 
	   Cpus                 :     0.04        1         1 
	   Disk (KB)            :    33           2    223794 
	   Memory (MB)          :   265        2000      2000 
...
