000 (1355068.000.000) 02/17 07:31:53 Job submitted from host: <137.138.44.55:9618?addrs=137.138.44.55-9618+[2001-1458-d00-1a--48]-9618&alias=bigbird17.cern.ch&noUDP&sock=schedd_1694_8585_188>
...
040 (1355068.000.000) 02/17 07:34:05 Started transferring input files
	Transferring to host: <188.184.205.217:9618?addrs=188.184.205.217-9618+[2001-1458-301-7d--100-292]-9618&noUDP&sock=3156_6ff9_70282>
...
040 (1355068.000.000) 02/17 07:34:05 Finished transferring input files
...
001 (1355068.000.000) 02/17 07:34:06 Job executing on host: <188.184.205.217:9618?addrs=188.184.205.217-9618+[2001-1458-301-7d--100-292]-9618&noUDP&sock=3117_94ca_3>
...
006 (1355068.000.000) 02/17 07:34:15 Image size of job updated: 86332
	33  -  MemoryUsage of job (MB)
	33780  -  ResidentSetSize of job (KB)
...
006 (1355068.000.000) 02/17 07:37:18 Image size of job updated: 362580
	33  -  MemoryUsage of job (MB)
	33780  -  ResidentSetSize of job (KB)
...
040 (1355068.000.000) 02/17 07:37:18 Started transferring output files
...
040 (1355068.000.000) 02/17 07:37:18 Finished transferring output files
...
005 (1355068.000.000) 02/17 07:37:19 Job terminated.
	(1) Normal termination (return value 0)
		Usr 0 00:02:12, Sys 0 00:00:03  -  Run Remote Usage
		Usr 0 00:00:00, Sys 0 00:00:00  -  Run Local Usage
		Usr 0 00:02:12, Sys 0 00:00:03  -  Total Remote Usage
		Usr 0 00:00:00, Sys 0 00:00:00  -  Total Local Usage
	13013  -  Run Bytes Sent By Job
	1523  -  Run Bytes Received By Job
	13013  -  Total Bytes Sent By Job
	1523  -  Total Bytes Received By Job
	Partitionable Resources :    Usage  Request Allocated 
	   Cpus                 :        0        1         1 
	   Disk (KB)            :       35        2    192839 
	   Memory (MB)          :       33     2000      2000 
...
