000 (1355348.000.000) 02/17 07:44:51 Job submitted from host: <137.138.44.55:9618?addrs=137.138.44.55-9618+[2001-1458-d00-1a--48]-9618&alias=bigbird17.cern.ch&noUDP&sock=schedd_1694_8585_188>
...
040 (1355348.000.000) 02/17 07:47:13 Started transferring input files
	Transferring to host: <128.142.66.118:9618?addrs=128.142.66.118-9618&noUDP&sock=3161_f5da_103711>
...
040 (1355348.000.000) 02/17 07:47:13 Finished transferring input files
...
001 (1355348.000.000) 02/17 07:47:14 Job executing on host: <128.142.66.118:9618?addrs=128.142.66.118-9618&noUDP&sock=2038_7a1a_3>
...
006 (1355348.000.000) 02/17 07:47:23 Image size of job updated: 244908
	179  -  MemoryUsage of job (MB)
	182628  -  ResidentSetSize of job (KB)
...
006 (1355348.000.000) 02/17 07:47:25 Image size of job updated: 245884
	179  -  MemoryUsage of job (MB)
	182628  -  ResidentSetSize of job (KB)
...
040 (1355348.000.000) 02/17 07:47:25 Started transferring output files
...
040 (1355348.000.000) 02/17 07:47:25 Finished transferring output files
...
005 (1355348.000.000) 02/17 07:47:25 Job terminated.
	(1) Normal termination (return value 0)
		Usr 0 00:00:06, Sys 0 00:00:01  -  Run Remote Usage
		Usr 0 00:00:00, Sys 0 00:00:00  -  Run Local Usage
		Usr 0 00:00:06, Sys 0 00:00:01  -  Total Remote Usage
		Usr 0 00:00:00, Sys 0 00:00:00  -  Total Local Usage
	8143  -  Run Bytes Sent By Job
	1488  -  Run Bytes Received By Job
	8143  -  Total Bytes Sent By Job
	1488  -  Total Bytes Received By Job
	Partitionable Resources :    Usage  Request Allocated 
	   Cpus                 :        0        1         1 
	   Disk (KB)            :       31        2    265929 
	   Memory (MB)          :      179     2000      2000 
...
