000 (1354631.000.000) 02/17 07:07:57 Job submitted from host: <137.138.44.55:9618?addrs=137.138.44.55-9618+[2001-1458-d00-1a--48]-9618&alias=bigbird17.cern.ch&noUDP&sock=schedd_1694_8585_188>
...
040 (1354631.000.000) 02/17 07:09:15 Started transferring input files
	Transferring to host: <188.184.169.147:9618?addrs=188.184.169.147-9618+[2001-1458-301-c0--100-3ed]-9618&alias=b7g52n4842.cern.ch&noUDP&sock=slot1_4_20074_b2e9_4262>
...
040 (1354631.000.000) 02/17 07:09:15 Finished transferring input files
...
001 (1354631.000.000) 02/17 07:09:16 Job executing on host: <188.184.169.147:9618?addrs=188.184.169.147-9618+[2001-1458-301-c0--100-3ed]-9618&alias=b7g52n4842.cern.ch&noUDP&sock=startd_17550_6b31>
...
006 (1354631.000.000) 02/17 07:09:25 Image size of job updated: 152480
	57  -  MemoryUsage of job (MB)
	57352  -  ResidentSetSize of job (KB)
...
006 (1354631.000.000) 02/17 07:09:41 Image size of job updated: 894820
	57  -  MemoryUsage of job (MB)
	57448  -  ResidentSetSize of job (KB)
...
040 (1354631.000.000) 02/17 07:09:41 Started transferring output files
...
040 (1354631.000.000) 02/17 07:09:41 Finished transferring output files
...
005 (1354631.000.000) 02/17 07:09:42 Job terminated.
	(1) Normal termination (return value 139)
		Usr 0 00:00:09, Sys 0 00:00:02  -  Run Remote Usage
		Usr 0 00:00:00, Sys 0 00:00:00  -  Run Local Usage
		Usr 0 00:00:09, Sys 0 00:00:02  -  Total Remote Usage
		Usr 0 00:00:00, Sys 0 00:00:00  -  Total Local Usage
	9956  -  Run Bytes Sent By Job
	1554  -  Run Bytes Received By Job
	9956  -  Total Bytes Sent By Job
	1554  -  Total Bytes Received By Job
	Partitionable Resources :    Usage  Request Allocated 
	   Cpus                 :                 1         1 
	   Disk (KB)            :       24        2    244497 
	   Memory (MB)          :       57     2000      2000 
...
