000 (1355007.000.000) 02/17 07:28:15 Job submitted from host: <137.138.44.55:9618?addrs=137.138.44.55-9618+[2001-1458-d00-1a--48]-9618&alias=bigbird17.cern.ch&noUDP&sock=schedd_1694_8585_188>
...
040 (1355007.000.000) 02/17 07:28:31 Started transferring input files
	Transferring to host: <128.142.70.98:9618?addrs=128.142.70.98-9618&noUDP&sock=3237_825d_100762>
...
040 (1355007.000.000) 02/17 07:28:31 Finished transferring input files
...
001 (1355007.000.000) 02/17 07:28:32 Job executing on host: <128.142.70.98:9618?addrs=128.142.70.98-9618&noUDP&sock=2179_30f4_3>
...
006 (1355007.000.000) 02/17 07:28:40 Image size of job updated: 237840
	170  -  MemoryUsage of job (MB)
	173612  -  ResidentSetSize of job (KB)
...
006 (1355007.000.000) 02/17 07:28:40 Image size of job updated: 237848
	170  -  MemoryUsage of job (MB)
	173612  -  ResidentSetSize of job (KB)
...
040 (1355007.000.000) 02/17 07:28:40 Started transferring output files
...
040 (1355007.000.000) 02/17 07:28:40 Finished transferring output files
...
005 (1355007.000.000) 02/17 07:28:40 Job terminated.
	(1) Normal termination (return value 0)
		Usr 0 00:00:04, Sys 0 00:00:01  -  Run Remote Usage
		Usr 0 00:00:00, Sys 0 00:00:00  -  Run Local Usage
		Usr 0 00:00:04, Sys 0 00:00:01  -  Total Remote Usage
		Usr 0 00:00:00, Sys 0 00:00:00  -  Total Local Usage
	12916  -  Run Bytes Sent By Job
	1500  -  Run Bytes Received By Job
	12916  -  Total Bytes Sent By Job
	1500  -  Total Bytes Received By Job
	Partitionable Resources :    Usage  Request Allocated 
	   Cpus                 :     0.04        1         1 
	   Disk (KB)            :    35           2    255059 
	   Memory (MB)          :   170        2000      2000 
...
