000 (1355067.000.000) 02/17 07:31:52 Job submitted from host: <137.138.44.55:9618?addrs=137.138.44.55-9618+[2001-1458-d00-1a--48]-9618&alias=bigbird17.cern.ch&noUDP&sock=schedd_1694_8585_188>
...
040 (1355067.000.000) 02/17 07:34:01 Started transferring input files
	Transferring to host: <188.184.142.125:9618?addrs=188.184.142.125-9618+[2001-1458-301-46--100-7f]-9618&alias=b7g21n0593.cern.ch&noUDP&sock=slot1_5_7645_5810_9241>
...
040 (1355067.000.000) 02/17 07:34:01 Finished transferring input files
...
001 (1355067.000.000) 02/17 07:34:02 Job executing on host: <188.184.142.125:9618?addrs=188.184.142.125-9618+[2001-1458-301-46--100-7f]-9618&alias=b7g21n0593.cern.ch&noUDP&sock=startd_2400_c762>
...
006 (1355067.000.000) 02/17 07:34:10 Image size of job updated: 501704
	33  -  MemoryUsage of job (MB)
	33364  -  ResidentSetSize of job (KB)
...
006 (1355067.000.000) 02/17 07:37:11 Image size of job updated: 779292
	33  -  MemoryUsage of job (MB)
	33364  -  ResidentSetSize of job (KB)
...
040 (1355067.000.000) 02/17 07:37:11 Started transferring output files
...
040 (1355067.000.000) 02/17 07:37:11 Finished transferring output files
...
005 (1355067.000.000) 02/17 07:37:11 Job terminated.
	(1) Normal termination (return value 0)
		Usr 0 00:01:56, Sys 0 00:00:02  -  Run Remote Usage
		Usr 0 00:00:00, Sys 0 00:00:00  -  Run Local Usage
		Usr 0 00:01:56, Sys 0 00:00:02  -  Total Remote Usage
		Usr 0 00:00:00, Sys 0 00:00:00  -  Total Local Usage
	13014  -  Run Bytes Sent By Job
	1524  -  Run Bytes Received By Job
	13014  -  Total Bytes Sent By Job
	1524  -  Total Bytes Received By Job
	Partitionable Resources :    Usage  Request Allocated 
	   Cpus                 :                 1         1 
	   Disk (KB)            :       27        2    186688 
	   Memory (MB)          :       33     2000      2000 
...
