000 (1354986.000.000) 02/17 07:27:42 Job submitted from host: <137.138.44.55:9618?addrs=137.138.44.55-9618+[2001-1458-d00-1a--48]-9618&alias=bigbird17.cern.ch&noUDP&sock=schedd_1694_8585_188>
...
040 (1354986.000.000) 02/17 07:27:50 Started transferring input files
	Transferring to host: <128.142.114.247:9618?addrs=128.142.114.247-9618+[2001-1458-301-90--100-3ff]-9618&noUDP&sock=32519_53c3_159585>
...
040 (1354986.000.000) 02/17 07:27:50 Finished transferring input files
...
001 (1354986.000.000) 02/17 07:27:51 Job executing on host: <128.142.114.247:9618?addrs=128.142.114.247-9618+[2001-1458-301-90--100-3ff]-9618&noUDP&sock=1377_1600_3>
...
006 (1354986.000.000) 02/17 07:27:59 Image size of job updated: 64300
	17  -  MemoryUsage of job (MB)
	17340  -  ResidentSetSize of job (KB)
...
006 (1354986.000.000) 02/17 07:28:14 Image size of job updated: 236048
	17  -  MemoryUsage of job (MB)
	17340  -  ResidentSetSize of job (KB)
...
040 (1354986.000.000) 02/17 07:28:14 Started transferring output files
...
040 (1354986.000.000) 02/17 07:28:14 Finished transferring output files
...
005 (1354986.000.000) 02/17 07:28:14 Job terminated.
	(1) Normal termination (return value 0)
		Usr 0 00:00:04, Sys 0 00:00:01  -  Run Remote Usage
		Usr 0 00:00:00, Sys 0 00:00:00  -  Run Local Usage
		Usr 0 00:00:04, Sys 0 00:00:01  -  Total Remote Usage
		Usr 0 00:00:00, Sys 0 00:00:00  -  Total Local Usage
	12905  -  Run Bytes Sent By Job
	1488  -  Run Bytes Received By Job
	12905  -  Total Bytes Sent By Job
	1488  -  Total Bytes Received By Job
	Partitionable Resources :    Usage  Request Allocated 
	   Cpus                 :        0        1         1 
	   Disk (KB)            :       36        2    192914 
	   Memory (MB)          :       17     2000      2000 
...
