000 (1354529.000.000) 02/17 06:59:41 Job submitted from host: <137.138.44.55:9618?addrs=137.138.44.55-9618+[2001-1458-d00-1a--48]-9618&alias=bigbird17.cern.ch&noUDP&sock=schedd_1694_8585_188>
...
040 (1354529.000.000) 02/17 07:03:48 Started transferring input files
	Transferring to host: <128.142.85.32:9618?addrs=128.142.85.32-9618+[2001-1458-301-f6--100-45f]-9618&noUDP&sock=16888_dfa8_27231>
...
040 (1354529.000.000) 02/17 07:03:48 Finished transferring input files
...
001 (1354529.000.000) 02/17 07:03:49 Job executing on host: <128.142.85.32:9618?addrs=128.142.85.32-9618+[2001-1458-301-f6--100-45f]-9618&noUDP&sock=16731_a721_3>
...
006 (1354529.000.000) 02/17 07:03:58 Image size of job updated: 147688
	53  -  MemoryUsage of job (MB)
	53452  -  ResidentSetSize of job (KB)
...
006 (1354529.000.000) 02/17 07:04:19 Image size of job updated: 491748
	53  -  MemoryUsage of job (MB)
	53628  -  ResidentSetSize of job (KB)
...
040 (1354529.000.000) 02/17 07:04:20 Started transferring output files
...
040 (1354529.000.000) 02/17 07:04:20 Finished transferring output files
...
005 (1354529.000.000) 02/17 07:04:20 Job terminated.
	(1) Normal termination (return value 139)
		Usr 0 00:00:10, Sys 0 00:00:03  -  Run Remote Usage
		Usr 0 00:00:00, Sys 0 00:00:00  -  Run Local Usage
		Usr 0 00:00:10, Sys 0 00:00:03  -  Total Remote Usage
		Usr 0 00:00:00, Sys 0 00:00:00  -  Total Local Usage
	9956  -  Run Bytes Sent By Job
	1555  -  Run Bytes Received By Job
	9956  -  Total Bytes Sent By Job
	1555  -  Total Bytes Received By Job
	Partitionable Resources :    Usage  Request Allocated 
	   Cpus                 :     1.01        1         1 
	   Disk (KB)            :    33           2    249644 
	   Memory (MB)          :    53        2000      2000 
...
