000 (1355172.000.000) 02/17 07:36:41 Job submitted from host: <137.138.44.55:9618?addrs=137.138.44.55-9618+[2001-1458-d00-1a--48]-9618&alias=bigbird17.cern.ch&noUDP&sock=schedd_1694_8585_188>
...
040 (1355172.000.000) 02/17 07:37:15 Started transferring input files
	Transferring to host: <188.184.205.215:9618?addrs=188.184.205.215-9618+[2001-1458-301-7d--100-1d1]-9618&alias=b7g27n0357.cern.ch&noUDP&sock=slot1_2_21217_0bb8_9437>
...
040 (1355172.000.000) 02/17 07:37:15 Finished transferring input files
...
001 (1355172.000.000) 02/17 07:37:16 Job executing on host: <188.184.205.215:9618?addrs=188.184.205.215-9618+[2001-1458-301-7d--100-1d1]-9618&alias=b7g27n0357.cern.ch&noUDP&sock=startd_1925_f7e6>
...
006 (1355172.000.000) 02/17 07:37:25 Image size of job updated: 240536
	176  -  MemoryUsage of job (MB)
	180092  -  ResidentSetSize of job (KB)
...
006 (1355172.000.000) 02/17 07:40:52 Image size of job updated: 776188
	176  -  MemoryUsage of job (MB)
	180092  -  ResidentSetSize of job (KB)
...
040 (1355172.000.000) 02/17 07:40:52 Started transferring output files
...
040 (1355172.000.000) 02/17 07:40:52 Finished transferring output files
...
005 (1355172.000.000) 02/17 07:40:53 Job terminated.
	(1) Normal termination (return value 0)
		Usr 0 00:01:39, Sys 0 00:00:03  -  Run Remote Usage
		Usr 0 00:00:00, Sys 0 00:00:00  -  Run Local Usage
		Usr 0 00:01:39, Sys 0 00:00:03  -  Total Remote Usage
		Usr 0 00:00:00, Sys 0 00:00:00  -  Total Local Usage
	13054  -  Run Bytes Sent By Job
	1564  -  Run Bytes Received By Job
	13054  -  Total Bytes Sent By Job
	1564  -  Total Bytes Received By Job
	Partitionable Resources :    Usage  Request Allocated 
	   Cpus                 :                 1         1 
	   Disk (KB)            :       28        2    203818 
	   Memory (MB)          :      176     2000      2000 
...
