000 (1355244.000.000) 02/17 07:40:28 Job submitted from host: <137.138.44.55:9618?addrs=137.138.44.55-9618+[2001-1458-d00-1a--48]-9618&alias=bigbird17.cern.ch&noUDP&sock=schedd_1694_8585_188>
...
040 (1355244.000.000) 02/17 07:40:30 Started transferring input files
	Transferring to host: <128.142.110.233:9618?addrs=128.142.110.233-9618+[2001-1458-301-8f--100-175]-9618&noUDP&sock=2245_8e34_80753>
...
040 (1355244.000.000) 02/17 07:40:30 Finished transferring input files
...
001 (1355244.000.000) 02/17 07:40:31 Job executing on host: <128.142.110.233:9618?addrs=128.142.110.233-9618+[2001-1458-301-8f--100-175]-9618&noUDP&sock=2100_00f9_3>
...
006 (1355244.000.000) 02/17 07:40:40 Image size of job updated: 128496
	44  -  MemoryUsage of job (MB)
	44704  -  ResidentSetSize of job (KB)
...
006 (1355244.000.000) 02/17 07:40:57 Image size of job updated: 247596
	44  -  MemoryUsage of job (MB)
	44704  -  ResidentSetSize of job (KB)
...
040 (1355244.000.000) 02/17 07:40:57 Started transferring output files
...
040 (1355244.000.000) 02/17 07:40:57 Finished transferring output files
...
005 (1355244.000.000) 02/17 07:40:57 Job terminated.
	(1) Normal termination (return value 0)
		Usr 0 00:00:08, Sys 0 00:00:01  -  Run Remote Usage
		Usr 0 00:00:00, Sys 0 00:00:00  -  Run Local Usage
		Usr 0 00:00:08, Sys 0 00:00:01  -  Total Remote Usage
		Usr 0 00:00:00, Sys 0 00:00:00  -  Total Local Usage
	8182  -  Run Bytes Sent By Job
	1527  -  Run Bytes Received By Job
	8182  -  Total Bytes Sent By Job
	1527  -  Total Bytes Received By Job
	Partitionable Resources :    Usage  Request Allocated 
	   Cpus                 :        0        1         1 
	   Disk (KB)            :       31        2    201505 
	   Memory (MB)          :       44     2000      2000 
...
