000 (1355107.000.000) 02/17 07:33:35 Job submitted from host: <137.138.44.55:9618?addrs=137.138.44.55-9618+[2001-1458-d00-1a--48]-9618&alias=bigbird17.cern.ch&noUDP&sock=schedd_1694_8585_188>
...
040 (1355107.000.000) 02/17 07:34:09 Started transferring input files
	Transferring to host: <188.184.205.215:9618?addrs=188.184.205.215-9618+[2001-1458-301-7d--100-1d1]-9618&alias=b7g27n0357.cern.ch&noUDP&sock=slot1_2_21217_0bb8_9435>
...
040 (1355107.000.000) 02/17 07:34:09 Finished transferring input files
...
001 (1355107.000.000) 02/17 07:34:10 Job executing on host: <188.184.205.215:9618?addrs=188.184.205.215-9618+[2001-1458-301-7d--100-1d1]-9618&alias=b7g27n0357.cern.ch&noUDP&sock=startd_1925_f7e6>
...
006 (1355107.000.000) 02/17 07:34:19 Image size of job updated: 181676
	41  -  MemoryUsage of job (MB)
	41472  -  ResidentSetSize of job (KB)
...
006 (1355107.000.000) 02/17 07:37:04 Image size of job updated: 778852
	41  -  MemoryUsage of job (MB)
	41480  -  ResidentSetSize of job (KB)
...
040 (1355107.000.000) 02/17 07:37:05 Started transferring output files
...
040 (1355107.000.000) 02/17 07:37:05 Finished transferring output files
...
005 (1355107.000.000) 02/17 07:37:05 Job terminated.
	(1) Normal termination (return value 0)
		Usr 0 00:01:58, Sys 0 00:00:02  -  Run Remote Usage
		Usr 0 00:00:00, Sys 0 00:00:00  -  Run Local Usage
		Usr 0 00:01:58, Sys 0 00:00:02  -  Total Remote Usage
		Usr 0 00:00:00, Sys 0 00:00:00  -  Total Local Usage
	13009  -  Run Bytes Sent By Job
	1519  -  Run Bytes Received By Job
	13009  -  Total Bytes Sent By Job
	1519  -  Total Bytes Received By Job
	Partitionable Resources :    Usage  Request Allocated 
	   Cpus                 :                 1         1 
	   Disk (KB)            :       27        2    204427 
	   Memory (MB)          :       41     2000      2000 
...
