000 (1354740.000.000) 02/17 07:16:19 Job submitted from host: <137.138.44.55:9618?addrs=137.138.44.55-9618+[2001-1458-d00-1a--48]-9618&alias=bigbird17.cern.ch&noUDP&sock=schedd_1694_8585_188>
...
040 (1354740.000.000) 02/17 07:16:24 Started transferring input files
	Transferring to host: <188.184.169.74:9618?addrs=188.184.169.74-9618+[2001-1458-301-c0--100-4d4]-9618&noUDP&sock=16933_948a_72124>
...
040 (1354740.000.000) 02/17 07:16:24 Finished transferring input files
...
001 (1354740.000.000) 02/17 07:16:25 Job executing on host: <188.184.169.74:9618?addrs=188.184.169.74-9618+[2001-1458-301-c0--100-4d4]-9618&noUDP&sock=16798_9bf9_3>
...
006 (1354740.000.000) 02/17 07:16:34 Image size of job updated: 3236
	3  -  MemoryUsage of job (MB)
	2600  -  ResidentSetSize of job (KB)
...
006 (1354740.000.000) 02/17 07:17:36 Image size of job updated: 605828
	3  -  MemoryUsage of job (MB)
	2604  -  ResidentSetSize of job (KB)
...
040 (1354740.000.000) 02/17 07:17:36 Started transferring output files
...
040 (1354740.000.000) 02/17 07:17:36 Finished transferring output files
...
005 (1354740.000.000) 02/17 07:17:36 Job terminated.
	(1) Normal termination (return value 139)
		Usr 0 00:00:10, Sys 0 00:00:01  -  Run Remote Usage
		Usr 0 00:00:00, Sys 0 00:00:00  -  Run Local Usage
		Usr 0 00:00:10, Sys 0 00:00:01  -  Total Remote Usage
		Usr 0 00:00:00, Sys 0 00:00:00  -  Total Local Usage
	9964  -  Run Bytes Sent By Job
	1595  -  Run Bytes Received By Job
	9964  -  Total Bytes Sent By Job
	1595  -  Total Bytes Received By Job
	Partitionable Resources :    Usage  Request Allocated 
	   Cpus                 :        0        1         1 
	   Disk (KB)            :       33        2    253566 
	   Memory (MB)          :        3     2000      2000 
...
