000 (1355363.000.000) 02/17 07:45:38 Job submitted from host: <137.138.44.55:9618?addrs=137.138.44.55-9618+[2001-1458-d00-1a--48]-9618&alias=bigbird17.cern.ch&noUDP&sock=schedd_1694_8585_188>
...
040 (1355363.000.000) 02/17 07:47:17 Started transferring input files
	Transferring to host: <188.184.198.144:9618?addrs=188.184.198.144-9618+[2001-1458-301-c1--100-353]-9618&noUDP&sock=18665_ee50_71978>
...
040 (1355363.000.000) 02/17 07:47:17 Finished transferring input files
...
001 (1355363.000.000) 02/17 07:47:18 Job executing on host: <188.184.198.144:9618?addrs=188.184.198.144-9618+[2001-1458-301-c1--100-353]-9618&noUDP&sock=18528_3ed1_3>
...
006 (1355363.000.000) 02/17 07:47:27 Image size of job updated: 4156
	3  -  MemoryUsage of job (MB)
	2912  -  ResidentSetSize of job (KB)
...
006 (1355363.000.000) 02/17 07:47:51 Image size of job updated: 247372
	3  -  MemoryUsage of job (MB)
	2912  -  ResidentSetSize of job (KB)
...
040 (1355363.000.000) 02/17 07:47:51 Started transferring output files
...
040 (1355363.000.000) 02/17 07:47:51 Finished transferring output files
...
005 (1355363.000.000) 02/17 07:47:51 Job terminated.
	(1) Normal termination (return value 0)
		Usr 0 00:00:10, Sys 0 00:00:01  -  Run Remote Usage
		Usr 0 00:00:00, Sys 0 00:00:00  -  Run Local Usage
		Usr 0 00:00:10, Sys 0 00:00:01  -  Total Remote Usage
		Usr 0 00:00:00, Sys 0 00:00:00  -  Total Local Usage
	8138  -  Run Bytes Sent By Job
	1483  -  Run Bytes Received By Job
	8138  -  Total Bytes Sent By Job
	1483  -  Total Bytes Received By Job
	Partitionable Resources :    Usage  Request Allocated 
	   Cpus                 :        0        1         1 
	   Disk (KB)            :       30        2    245183 
	   Memory (MB)          :        3     2000      2000 
...
