000 (1354685.000.000) 02/17 07:12:26 Job submitted from host: <137.138.44.55:9618?addrs=137.138.44.55-9618+[2001-1458-d00-1a--48]-9618&alias=bigbird17.cern.ch&noUDP&sock=schedd_1694_8585_188>
...
040 (1354685.000.000) 02/17 07:12:32 Started transferring input files
	Transferring to host: <128.142.87.253:9618?addrs=128.142.87.253-9618+[2001-1458-301-f6--100-336]-9618&alias=b7s14n3255.cern.ch&noUDP&sock=slot1_12_8395_c96e_9729>
...
040 (1354685.000.000) 02/17 07:12:32 Finished transferring input files
...
001 (1354685.000.000) 02/17 07:12:33 Job executing on host: <128.142.87.253:9618?addrs=128.142.87.253-9618+[2001-1458-301-f6--100-336]-9618&alias=b7s14n3255.cern.ch&noUDP&sock=startd_16579_64bc>
...
006 (1354685.000.000) 02/17 07:12:42 Image size of job updated: 262256
	197  -  MemoryUsage of job (MB)
	201512  -  ResidentSetSize of job (KB)
...
006 (1354685.000.000) 02/17 07:12:51 Image size of job updated: 1036108
	197  -  MemoryUsage of job (MB)
	201512  -  ResidentSetSize of job (KB)
...
040 (1354685.000.000) 02/17 07:12:51 Started transferring output files
...
040 (1354685.000.000) 02/17 07:12:51 Finished transferring output files
...
005 (1354685.000.000) 02/17 07:12:51 Job terminated.
	(1) Normal termination (return value 139)
		Usr 0 00:00:09, Sys 0 00:00:02  -  Run Remote Usage
		Usr 0 00:00:00, Sys 0 00:00:00  -  Run Local Usage
		Usr 0 00:00:09, Sys 0 00:00:02  -  Total Remote Usage
		Usr 0 00:00:00, Sys 0 00:00:00  -  Total Local Usage
	9963  -  Run Bytes Sent By Job
	1595  -  Run Bytes Received By Job
	9963  -  Total Bytes Sent By Job
	1595  -  Total Bytes Received By Job
	Partitionable Resources :    Usage  Request Allocated 
	   Cpus                 :     0.04        1         1 
	   Disk (KB)            :    32           2    184052 
	   Memory (MB)          :   197        2000      2000 
...
