000 (1355184.000.000) 02/17 07:37:23 Job submitted from host: <137.138.44.55:9618?addrs=137.138.44.55-9618+[2001-1458-d00-1a--48]-9618&alias=bigbird17.cern.ch&noUDP&sock=schedd_1694_8585_188>
...
040 (1355184.000.000) 02/17 07:37:34 Started transferring input files
	Transferring to host: <128.142.116.91:9618?addrs=128.142.116.91-9618+[2001-1458-301-ae--100-176]-9618&alias=b7s06n9307.cern.ch&noUDP&sock=slot1_6_23945_2b27_8668>
...
040 (1355184.000.000) 02/17 07:37:34 Finished transferring input files
...
001 (1355184.000.000) 02/17 07:37:35 Job executing on host: <128.142.116.91:9618?addrs=128.142.116.91-9618+[2001-1458-301-ae--100-176]-9618&alias=b7s06n9307.cern.ch&noUDP&sock=startd_17686_b413>
...
006 (1355184.000.000) 02/17 07:37:44 Image size of job updated: 563376
	175  -  MemoryUsage of job (MB)
	178588  -  ResidentSetSize of job (KB)
...
006 (1355184.000.000) 02/17 07:39:29 Image size of job updated: 777284
	175  -  MemoryUsage of job (MB)
	178588  -  ResidentSetSize of job (KB)
...
040 (1355184.000.000) 02/17 07:39:29 Started transferring output files
...
040 (1355184.000.000) 02/17 07:39:29 Finished transferring output files
...
005 (1355184.000.000) 02/17 07:39:29 Job terminated.
	(1) Normal termination (return value 0)
		Usr 0 00:01:20, Sys 0 00:00:02  -  Run Remote Usage
		Usr 0 00:00:00, Sys 0 00:00:00  -  Run Local Usage
		Usr 0 00:01:20, Sys 0 00:00:02  -  Total Remote Usage
		Usr 0 00:00:00, Sys 0 00:00:00  -  Total Local Usage
	13056  -  Run Bytes Sent By Job
	1565  -  Run Bytes Received By Job
	13056  -  Total Bytes Sent By Job
	1565  -  Total Bytes Received By Job
	Partitionable Resources :    Usage  Request Allocated 
	   Cpus                 :                 1         1 
	   Disk (KB)            :       28        2    164152 
	   Memory (MB)          :      175     2000      2000 
...
