000 (1354817.000.000) 02/17 07:20:09 Job submitted from host: <137.138.44.55:9618?addrs=137.138.44.55-9618+[2001-1458-d00-1a--48]-9618&alias=bigbird17.cern.ch&noUDP&sock=schedd_1694_8585_188>
...
040 (1354817.000.000) 02/17 07:21:24 Started transferring input files
	Transferring to host: <188.184.198.189:9618?addrs=188.184.198.189-9618+[2001-1458-301-c1--100-33b]-9618&alias=b7g52n1325.cern.ch&noUDP&sock=slot1_2_20784_f546_24929>
...
040 (1354817.000.000) 02/17 07:21:24 Finished transferring input files
...
001 (1354817.000.000) 02/17 07:21:25 Job executing on host: <188.184.198.189:9618?addrs=188.184.198.189-9618+[2001-1458-301-c1--100-33b]-9618&alias=b7g52n1325.cern.ch&noUDP&sock=startd_18215_8dac>
...
006 (1354817.000.000) 02/17 07:21:34 Image size of job updated: 617280
	170  -  MemoryUsage of job (MB)
	173324  -  ResidentSetSize of job (KB)
...
006 (1354817.000.000) 02/17 07:23:22 Image size of job updated: 826660
	170  -  MemoryUsage of job (MB)
	173324  -  ResidentSetSize of job (KB)
...
040 (1354817.000.000) 02/17 07:23:22 Started transferring output files
...
040 (1354817.000.000) 02/17 07:23:22 Finished transferring output files
...
005 (1354817.000.000) 02/17 07:23:22 Job terminated.
	(1) Normal termination (return value 0)
		Usr 0 00:01:35, Sys 0 00:00:01  -  Run Remote Usage
		Usr 0 00:00:00, Sys 0 00:00:00  -  Run Local Usage
		Usr 0 00:01:35, Sys 0 00:00:01  -  Total Remote Usage
		Usr 0 00:00:00, Sys 0 00:00:00  -  Total Local Usage
	7996  -  Run Bytes Sent By Job
	1594  -  Run Bytes Received By Job
	7996  -  Total Bytes Sent By Job
	1594  -  Total Bytes Received By Job
	Partitionable Resources :    Usage  Request Allocated 
	   Cpus                 :                 1         1 
	   Disk (KB)            :       23        2    173935 
	   Memory (MB)          :      170     2000      2000 
...
