000 (1355258.000.000) 02/17 07:41:36 Job submitted from host: <137.138.44.55:9618?addrs=137.138.44.55-9618+[2001-1458-d00-1a--48]-9618&alias=bigbird17.cern.ch&noUDP&sock=schedd_1694_8585_188>
...
040 (1355258.000.000) 02/17 07:41:49 Started transferring input files
	Transferring to host: <128.142.81.174:9618?addrs=128.142.81.174-9618+[2001-1458-301-f5--100-da]-9618&noUDP&sock=16674_175f_28611>
...
040 (1355258.000.000) 02/17 07:41:49 Finished transferring input files
...
001 (1355258.000.000) 02/17 07:41:50 Job executing on host: <128.142.81.174:9618?addrs=128.142.81.174-9618+[2001-1458-301-f5--100-da]-9618&noUDP&sock=16518_8d75_3>
...
006 (1355258.000.000) 02/17 07:41:58 Image size of job updated: 68040
	19  -  MemoryUsage of job (MB)
	18496  -  ResidentSetSize of job (KB)
...
006 (1355258.000.000) 02/17 07:42:33 Image size of job updated: 245680
	19  -  MemoryUsage of job (MB)
	18496  -  ResidentSetSize of job (KB)
...
040 (1355258.000.000) 02/17 07:42:33 Started transferring output files
...
040 (1355258.000.000) 02/17 07:42:33 Finished transferring output files
...
005 (1355258.000.000) 02/17 07:42:34 Job terminated.
	(1) Normal termination (return value 0)
		Usr 0 00:00:09, Sys 0 00:00:01  -  Run Remote Usage
		Usr 0 00:00:00, Sys 0 00:00:00  -  Run Local Usage
		Usr 0 00:00:09, Sys 0 00:00:01  -  Total Remote Usage
		Usr 0 00:00:00, Sys 0 00:00:00  -  Total Local Usage
	8178  -  Run Bytes Sent By Job
	1523  -  Run Bytes Received By Job
	8178  -  Total Bytes Sent By Job
	1523  -  Total Bytes Received By Job
	Partitionable Resources :    Usage  Request Allocated 
	   Cpus                 :     0.16        1         1 
	   Disk (KB)            :    32           2    254677 
	   Memory (MB)          :    19        2000      2000 
...
