000 (1354619.000.000) 02/17 07:07:12 Job submitted from host: <137.138.44.55:9618?addrs=137.138.44.55-9618+[2001-1458-d00-1a--48]-9618&alias=bigbird17.cern.ch&noUDP&sock=schedd_1694_8585_188>
...
040 (1354619.000.000) 02/17 07:09:09 Started transferring input files
	Transferring to host: <188.184.211.124:9618?addrs=188.184.211.124-9618+[2001-1458-301-10b--100-135]-9618&noUDP&sock=18603_3f0e_80904>
...
040 (1354619.000.000) 02/17 07:09:09 Finished transferring input files
...
001 (1354619.000.000) 02/17 07:09:10 Job executing on host: <188.184.211.124:9618?addrs=188.184.211.124-9618+[2001-1458-301-10b--100-135]-9618&noUDP&sock=18467_678a_3>
...
006 (1354619.000.000) 02/17 07:09:18 Image size of job updated: 88200
	34  -  MemoryUsage of job (MB)
	33928  -  ResidentSetSize of job (KB)
...
006 (1354619.000.000) 02/17 07:09:40 Image size of job updated: 595256
	34  -  MemoryUsage of job (MB)
	34008  -  ResidentSetSize of job (KB)
...
040 (1354619.000.000) 02/17 07:09:40 Started transferring output files
...
040 (1354619.000.000) 02/17 07:09:40 Finished transferring output files
...
005 (1354619.000.000) 02/17 07:09:40 Job terminated.
	(1) Normal termination (return value 139)
		Usr 0 00:00:11, Sys 0 00:00:03  -  Run Remote Usage
		Usr 0 00:00:00, Sys 0 00:00:00  -  Run Local Usage
		Usr 0 00:00:11, Sys 0 00:00:03  -  Total Remote Usage
		Usr 0 00:00:00, Sys 0 00:00:00  -  Total Local Usage
	9956  -  Run Bytes Sent By Job
	1555  -  Run Bytes Received By Job
	9956  -  Total Bytes Sent By Job
	1555  -  Total Bytes Received By Job
	Partitionable Resources :    Usage  Request Allocated 
	   Cpus                 :     0.24        1         1 
	   Disk (KB)            :    33           2    333749 
	   Memory (MB)          :    34        2000      2000 
...
