000 (1354894.000.000) 02/17 07:23:44 Job submitted from host: <137.138.44.55:9618?addrs=137.138.44.55-9618+[2001-1458-d00-1a--48]-9618&alias=bigbird17.cern.ch&noUDP&sock=schedd_1694_8585_188>
...
040 (1354894.000.000) 02/17 07:24:17 Started transferring input files
	Transferring to host: <128.142.118.42:9618?addrs=128.142.118.42-9618+[2001-1458-301-ae--100-2d9]-9618&noUDP&sock=26839_40dc_111933>
...
040 (1354894.000.000) 02/17 07:24:17 Finished transferring input files
...
001 (1354894.000.000) 02/17 07:24:18 Job executing on host: <128.142.118.42:9618?addrs=128.142.118.42-9618+[2001-1458-301-ae--100-2d9]-9618&noUDP&sock=23065_4000_3>
...
006 (1354894.000.000) 02/17 07:24:27 Image size of job updated: 232128
	169  -  MemoryUsage of job (MB)
	172044  -  ResidentSetSize of job (KB)
...
006 (1354894.000.000) 02/17 07:28:56 Image size of job updated: 298740
	169  -  MemoryUsage of job (MB)
	172160  -  ResidentSetSize of job (KB)
...
040 (1354894.000.000) 02/17 07:28:56 Started transferring output files
...
040 (1354894.000.000) 02/17 07:28:56 Finished transferring output files
...
005 (1354894.000.000) 02/17 07:28:56 Job terminated.
	(1) Normal termination (return value 0)
		Usr 0 00:03:11, Sys 0 00:00:04  -  Run Remote Usage
		Usr 0 00:00:00, Sys 0 00:00:00  -  Run Local Usage
		Usr 0 00:03:11, Sys 0 00:00:04  -  Total Remote Usage
		Usr 0 00:00:00, Sys 0 00:00:00  -  Total Local Usage
	12728  -  Run Bytes Sent By Job
	1386  -  Run Bytes Received By Job
	12728  -  Total Bytes Sent By Job
	1386  -  Total Bytes Received By Job
	Partitionable Resources :    Usage  Request Allocated 
	   Cpus                 :     0.61        1         1 
	   Disk (KB)            :    36           2    130430 
	   Memory (MB)          :   169        2000      2000 
...
