000 (1354708.000.000) 02/17 07:14:21 Job submitted from host: <137.138.44.55:9618?addrs=137.138.44.55-9618+[2001-1458-d00-1a--48]-9618&alias=bigbird17.cern.ch&noUDP&sock=schedd_1694_8585_188>
...
040 (1354708.000.000) 02/17 07:15:23 Started transferring input files
	Transferring to host: <128.142.72.175:9618?addrs=128.142.72.175-9618+[2001-1458-301-75--100-5c6]-9618&alias=b7s11n0462.cern.ch&noUDP&sock=slot1_14_7560_742d_25929>
...
040 (1354708.000.000) 02/17 07:15:23 Finished transferring input files
...
001 (1354708.000.000) 02/17 07:15:24 Job executing on host: <128.142.72.175:9618?addrs=128.142.72.175-9618+[2001-1458-301-75--100-5c6]-9618&alias=b7s11n0462.cern.ch&noUDP&sock=startd_16771_16eb>
...
006 (1354708.000.000) 02/17 07:15:33 Image size of job updated: 18152
	3  -  MemoryUsage of job (MB)
	2084  -  ResidentSetSize of job (KB)
...
006 (1354708.000.000) 02/17 07:16:07 Image size of job updated: 860872
	3  -  MemoryUsage of job (MB)
	2084  -  ResidentSetSize of job (KB)
...
040 (1354708.000.000) 02/17 07:16:07 Started transferring output files
...
040 (1354708.000.000) 02/17 07:16:07 Finished transferring output files
...
005 (1354708.000.000) 02/17 07:16:08 Job terminated.
	(1) Normal termination (return value 139)
		Usr 0 00:00:10, Sys 0 00:00:04  -  Run Remote Usage
		Usr 0 00:00:00, Sys 0 00:00:00  -  Run Local Usage
		Usr 0 00:00:10, Sys 0 00:00:04  -  Total Remote Usage
		Usr 0 00:00:00, Sys 0 00:00:00  -  Total Local Usage
	9964  -  Run Bytes Sent By Job
	1594  -  Run Bytes Received By Job
	9964  -  Total Bytes Sent By Job
	1594  -  Total Bytes Received By Job
	Partitionable Resources :    Usage  Request Allocated 
	   Cpus                 :                 1         1 
	   Disk (KB)            :       24        2    254268 
	   Memory (MB)          :        3     2000      2000 
...
