000 (1355369.000.000) 02/17 07:45:59 Job submitted from host: <137.138.44.55:9618?addrs=137.138.44.55-9618+[2001-1458-d00-1a--48]-9618&alias=bigbird17.cern.ch&noUDP&sock=schedd_1694_8585_188>
...
040 (1355369.000.000) 02/17 07:47:19 Started transferring input files
	Transferring to host: <128.142.77.76:9618?addrs=128.142.77.76-9618+[2001-1458-301-f4--100-54d]-9618&noUDP&sock=16752_0ca2_31038>
...
040 (1355369.000.000) 02/17 07:47:19 Finished transferring input files
...
001 (1355369.000.000) 02/17 07:47:20 Job executing on host: <128.142.77.76:9618?addrs=128.142.77.76-9618+[2001-1458-301-f4--100-54d]-9618&noUDP&sock=16596_0dd8_3>
...
006 (1355369.000.000) 02/17 07:47:28 Image size of job updated: 67676
	18  -  MemoryUsage of job (MB)
	18276  -  ResidentSetSize of job (KB)
...
006 (1355369.000.000) 02/17 07:47:49 Image size of job updated: 246664
	18  -  MemoryUsage of job (MB)
	18276  -  ResidentSetSize of job (KB)
...
040 (1355369.000.000) 02/17 07:47:49 Started transferring output files
...
040 (1355369.000.000) 02/17 07:47:49 Finished transferring output files
...
005 (1355369.000.000) 02/17 07:47:50 Job terminated.
	(1) Normal termination (return value 0)
		Usr 0 00:00:09, Sys 0 00:00:01  -  Run Remote Usage
		Usr 0 00:00:00, Sys 0 00:00:00  -  Run Local Usage
		Usr 0 00:00:09, Sys 0 00:00:01  -  Total Remote Usage
		Usr 0 00:00:00, Sys 0 00:00:00  -  Total Local Usage
	8139  -  Run Bytes Sent By Job
	1484  -  Run Bytes Received By Job
	8139  -  Total Bytes Sent By Job
	1484  -  Total Bytes Received By Job
	Partitionable Resources :    Usage  Request Allocated 
	   Cpus                 :        0        1         1 
	   Disk (KB)            :       30        2    250431 
	   Memory (MB)          :       18     2000      2000 
...
