000 (1355341.000.000) 02/17 07:44:40 Job submitted from host: <137.138.44.55:9618?addrs=137.138.44.55-9618+[2001-1458-d00-1a--48]-9618&alias=bigbird17.cern.ch&noUDP&sock=schedd_1694_8585_188>
...
040 (1355341.000.000) 02/17 07:46:23 Started transferring input files
	Transferring to host: <128.142.83.140:9618?addrs=128.142.83.140-9618+[2001-1458-301-f5--100-441]-9618&noUDP&sock=16553_d5fa_29457>
...
040 (1355341.000.000) 02/17 07:46:23 Finished transferring input files
...
001 (1355341.000.000) 02/17 07:46:24 Job executing on host: <128.142.83.140:9618?addrs=128.142.83.140-9618+[2001-1458-301-f5--100-441]-9618&noUDP&sock=16396_dee7_3>
...
006 (1355341.000.000) 02/17 07:46:33 Image size of job updated: 129036
	44  -  MemoryUsage of job (MB)
	44852  -  ResidentSetSize of job (KB)
...
006 (1355341.000.000) 02/17 07:46:46 Image size of job updated: 243944
	44  -  MemoryUsage of job (MB)
	44856  -  ResidentSetSize of job (KB)
...
040 (1355341.000.000) 02/17 07:46:46 Started transferring output files
...
040 (1355341.000.000) 02/17 07:46:46 Finished transferring output files
...
005 (1355341.000.000) 02/17 07:46:46 Job terminated.
	(1) Normal termination (return value 0)
		Usr 0 00:00:08, Sys 0 00:00:01  -  Run Remote Usage
		Usr 0 00:00:00, Sys 0 00:00:00  -  Run Local Usage
		Usr 0 00:00:08, Sys 0 00:00:01  -  Total Remote Usage
		Usr 0 00:00:00, Sys 0 00:00:00  -  Total Local Usage
	8143  -  Run Bytes Sent By Job
	1488  -  Run Bytes Received By Job
	8143  -  Total Bytes Sent By Job
	1488  -  Total Bytes Received By Job
	Partitionable Resources :    Usage  Request Allocated 
	   Cpus                 :        0        1         1 
	   Disk (KB)            :       30        2    241530 
	   Memory (MB)          :       44     2000      2000 
...
