000 (1355201.000.000) 02/17 07:38:12 Job submitted from host: <137.138.44.55:9618?addrs=137.138.44.55-9618+[2001-1458-d00-1a--48]-9618&alias=bigbird17.cern.ch&noUDP&sock=schedd_1694_8585_188>
...
040 (1355201.000.000) 02/17 07:38:36 Started transferring input files
	Transferring to host: <188.184.196.92:9618?addrs=188.184.196.92-9618+[2001-1458-301-102--100-50]-9618&noUDP&sock=3173_6a5a_104906>
...
040 (1355201.000.000) 02/17 07:38:36 Finished transferring input files
...
001 (1355201.000.000) 02/17 07:38:37 Job executing on host: <188.184.196.92:9618?addrs=188.184.196.92-9618+[2001-1458-301-102--100-50]-9618&noUDP&sock=2015_b36c_3>
...
006 (1355201.000.000) 02/17 07:38:46 Image size of job updated: 245412
	179  -  MemoryUsage of job (MB)
	183144  -  ResidentSetSize of job (KB)
...
040 (1355201.000.000) 02/17 07:38:49 Started transferring output files
...
040 (1355201.000.000) 02/17 07:38:49 Finished transferring output files
...
005 (1355201.000.000) 02/17 07:38:50 Job terminated.
	(1) Normal termination (return value 0)
		Usr 0 00:00:07, Sys 0 00:00:01  -  Run Remote Usage
		Usr 0 00:00:00, Sys 0 00:00:00  -  Run Local Usage
		Usr 0 00:00:07, Sys 0 00:00:01  -  Total Remote Usage
		Usr 0 00:00:00, Sys 0 00:00:00  -  Total Local Usage
	8182  -  Run Bytes Sent By Job
	1527  -  Run Bytes Received By Job
	8182  -  Total Bytes Sent By Job
	1527  -  Total Bytes Received By Job
	Partitionable Resources :    Usage  Request Allocated 
	   Cpus                 :        0        1         1 
	   Disk (KB)            :       31        2    277849 
	   Memory (MB)          :      179     2000      2000 
...
