000 (1355003.000.000) 02/17 07:28:07 Job submitted from host: <137.138.44.55:9618?addrs=137.138.44.55-9618+[2001-1458-d00-1a--48]-9618&alias=bigbird17.cern.ch&noUDP&sock=schedd_1694_8585_188>
...
040 (1355003.000.000) 02/17 07:28:22 Started transferring input files
	Transferring to host: <128.142.110.18:9618?addrs=128.142.110.18-9618&noUDP&sock=2107_526f_135784>
...
040 (1355003.000.000) 02/17 07:28:22 Finished transferring input files
...
001 (1355003.000.000) 02/17 07:28:23 Job executing on host: <128.142.110.18:9618?addrs=128.142.110.18-9618&noUDP&sock=2000_6980_3>
...
006 (1355003.000.000) 02/17 07:28:32 Image size of job updated: 231792
	166  -  MemoryUsage of job (MB)
	169540  -  ResidentSetSize of job (KB)
...
006 (1355003.000.000) 02/17 07:28:35 Image size of job updated: 677664
	166  -  MemoryUsage of job (MB)
	169540  -  ResidentSetSize of job (KB)
...
040 (1355003.000.000) 02/17 07:28:35 Started transferring output files
...
040 (1355003.000.000) 02/17 07:28:35 Finished transferring output files
...
005 (1355003.000.000) 02/17 07:28:35 Job terminated.
	(1) Normal termination (return value 0)
		Usr 0 00:00:04, Sys 0 00:00:01  -  Run Remote Usage
		Usr 0 00:00:00, Sys 0 00:00:00  -  Run Local Usage
		Usr 0 00:00:04, Sys 0 00:00:01  -  Total Remote Usage
		Usr 0 00:00:00, Sys 0 00:00:00  -  Total Local Usage
	12917  -  Run Bytes Sent By Job
	1500  -  Run Bytes Received By Job
	12917  -  Total Bytes Sent By Job
	1500  -  Total Bytes Received By Job
	Partitionable Resources :    Usage  Request Allocated 
	   Cpus                 :        0        1         1 
	   Disk (KB)            :       35        2    191434 
	   Memory (MB)          :      166     2000      2000 
...
