000 (1354810.000.000) 02/17 07:19:53 Job submitted from host: <137.138.44.55:9618?addrs=137.138.44.55-9618+[2001-1458-d00-1a--48]-9618&alias=bigbird17.cern.ch&noUDP&sock=schedd_1694_8585_188>
...
040 (1354810.000.000) 02/17 07:21:14 Started transferring input files
	Transferring to host: <128.142.68.142:9618?addrs=128.142.68.142-9618+[2001-1458-301-52--100-299]-9618&alias=b7s10n3605.cern.ch&noUDP&sock=slot1_4_14323_9960_9688>
...
040 (1354810.000.000) 02/17 07:21:14 Finished transferring input files
...
001 (1354810.000.000) 02/17 07:21:15 Job executing on host: <128.142.68.142:9618?addrs=128.142.68.142-9618+[2001-1458-301-52--100-299]-9618&alias=b7s10n3605.cern.ch&noUDP&sock=startd_2288_f4c7>
...
006 (1354810.000.000) 02/17 07:21:24 Image size of job updated: 537588
	262  -  MemoryUsage of job (MB)
	267376  -  ResidentSetSize of job (KB)
...
006 (1354810.000.000) 02/17 07:21:32 Image size of job updated: 546980
	262  -  MemoryUsage of job (MB)
	267604  -  ResidentSetSize of job (KB)
...
040 (1354810.000.000) 02/17 07:21:32 Started transferring output files
...
040 (1354810.000.000) 02/17 07:21:32 Finished transferring output files
...
005 (1354810.000.000) 02/17 07:21:32 Job terminated.
	(1) Normal termination (return value 139)
		Usr 0 00:00:09, Sys 0 00:00:02  -  Run Remote Usage
		Usr 0 00:00:00, Sys 0 00:00:00  -  Run Local Usage
		Usr 0 00:00:09, Sys 0 00:00:02  -  Total Remote Usage
		Usr 0 00:00:00, Sys 0 00:00:00  -  Total Local Usage
	9964  -  Run Bytes Sent By Job
	1594  -  Run Bytes Received By Job
	9964  -  Total Bytes Sent By Job
	1594  -  Total Bytes Received By Job
	Partitionable Resources :    Usage  Request Allocated 
	   Cpus                 :                 1         1 
	   Disk (KB)            :       25        2    263429 
	   Memory (MB)          :      262     2000      2000 
...
