000 (1355245.000.000) 02/17 07:40:33 Job submitted from host: <137.138.44.55:9618?addrs=137.138.44.55-9618+[2001-1458-d00-1a--48]-9618&alias=bigbird17.cern.ch&noUDP&sock=schedd_1694_8585_188>
...
040 (1355245.000.000) 02/17 07:40:35 Started transferring input files
	Transferring to host: <188.184.210.41:9618?addrs=188.184.210.41-9618+[2001-1458-301-10b--100-26]-9618&alias=b7g23n6501.cern.ch&noUDP&sock=slot1_2_8427_5570_5119>
...
040 (1355245.000.000) 02/17 07:40:35 Finished transferring input files
...
001 (1355245.000.000) 02/17 07:40:36 Job executing on host: <188.184.210.41:9618?addrs=188.184.210.41-9618+[2001-1458-301-10b--100-26]-9618&alias=b7g23n6501.cern.ch&noUDP&sock=startd_18273_562a>
...
006 (1355245.000.000) 02/17 07:40:45 Image size of job updated: 237996
	172  -  MemoryUsage of job (MB)
	175728  -  ResidentSetSize of job (KB)
...
006 (1355245.000.000) 02/17 07:40:47 Image size of job updated: 239688
	172  -  MemoryUsage of job (MB)
	175728  -  ResidentSetSize of job (KB)
...
040 (1355245.000.000) 02/17 07:40:47 Started transferring output files
...
040 (1355245.000.000) 02/17 07:40:47 Finished transferring output files
...
005 (1355245.000.000) 02/17 07:40:48 Job terminated.
	(1) Normal termination (return value 0)
		Usr 0 00:00:05, Sys 0 00:00:01  -  Run Remote Usage
		Usr 0 00:00:00, Sys 0 00:00:00  -  Run Local Usage
		Usr 0 00:00:05, Sys 0 00:00:01  -  Total Remote Usage
		Usr 0 00:00:00, Sys 0 00:00:00  -  Total Local Usage
	8183  -  Run Bytes Sent By Job
	1528  -  Run Bytes Received By Job
	8183  -  Total Bytes Sent By Job
	1528  -  Total Bytes Received By Job
	Partitionable Resources :    Usage  Request Allocated 
	   Cpus                 :                 1         1 
	   Disk (KB)            :       23        2    232299 
	   Memory (MB)          :      172     2000      2000 
...
