000 (1354914.000.000) 02/17 07:24:47 Job submitted from host: <137.138.44.55:9618?addrs=137.138.44.55-9618+[2001-1458-d00-1a--48]-9618&alias=bigbird17.cern.ch&noUDP&sock=schedd_1694_8585_188>
...
040 (1354914.000.000) 02/17 07:25:37 Started transferring input files
	Transferring to host: <128.142.82.171:9618?addrs=128.142.82.171-9618+[2001-1458-301-f5--100-1ef]-9618&noUDP&sock=16443_54b6_28930>
...
040 (1354914.000.000) 02/17 07:25:37 Finished transferring input files
...
001 (1354914.000.000) 02/17 07:25:38 Job executing on host: <128.142.82.171:9618?addrs=128.142.82.171-9618+[2001-1458-301-f5--100-1ef]-9618&noUDP&sock=16287_1b14_3>
...
006 (1354914.000.000) 02/17 07:25:46 Image size of job updated: 67764
	18  -  MemoryUsage of job (MB)
	18136  -  ResidentSetSize of job (KB)
...
006 (1354914.000.000) 02/17 07:27:31 Image size of job updated: 355332
	18  -  MemoryUsage of job (MB)
	18136  -  ResidentSetSize of job (KB)
...
040 (1354914.000.000) 02/17 07:27:31 Started transferring output files
...
040 (1354914.000.000) 02/17 07:27:31 Finished transferring output files
...
005 (1354914.000.000) 02/17 07:27:32 Job terminated.
	(1) Normal termination (return value 0)
		Usr 0 00:01:12, Sys 0 00:00:02  -  Run Remote Usage
		Usr 0 00:00:00, Sys 0 00:00:00  -  Run Local Usage
		Usr 0 00:01:12, Sys 0 00:00:02  -  Total Remote Usage
		Usr 0 00:00:00, Sys 0 00:00:00  -  Total Local Usage
	12344  -  Run Bytes Sent By Job
	1077  -  Run Bytes Received By Job
	12344  -  Total Bytes Sent By Job
	1077  -  Total Bytes Received By Job
	Partitionable Resources :    Usage  Request Allocated 
	   Cpus                 :        0        1         1 
	   Disk (KB)            :       34        2    257008 
	   Memory (MB)          :       18     2000      2000 
...
