000 (1354691.000.000) 02/17 07:12:56 Job submitted from host: <137.138.44.55:9618?addrs=137.138.44.55-9618+[2001-1458-d00-1a--48]-9618&alias=bigbird17.cern.ch&noUDP&sock=schedd_1694_8585_188>
...
040 (1354691.000.000) 02/17 07:13:07 Started transferring input files
	Transferring to host: <128.142.85.32:9618?addrs=128.142.85.32-9618+[2001-1458-301-f6--100-45f]-9618&noUDP&sock=16888_dfa8_27245>
...
040 (1354691.000.000) 02/17 07:13:07 Finished transferring input files
...
001 (1354691.000.000) 02/17 07:13:08 Job executing on host: <128.142.85.32:9618?addrs=128.142.85.32-9618+[2001-1458-301-f6--100-45f]-9618&noUDP&sock=16731_a721_3>
...
006 (1354691.000.000) 02/17 07:13:17 Image size of job updated: 235116
	171  -  MemoryUsage of job (MB)
	174648  -  ResidentSetSize of job (KB)
...
006 (1354691.000.000) 02/17 07:15:37 Image size of job updated: 396364
	171  -  MemoryUsage of job (MB)
	174648  -  ResidentSetSize of job (KB)
...
040 (1354691.000.000) 02/17 07:15:37 Started transferring output files
...
040 (1354691.000.000) 02/17 07:15:37 Finished transferring output files
...
005 (1354691.000.000) 02/17 07:15:37 Job terminated.
	(1) Normal termination (return value 0)
		Usr 0 00:01:47, Sys 0 00:00:02  -  Run Remote Usage
		Usr 0 00:00:00, Sys 0 00:00:00  -  Run Local Usage
		Usr 0 00:01:47, Sys 0 00:00:02  -  Total Remote Usage
		Usr 0 00:00:00, Sys 0 00:00:00  -  Total Local Usage
	7996  -  Run Bytes Sent By Job
	1595  -  Run Bytes Received By Job
	7996  -  Total Bytes Sent By Job
	1595  -  Total Bytes Received By Job
	Partitionable Resources :    Usage  Request Allocated 
	   Cpus                 :     0.99        1         1 
	   Disk (KB)            :    31           2    251520 
	   Memory (MB)          :   171        2000      2000 
...
