000 (1354629.000.000) 02/17 07:07:44 Job submitted from host: <137.138.44.55:9618?addrs=137.138.44.55-9618+[2001-1458-d00-1a--48]-9618&alias=bigbird17.cern.ch&noUDP&sock=schedd_1694_8585_188>
...
040 (1354629.000.000) 02/17 07:09:28 Started transferring input files
	Transferring to host: <188.184.211.138:9618?addrs=188.184.211.138-9618+[2001-1458-301-10b--100-112]-9618&alias=b7g23n6648.cern.ch&noUDP&sock=slot1_6_22671_8533_7915>
...
040 (1354629.000.000) 02/17 07:09:28 Finished transferring input files
...
001 (1354629.000.000) 02/17 07:09:29 Job executing on host: <188.184.211.138:9618?addrs=188.184.211.138-9618+[2001-1458-301-10b--100-112]-9618&alias=b7g23n6648.cern.ch&noUDP&sock=startd_18670_a544>
...
006 (1354629.000.000) 02/17 07:09:38 Image size of job updated: 517108
	72  -  MemoryUsage of job (MB)
	73264  -  ResidentSetSize of job (KB)
...
006 (1354629.000.000) 02/17 07:09:59 Image size of job updated: 1053488
	72  -  MemoryUsage of job (MB)
	73264  -  ResidentSetSize of job (KB)
...
040 (1354629.000.000) 02/17 07:10:00 Started transferring output files
...
040 (1354629.000.000) 02/17 07:10:00 Finished transferring output files
...
005 (1354629.000.000) 02/17 07:10:00 Job terminated.
	(1) Normal termination (return value 139)
		Usr 0 00:00:09, Sys 0 00:00:02  -  Run Remote Usage
		Usr 0 00:00:00, Sys 0 00:00:00  -  Run Local Usage
		Usr 0 00:00:09, Sys 0 00:00:02  -  Total Remote Usage
		Usr 0 00:00:00, Sys 0 00:00:00  -  Total Local Usage
	9955  -  Run Bytes Sent By Job
	1554  -  Run Bytes Received By Job
	9955  -  Total Bytes Sent By Job
	1554  -  Total Bytes Received By Job
	Partitionable Resources :    Usage  Request Allocated 
	   Cpus                 :                 1         1 
	   Disk (KB)            :       24        2    342918 
	   Memory (MB)          :       72     2000      2000 
...
