000 (1355188.000.000) 02/17 07:37:37 Job submitted from host: <137.138.44.55:9618?addrs=137.138.44.55-9618+[2001-1458-d00-1a--48]-9618&alias=bigbird17.cern.ch&noUDP&sock=schedd_1694_8585_188>
...
040 (1355188.000.000) 02/17 07:37:45 Started transferring input files
	Transferring to host: <128.142.110.233:9618?addrs=128.142.110.233-9618+[2001-1458-301-8f--100-175]-9618&noUDP&sock=2245_8e34_80746>
...
040 (1355188.000.000) 02/17 07:37:45 Finished transferring input files
...
001 (1355188.000.000) 02/17 07:37:46 Job executing on host: <128.142.110.233:9618?addrs=128.142.110.233-9618+[2001-1458-301-8f--100-175]-9618&noUDP&sock=2100_00f9_3>
...
006 (1355188.000.000) 02/17 07:37:55 Image size of job updated: 193004
	94  -  MemoryUsage of job (MB)
	96040  -  ResidentSetSize of job (KB)
...
006 (1355188.000.000) 02/17 07:40:29 Image size of job updated: 363616
	94  -  MemoryUsage of job (MB)
	96040  -  ResidentSetSize of job (KB)
...
040 (1355188.000.000) 02/17 07:40:29 Started transferring output files
...
040 (1355188.000.000) 02/17 07:40:29 Finished transferring output files
...
005 (1355188.000.000) 02/17 07:40:29 Job terminated.
	(1) Normal termination (return value 0)
		Usr 0 00:01:36, Sys 0 00:00:02  -  Run Remote Usage
		Usr 0 00:00:00, Sys 0 00:00:00  -  Run Local Usage
		Usr 0 00:01:36, Sys 0 00:00:02  -  Total Remote Usage
		Usr 0 00:00:00, Sys 0 00:00:00  -  Total Local Usage
	13050  -  Run Bytes Sent By Job
	1559  -  Run Bytes Received By Job
	13050  -  Total Bytes Sent By Job
	1559  -  Total Bytes Received By Job
	Partitionable Resources :    Usage  Request Allocated 
	   Cpus                 :     0.60        1         1 
	   Disk (KB)            :    37           2    201542 
	   Memory (MB)          :    94        2000      2000 
...
