000 (1355355.000.000) 02/17 07:45:08 Job submitted from host: <137.138.44.55:9618?addrs=137.138.44.55-9618+[2001-1458-d00-1a--48]-9618&alias=bigbird17.cern.ch&noUDP&sock=schedd_1694_8585_188>
...
040 (1355355.000.000) 02/17 07:47:01 Started transferring input files
	Transferring to host: <128.142.75.243:9618?addrs=128.142.75.243-9618+[2001-1458-301-75--100-19b]-9618&noUDP&sock=16756_de22_30347>
...
040 (1355355.000.000) 02/17 07:47:01 Finished transferring input files
...
001 (1355355.000.000) 02/17 07:47:02 Job executing on host: <128.142.75.243:9618?addrs=128.142.75.243-9618+[2001-1458-301-75--100-19b]-9618&noUDP&sock=16600_cc39_3>
...
006 (1355355.000.000) 02/17 07:47:11 Image size of job updated: 244076
	178  -  MemoryUsage of job (MB)
	181812  -  ResidentSetSize of job (KB)
...
040 (1355355.000.000) 02/17 07:47:17 Started transferring output files
...
040 (1355355.000.000) 02/17 07:47:17 Finished transferring output files
...
005 (1355355.000.000) 02/17 07:47:17 Job terminated.
	(1) Normal termination (return value 0)
		Usr 0 00:00:07, Sys 0 00:00:00  -  Run Remote Usage
		Usr 0 00:00:00, Sys 0 00:00:00  -  Run Local Usage
		Usr 0 00:00:07, Sys 0 00:00:00  -  Total Remote Usage
		Usr 0 00:00:00, Sys 0 00:00:00  -  Total Local Usage
	8144  -  Run Bytes Sent By Job
	1489  -  Run Bytes Received By Job
	8144  -  Total Bytes Sent By Job
	1489  -  Total Bytes Received By Job
	Partitionable Resources :    Usage  Request Allocated 
	   Cpus                 :        0        1         1 
	   Disk (KB)            :       31        2    246352 
	   Memory (MB)          :      178     2000      2000 
...
