000 (1354805.000.000) 02/17 07:19:39 Job submitted from host: <137.138.44.55:9618?addrs=137.138.44.55-9618+[2001-1458-d00-1a--48]-9618&alias=bigbird17.cern.ch&noUDP&sock=schedd_1694_8585_188>
...
040 (1354805.000.000) 02/17 07:20:46 Started transferring input files
	Transferring to host: <128.142.84.149:9618?addrs=128.142.84.149-9618+[2001-1458-301-f6--100-551]-9618&noUDP&sock=16677_347f_28718>
...
040 (1354805.000.000) 02/17 07:20:46 Finished transferring input files
...
001 (1354805.000.000) 02/17 07:20:47 Job executing on host: <128.142.84.149:9618?addrs=128.142.84.149-9618+[2001-1458-301-f6--100-551]-9618&noUDP&sock=16521_9c3d_3>
...
006 (1354805.000.000) 02/17 07:20:56 Image size of job updated: 83532
	33  -  MemoryUsage of job (MB)
	33468  -  ResidentSetSize of job (KB)
...
006 (1354805.000.000) 02/17 07:21:16 Image size of job updated: 556896
	33  -  MemoryUsage of job (MB)
	33468  -  ResidentSetSize of job (KB)
...
040 (1354805.000.000) 02/17 07:21:16 Started transferring output files
...
040 (1354805.000.000) 02/17 07:21:16 Finished transferring output files
...
005 (1354805.000.000) 02/17 07:21:16 Job terminated.
	(1) Normal termination (return value 139)
		Usr 0 00:00:10, Sys 0 00:00:03  -  Run Remote Usage
		Usr 0 00:00:00, Sys 0 00:00:00  -  Run Local Usage
		Usr 0 00:00:10, Sys 0 00:00:03  -  Total Remote Usage
		Usr 0 00:00:00, Sys 0 00:00:00  -  Total Local Usage
	9964  -  Run Bytes Sent By Job
	1595  -  Run Bytes Received By Job
	9964  -  Total Bytes Sent By Job
	1595  -  Total Bytes Received By Job
	Partitionable Resources :    Usage  Request Allocated 
	   Cpus                 :        0        1         1 
	   Disk (KB)            :       32        2    244634 
	   Memory (MB)          :       33     2000      2000 
...
