000 (1355204.000.000) 02/17 07:38:23 Job submitted from host: <137.138.44.55:9618?addrs=137.138.44.55-9618+[2001-1458-d00-1a--48]-9618&alias=bigbird17.cern.ch&noUDP&sock=schedd_1694_8585_188>
...
040 (1355204.000.000) 02/17 07:38:39 Started transferring input files
	Transferring to host: <128.142.104.36:9618?addrs=128.142.104.36-9618+[2001-1458-301-8b--100-32]-9618&alias=b7s03n0394.cern.ch&noUDP&sock=slot1_4_17920_02d2_4370>
...
040 (1355204.000.000) 02/17 07:38:39 Finished transferring input files
...
001 (1355204.000.000) 02/17 07:38:40 Job executing on host: <128.142.104.36:9618?addrs=128.142.104.36-9618+[2001-1458-301-8b--100-32]-9618&alias=b7s03n0394.cern.ch&noUDP&sock=startd_2005_d77a>
...
006 (1355204.000.000) 02/17 07:38:49 Image size of job updated: 64740
	16  -  MemoryUsage of job (MB)
	16188  -  ResidentSetSize of job (KB)
...
006 (1355204.000.000) 02/17 07:39:13 Image size of job updated: 654844
	16  -  MemoryUsage of job (MB)
	16188  -  ResidentSetSize of job (KB)
...
040 (1355204.000.000) 02/17 07:39:13 Started transferring output files
...
040 (1355204.000.000) 02/17 07:39:13 Finished transferring output files
...
005 (1355204.000.000) 02/17 07:39:13 Job terminated.
	(1) Normal termination (return value 0)
		Usr 0 00:00:08, Sys 0 00:00:01  -  Run Remote Usage
		Usr 0 00:00:00, Sys 0 00:00:00  -  Run Local Usage
		Usr 0 00:00:08, Sys 0 00:00:01  -  Total Remote Usage
		Usr 0 00:00:00, Sys 0 00:00:00  -  Total Local Usage
	8180  -  Run Bytes Sent By Job
	1526  -  Run Bytes Received By Job
	8180  -  Total Bytes Sent By Job
	1526  -  Total Bytes Received By Job
	Partitionable Resources :    Usage  Request Allocated 
	   Cpus                 :                 1         1 
	   Disk (KB)            :       22        2    213770 
	   Memory (MB)          :       16     2000      2000 
...
