000 (1354845.000.000) 02/17 07:21:32 Job submitted from host: <137.138.44.55:9618?addrs=137.138.44.55-9618+[2001-1458-d00-1a--48]-9618&alias=bigbird17.cern.ch&noUDP&sock=schedd_1694_8585_188>
...
040 (1354845.000.000) 02/17 07:21:49 Started transferring input files
	Transferring to host: <128.142.68.142:9618?addrs=128.142.68.142-9618+[2001-1458-301-52--100-299]-9618&alias=b7s10n3605.cern.ch&noUDP&sock=slot1_4_14323_9960_9689>
...
040 (1354845.000.000) 02/17 07:21:49 Finished transferring input files
...
001 (1354845.000.000) 02/17 07:21:50 Job executing on host: <128.142.68.142:9618?addrs=128.142.68.142-9618+[2001-1458-301-52--100-299]-9618&alias=b7s10n3605.cern.ch&noUDP&sock=startd_2288_f4c7>
...
006 (1354845.000.000) 02/17 07:21:59 Image size of job updated: 234768
	171  -  MemoryUsage of job (MB)
	174880  -  ResidentSetSize of job (KB)
...
006 (1354845.000.000) 02/17 07:23:57 Image size of job updated: 826312
	171  -  MemoryUsage of job (MB)
	174880  -  ResidentSetSize of job (KB)
...
040 (1354845.000.000) 02/17 07:23:57 Started transferring output files
...
040 (1354845.000.000) 02/17 07:23:57 Finished transferring output files
...
005 (1354845.000.000) 02/17 07:23:58 Job terminated.
	(1) Normal termination (return value 0)
		Usr 0 00:01:35, Sys 0 00:00:02  -  Run Remote Usage
		Usr 0 00:00:00, Sys 0 00:00:00  -  Run Local Usage
		Usr 0 00:01:35, Sys 0 00:00:02  -  Total Remote Usage
		Usr 0 00:00:00, Sys 0 00:00:00  -  Total Local Usage
	7997  -  Run Bytes Sent By Job
	1595  -  Run Bytes Received By Job
	7997  -  Total Bytes Sent By Job
	1595  -  Total Bytes Received By Job
	Partitionable Resources :    Usage  Request Allocated 
	   Cpus                 :     0.88        1         1 
	   Disk (KB)            :    30           2    263399 
	   Memory (MB)          :   171        2000      2000 
...
