000 (1354431.000.000) 02/17 06:53:43 Job submitted from host: <137.138.44.55:9618?addrs=137.138.44.55-9618+[2001-1458-d00-1a--48]-9618&alias=bigbird17.cern.ch&noUDP&sock=schedd_1694_8585_188>
...
040 (1354431.000.000) 02/17 07:04:22 Started transferring input files
	Transferring to host: <128.142.133.155:9618?addrs=128.142.133.155-9618+[2001-1458-301-32--100-99]-9618&alias=b7g21n0465.cern.ch&noUDP&sock=slot1_4_11638_c612_2724>
...
040 (1354431.000.000) 02/17 07:04:22 Finished transferring input files
...
001 (1354431.000.000) 02/17 07:04:23 Job executing on host: <128.142.133.155:9618?addrs=128.142.133.155-9618+[2001-1458-301-32--100-99]-9618&alias=b7g21n0465.cern.ch&noUDP&sock=startd_2408_4424>
...
006 (1354431.000.000) 02/17 07:04:32 Image size of job updated: 622456
	172  -  MemoryUsage of job (MB)
	175112  -  ResidentSetSize of job (KB)
...
006 (1354431.000.000) 02/17 07:06:38 Image size of job updated: 825812
	172  -  MemoryUsage of job (MB)
	175112  -  ResidentSetSize of job (KB)
...
040 (1354431.000.000) 02/17 07:06:38 Started transferring output files
...
040 (1354431.000.000) 02/17 07:06:38 Finished transferring output files
...
005 (1354431.000.000) 02/17 07:06:38 Job terminated.
	(1) Normal termination (return value 0)
		Usr 0 00:01:45, Sys 0 00:00:02  -  Run Remote Usage
		Usr 0 00:00:00, Sys 0 00:00:00  -  Run Local Usage
		Usr 0 00:01:45, Sys 0 00:00:02  -  Total Remote Usage
		Usr 0 00:00:00, Sys 0 00:00:00  -  Total Local Usage
	7911  -  Run Bytes Sent By Job
	1509  -  Run Bytes Received By Job
	7911  -  Total Bytes Sent By Job
	1509  -  Total Bytes Received By Job
	Partitionable Resources :    Usage  Request Allocated 
	   Cpus                 :                 1         1 
	   Disk (KB)            :       23        2    192565 
	   Memory (MB)          :      172     2000      2000 
...
