000 (1355193.000.000) 02/17 07:37:49 Job submitted from host: <137.138.44.55:9618?addrs=137.138.44.55-9618+[2001-1458-d00-1a--48]-9618&alias=bigbird17.cern.ch&noUDP&sock=schedd_1694_8585_188>
...
040 (1355193.000.000) 02/17 07:38:20 Started transferring input files
	Transferring to host: <128.142.133.43:9618?addrs=128.142.133.43-9618+[2001-1458-301-32--100-2b]-9618&alias=b7g21n0519.cern.ch&noUDP&sock=slot1_8_11837_fcba_9461>
...
040 (1355193.000.000) 02/17 07:38:20 Finished transferring input files
...
001 (1355193.000.000) 02/17 07:38:21 Job executing on host: <128.142.133.43:9618?addrs=128.142.133.43-9618+[2001-1458-301-32--100-2b]-9618&alias=b7g21n0519.cern.ch&noUDP&sock=startd_2398_6832>
...
006 (1355193.000.000) 02/17 07:38:30 Image size of job updated: 239176
	175  -  MemoryUsage of job (MB)
	178704  -  ResidentSetSize of job (KB)
...
006 (1355193.000.000) 02/17 07:40:40 Image size of job updated: 777316
	175  -  MemoryUsage of job (MB)
	178704  -  ResidentSetSize of job (KB)
...
040 (1355193.000.000) 02/17 07:40:40 Started transferring output files
...
040 (1355193.000.000) 02/17 07:40:40 Finished transferring output files
...
005 (1355193.000.000) 02/17 07:40:40 Job terminated.
	(1) Normal termination (return value 0)
		Usr 0 00:01:33, Sys 0 00:00:02  -  Run Remote Usage
		Usr 0 00:00:00, Sys 0 00:00:00  -  Run Local Usage
		Usr 0 00:01:33, Sys 0 00:00:02  -  Total Remote Usage
		Usr 0 00:00:00, Sys 0 00:00:00  -  Total Local Usage
	13050  -  Run Bytes Sent By Job
	1559  -  Run Bytes Received By Job
	13050  -  Total Bytes Sent By Job
	1559  -  Total Bytes Received By Job
	Partitionable Resources :    Usage  Request Allocated 
	   Cpus                 :                 1         1 
	   Disk (KB)            :       28        2    206755 
	   Memory (MB)          :      175     2000      2000 
...
