000 (1355339.000.000) 02/17 07:44:36 Job submitted from host: <137.138.44.55:9618?addrs=137.138.44.55-9618+[2001-1458-d00-1a--48]-9618&alias=bigbird17.cern.ch&noUDP&sock=schedd_1694_8585_188>
...
040 (1355339.000.000) 02/17 07:46:23 Started transferring input files
	Transferring to host: <128.142.67.79:9618?addrs=128.142.67.79-9618&noUDP&sock=3174_1eba_104185>
...
040 (1355339.000.000) 02/17 07:46:23 Finished transferring input files
...
001 (1355339.000.000) 02/17 07:46:24 Job executing on host: <128.142.67.79:9618?addrs=128.142.67.79-9618&noUDP&sock=2098_a1c8_3>
...
006 (1355339.000.000) 02/17 07:46:33 Image size of job updated: 85848
	33  -  MemoryUsage of job (MB)
	33760  -  ResidentSetSize of job (KB)
...
006 (1355339.000.000) 02/17 07:46:47 Image size of job updated: 247712
	33  -  MemoryUsage of job (MB)
	33760  -  ResidentSetSize of job (KB)
...
040 (1355339.000.000) 02/17 07:46:47 Started transferring output files
...
040 (1355339.000.000) 02/17 07:46:47 Finished transferring output files
...
005 (1355339.000.000) 02/17 07:46:47 Job terminated.
	(1) Normal termination (return value 0)
		Usr 0 00:00:07, Sys 0 00:00:01  -  Run Remote Usage
		Usr 0 00:00:00, Sys 0 00:00:00  -  Run Local Usage
		Usr 0 00:00:07, Sys 0 00:00:01  -  Total Remote Usage
		Usr 0 00:00:00, Sys 0 00:00:00  -  Total Local Usage
	8142  -  Run Bytes Sent By Job
	1488  -  Run Bytes Received By Job
	8142  -  Total Bytes Sent By Job
	1488  -  Total Bytes Received By Job
	Partitionable Resources :    Usage  Request Allocated 
	   Cpus                 :        0        1         1 
	   Disk (KB)            :       30        2    226141 
	   Memory (MB)          :       33     2000      2000 
...
