000 (1355027.000.000) 02/17 07:29:53 Job submitted from host: <137.138.44.55:9618?addrs=137.138.44.55-9618+[2001-1458-d00-1a--48]-9618&alias=bigbird17.cern.ch&noUDP&sock=schedd_1694_8585_188>
...
040 (1355027.000.000) 02/17 07:29:59 Started transferring input files
	Transferring to host: <128.142.83.75:9618?addrs=128.142.83.75-9618+[2001-1458-301-f5--100-274]-9618&alias=b7s13n9026.cern.ch&noUDP&sock=slot1_5_20501_8f1b_10053>
...
040 (1355027.000.000) 02/17 07:29:59 Finished transferring input files
...
001 (1355027.000.000) 02/17 07:30:00 Job executing on host: <128.142.83.75:9618?addrs=128.142.83.75-9618+[2001-1458-301-f5--100-274]-9618&alias=b7s13n9026.cern.ch&noUDP&sock=startd_16234_c08f>
...
006 (1355027.000.000) 02/17 07:30:09 Image size of job updated: 302472
	168  -  MemoryUsage of job (MB)
	171668  -  ResidentSetSize of job (KB)
...
040 (1355027.000.000) 02/17 07:30:12 Started transferring output files
...
040 (1355027.000.000) 02/17 07:30:12 Finished transferring output files
...
005 (1355027.000.000) 02/17 07:30:13 Job terminated.
	(1) Normal termination (return value 0)
		Usr 0 00:00:03, Sys 0 00:00:01  -  Run Remote Usage
		Usr 0 00:00:00, Sys 0 00:00:00  -  Run Local Usage
		Usr 0 00:00:03, Sys 0 00:00:01  -  Total Remote Usage
		Usr 0 00:00:00, Sys 0 00:00:00  -  Total Local Usage
	12917  -  Run Bytes Sent By Job
	1501  -  Run Bytes Received By Job
	12917  -  Total Bytes Sent By Job
	1501  -  Total Bytes Received By Job
	Partitionable Resources :    Usage  Request Allocated 
	   Cpus                 :                 1         1 
	   Disk (KB)            :       28        2    262911 
	   Memory (MB)          :      168     2000      2000 
...
