000 (1354426.000.000) 02/17 06:53:20 Job submitted from host: <137.138.44.55:9618?addrs=137.138.44.55-9618+[2001-1458-d00-1a--48]-9618&alias=bigbird17.cern.ch&noUDP&sock=schedd_1694_8585_188>
...
040 (1354426.000.000) 02/17 07:04:16 Started transferring input files
	Transferring to host: <188.185.105.51:9618?addrs=188.185.105.51-9618+[2001-1458-d00-3e--100-cf]-9618&noUDP&sock=18619_850e_76928>
...
040 (1354426.000.000) 02/17 07:04:16 Finished transferring input files
...
001 (1354426.000.000) 02/17 07:04:17 Job executing on host: <188.185.105.51:9618?addrs=188.185.105.51-9618+[2001-1458-d00-3e--100-cf]-9618&noUDP&sock=18483_610e_3>
...
006 (1354426.000.000) 02/17 07:04:26 Image size of job updated: 519428
	428  -  MemoryUsage of job (MB)
	437996  -  ResidentSetSize of job (KB)
...
006 (1354426.000.000) 02/17 07:04:28 Image size of job updated: 589724
	428  -  MemoryUsage of job (MB)
	437996  -  ResidentSetSize of job (KB)
...
040 (1354426.000.000) 02/17 07:04:28 Started transferring output files
...
040 (1354426.000.000) 02/17 07:04:28 Finished transferring output files
...
005 (1354426.000.000) 02/17 07:04:28 Job terminated.
	(1) Normal termination (return value 139)
		Usr 0 00:00:07, Sys 0 00:00:01  -  Run Remote Usage
		Usr 0 00:00:00, Sys 0 00:00:00  -  Run Local Usage
		Usr 0 00:00:07, Sys 0 00:00:01  -  Total Remote Usage
		Usr 0 00:00:00, Sys 0 00:00:00  -  Total Local Usage
	9946  -  Run Bytes Sent By Job
	1509  -  Run Bytes Received By Job
	9946  -  Total Bytes Sent By Job
	1509  -  Total Bytes Received By Job
	Partitionable Resources :    Usage  Request Allocated 
	   Cpus                 :        0        1         1 
	   Disk (KB)            :       33        2    551387 
	   Memory (MB)          :      428     2000      2000 
...
