000 (1355072.000.000) 02/17 07:31:58 Job submitted from host: <137.138.44.55:9618?addrs=137.138.44.55-9618+[2001-1458-d00-1a--48]-9618&alias=bigbird17.cern.ch&noUDP&sock=schedd_1694_8585_188>
...
040 (1355072.000.000) 02/17 07:35:01 Started transferring input files
	Transferring to host: <128.142.104.158:9618?addrs=128.142.104.158-9618+[2001-1458-301-8b--100-79]-9618&noUDP&sock=27190_908b_161478>
...
040 (1355072.000.000) 02/17 07:35:01 Finished transferring input files
...
001 (1355072.000.000) 02/17 07:35:02 Job executing on host: <128.142.104.158:9618?addrs=128.142.104.158-9618+[2001-1458-301-8b--100-79]-9618&noUDP&sock=1303_53fe_3>
...
006 (1355072.000.000) 02/17 07:35:11 Image size of job updated: 251312
	148  -  MemoryUsage of job (MB)
	151260  -  ResidentSetSize of job (KB)
...
006 (1355072.000.000) 02/17 07:38:12 Image size of job updated: 319212
	148  -  MemoryUsage of job (MB)
	151264  -  ResidentSetSize of job (KB)
...
040 (1355072.000.000) 02/17 07:38:12 Started transferring output files
...
040 (1355072.000.000) 02/17 07:38:12 Finished transferring output files
...
005 (1355072.000.000) 02/17 07:38:12 Job terminated.
	(1) Normal termination (return value 0)
		Usr 0 00:02:02, Sys 0 00:00:03  -  Run Remote Usage
		Usr 0 00:00:00, Sys 0 00:00:00  -  Run Local Usage
		Usr 0 00:02:02, Sys 0 00:00:03  -  Total Remote Usage
		Usr 0 00:00:00, Sys 0 00:00:00  -  Total Local Usage
	13015  -  Run Bytes Sent By Job
	1524  -  Run Bytes Received By Job
	13015  -  Total Bytes Sent By Job
	1524  -  Total Bytes Received By Job
	Partitionable Resources :    Usage  Request Allocated 
	   Cpus                 :     0.55        1         1 
	   Disk (KB)            :    36           2    105801 
	   Memory (MB)          :   148        2000      2000 
...
