000 (1354771.000.000) 02/17 07:18:08 Job submitted from host: <137.138.44.55:9618?addrs=137.138.44.55-9618+[2001-1458-d00-1a--48]-9618&alias=bigbird17.cern.ch&noUDP&sock=schedd_1694_8585_188>
...
040 (1354771.000.000) 02/17 07:19:09 Started transferring input files
	Transferring to host: <128.142.84.32:9618?addrs=128.142.84.32-9618+[2001-1458-301-f6--100-1bb]-9618&alias=b7s14n5701.cern.ch&noUDP&sock=slot1_7_20818_ea08_9588>
...
040 (1354771.000.000) 02/17 07:19:09 Finished transferring input files
...
001 (1354771.000.000) 02/17 07:19:10 Job executing on host: <128.142.84.32:9618?addrs=128.142.84.32-9618+[2001-1458-301-f6--100-1bb]-9618&alias=b7s14n5701.cern.ch&noUDP&sock=startd_16558_fd3e>
...
006 (1354771.000.000) 02/17 07:19:18 Image size of job updated: 511960
	145  -  MemoryUsage of job (MB)
	147820  -  ResidentSetSize of job (KB)
...
006 (1354771.000.000) 02/17 07:19:31 Image size of job updated: 1234708
	145  -  MemoryUsage of job (MB)
	147820  -  ResidentSetSize of job (KB)
...
040 (1354771.000.000) 02/17 07:19:31 Started transferring output files
...
040 (1354771.000.000) 02/17 07:19:32 Finished transferring output files
...
005 (1354771.000.000) 02/17 07:19:32 Job terminated.
	(1) Normal termination (return value 139)
		Usr 0 00:00:10, Sys 0 00:00:02  -  Run Remote Usage
		Usr 0 00:00:00, Sys 0 00:00:00  -  Run Local Usage
		Usr 0 00:00:10, Sys 0 00:00:02  -  Total Remote Usage
		Usr 0 00:00:00, Sys 0 00:00:00  -  Total Local Usage
	9964  -  Run Bytes Sent By Job
	1595  -  Run Bytes Received By Job
	9964  -  Total Bytes Sent By Job
	1595  -  Total Bytes Received By Job
	Partitionable Resources :    Usage  Request Allocated 
	   Cpus                 :                 1         1 
	   Disk (KB)            :       25        2    259072 
	   Memory (MB)          :      145     2000      2000 
...
