000 (1354960.000.000) 02/17 07:26:55 Job submitted from host: <137.138.44.55:9618?addrs=137.138.44.55-9618+[2001-1458-d00-1a--48]-9618&alias=bigbird17.cern.ch&noUDP&sock=schedd_1694_8585_188>
...
040 (1354960.000.000) 02/17 07:27:01 Started transferring input files
	Transferring to host: <188.184.138.31:9618?addrs=188.184.138.31-9618+[2001-1458-301-45--100-4a]-9618&noUDP&sock=27825_fac5_161047>
...
040 (1354960.000.000) 02/17 07:27:01 Finished transferring input files
...
001 (1354960.000.000) 02/17 07:27:02 Job executing on host: <188.184.138.31:9618?addrs=188.184.138.31-9618+[2001-1458-301-45--100-4a]-9618&noUDP&sock=5597_a7a9_3>
...
006 (1354960.000.000) 02/17 07:27:11 Image size of job updated: 226932
	161  -  MemoryUsage of job (MB)
	164700  -  ResidentSetSize of job (KB)
...
006 (1354960.000.000) 02/17 07:27:24 Image size of job updated: 230820
	161  -  MemoryUsage of job (MB)
	164700  -  ResidentSetSize of job (KB)
...
040 (1354960.000.000) 02/17 07:27:24 Started transferring output files
...
040 (1354960.000.000) 02/17 07:27:24 Finished transferring output files
...
005 (1354960.000.000) 02/17 07:27:24 Job terminated.
	(1) Normal termination (return value 0)
		Usr 0 00:00:03, Sys 0 00:00:01  -  Run Remote Usage
		Usr 0 00:00:00, Sys 0 00:00:00  -  Run Local Usage
		Usr 0 00:00:03, Sys 0 00:00:01  -  Total Remote Usage
		Usr 0 00:00:00, Sys 0 00:00:00  -  Total Local Usage
	12877  -  Run Bytes Sent By Job
	1460  -  Run Bytes Received By Job
	12877  -  Total Bytes Sent By Job
	1460  -  Total Bytes Received By Job
	Partitionable Resources :    Usage  Request Allocated 
	   Cpus                 :        0        1         1 
	   Disk (KB)            :       36        2    177699 
	   Memory (MB)          :      161     2000      2000 
...
