000 (1355131.000.000) 02/17 07:34:40 Job submitted from host: <137.138.44.55:9618?addrs=137.138.44.55-9618+[2001-1458-d00-1a--48]-9618&alias=bigbird17.cern.ch&noUDP&sock=schedd_1694_8585_188>
...
040 (1355131.000.000) 02/17 07:36:42 Started transferring input files
	Transferring to host: <188.184.197.128:9618?addrs=188.184.197.128-9618+[2001-1458-301-103--100-137]-9618&noUDP&sock=18687_6e91_86104>
...
001 (1355131.000.000) 02/17 07:36:43 Job executing on host: <188.184.197.128:9618?addrs=188.184.197.128-9618+[2001-1458-301-103--100-137]-9618&noUDP&sock=18551_057f_3>
...
040 (1355131.000.000) 02/17 07:36:43 Finished transferring input files
...
006 (1355131.000.000) 02/17 07:36:52 Image size of job updated: 116672
	41  -  MemoryUsage of job (MB)
	41224  -  ResidentSetSize of job (KB)
...
006 (1355131.000.000) 02/17 07:38:42 Image size of job updated: 364060
	41  -  MemoryUsage of job (MB)
	41224  -  ResidentSetSize of job (KB)
...
040 (1355131.000.000) 02/17 07:38:43 Started transferring output files
...
040 (1355131.000.000) 02/17 07:38:43 Finished transferring output files
...
005 (1355131.000.000) 02/17 07:38:43 Job terminated.
	(1) Normal termination (return value 0)
		Usr 0 00:01:04, Sys 0 00:00:02  -  Run Remote Usage
		Usr 0 00:00:00, Sys 0 00:00:00  -  Run Local Usage
		Usr 0 00:01:04, Sys 0 00:00:02  -  Total Remote Usage
		Usr 0 00:00:00, Sys 0 00:00:00  -  Total Local Usage
	13055  -  Run Bytes Sent By Job
	1564  -  Run Bytes Received By Job
	13055  -  Total Bytes Sent By Job
	1564  -  Total Bytes Received By Job
	Partitionable Resources :    Usage  Request Allocated 
	   Cpus                 :        0        1         1 
	   Disk (KB)            :       35        2    219443 
	   Memory (MB)          :       41     2000      2000 
...
