000 (1354407.000.000) 02/17 06:52:14 Job submitted from host: <137.138.44.55:9618?addrs=137.138.44.55-9618+[2001-1458-d00-1a--48]-9618&alias=bigbird17.cern.ch&noUDP&sock=schedd_1694_8585_188>
...
040 (1354407.000.000) 02/17 07:03:54 Started transferring input files
	Transferring to host: <188.185.105.145:9618?addrs=188.185.105.145-9618+[2001-1458-d00-3e--100-6d]-9618&alias=b7g50s5167.cern.ch&noUDP&sock=slot1_3_12272_7bec_4357>
...
040 (1354407.000.000) 02/17 07:03:54 Finished transferring input files
...
001 (1354407.000.000) 02/17 07:03:55 Job executing on host: <188.185.105.145:9618?addrs=188.185.105.145-9618+[2001-1458-d00-3e--100-6d]-9618&alias=b7g50s5167.cern.ch&noUDP&sock=startd_18668_4613>
...
006 (1354407.000.000) 02/17 07:04:04 Image size of job updated: 622540
	253  -  MemoryUsage of job (MB)
	258208  -  ResidentSetSize of job (KB)
...
006 (1354407.000.000) 02/17 07:05:41 Image size of job updated: 826136
	253  -  MemoryUsage of job (MB)
	258208  -  ResidentSetSize of job (KB)
...
040 (1354407.000.000) 02/17 07:05:42 Started transferring output files
...
040 (1354407.000.000) 02/17 07:05:42 Finished transferring output files
...
005 (1354407.000.000) 02/17 07:05:42 Job terminated.
	(1) Normal termination (return value 0)
		Usr 0 00:01:16, Sys 0 00:00:01  -  Run Remote Usage
		Usr 0 00:00:00, Sys 0 00:00:00  -  Run Local Usage
		Usr 0 00:01:16, Sys 0 00:00:01  -  Total Remote Usage
		Usr 0 00:00:00, Sys 0 00:00:00  -  Total Local Usage
	7915  -  Run Bytes Sent By Job
	1513  -  Run Bytes Received By Job
	7915  -  Total Bytes Sent By Job
	1513  -  Total Bytes Received By Job
	Partitionable Resources :    Usage  Request Allocated 
	   Cpus                 :                 1         1 
	   Disk (KB)            :       23        2    560902 
	   Memory (MB)          :      253     2000      2000 
...
