000 (1355264.000.000) 02/17 07:41:47 Job submitted from host: <137.138.44.55:9618?addrs=137.138.44.55-9618+[2001-1458-d00-1a--48]-9618&alias=bigbird17.cern.ch&noUDP&sock=schedd_1694_8585_188>
...
040 (1355264.000.000) 02/17 07:42:04 Started transferring input files
	Transferring to host: <188.184.132.201:9618?addrs=188.184.132.201-9618+[2001-1458-301-a0--100-9f]-9618&alias=b7g28n0190.cern.ch&noUDP&sock=slot1_5_9971_38af_4388>
...
040 (1355264.000.000) 02/17 07:42:04 Finished transferring input files
...
001 (1355264.000.000) 02/17 07:42:05 Job executing on host: <188.184.132.201:9618?addrs=188.184.132.201-9618+[2001-1458-301-a0--100-9f]-9618&alias=b7g28n0190.cern.ch&noUDP&sock=startd_1975_43a2>
...
006 (1355264.000.000) 02/17 07:42:14 Image size of job updated: 654884
	166  -  MemoryUsage of job (MB)
	169372  -  ResidentSetSize of job (KB)
...
006 (1355264.000.000) 02/17 07:42:27 Image size of job updated: 654884
	166  -  MemoryUsage of job (MB)
	169412  -  ResidentSetSize of job (KB)
...
040 (1355264.000.000) 02/17 07:42:28 Started transferring output files
...
040 (1355264.000.000) 02/17 07:42:28 Finished transferring output files
...
005 (1355264.000.000) 02/17 07:42:28 Job terminated.
	(1) Normal termination (return value 0)
		Usr 0 00:00:09, Sys 0 00:00:01  -  Run Remote Usage
		Usr 0 00:00:00, Sys 0 00:00:00  -  Run Local Usage
		Usr 0 00:00:09, Sys 0 00:00:01  -  Total Remote Usage
		Usr 0 00:00:00, Sys 0 00:00:00  -  Total Local Usage
	8178  -  Run Bytes Sent By Job
	1523  -  Run Bytes Received By Job
	8178  -  Total Bytes Sent By Job
	1523  -  Total Bytes Received By Job
	Partitionable Resources :    Usage  Request Allocated 
	   Cpus                 :                 1         1 
	   Disk (KB)            :       23        2    202732 
	   Memory (MB)          :      166     2000      2000 
...
