000 (1355031.000.000) 02/17 07:30:07 Job submitted from host: <137.138.44.55:9618?addrs=137.138.44.55-9618+[2001-1458-d00-1a--48]-9618&alias=bigbird17.cern.ch&noUDP&sock=schedd_1694_8585_188>
...
040 (1355031.000.000) 02/17 07:30:34 Started transferring input files
	Transferring to host: <128.142.125.58:9618?addrs=128.142.125.58-9618+[2001-1458-301-c3--100-16a]-9618&alias=b7s08n3633.cern.ch&noUDP&sock=slot1_4_11222_aa01_2961>
...
040 (1355031.000.000) 02/17 07:30:34 Finished transferring input files
...
001 (1355031.000.000) 02/17 07:30:35 Job executing on host: <128.142.125.58:9618?addrs=128.142.125.58-9618+[2001-1458-301-c3--100-16a]-9618&alias=b7s08n3633.cern.ch&noUDP&sock=startd_2175_7293>
...
006 (1355031.000.000) 02/17 07:30:44 Image size of job updated: 812908
	11  -  MemoryUsage of job (MB)
	10872  -  ResidentSetSize of job (KB)
...
040 (1355031.000.000) 02/17 07:30:56 Started transferring output files
...
040 (1355031.000.000) 02/17 07:30:56 Finished transferring output files
...
005 (1355031.000.000) 02/17 07:30:57 Job terminated.
	(1) Normal termination (return value 0)
		Usr 0 00:00:03, Sys 0 00:00:01  -  Run Remote Usage
		Usr 0 00:00:00, Sys 0 00:00:00  -  Run Local Usage
		Usr 0 00:00:03, Sys 0 00:00:01  -  Total Remote Usage
		Usr 0 00:00:00, Sys 0 00:00:00  -  Total Local Usage
	12918  -  Run Bytes Sent By Job
	1501  -  Run Bytes Received By Job
	12918  -  Total Bytes Sent By Job
	1501  -  Total Bytes Received By Job
	Partitionable Resources :    Usage  Request Allocated 
	   Cpus                 :                 1         1 
	   Disk (KB)            :       28        2    176096 
	   Memory (MB)          :       11     2000      2000 
...
