000 (1354946.000.000) 02/17 07:26:19 Job submitted from host: <137.138.44.55:9618?addrs=137.138.44.55-9618+[2001-1458-d00-1a--48]-9618&alias=bigbird17.cern.ch&noUDP&sock=schedd_1694_8585_188>
...
040 (1354946.000.000) 02/17 07:26:30 Started transferring input files
	Transferring to host: <188.184.138.31:9618?addrs=188.184.138.31-9618+[2001-1458-301-45--100-4a]-9618&noUDP&sock=27825_fac5_161046>
...
040 (1354946.000.000) 02/17 07:26:30 Finished transferring input files
...
001 (1354946.000.000) 02/17 07:26:31 Job executing on host: <188.184.138.31:9618?addrs=188.184.138.31-9618+[2001-1458-301-45--100-4a]-9618&noUDP&sock=5597_a7a9_3>
...
006 (1354946.000.000) 02/17 07:26:40 Image size of job updated: 153864
	58  -  MemoryUsage of job (MB)
	59060  -  ResidentSetSize of job (KB)
...
006 (1354946.000.000) 02/17 07:26:55 Image size of job updated: 221316
	59  -  MemoryUsage of job (MB)
	59800  -  ResidentSetSize of job (KB)
...
040 (1354946.000.000) 02/17 07:26:55 Started transferring output files
...
040 (1354946.000.000) 02/17 07:26:55 Finished transferring output files
...
005 (1354946.000.000) 02/17 07:26:55 Job terminated.
	(1) Normal termination (return value 0)
		Usr 0 00:00:04, Sys 0 00:00:01  -  Run Remote Usage
		Usr 0 00:00:00, Sys 0 00:00:00  -  Run Local Usage
		Usr 0 00:00:04, Sys 0 00:00:01  -  Total Remote Usage
		Usr 0 00:00:00, Sys 0 00:00:00  -  Total Local Usage
	12876  -  Run Bytes Sent By Job
	1459  -  Run Bytes Received By Job
	12876  -  Total Bytes Sent By Job
	1459  -  Total Bytes Received By Job
	Partitionable Resources :    Usage  Request Allocated 
	   Cpus                 :                 1         1 
	   Disk (KB)            :       28        2    177776 
	   Memory (MB)          :       59     2000      2000 
...
