000 (1354770.000.000) 02/17 07:18:06 Job submitted from host: <137.138.44.55:9618?addrs=137.138.44.55-9618+[2001-1458-d00-1a--48]-9618&alias=bigbird17.cern.ch&noUDP&sock=schedd_1694_8585_188>
...
040 (1354770.000.000) 02/17 07:19:04 Started transferring input files
	Transferring to host: <128.142.74.98:9618?addrs=128.142.74.98-9618&alias=b7s11n5200.cern.ch&noUDP&sock=slot1_16_2789_da4a_8713>
...
040 (1354770.000.000) 02/17 07:19:04 Finished transferring input files
...
001 (1354770.000.000) 02/17 07:19:05 Job executing on host: <128.142.74.98:9618?addrs=128.142.74.98-9618&alias=b7s11n5200.cern.ch&noUDP&sock=startd_16706_8143>
...
006 (1354770.000.000) 02/17 07:19:14 Image size of job updated: 1046208
	145  -  MemoryUsage of job (MB)
	147784  -  ResidentSetSize of job (KB)
...
040 (1354770.000.000) 02/17 07:21:43 Started transferring output files
...
040 (1354770.000.000) 02/17 07:21:43 Finished transferring output files
...
005 (1354770.000.000) 02/17 07:21:44 Job terminated.
	(1) Normal termination (return value 0)
		Usr 0 00:02:02, Sys 0 00:00:02  -  Run Remote Usage
		Usr 0 00:00:00, Sys 0 00:00:00  -  Run Local Usage
		Usr 0 00:02:02, Sys 0 00:00:02  -  Total Remote Usage
		Usr 0 00:00:00, Sys 0 00:00:00  -  Total Local Usage
	7994  -  Run Bytes Sent By Job
	1592  -  Run Bytes Received By Job
	7994  -  Total Bytes Sent By Job
	1592  -  Total Bytes Received By Job
	Partitionable Resources :    Usage  Request Allocated 
	   Cpus                 :                 1         1 
	   Disk (KB)            :       23        2    171979 
	   Memory (MB)          :      145     2000      2000 
...
