000 (1355219.000.000) 02/17 07:39:06 Job submitted from host: <137.138.44.55:9618?addrs=137.138.44.55-9618+[2001-1458-d00-1a--48]-9618&alias=bigbird17.cern.ch&noUDP&sock=schedd_1694_8585_188>
...
040 (1355219.000.000) 02/17 07:39:10 Started transferring input files
	Transferring to host: <128.142.121.38:9618?addrs=128.142.121.38-9618+[2001-1458-301-b5--100-575]-9618&alias=b7s07n0311.cern.ch&noUDP&sock=slot1_6_7468_a1a9_25202>
...
040 (1355219.000.000) 02/17 07:39:10 Finished transferring input files
...
001 (1355219.000.000) 02/17 07:39:11 Job executing on host: <128.142.121.38:9618?addrs=128.142.121.38-9618+[2001-1458-301-b5--100-575]-9618&alias=b7s07n0311.cern.ch&noUDP&sock=startd_1655_c554>
...
006 (1355219.000.000) 02/17 07:39:20 Image size of job updated: 654860
	173  -  MemoryUsage of job (MB)
	177004  -  ResidentSetSize of job (KB)
...
040 (1355219.000.000) 02/17 07:39:24 Started transferring output files
...
040 (1355219.000.000) 02/17 07:39:24 Finished transferring output files
...
005 (1355219.000.000) 02/17 07:39:24 Job terminated.
	(1) Normal termination (return value 0)
		Usr 0 00:00:07, Sys 0 00:00:01  -  Run Remote Usage
		Usr 0 00:00:00, Sys 0 00:00:00  -  Run Local Usage
		Usr 0 00:00:07, Sys 0 00:00:01  -  Total Remote Usage
		Usr 0 00:00:00, Sys 0 00:00:00  -  Total Local Usage
	8182  -  Run Bytes Sent By Job
	1528  -  Run Bytes Received By Job
	8182  -  Total Bytes Sent By Job
	1528  -  Total Bytes Received By Job
	Partitionable Resources :    Usage  Request Allocated 
	   Cpus                 :                 1         1 
	   Disk (KB)            :       23        2    209169 
	   Memory (MB)          :      173     2000      2000 
...
