000 (1355149.000.000) 02/17 07:35:41 Job submitted from host: <137.138.44.55:9618?addrs=137.138.44.55-9618+[2001-1458-d00-1a--48]-9618&alias=bigbird17.cern.ch&noUDP&sock=schedd_1694_8585_188>
...
040 (1355149.000.000) 02/17 07:36:57 Started transferring input files
	Transferring to host: <128.142.122.170:9618?addrs=128.142.122.170-9618+[2001-1458-301-b5--100-600]-9618&noUDP&sock=15667_9196_68092>
...
040 (1355149.000.000) 02/17 07:36:57 Finished transferring input files
...
001 (1355149.000.000) 02/17 07:36:58 Job executing on host: <128.142.122.170:9618?addrs=128.142.122.170-9618+[2001-1458-301-b5--100-600]-9618&noUDP&sock=15613_cc3f_3>
...
006 (1355149.000.000) 02/17 07:37:07 Image size of job updated: 1960
	2  -  MemoryUsage of job (MB)
	1772  -  ResidentSetSize of job (KB)
...
006 (1355149.000.000) 02/17 07:40:14 Image size of job updated: 796348
	2  -  MemoryUsage of job (MB)
	1780  -  ResidentSetSize of job (KB)
...
040 (1355149.000.000) 02/17 07:40:14 Started transferring output files
...
040 (1355149.000.000) 02/17 07:40:14 Finished transferring output files
...
005 (1355149.000.000) 02/17 07:40:14 Job terminated.
	(1) Normal termination (return value 0)
		Usr 0 00:01:35, Sys 0 00:00:02  -  Run Remote Usage
		Usr 0 00:00:00, Sys 0 00:00:00  -  Run Local Usage
		Usr 0 00:01:35, Sys 0 00:00:02  -  Total Remote Usage
		Usr 0 00:00:00, Sys 0 00:00:00  -  Total Local Usage
	13055  -  Run Bytes Sent By Job
	1564  -  Run Bytes Received By Job
	13055  -  Total Bytes Sent By Job
	1564  -  Total Bytes Received By Job
	Partitionable Resources :    Usage  Request Allocated 
	   Cpus                 :     0.32        1         1 
	   Disk (KB)            :    35           2    193458 
	   Memory (MB)          :     2        2000      2000 
...
