000 (1354503.000.000) 02/17 06:58:09 Job submitted from host: <137.138.44.55:9618?addrs=137.138.44.55-9618+[2001-1458-d00-1a--48]-9618&alias=bigbird17.cern.ch&noUDP&sock=schedd_1694_8585_188>
...
040 (1354503.000.000) 02/17 07:04:57 Started transferring input files
	Transferring to host: <188.185.105.143:9618?addrs=188.185.105.143-9618+[2001-1458-d00-3e--100-36e]-9618&noUDP&sock=17507_03e1_77565>
...
040 (1354503.000.000) 02/17 07:04:57 Finished transferring input files
...
001 (1354503.000.000) 02/17 07:04:58 Job executing on host: <188.185.105.143:9618?addrs=188.185.105.143-9618+[2001-1458-d00-3e--100-36e]-9618&noUDP&sock=17371_a3be_3>
...
006 (1354503.000.000) 02/17 07:05:07 Image size of job updated: 585128
	469  -  MemoryUsage of job (MB)
	479896  -  ResidentSetSize of job (KB)
...
006 (1354503.000.000) 02/17 07:05:08 Image size of job updated: 585232
	469  -  MemoryUsage of job (MB)
	480000  -  ResidentSetSize of job (KB)
...
040 (1354503.000.000) 02/17 07:05:09 Started transferring output files
...
040 (1354503.000.000) 02/17 07:05:09 Finished transferring output files
...
005 (1354503.000.000) 02/17 07:05:09 Job terminated.
	(1) Normal termination (return value 139)
		Usr 0 00:00:06, Sys 0 00:00:01  -  Run Remote Usage
		Usr 0 00:00:00, Sys 0 00:00:00  -  Run Local Usage
		Usr 0 00:00:06, Sys 0 00:00:01  -  Total Remote Usage
		Usr 0 00:00:00, Sys 0 00:00:00  -  Total Local Usage
	9955  -  Run Bytes Sent By Job
	1551  -  Run Bytes Received By Job
	9955  -  Total Bytes Sent By Job
	1551  -  Total Bytes Received By Job
	Partitionable Resources :    Usage  Request Allocated 
	   Cpus                 :        0        1         1 
	   Disk (KB)            :       32        2    583717 
	   Memory (MB)          :      469     2000      2000 
...
