000 (1355055.000.000) 02/17 07:31:35 Job submitted from host: <137.138.44.55:9618?addrs=137.138.44.55-9618+[2001-1458-d00-1a--48]-9618&alias=bigbird17.cern.ch&noUDP&sock=schedd_1694_8585_188>
...
040 (1355055.000.000) 02/17 07:31:51 Started transferring input files
	Transferring to host: <128.142.86.182:9618?addrs=128.142.86.182-9618+[2001-1458-301-f6--100-23f]-9618&noUDP&sock=7155_183c_10678>
...
040 (1355055.000.000) 02/17 07:31:51 Finished transferring input files
...
001 (1355055.000.000) 02/17 07:31:52 Job executing on host: <128.142.86.182:9618?addrs=128.142.86.182-9618+[2001-1458-301-f6--100-23f]-9618&noUDP&sock=5277_295b_3>
...
006 (1355055.000.000) 02/17 07:32:01 Image size of job updated: 236976
	173  -  MemoryUsage of job (MB)
	176748  -  ResidentSetSize of job (KB)
...
006 (1355055.000.000) 02/17 07:34:54 Image size of job updated: 362900
	173  -  MemoryUsage of job (MB)
	176748  -  ResidentSetSize of job (KB)
...
040 (1355055.000.000) 02/17 07:34:54 Started transferring output files
...
040 (1355055.000.000) 02/17 07:34:54 Finished transferring output files
...
005 (1355055.000.000) 02/17 07:34:54 Job terminated.
	(1) Normal termination (return value 0)
		Usr 0 00:02:00, Sys 0 00:00:03  -  Run Remote Usage
		Usr 0 00:00:00, Sys 0 00:00:00  -  Run Local Usage
		Usr 0 00:02:00, Sys 0 00:00:03  -  Total Remote Usage
		Usr 0 00:00:00, Sys 0 00:00:00  -  Total Local Usage
	13013  -  Run Bytes Sent By Job
	1522  -  Run Bytes Received By Job
	13013  -  Total Bytes Sent By Job
	1522  -  Total Bytes Received By Job
	Partitionable Resources :    Usage  Request Allocated 
	   Cpus                 :     0.72        1         1 
	   Disk (KB)            :    36           2    227172 
	   Memory (MB)          :   173        2000      2000 
...
