000 (1354886.000.000) 02/17 07:23:22 Job submitted from host: <137.138.44.55:9618?addrs=137.138.44.55-9618+[2001-1458-d00-1a--48]-9618&alias=bigbird17.cern.ch&noUDP&sock=schedd_1694_8585_188>
...
040 (1354886.000.000) 02/17 07:23:30 Started transferring input files
	Transferring to host: <128.142.65.93:9618?addrs=128.142.65.93-9618+[2001-1458-301-4c--100-75]-9618&noUDP&sock=2501_ee3f_64188>
...
040 (1354886.000.000) 02/17 07:23:30 Finished transferring input files
...
001 (1354886.000.000) 02/17 07:23:31 Job executing on host: <128.142.65.93:9618?addrs=128.142.65.93-9618+[2001-1458-301-4c--100-75]-9618&noUDP&sock=2289_a45f_3>
...
006 (1354886.000.000) 02/17 07:23:40 Image size of job updated: 241368
	177  -  MemoryUsage of job (MB)
	180896  -  ResidentSetSize of job (KB)
...
006 (1354886.000.000) 02/17 07:27:14 Image size of job updated: 363164
	177  -  MemoryUsage of job (MB)
	180896  -  ResidentSetSize of job (KB)
...
040 (1354886.000.000) 02/17 07:27:14 Started transferring output files
...
040 (1354886.000.000) 02/17 07:27:14 Finished transferring output files
...
005 (1354886.000.000) 02/17 07:27:14 Job terminated.
	(1) Normal termination (return value 0)
		Usr 0 00:02:28, Sys 0 00:00:04  -  Run Remote Usage
		Usr 0 00:00:00, Sys 0 00:00:00  -  Run Local Usage
		Usr 0 00:02:28, Sys 0 00:00:04  -  Total Remote Usage
		Usr 0 00:00:00, Sys 0 00:00:00  -  Total Local Usage
	12728  -  Run Bytes Sent By Job
	1386  -  Run Bytes Received By Job
	12728  -  Total Bytes Sent By Job
	1386  -  Total Bytes Received By Job
	Partitionable Resources :    Usage  Request Allocated 
	   Cpus                 :     0.68        1         1 
	   Disk (KB)            :    36           2    223550 
	   Memory (MB)          :   177        2000      2000 
...
