000 (1355226.000.000) 02/17 07:39:24 Job submitted from host: <137.138.44.55:9618?addrs=137.138.44.55-9618+[2001-1458-d00-1a--48]-9618&alias=bigbird17.cern.ch&noUDP&sock=schedd_1694_8585_188>
...
040 (1355226.000.000) 02/17 07:39:25 Started transferring input files
	Transferring to host: <128.142.122.210:9618?addrs=128.142.122.210-9618&noUDP&sock=2829_094c_153442>
...
040 (1355226.000.000) 02/17 07:39:25 Finished transferring input files
...
001 (1355226.000.000) 02/17 07:39:26 Job executing on host: <128.142.122.210:9618?addrs=128.142.122.210-9618&noUDP&sock=1854_44ad_3>
...
006 (1355226.000.000) 02/17 07:39:35 Image size of job updated: 229604
	164  -  MemoryUsage of job (MB)
	167672  -  ResidentSetSize of job (KB)
...
006 (1355226.000.000) 02/17 07:39:47 Image size of job updated: 241756
	164  -  MemoryUsage of job (MB)
	167672  -  ResidentSetSize of job (KB)
...
040 (1355226.000.000) 02/17 07:39:47 Started transferring output files
...
040 (1355226.000.000) 02/17 07:39:47 Finished transferring output files
...
005 (1355226.000.000) 02/17 07:39:47 Job terminated.
	(1) Normal termination (return value 0)
		Usr 0 00:00:08, Sys 0 00:00:01  -  Run Remote Usage
		Usr 0 00:00:00, Sys 0 00:00:00  -  Run Local Usage
		Usr 0 00:00:08, Sys 0 00:00:01  -  Total Remote Usage
		Usr 0 00:00:00, Sys 0 00:00:00  -  Total Local Usage
	8183  -  Run Bytes Sent By Job
	1528  -  Run Bytes Received By Job
	8183  -  Total Bytes Sent By Job
	1528  -  Total Bytes Received By Job
	Partitionable Resources :    Usage  Request Allocated 
	   Cpus                 :     0.58        1         1 
	   Disk (KB)            :    31           2    212094 
	   Memory (MB)          :   164        2000      2000 
...
