000 (1354981.000.000) 02/17 07:27:35 Job submitted from host: <137.138.44.55:9618?addrs=137.138.44.55-9618+[2001-1458-d00-1a--48]-9618&alias=bigbird17.cern.ch&noUDP&sock=schedd_1694_8585_188>
...
040 (1354981.000.000) 02/17 07:27:48 Started transferring input files
	Transferring to host: <128.142.110.18:9618?addrs=128.142.110.18-9618&noUDP&sock=2107_526f_135783>
...
040 (1354981.000.000) 02/17 07:27:48 Finished transferring input files
...
001 (1354981.000.000) 02/17 07:27:49 Job executing on host: <128.142.110.18:9618?addrs=128.142.110.18-9618&noUDP&sock=2000_6980_3>
...
006 (1354981.000.000) 02/17 07:27:58 Image size of job updated: 56576
	14  -  MemoryUsage of job (MB)
	14044  -  ResidentSetSize of job (KB)
...
006 (1354981.000.000) 02/17 07:28:21 Image size of job updated: 677636
	14  -  MemoryUsage of job (MB)
	14044  -  ResidentSetSize of job (KB)
...
040 (1354981.000.000) 02/17 07:28:21 Started transferring output files
...
040 (1354981.000.000) 02/17 07:28:21 Finished transferring output files
...
005 (1354981.000.000) 02/17 07:28:21 Job terminated.
	(1) Normal termination (return value 0)
		Usr 0 00:00:04, Sys 0 00:00:01  -  Run Remote Usage
		Usr 0 00:00:00, Sys 0 00:00:00  -  Run Local Usage
		Usr 0 00:00:04, Sys 0 00:00:01  -  Total Remote Usage
		Usr 0 00:00:00, Sys 0 00:00:00  -  Total Local Usage
	12871  -  Run Bytes Sent By Job
	1454  -  Run Bytes Received By Job
	12871  -  Total Bytes Sent By Job
	1454  -  Total Bytes Received By Job
	Partitionable Resources :    Usage  Request Allocated 
	   Cpus                 :        0        1         1 
	   Disk (KB)            :       35        2    191444 
	   Memory (MB)          :       14     2000      2000 
...
