000 (1354756.000.000) 02/17 07:17:19 Job submitted from host: <137.138.44.55:9618?addrs=137.138.44.55-9618+[2001-1458-d00-1a--48]-9618&alias=bigbird17.cern.ch&noUDP&sock=schedd_1694_8585_188>
...
040 (1354756.000.000) 02/17 07:17:29 Started transferring input files
	Transferring to host: <188.184.168.19:9618?addrs=188.184.168.19-9618+[2001-1458-301-c0--100-1f8]-9618&alias=b7g52n7972.cern.ch&noUDP&sock=slot1_1_25262_1d3c_9576>
...
040 (1354756.000.000) 02/17 07:17:29 Finished transferring input files
...
001 (1354756.000.000) 02/17 07:17:30 Job executing on host: <188.184.168.19:9618?addrs=188.184.168.19-9618+[2001-1458-301-c0--100-1f8]-9618&alias=b7g52n7972.cern.ch&noUDP&sock=startd_18091_7fee>
...
006 (1354756.000.000) 02/17 07:17:38 Image size of job updated: 558292
	157  -  MemoryUsage of job (MB)
	160640  -  ResidentSetSize of job (KB)
...
006 (1354756.000.000) 02/17 07:19:56 Image size of job updated: 826736
	157  -  MemoryUsage of job (MB)
	160640  -  ResidentSetSize of job (KB)
...
040 (1354756.000.000) 02/17 07:19:56 Started transferring output files
...
040 (1354756.000.000) 02/17 07:19:56 Finished transferring output files
...
005 (1354756.000.000) 02/17 07:19:56 Job terminated.
	(1) Normal termination (return value 0)
		Usr 0 00:01:54, Sys 0 00:00:02  -  Run Remote Usage
		Usr 0 00:00:00, Sys 0 00:00:00  -  Run Local Usage
		Usr 0 00:01:54, Sys 0 00:00:02  -  Total Remote Usage
		Usr 0 00:00:00, Sys 0 00:00:00  -  Total Local Usage
	7997  -  Run Bytes Sent By Job
	1595  -  Run Bytes Received By Job
	7997  -  Total Bytes Sent By Job
	1595  -  Total Bytes Received By Job
	Partitionable Resources :    Usage  Request Allocated 
	   Cpus                 :                 1         1 
	   Disk (KB)            :       23        2    233229 
	   Memory (MB)          :      157     2000      2000 
...
