000 (1355020.000.000) 02/17 07:29:15 Job submitted from host: <137.138.44.55:9618?addrs=137.138.44.55-9618+[2001-1458-d00-1a--48]-9618&alias=bigbird17.cern.ch&noUDP&sock=schedd_1694_8585_188>
...
040 (1355020.000.000) 02/17 07:29:21 Started transferring input files
	Transferring to host: <128.142.116.108:9618?addrs=128.142.116.108-9618+[2001-1458-301-ae--100-591]-9618&alias=b7s06n3959.cern.ch&noUDP&sock=slot1_5_29672_5bb0_4586>
...
040 (1355020.000.000) 02/17 07:29:21 Finished transferring input files
...
001 (1355020.000.000) 02/17 07:29:22 Job executing on host: <128.142.116.108:9618?addrs=128.142.116.108-9618+[2001-1458-301-ae--100-591]-9618&alias=b7s06n3959.cern.ch&noUDP&sock=startd_16582_7384>
...
006 (1355020.000.000) 02/17 07:29:30 Image size of job updated: 547872
	165  -  MemoryUsage of job (MB)
	168740  -  ResidentSetSize of job (KB)
...
040 (1355020.000.000) 02/17 07:29:31 Started transferring output files
...
040 (1355020.000.000) 02/17 07:29:31 Finished transferring output files
...
005 (1355020.000.000) 02/17 07:29:31 Job terminated.
	(1) Normal termination (return value 0)
		Usr 0 00:00:03, Sys 0 00:00:01  -  Run Remote Usage
		Usr 0 00:00:00, Sys 0 00:00:00  -  Run Local Usage
		Usr 0 00:00:03, Sys 0 00:00:01  -  Total Remote Usage
		Usr 0 00:00:00, Sys 0 00:00:00  -  Total Local Usage
	12918  -  Run Bytes Sent By Job
	1501  -  Run Bytes Received By Job
	12918  -  Total Bytes Sent By Job
	1501  -  Total Bytes Received By Job
	Partitionable Resources :    Usage  Request Allocated 
	   Cpus                 :                 1         1 
	   Disk (KB)            :       28        2    207038 
	   Memory (MB)          :      165     2000      2000 
...
