000 (1355079.000.000) 02/17 07:32:16 Job submitted from host: <137.138.44.55:9618?addrs=137.138.44.55-9618+[2001-1458-d00-1a--48]-9618&alias=bigbird17.cern.ch&noUDP&sock=schedd_1694_8585_188>
...
040 (1355079.000.000) 02/17 07:34:02 Started transferring input files
	Transferring to host: <188.184.200.240:9618?addrs=188.184.200.240-9618+[2001-1458-301-68--100-39b]-9618&alias=b7g26n0068.cern.ch&noUDP&sock=slot1_3_8367_0eed_24926>
...
040 (1355079.000.000) 02/17 07:34:02 Finished transferring input files
...
001 (1355079.000.000) 02/17 07:34:03 Job executing on host: <188.184.200.240:9618?addrs=188.184.200.240-9618+[2001-1458-301-68--100-39b]-9618&alias=b7g26n0068.cern.ch&noUDP&sock=startd_14705_fc40>
...
006 (1355079.000.000) 02/17 07:34:12 Image size of job updated: 216588
	3  -  MemoryUsage of job (MB)
	2180  -  ResidentSetSize of job (KB)
...
006 (1355079.000.000) 02/17 07:38:23 Image size of job updated: 778360
	3  -  MemoryUsage of job (MB)
	2180  -  ResidentSetSize of job (KB)
...
040 (1355079.000.000) 02/17 07:38:23 Started transferring output files
...
040 (1355079.000.000) 02/17 07:38:23 Finished transferring output files
...
005 (1355079.000.000) 02/17 07:38:24 Job terminated.
	(1) Normal termination (return value 0)
		Usr 0 00:01:53, Sys 0 00:00:02  -  Run Remote Usage
		Usr 0 00:00:00, Sys 0 00:00:00  -  Run Local Usage
		Usr 0 00:01:53, Sys 0 00:00:02  -  Total Remote Usage
		Usr 0 00:00:00, Sys 0 00:00:00  -  Total Local Usage
	13014  -  Run Bytes Sent By Job
	1523  -  Run Bytes Received By Job
	13014  -  Total Bytes Sent By Job
	1523  -  Total Bytes Received By Job
	Partitionable Resources :    Usage  Request Allocated 
	   Cpus                 :                 1         1 
	   Disk (KB)            :       27        2    194247 
	   Memory (MB)          :        3     2000      2000 
...
