000 (1354587.000.000) 02/17 07:04:32 Job submitted from host: <137.138.44.55:9618?addrs=137.138.44.55-9618+[2001-1458-d00-1a--48]-9618&alias=bigbird17.cern.ch&noUDP&sock=schedd_1694_8585_188>
...
040 (1354587.000.000) 02/17 07:07:35 Started transferring input files
	Transferring to host: <128.142.85.76:9618?addrs=128.142.85.76-9618+[2001-1458-301-f6--100-1d8]-9618&noUDP&sock=16775_4143_28830>
...
040 (1354587.000.000) 02/17 07:07:35 Finished transferring input files
...
001 (1354587.000.000) 02/17 07:07:36 Job executing on host: <128.142.85.76:9618?addrs=128.142.85.76-9618+[2001-1458-301-f6--100-1d8]-9618&noUDP&sock=16618_24ed_3>
...
006 (1354587.000.000) 02/17 07:07:45 Image size of job updated: 230560
	167  -  MemoryUsage of job (MB)
	170316  -  ResidentSetSize of job (KB)
...
006 (1354587.000.000) 02/17 07:07:56 Image size of job updated: 528220
	167  -  MemoryUsage of job (MB)
	170316  -  ResidentSetSize of job (KB)
...
040 (1354587.000.000) 02/17 07:07:57 Started transferring output files
...
040 (1354587.000.000) 02/17 07:07:57 Finished transferring output files
...
005 (1354587.000.000) 02/17 07:07:57 Job terminated.
	(1) Normal termination (return value 139)
		Usr 0 00:00:09, Sys 0 00:00:02  -  Run Remote Usage
		Usr 0 00:00:00, Sys 0 00:00:00  -  Run Local Usage
		Usr 0 00:00:09, Sys 0 00:00:02  -  Total Remote Usage
		Usr 0 00:00:00, Sys 0 00:00:00  -  Total Local Usage
	9955  -  Run Bytes Sent By Job
	1554  -  Run Bytes Received By Job
	9955  -  Total Bytes Sent By Job
	1554  -  Total Bytes Received By Job
	Partitionable Resources :    Usage  Request Allocated 
	   Cpus                 :     0.28        1         1 
	   Disk (KB)            :    33           2    260625 
	   Memory (MB)          :   167        2000      2000 
...
