000 (1354865.000.000) 02/17 07:22:25 Job submitted from host: <137.138.44.55:9618?addrs=137.138.44.55-9618+[2001-1458-d00-1a--48]-9618&alias=bigbird17.cern.ch&noUDP&sock=schedd_1694_8585_188>
...
040 (1354865.000.000) 02/17 07:22:36 Started transferring input files
	Transferring to host: <128.142.124.227:9618?addrs=128.142.124.227-9618+[2001-1458-301-c3--100-170]-9618&noUDP&sock=19455_8eb0_6380>
...
040 (1354865.000.000) 02/17 07:22:36 Finished transferring input files
...
001 (1354865.000.000) 02/17 07:22:37 Job executing on host: <128.142.124.227:9618?addrs=128.142.124.227-9618+[2001-1458-301-c3--100-170]-9618&noUDP&sock=19418_b61b_3>
...
006 (1354865.000.000) 02/17 07:22:45 Image size of job updated: 235408
	171  -  MemoryUsage of job (MB)
	174940  -  ResidentSetSize of job (KB)
...
006 (1354865.000.000) 02/17 07:24:38 Image size of job updated: 392968
	171  -  MemoryUsage of job (MB)
	174940  -  ResidentSetSize of job (KB)
...
040 (1354865.000.000) 02/17 07:24:38 Started transferring output files
...
040 (1354865.000.000) 02/17 07:24:38 Finished transferring output files
...
005 (1354865.000.000) 02/17 07:24:38 Job terminated.
	(1) Normal termination (return value 0)
		Usr 0 00:01:21, Sys 0 00:00:01  -  Run Remote Usage
		Usr 0 00:00:00, Sys 0 00:00:00  -  Run Local Usage
		Usr 0 00:01:21, Sys 0 00:00:01  -  Total Remote Usage
		Usr 0 00:00:00, Sys 0 00:00:00  -  Total Local Usage
	7997  -  Run Bytes Sent By Job
	1595  -  Run Bytes Received By Job
	7997  -  Total Bytes Sent By Job
	1595  -  Total Bytes Received By Job
	Partitionable Resources :    Usage  Request Allocated 
	   Cpus                 :     0.84        1         1 
	   Disk (KB)            :    31           2    200036 
	   Memory (MB)          :   171        2000      2000 
...
