000 (1355136.000.000) 02/17 07:34:49 Job submitted from host: <137.138.44.55:9618?addrs=137.138.44.55-9618+[2001-1458-d00-1a--48]-9618&alias=bigbird17.cern.ch&noUDP&sock=schedd_1694_8585_188>
...
040 (1355136.000.000) 02/17 07:36:27 Started transferring input files
	Transferring to host: <128.142.149.49:9618?addrs=128.142.149.49-9618+[2001-1458-301-b--100-1e5]-9618&noUDP&sock=28255_f416_157607>
...
040 (1355136.000.000) 02/17 07:36:27 Finished transferring input files
...
001 (1355136.000.000) 02/17 07:36:28 Job executing on host: <128.142.149.49:9618?addrs=128.142.149.49-9618+[2001-1458-301-b--100-1e5]-9618&noUDP&sock=6582_4873_3>
...
006 (1355136.000.000) 02/17 07:36:36 Image size of job updated: 116148
	41  -  MemoryUsage of job (MB)
	40992  -  ResidentSetSize of job (KB)
...
006 (1355136.000.000) 02/17 07:38:51 Image size of job updated: 362960
	41  -  MemoryUsage of job (MB)
	41072  -  ResidentSetSize of job (KB)
...
040 (1355136.000.000) 02/17 07:38:51 Started transferring output files
...
040 (1355136.000.000) 02/17 07:38:51 Finished transferring output files
...
005 (1355136.000.000) 02/17 07:38:51 Job terminated.
	(1) Normal termination (return value 0)
		Usr 0 00:01:20, Sys 0 00:00:02  -  Run Remote Usage
		Usr 0 00:00:00, Sys 0 00:00:00  -  Run Local Usage
		Usr 0 00:01:20, Sys 0 00:00:02  -  Total Remote Usage
		Usr 0 00:00:00, Sys 0 00:00:00  -  Total Local Usage
	13053  -  Run Bytes Sent By Job
	1562  -  Run Bytes Received By Job
	13053  -  Total Bytes Sent By Job
	1562  -  Total Bytes Received By Job
	Partitionable Resources :    Usage  Request Allocated 
	   Cpus                 :     0.70        1         1 
	   Disk (KB)            :    36           2    339880 
	   Memory (MB)          :    41        2000      2000 
...
