000 (1354441.000.000) 02/17 06:54:17 Job submitted from host: <137.138.44.55:9618?addrs=137.138.44.55-9618+[2001-1458-d00-1a--48]-9618&alias=bigbird17.cern.ch&noUDP&sock=schedd_1694_8585_188>
...
040 (1354441.000.000) 02/17 07:03:51 Started transferring input files
	Transferring to host: <188.185.105.101:9618?addrs=188.185.105.101-9618+[2001-1458-d00-3e--100-1d9]-9618&alias=b7g50s3149.cern.ch&noUDP&sock=slot1_12_32440_aa20_5478>
...
040 (1354441.000.000) 02/17 07:03:51 Finished transferring input files
...
001 (1354441.000.000) 02/17 07:03:52 Job executing on host: <188.185.105.101:9618?addrs=188.185.105.101-9618+[2001-1458-d00-3e--100-1d9]-9618&alias=b7g50s3149.cern.ch&noUDP&sock=startd_25291_19d2>
...
006 (1354441.000.000) 02/17 07:04:00 Image size of job updated: 229472
	165  -  MemoryUsage of job (MB)
	168656  -  ResidentSetSize of job (KB)
...
006 (1354441.000.000) 02/17 07:04:08 Image size of job updated: 964236
	166  -  MemoryUsage of job (MB)
	169460  -  ResidentSetSize of job (KB)
...
040 (1354441.000.000) 02/17 07:04:08 Started transferring output files
...
040 (1354441.000.000) 02/17 07:04:08 Finished transferring output files
...
005 (1354441.000.000) 02/17 07:04:08 Job terminated.
	(1) Normal termination (return value 139)
		Usr 0 00:00:07, Sys 0 00:00:01  -  Run Remote Usage
		Usr 0 00:00:00, Sys 0 00:00:00  -  Run Local Usage
		Usr 0 00:00:07, Sys 0 00:00:01  -  Total Remote Usage
		Usr 0 00:00:00, Sys 0 00:00:00  -  Total Local Usage
	9955  -  Run Bytes Sent By Job
	1553  -  Run Bytes Received By Job
	9955  -  Total Bytes Sent By Job
	1553  -  Total Bytes Received By Job
	Partitionable Resources :    Usage  Request Allocated 
	   Cpus                 :                 1         1 
	   Disk (KB)            :       24        2    572413 
	   Memory (MB)          :      166     2000      2000 
...
