000 (1354564.000.000) 02/17 07:02:48 Job submitted from host: <137.138.44.55:9618?addrs=137.138.44.55-9618+[2001-1458-d00-1a--48]-9618&alias=bigbird17.cern.ch&noUDP&sock=schedd_1694_8585_188>
...
040 (1354564.000.000) 02/17 07:03:51 Started transferring input files
	Transferring to host: <128.142.81.247:9618?addrs=128.142.81.247-9618+[2001-1458-301-f5--100-68a]-9618&noUDP&sock=16410_1454_28187>
...
040 (1354564.000.000) 02/17 07:03:51 Finished transferring input files
...
001 (1354564.000.000) 02/17 07:03:52 Job executing on host: <128.142.81.247:9618?addrs=128.142.81.247-9618+[2001-1458-301-f5--100-68a]-9618&noUDP&sock=16254_7874_3>
...
006 (1354564.000.000) 02/17 07:04:00 Image size of job updated: 128576
	44  -  MemoryUsage of job (MB)
	44468  -  ResidentSetSize of job (KB)
...
006 (1354564.000.000) 02/17 07:06:03 Image size of job updated: 395200
	44  -  MemoryUsage of job (MB)
	44472  -  ResidentSetSize of job (KB)
...
040 (1354564.000.000) 02/17 07:06:03 Started transferring output files
...
040 (1354564.000.000) 02/17 07:06:03 Finished transferring output files
...
005 (1354564.000.000) 02/17 07:06:04 Job terminated.
	(1) Normal termination (return value 0)
		Usr 0 00:01:39, Sys 0 00:00:02  -  Run Remote Usage
		Usr 0 00:00:00, Sys 0 00:00:00  -  Run Local Usage
		Usr 0 00:01:39, Sys 0 00:00:02  -  Total Remote Usage
		Usr 0 00:00:00, Sys 0 00:00:00  -  Total Local Usage
	7956  -  Run Bytes Sent By Job
	1555  -  Run Bytes Received By Job
	7956  -  Total Bytes Sent By Job
	1555  -  Total Bytes Received By Job
	Partitionable Resources :    Usage  Request Allocated 
	   Cpus                 :     0.81        1         1 
	   Disk (KB)            :    31           2    264690 
	   Memory (MB)          :    44        2000      2000 
...
