000 (1354522.000.000) 02/17 06:59:10 Job submitted from host: <137.138.44.55:9618?addrs=137.138.44.55-9618+[2001-1458-d00-1a--48]-9618&alias=bigbird17.cern.ch&noUDP&sock=schedd_1694_8585_188>
...
040 (1354522.000.000) 02/17 07:05:27 Started transferring input files
	Transferring to host: <128.142.133.155:9618?addrs=128.142.133.155-9618+[2001-1458-301-32--100-99]-9618&alias=b7g21n0465.cern.ch&noUDP&sock=slot1_3_11638_c612_2728>
...
040 (1354522.000.000) 02/17 07:05:27 Finished transferring input files
...
001 (1354522.000.000) 02/17 07:05:28 Job executing on host: <128.142.133.155:9618?addrs=128.142.133.155-9618+[2001-1458-301-32--100-99]-9618&alias=b7g21n0465.cern.ch&noUDP&sock=startd_2408_4424>
...
006 (1354522.000.000) 02/17 07:05:37 Image size of job updated: 482140
	171  -  MemoryUsage of job (MB)
	174552  -  ResidentSetSize of job (KB)
...
006 (1354522.000.000) 02/17 07:07:26 Image size of job updated: 823784
	171  -  MemoryUsage of job (MB)
	174552  -  ResidentSetSize of job (KB)
...
040 (1354522.000.000) 02/17 07:07:26 Started transferring output files
...
040 (1354522.000.000) 02/17 07:07:26 Finished transferring output files
...
005 (1354522.000.000) 02/17 07:07:26 Job terminated.
	(1) Normal termination (return value 0)
		Usr 0 00:01:31, Sys 0 00:00:02  -  Run Remote Usage
		Usr 0 00:00:00, Sys 0 00:00:00  -  Run Local Usage
		Usr 0 00:01:31, Sys 0 00:00:02  -  Total Remote Usage
		Usr 0 00:00:00, Sys 0 00:00:00  -  Total Local Usage
	7957  -  Run Bytes Sent By Job
	1555  -  Run Bytes Received By Job
	7957  -  Total Bytes Sent By Job
	1555  -  Total Bytes Received By Job
	Partitionable Resources :    Usage  Request Allocated 
	   Cpus                 :     0.82        1         1 
	   Disk (KB)            :    30           2    192506 
	   Memory (MB)          :   171        2000      2000 
...
