000 (1354487.000.000) 02/17 06:57:18 Job submitted from host: <137.138.44.55:9618?addrs=137.138.44.55-9618+[2001-1458-d00-1a--48]-9618&alias=bigbird17.cern.ch&noUDP&sock=schedd_1694_8585_188>
...
040 (1354487.000.000) 02/17 07:03:55 Started transferring input files
	Transferring to host: <128.142.126.191:9618?addrs=128.142.126.191-9618+[2001-1458-301-c3--100-235]-9618&alias=b7s08n9043.cern.ch&noUDP&sock=slot1_2_21045_db31_4090>
...
040 (1354487.000.000) 02/17 07:03:55 Finished transferring input files
...
001 (1354487.000.000) 02/17 07:03:56 Job executing on host: <128.142.126.191:9618?addrs=128.142.126.191-9618+[2001-1458-301-c3--100-235]-9618&alias=b7s08n9043.cern.ch&noUDP&sock=startd_2012_a4a3>
...
006 (1354487.000.000) 02/17 07:04:05 Image size of job updated: 3136
	4  -  MemoryUsage of job (MB)
	3136  -  ResidentSetSize of job (KB)
...
006 (1354487.000.000) 02/17 07:06:12 Image size of job updated: 1043956
	4  -  MemoryUsage of job (MB)
	3172  -  ResidentSetSize of job (KB)
...
040 (1354487.000.000) 02/17 07:06:12 Started transferring output files
...
040 (1354487.000.000) 02/17 07:06:12 Finished transferring output files
...
005 (1354487.000.000) 02/17 07:06:12 Job terminated.
	(1) Normal termination (return value 139)
		Usr 0 00:00:12, Sys 0 00:00:03  -  Run Remote Usage
		Usr 0 00:00:00, Sys 0 00:00:00  -  Run Local Usage
		Usr 0 00:00:12, Sys 0 00:00:03  -  Total Remote Usage
		Usr 0 00:00:00, Sys 0 00:00:00  -  Total Local Usage
	9955  -  Run Bytes Sent By Job
	1553  -  Run Bytes Received By Job
	9955  -  Total Bytes Sent By Job
	1553  -  Total Bytes Received By Job
	Partitionable Resources :    Usage  Request Allocated 
	   Cpus                 :                 1         1 
	   Disk (KB)            :       24        2    208463 
	   Memory (MB)          :        4     2000      2000 
...
