000 (1354678.000.000) 02/17 07:11:51 Job submitted from host: <137.138.44.55:9618?addrs=137.138.44.55-9618+[2001-1458-d00-1a--48]-9618&alias=bigbird17.cern.ch&noUDP&sock=schedd_1694_8585_188>
...
040 (1354678.000.000) 02/17 07:12:03 Started transferring input files
	Transferring to host: <188.184.183.221:9618?addrs=188.184.183.221-9618+[2001-1458-301-2b--100-3a0]-9618&alias=b7g41n1197.cern.ch&noUDP&sock=slot1_8_13995_7e52_10997>
...
040 (1354678.000.000) 02/17 07:12:03 Finished transferring input files
...
001 (1354678.000.000) 02/17 07:12:04 Job executing on host: <188.184.183.221:9618?addrs=188.184.183.221-9618+[2001-1458-301-2b--100-3a0]-9618&alias=b7g41n1197.cern.ch&noUDP&sock=startd_14163_37ec>
...
006 (1354678.000.000) 02/17 07:12:13 Image size of job updated: 815504
	168  -  MemoryUsage of job (MB)
	172032  -  ResidentSetSize of job (KB)
...
006 (1354678.000.000) 02/17 07:14:36 Image size of job updated: 825800
	168  -  MemoryUsage of job (MB)
	172032  -  ResidentSetSize of job (KB)
...
040 (1354678.000.000) 02/17 07:14:36 Started transferring output files
...
040 (1354678.000.000) 02/17 07:14:36 Finished transferring output files
...
005 (1354678.000.000) 02/17 07:14:36 Job terminated.
	(1) Normal termination (return value 0)
		Usr 0 00:01:51, Sys 0 00:00:02  -  Run Remote Usage
		Usr 0 00:00:00, Sys 0 00:00:00  -  Run Local Usage
		Usr 0 00:01:51, Sys 0 00:00:02  -  Total Remote Usage
		Usr 0 00:00:00, Sys 0 00:00:00  -  Total Local Usage
	7952  -  Run Bytes Sent By Job
	1550  -  Run Bytes Received By Job
	7952  -  Total Bytes Sent By Job
	1550  -  Total Bytes Received By Job
	Partitionable Resources :    Usage  Request Allocated 
	   Cpus                 :                 1         1 
	   Disk (KB)            :       23        2    347207 
	   Memory (MB)          :      168     2000      2000 
...
