000 (1354716.000.000) 02/17 07:14:57 Job submitted from host: <137.138.44.55:9618?addrs=137.138.44.55-9618+[2001-1458-d00-1a--48]-9618&alias=bigbird17.cern.ch&noUDP&sock=schedd_1694_8585_188>
...
040 (1354716.000.000) 02/17 07:15:07 Started transferring input files
	Transferring to host: <128.142.84.116:9618?addrs=128.142.84.116-9618+[2001-1458-301-f6--100-343]-9618&noUDP&sock=16673_62ff_29251>
...
040 (1354716.000.000) 02/17 07:15:07 Finished transferring input files
...
001 (1354716.000.000) 02/17 07:15:08 Job executing on host: <128.142.84.116:9618?addrs=128.142.84.116-9618+[2001-1458-301-f6--100-343]-9618&noUDP&sock=16517_dddc_3>
...
006 (1354716.000.000) 02/17 07:15:16 Image size of job updated: 2556
	3  -  MemoryUsage of job (MB)
	2192  -  ResidentSetSize of job (KB)
...
006 (1354716.000.000) 02/17 07:16:16 Image size of job updated: 563692
	3  -  MemoryUsage of job (MB)
	2192  -  ResidentSetSize of job (KB)
...
040 (1354716.000.000) 02/17 07:16:17 Started transferring output files
...
040 (1354716.000.000) 02/17 07:16:17 Finished transferring output files
...
005 (1354716.000.000) 02/17 07:16:17 Job terminated.
	(1) Normal termination (return value 139)
		Usr 0 00:00:11, Sys 0 00:00:02  -  Run Remote Usage
		Usr 0 00:00:00, Sys 0 00:00:00  -  Run Local Usage
		Usr 0 00:00:11, Sys 0 00:00:02  -  Total Remote Usage
		Usr 0 00:00:00, Sys 0 00:00:00  -  Total Local Usage
	9964  -  Run Bytes Sent By Job
	1595  -  Run Bytes Received By Job
	9964  -  Total Bytes Sent By Job
	1595  -  Total Bytes Received By Job
	Partitionable Resources :    Usage  Request Allocated 
	   Cpus                 :                 1         1 
	   Disk (KB)            :       25        2    248839 
	   Memory (MB)          :        3     2000      2000 
...
