000 (1355137.000.000) 02/17 07:34:50 Job submitted from host: <137.138.44.55:9618?addrs=137.138.44.55-9618+[2001-1458-d00-1a--48]-9618&alias=bigbird17.cern.ch&noUDP&sock=schedd_1694_8585_188>
...
040 (1355137.000.000) 02/17 07:36:29 Started transferring input files
	Transferring to host: <188.184.213.31:9618?addrs=188.184.213.31-9618&noUDP&sock=3175_d31a_104606>
...
040 (1355137.000.000) 02/17 07:36:29 Finished transferring input files
...
001 (1355137.000.000) 02/17 07:36:30 Job executing on host: <188.184.213.31:9618?addrs=188.184.213.31-9618&noUDP&sock=2005_d77a_3>
...
006 (1355137.000.000) 02/17 07:36:38 Image size of job updated: 65440
	18  -  MemoryUsage of job (MB)
	17484  -  ResidentSetSize of job (KB)
...
006 (1355137.000.000) 02/17 07:38:47 Image size of job updated: 360280
	18  -  MemoryUsage of job (MB)
	17484  -  ResidentSetSize of job (KB)
...
040 (1355137.000.000) 02/17 07:38:47 Started transferring output files
...
040 (1355137.000.000) 02/17 07:38:47 Finished transferring output files
...
005 (1355137.000.000) 02/17 07:38:47 Job terminated.
	(1) Normal termination (return value 0)
		Usr 0 00:01:33, Sys 0 00:00:02  -  Run Remote Usage
		Usr 0 00:00:00, Sys 0 00:00:00  -  Run Local Usage
		Usr 0 00:01:33, Sys 0 00:00:02  -  Total Remote Usage
		Usr 0 00:00:00, Sys 0 00:00:00  -  Total Local Usage
	13053  -  Run Bytes Sent By Job
	1563  -  Run Bytes Received By Job
	13053  -  Total Bytes Sent By Job
	1563  -  Total Bytes Received By Job
	Partitionable Resources :    Usage  Request Allocated 
	   Cpus                 :     0.76        1         1 
	   Disk (KB)            :    35           2    273229 
	   Memory (MB)          :    18        2000      2000 
...
