000 (1355122.000.000) 02/17 07:34:20 Job submitted from host: <137.138.44.55:9618?addrs=137.138.44.55-9618+[2001-1458-d00-1a--48]-9618&alias=bigbird17.cern.ch&noUDP&sock=schedd_1694_8585_188>
...
040 (1355122.000.000) 02/17 07:36:53 Started transferring input files
	Transferring to host: <128.142.120.147:9618?addrs=128.142.120.147-9618&noUDP&sock=2382_159a_105629>
...
040 (1355122.000.000) 02/17 07:36:53 Finished transferring input files
...
001 (1355122.000.000) 02/17 07:36:54 Job executing on host: <128.142.120.147:9618?addrs=128.142.120.147-9618&noUDP&sock=1708_1fd9_3>
...
006 (1355122.000.000) 02/17 07:37:03 Image size of job updated: 2768
	3  -  MemoryUsage of job (MB)
	2328  -  ResidentSetSize of job (KB)
...
006 (1355122.000.000) 02/17 07:40:42 Image size of job updated: 796184
	3  -  MemoryUsage of job (MB)
	2336  -  ResidentSetSize of job (KB)
...
040 (1355122.000.000) 02/17 07:40:42 Started transferring output files
...
040 (1355122.000.000) 02/17 07:40:42 Finished transferring output files
...
005 (1355122.000.000) 02/17 07:40:42 Job terminated.
	(1) Normal termination (return value 0)
		Usr 0 00:01:41, Sys 0 00:00:02  -  Run Remote Usage
		Usr 0 00:00:00, Sys 0 00:00:00  -  Run Local Usage
		Usr 0 00:01:41, Sys 0 00:00:02  -  Total Remote Usage
		Usr 0 00:00:00, Sys 0 00:00:00  -  Total Local Usage
	13054  -  Run Bytes Sent By Job
	1564  -  Run Bytes Received By Job
	13054  -  Total Bytes Sent By Job
	1564  -  Total Bytes Received By Job
	Partitionable Resources :    Usage  Request Allocated 
	   Cpus                 :     0.36        1         1 
	   Disk (KB)            :    35           2    197920 
	   Memory (MB)          :     3        2000      2000 
...
