000 (1354419.000.000) 02/17 06:52:50 Job submitted from host: <137.138.44.55:9618?addrs=137.138.44.55-9618+[2001-1458-d00-1a--48]-9618&alias=bigbird17.cern.ch&noUDP&sock=schedd_1694_8585_188>
...
040 (1354419.000.000) 02/17 07:04:14 Started transferring input files
	Transferring to host: <128.142.123.70:9618?addrs=128.142.123.70-9618&noUDP&sock=2914_ed30_96617>
...
040 (1354419.000.000) 02/17 07:04:14 Finished transferring input files
...
001 (1354419.000.000) 02/17 07:04:15 Job executing on host: <128.142.123.70:9618?addrs=128.142.123.70-9618&noUDP&sock=1871_edc9_3>
...
006 (1354419.000.000) 02/17 07:04:23 Image size of job updated: 215068
	183  -  MemoryUsage of job (MB)
	186480  -  ResidentSetSize of job (KB)
...
006 (1354419.000.000) 02/17 07:04:33 Image size of job updated: 1314964
	183  -  MemoryUsage of job (MB)
	187356  -  ResidentSetSize of job (KB)
...
040 (1354419.000.000) 02/17 07:04:33 Started transferring output files
...
040 (1354419.000.000) 02/17 07:04:33 Finished transferring output files
...
005 (1354419.000.000) 02/17 07:04:33 Job terminated.
	(1) Normal termination (return value 139)
		Usr 0 00:00:10, Sys 0 00:00:02  -  Run Remote Usage
		Usr 0 00:00:00, Sys 0 00:00:00  -  Run Local Usage
		Usr 0 00:00:10, Sys 0 00:00:02  -  Total Remote Usage
		Usr 0 00:00:00, Sys 0 00:00:00  -  Total Local Usage
	9944  -  Run Bytes Sent By Job
	1508  -  Run Bytes Received By Job
	9944  -  Total Bytes Sent By Job
	1508  -  Total Bytes Received By Job
	Partitionable Resources :    Usage  Request Allocated 
	   Cpus                 :     0.05        1         1 
	   Disk (KB)            :    32           2    211549 
	   Memory (MB)          :   183        2000      2000 
...
