000 (1355106.000.000) 02/17 07:33:31 Job submitted from host: <137.138.44.55:9618?addrs=137.138.44.55-9618+[2001-1458-d00-1a--48]-9618&alias=bigbird17.cern.ch&noUDP&sock=schedd_1694_8585_188>
...
040 (1355106.000.000) 02/17 07:34:25 Started transferring input files
	Transferring to host: <188.184.143.115:9618?addrs=188.184.143.115-9618+[2001-1458-301-46--100-fc]-9618&noUDP&sock=10342_9fde_157267>
...
040 (1355106.000.000) 02/17 07:34:25 Finished transferring input files
...
001 (1355106.000.000) 02/17 07:34:26 Job executing on host: <188.184.143.115:9618?addrs=188.184.143.115-9618+[2001-1458-301-46--100-fc]-9618&noUDP&sock=2405_355c_3>
...
006 (1355106.000.000) 02/17 07:34:34 Image size of job updated: 106072
	37  -  MemoryUsage of job (MB)
	37456  -  ResidentSetSize of job (KB)
...
006 (1355106.000.000) 02/17 07:37:19 Image size of job updated: 359432
	38  -  MemoryUsage of job (MB)
	38012  -  ResidentSetSize of job (KB)
...
040 (1355106.000.000) 02/17 07:37:19 Started transferring output files
...
040 (1355106.000.000) 02/17 07:37:19 Finished transferring output files
...
005 (1355106.000.000) 02/17 07:37:19 Job terminated.
	(1) Normal termination (return value 0)
		Usr 0 00:01:49, Sys 0 00:00:02  -  Run Remote Usage
		Usr 0 00:00:00, Sys 0 00:00:00  -  Run Local Usage
		Usr 0 00:01:49, Sys 0 00:00:02  -  Total Remote Usage
		Usr 0 00:00:00, Sys 0 00:00:00  -  Total Local Usage
	13010  -  Run Bytes Sent By Job
	1519  -  Run Bytes Received By Job
	13010  -  Total Bytes Sent By Job
	1519  -  Total Bytes Received By Job
	Partitionable Resources :    Usage  Request Allocated 
	   Cpus                 :     0.34        1         1 
	   Disk (KB)            :    35           2    198840 
	   Memory (MB)          :    38        2000      2000 
...
