000 (1355281.000.000) 02/17 07:42:26 Job submitted from host: <137.138.44.55:9618?addrs=137.138.44.55-9618+[2001-1458-d00-1a--48]-9618&alias=bigbird17.cern.ch&noUDP&sock=schedd_1694_8585_188>
...
040 (1355281.000.000) 02/17 07:43:19 Started transferring input files
	Transferring to host: <188.184.200.240:9618?addrs=188.184.200.240-9618+[2001-1458-301-68--100-39b]-9618&alias=b7g26n0068.cern.ch&noUDP&sock=slot1_3_8367_0eed_24934>
...
040 (1355281.000.000) 02/17 07:43:19 Finished transferring input files
...
001 (1355281.000.000) 02/17 07:43:20 Job executing on host: <188.184.200.240:9618?addrs=188.184.200.240-9618+[2001-1458-301-68--100-39b]-9618&alias=b7g26n0068.cern.ch&noUDP&sock=startd_14705_fc40>
...
006 (1355281.000.000) 02/17 07:43:29 Image size of job updated: 230680
	166  -  MemoryUsage of job (MB)
	169168  -  ResidentSetSize of job (KB)
...
006 (1355281.000.000) 02/17 07:43:41 Image size of job updated: 654884
	166  -  MemoryUsage of job (MB)
	169168  -  ResidentSetSize of job (KB)
...
040 (1355281.000.000) 02/17 07:43:42 Started transferring output files
...
040 (1355281.000.000) 02/17 07:43:42 Finished transferring output files
...
005 (1355281.000.000) 02/17 07:43:42 Job terminated.
	(1) Normal termination (return value 0)
		Usr 0 00:00:09, Sys 0 00:00:01  -  Run Remote Usage
		Usr 0 00:00:00, Sys 0 00:00:00  -  Run Local Usage
		Usr 0 00:00:09, Sys 0 00:00:01  -  Total Remote Usage
		Usr 0 00:00:00, Sys 0 00:00:00  -  Total Local Usage
	8142  -  Run Bytes Sent By Job
	1487  -  Run Bytes Received By Job
	8142  -  Total Bytes Sent By Job
	1487  -  Total Bytes Received By Job
	Partitionable Resources :    Usage  Request Allocated 
	   Cpus                 :                 1         1 
	   Disk (KB)            :       23        2    193250 
	   Memory (MB)          :      166     2000      2000 
...
