000 (1354783.000.000) 02/17 07:18:50 Job submitted from host: <137.138.44.55:9618?addrs=137.138.44.55-9618+[2001-1458-d00-1a--48]-9618&alias=bigbird17.cern.ch&noUDP&sock=schedd_1694_8585_188>
...
040 (1354783.000.000) 02/17 07:20:09 Started transferring input files
	Transferring to host: <128.142.83.75:9618?addrs=128.142.83.75-9618+[2001-1458-301-f5--100-274]-9618&alias=b7s13n9026.cern.ch&noUDP&sock=slot1_5_20501_8f1b_10046>
...
040 (1354783.000.000) 02/17 07:20:09 Finished transferring input files
...
001 (1354783.000.000) 02/17 07:20:10 Job executing on host: <128.142.83.75:9618?addrs=128.142.83.75-9618+[2001-1458-301-f5--100-274]-9618&alias=b7s13n9026.cern.ch&noUDP&sock=startd_16234_c08f>
...
006 (1354783.000.000) 02/17 07:20:19 Image size of job updated: 537636
	143  -  MemoryUsage of job (MB)
	145888  -  ResidentSetSize of job (KB)
...
006 (1354783.000.000) 02/17 07:20:44 Image size of job updated: 940480
	143  -  MemoryUsage of job (MB)
	146012  -  ResidentSetSize of job (KB)
...
040 (1354783.000.000) 02/17 07:20:44 Started transferring output files
...
040 (1354783.000.000) 02/17 07:20:44 Finished transferring output files
...
005 (1354783.000.000) 02/17 07:20:44 Job terminated.
	(1) Normal termination (return value 139)
		Usr 0 00:00:10, Sys 0 00:00:02  -  Run Remote Usage
		Usr 0 00:00:00, Sys 0 00:00:00  -  Run Local Usage
		Usr 0 00:00:10, Sys 0 00:00:02  -  Total Remote Usage
		Usr 0 00:00:00, Sys 0 00:00:00  -  Total Local Usage
	9964  -  Run Bytes Sent By Job
	1594  -  Run Bytes Received By Job
	9964  -  Total Bytes Sent By Job
	1594  -  Total Bytes Received By Job
	Partitionable Resources :    Usage  Request Allocated 
	   Cpus                 :                 1         1 
	   Disk (KB)            :       25        2    260692 
	   Memory (MB)          :      143     2000      2000 
...
