000 (1355318.000.000) 02/17 07:43:45 Job submitted from host: <137.138.44.55:9618?addrs=137.138.44.55-9618+[2001-1458-d00-1a--48]-9618&alias=bigbird17.cern.ch&noUDP&sock=schedd_1694_8585_188>
...
040 (1355318.000.000) 02/17 07:46:48 Started transferring input files
	Transferring to host: <128.142.67.79:9618?addrs=128.142.67.79-9618&noUDP&sock=3174_1eba_104186>
...
040 (1355318.000.000) 02/17 07:46:48 Finished transferring input files
...
001 (1355318.000.000) 02/17 07:46:49 Job executing on host: <128.142.67.79:9618?addrs=128.142.67.79-9618&noUDP&sock=2098_a1c8_3>
...
006 (1355318.000.000) 02/17 07:46:58 Image size of job updated: 241948
	176  -  MemoryUsage of job (MB)
	179680  -  ResidentSetSize of job (KB)
...
006 (1355318.000.000) 02/17 07:47:06 Image size of job updated: 245788
	176  -  MemoryUsage of job (MB)
	179680  -  ResidentSetSize of job (KB)
...
040 (1355318.000.000) 02/17 07:47:06 Started transferring output files
...
040 (1355318.000.000) 02/17 07:47:06 Finished transferring output files
...
005 (1355318.000.000) 02/17 07:47:06 Job terminated.
	(1) Normal termination (return value 0)
		Usr 0 00:00:09, Sys 0 00:00:01  -  Run Remote Usage
		Usr 0 00:00:00, Sys 0 00:00:00  -  Run Local Usage
		Usr 0 00:00:09, Sys 0 00:00:01  -  Total Remote Usage
		Usr 0 00:00:00, Sys 0 00:00:00  -  Total Local Usage
	8138  -  Run Bytes Sent By Job
	1484  -  Run Bytes Received By Job
	8138  -  Total Bytes Sent By Job
	1484  -  Total Bytes Received By Job
	Partitionable Resources :    Usage  Request Allocated 
	   Cpus                 :        0        1         1 
	   Disk (KB)            :       31        2    225614 
	   Memory (MB)          :      176     2000      2000 
...
