000 (1355104.000.000) 02/17 07:33:22 Job submitted from host: <137.138.44.55:9618?addrs=137.138.44.55-9618+[2001-1458-d00-1a--48]-9618&alias=bigbird17.cern.ch&noUDP&sock=schedd_1694_8585_188>
...
040 (1355104.000.000) 02/17 07:34:25 Started transferring input files
	Transferring to host: <188.184.205.185:9618?addrs=188.184.205.185-9618+[2001-1458-301-7d--100-1ae]-9618&noUDP&sock=27128_e148_165171>
...
040 (1355104.000.000) 02/17 07:34:25 Finished transferring input files
...
001 (1355104.000.000) 02/17 07:34:26 Job executing on host: <188.184.205.185:9618?addrs=188.184.205.185-9618+[2001-1458-301-7d--100-1ae]-9618&noUDP&sock=2285_e5fe_3>
...
006 (1355104.000.000) 02/17 07:34:34 Image size of job updated: 9904
	10  -  MemoryUsage of job (MB)
	9828  -  ResidentSetSize of job (KB)
...
006 (1355104.000.000) 02/17 07:39:26 Image size of job updated: 366208
	10  -  MemoryUsage of job (MB)
	9828  -  ResidentSetSize of job (KB)
...
040 (1355104.000.000) 02/17 07:39:26 Started transferring output files
...
040 (1355104.000.000) 02/17 07:39:26 Finished transferring output files
...
005 (1355104.000.000) 02/17 07:39:27 Job terminated.
	(1) Normal termination (return value 0)
		Usr 0 00:01:48, Sys 0 00:00:05  -  Run Remote Usage
		Usr 0 00:00:00, Sys 0 00:00:00  -  Run Local Usage
		Usr 0 00:01:48, Sys 0 00:00:05  -  Total Remote Usage
		Usr 0 00:00:00, Sys 0 00:00:00  -  Total Local Usage
	13009  -  Run Bytes Sent By Job
	1519  -  Run Bytes Received By Job
	13009  -  Total Bytes Sent By Job
	1519  -  Total Bytes Received By Job
	Partitionable Resources :    Usage  Request Allocated 
	   Cpus                 :     0.49        1         1 
	   Disk (KB)            :    35           2    130657 
	   Memory (MB)          :    10        2000      2000 
...
