000 (1354501.000.000) 02/17 06:58:07 Job submitted from host: <137.138.44.55:9618?addrs=137.138.44.55-9618+[2001-1458-d00-1a--48]-9618&alias=bigbird17.cern.ch&noUDP&sock=schedd_1694_8585_188>
...
040 (1354501.000.000) 02/17 07:04:56 Started transferring input files
	Transferring to host: <128.142.123.70:9618?addrs=128.142.123.70-9618&noUDP&sock=2914_ed30_96622>
...
040 (1354501.000.000) 02/17 07:04:56 Finished transferring input files
...
001 (1354501.000.000) 02/17 07:04:57 Job executing on host: <128.142.123.70:9618?addrs=128.142.123.70-9618&noUDP&sock=1871_edc9_3>
...
006 (1354501.000.000) 02/17 07:05:06 Image size of job updated: 235292
	171  -  MemoryUsage of job (MB)
	174952  -  ResidentSetSize of job (KB)
...
006 (1354501.000.000) 02/17 07:07:15 Image size of job updated: 836792
	171  -  MemoryUsage of job (MB)
	174952  -  ResidentSetSize of job (KB)
...
040 (1354501.000.000) 02/17 07:07:16 Started transferring output files
...
040 (1354501.000.000) 02/17 07:07:16 Finished transferring output files
...
005 (1354501.000.000) 02/17 07:07:16 Job terminated.
	(1) Normal termination (return value 0)
		Usr 0 00:01:36, Sys 0 00:00:02  -  Run Remote Usage
		Usr 0 00:00:00, Sys 0 00:00:00  -  Run Local Usage
		Usr 0 00:01:36, Sys 0 00:00:02  -  Total Remote Usage
		Usr 0 00:00:00, Sys 0 00:00:00  -  Total Local Usage
	7954  -  Run Bytes Sent By Job
	1553  -  Run Bytes Received By Job
	7954  -  Total Bytes Sent By Job
	1553  -  Total Bytes Received By Job
	Partitionable Resources :    Usage  Request Allocated 
	   Cpus                 :     0.91        1         1 
	   Disk (KB)            :    31           2    211543 
	   Memory (MB)          :   171        2000      2000 
...
