000 (1354828.000.000) 02/17 07:20:43 Job submitted from host: <137.138.44.55:9618?addrs=137.138.44.55-9618+[2001-1458-d00-1a--48]-9618&alias=bigbird17.cern.ch&noUDP&sock=schedd_1694_8585_188>
...
040 (1354828.000.000) 02/17 07:21:29 Started transferring input files
	Transferring to host: <128.142.124.227:9618?addrs=128.142.124.227-9618+[2001-1458-301-c3--100-170]-9618&noUDP&sock=19455_8eb0_6379>
...
040 (1354828.000.000) 02/17 07:21:29 Finished transferring input files
...
001 (1354828.000.000) 02/17 07:21:30 Job executing on host: <128.142.124.227:9618?addrs=128.142.124.227-9618+[2001-1458-301-c3--100-170]-9618&noUDP&sock=19418_b61b_3>
...
006 (1354828.000.000) 02/17 07:21:39 Image size of job updated: 4096
	4  -  MemoryUsage of job (MB)
	4088  -  ResidentSetSize of job (KB)
...
006 (1354828.000.000) 02/17 07:22:34 Image size of job updated: 540500
	4  -  MemoryUsage of job (MB)
	4088  -  ResidentSetSize of job (KB)
...
040 (1354828.000.000) 02/17 07:22:34 Started transferring output files
...
040 (1354828.000.000) 02/17 07:22:34 Finished transferring output files
...
005 (1354828.000.000) 02/17 07:22:34 Job terminated.
	(1) Normal termination (return value 139)
		Usr 0 00:00:08, Sys 0 00:00:03  -  Run Remote Usage
		Usr 0 00:00:00, Sys 0 00:00:00  -  Run Local Usage
		Usr 0 00:00:08, Sys 0 00:00:03  -  Total Remote Usage
		Usr 0 00:00:00, Sys 0 00:00:00  -  Total Local Usage
	9964  -  Run Bytes Sent By Job
	1594  -  Run Bytes Received By Job
	9964  -  Total Bytes Sent By Job
	1594  -  Total Bytes Received By Job
	Partitionable Resources :    Usage  Request Allocated 
	   Cpus                 :                 1         1 
	   Disk (KB)            :       25        2    200549 
	   Memory (MB)          :        4     2000      2000 
...
