000 (1354458.000.000) 02/17 06:55:42 Job submitted from host: <137.138.44.55:9618?addrs=137.138.44.55-9618+[2001-1458-d00-1a--48]-9618&alias=bigbird17.cern.ch&noUDP&sock=schedd_1694_8585_188>
...
040 (1354458.000.000) 02/17 07:04:31 Started transferring input files
	Transferring to host: <188.185.105.199:9618?addrs=188.185.105.199-9618+[2001-1458-d00-3e--100-2bf]-9618&alias=b7g50s0456.cern.ch&noUDP&sock=slot1_4_11685_e3b4_26439>
...
040 (1354458.000.000) 02/17 07:04:31 Finished transferring input files
...
001 (1354458.000.000) 02/17 07:04:32 Job executing on host: <188.185.105.199:9618?addrs=188.185.105.199-9618+[2001-1458-d00-3e--100-2bf]-9618&alias=b7g50s0456.cern.ch&noUDP&sock=startd_15263_ba19>
...
006 (1354458.000.000) 02/17 07:04:41 Image size of job updated: 1157184
	407  -  MemoryUsage of job (MB)
	416428  -  ResidentSetSize of job (KB)
...
040 (1354458.000.000) 02/17 07:04:44 Started transferring output files
...
040 (1354458.000.000) 02/17 07:04:44 Finished transferring output files
...
005 (1354458.000.000) 02/17 07:04:45 Job terminated.
	(1) Normal termination (return value 139)
		Usr 0 00:00:07, Sys 0 00:00:01  -  Run Remote Usage
		Usr 0 00:00:00, Sys 0 00:00:00  -  Run Local Usage
		Usr 0 00:00:07, Sys 0 00:00:01  -  Total Remote Usage
		Usr 0 00:00:00, Sys 0 00:00:00  -  Total Local Usage
	9955  -  Run Bytes Sent By Job
	1552  -  Run Bytes Received By Job
	9955  -  Total Bytes Sent By Job
	1552  -  Total Bytes Received By Job
	Partitionable Resources :    Usage  Request Allocated 
	   Cpus                 :                 1         1 
	   Disk (KB)            :       25        2    541630 
	   Memory (MB)          :      407     2000      2000 
...
