000 (1355260.000.000) 02/17 07:41:40 Job submitted from host: <137.138.44.55:9618?addrs=137.138.44.55-9618+[2001-1458-d00-1a--48]-9618&alias=bigbird17.cern.ch&noUDP&sock=schedd_1694_8585_188>
...
040 (1355260.000.000) 02/17 07:41:52 Started transferring input files
	Transferring to host: <188.184.132.199:9618?addrs=188.184.132.199-9618+[2001-1458-301-a0--100-e5]-9618&noUDP&sock=14053_5c15_157479>
...
040 (1355260.000.000) 02/17 07:41:52 Finished transferring input files
...
001 (1355260.000.000) 02/17 07:41:53 Job executing on host: <188.184.132.199:9618?addrs=188.184.132.199-9618+[2001-1458-301-a0--100-e5]-9618&noUDP&sock=2425_ed41_3>
...
006 (1355260.000.000) 02/17 07:42:02 Image size of job updated: 240856
	175  -  MemoryUsage of job (MB)
	178588  -  ResidentSetSize of job (KB)
...
006 (1355260.000.000) 02/17 07:42:11 Image size of job updated: 246888
	175  -  MemoryUsage of job (MB)
	178588  -  ResidentSetSize of job (KB)
...
040 (1355260.000.000) 02/17 07:42:11 Started transferring output files
...
040 (1355260.000.000) 02/17 07:42:11 Finished transferring output files
...
005 (1355260.000.000) 02/17 07:42:11 Job terminated.
	(1) Normal termination (return value 0)
		Usr 0 00:00:09, Sys 0 00:00:01  -  Run Remote Usage
		Usr 0 00:00:00, Sys 0 00:00:00  -  Run Local Usage
		Usr 0 00:00:09, Sys 0 00:00:01  -  Total Remote Usage
		Usr 0 00:00:00, Sys 0 00:00:00  -  Total Local Usage
	8177  -  Run Bytes Sent By Job
	1523  -  Run Bytes Received By Job
	8177  -  Total Bytes Sent By Job
	1523  -  Total Bytes Received By Job
	Partitionable Resources :    Usage  Request Allocated 
	   Cpus                 :     0.29        1         1 
	   Disk (KB)            :    31           2    203625 
	   Memory (MB)          :   175        2000      2000 
...
