000 (1355165.000.000) 02/17 07:36:23 Job submitted from host: <137.138.44.55:9618?addrs=137.138.44.55-9618+[2001-1458-d00-1a--48]-9618&alias=bigbird17.cern.ch&noUDP&sock=schedd_1694_8585_188>
...
040 (1355165.000.000) 02/17 07:37:01 Started transferring input files
	Transferring to host: <128.142.105.123:9618?addrs=128.142.105.123-9618+[2001-1458-301-8b--100-160]-9618&alias=b7s03n0906.cern.ch&noUDP&sock=slot1_5_25474_7cc5_9434>
...
040 (1355165.000.000) 02/17 07:37:01 Finished transferring input files
...
001 (1355165.000.000) 02/17 07:37:02 Job executing on host: <128.142.105.123:9618?addrs=128.142.105.123-9618+[2001-1458-301-8b--100-160]-9618&alias=b7s03n0906.cern.ch&noUDP&sock=startd_1660_334d>
...
006 (1355165.000.000) 02/17 07:37:11 Image size of job updated: 2280
	2  -  MemoryUsage of job (MB)
	1876  -  ResidentSetSize of job (KB)
...
006 (1355165.000.000) 02/17 07:41:17 Image size of job updated: 777504
	2  -  MemoryUsage of job (MB)
	1876  -  ResidentSetSize of job (KB)
...
040 (1355165.000.000) 02/17 07:41:17 Started transferring output files
...
040 (1355165.000.000) 02/17 07:41:17 Finished transferring output files
...
005 (1355165.000.000) 02/17 07:41:18 Job terminated.
	(1) Normal termination (return value 0)
		Usr 0 00:01:54, Sys 0 00:00:02  -  Run Remote Usage
		Usr 0 00:00:00, Sys 0 00:00:00  -  Run Local Usage
		Usr 0 00:01:54, Sys 0 00:00:02  -  Total Remote Usage
		Usr 0 00:00:00, Sys 0 00:00:00  -  Total Local Usage
	13055  -  Run Bytes Sent By Job
	1564  -  Run Bytes Received By Job
	13055  -  Total Bytes Sent By Job
	1564  -  Total Bytes Received By Job
	Partitionable Resources :    Usage  Request Allocated 
	   Cpus                 :                 1         1 
	   Disk (KB)            :       27        2     94962 
	   Memory (MB)          :        2     2000      2000 
...
