000 (1355133.000.000) 02/17 07:34:43 Job submitted from host: <137.138.44.55:9618?addrs=137.138.44.55-9618+[2001-1458-d00-1a--48]-9618&alias=bigbird17.cern.ch&noUDP&sock=schedd_1694_8585_188>
...
040 (1355133.000.000) 02/17 07:36:55 Started transferring input files
	Transferring to host: <128.142.104.210:9618?addrs=128.142.104.210-9618+[2001-1458-301-8b--100-cf]-9618&alias=b7s03n0720.cern.ch&noUDP&sock=slot1_8_27445_3c35_9866>
...
040 (1355133.000.000) 02/17 07:36:55 Finished transferring input files
...
001 (1355133.000.000) 02/17 07:36:56 Job executing on host: <128.142.104.210:9618?addrs=128.142.104.210-9618+[2001-1458-301-8b--100-cf]-9618&alias=b7s03n0720.cern.ch&noUDP&sock=startd_2146_8e54>
...
006 (1355133.000.000) 02/17 07:37:05 Image size of job updated: 9484
	10  -  MemoryUsage of job (MB)
	9424  -  ResidentSetSize of job (KB)
...
006 (1355133.000.000) 02/17 07:39:38 Image size of job updated: 776216
	10  -  MemoryUsage of job (MB)
	9856  -  ResidentSetSize of job (KB)
...
040 (1355133.000.000) 02/17 07:39:38 Started transferring output files
...
040 (1355133.000.000) 02/17 07:39:38 Finished transferring output files
...
005 (1355133.000.000) 02/17 07:39:39 Job terminated.
	(1) Normal termination (return value 0)
		Usr 0 00:01:33, Sys 0 00:00:04  -  Run Remote Usage
		Usr 0 00:00:00, Sys 0 00:00:00  -  Run Local Usage
		Usr 0 00:01:33, Sys 0 00:00:04  -  Total Remote Usage
		Usr 0 00:00:00, Sys 0 00:00:00  -  Total Local Usage
	13054  -  Run Bytes Sent By Job
	1564  -  Run Bytes Received By Job
	13054  -  Total Bytes Sent By Job
	1564  -  Total Bytes Received By Job
	Partitionable Resources :    Usage  Request Allocated 
	   Cpus                 :                 1         1 
	   Disk (KB)            :       27        2    203682 
	   Memory (MB)          :       10     2000      2000 
...
