000 (1354901.000.000) 02/17 07:24:05 Job submitted from host: <137.138.44.55:9618?addrs=137.138.44.55-9618+[2001-1458-d00-1a--48]-9618&alias=bigbird17.cern.ch&noUDP&sock=schedd_1694_8585_188>
...
040 (1354901.000.000) 02/17 07:24:43 Started transferring input files
	Transferring to host: <128.142.116.108:9618?addrs=128.142.116.108-9618+[2001-1458-301-ae--100-591]-9618&alias=b7s06n3959.cern.ch&noUDP&sock=slot1_5_29672_5bb0_4579>
...
040 (1354901.000.000) 02/17 07:24:43 Finished transferring input files
...
001 (1354901.000.000) 02/17 07:24:44 Job executing on host: <128.142.116.108:9618?addrs=128.142.116.108-9618+[2001-1458-301-ae--100-591]-9618&alias=b7s06n3959.cern.ch&noUDP&sock=startd_16582_7384>
...
006 (1354901.000.000) 02/17 07:24:52 Image size of job updated: 236836
	173  -  MemoryUsage of job (MB)
	176608  -  ResidentSetSize of job (KB)
...
006 (1354901.000.000) 02/17 07:29:18 Image size of job updated: 782368
	173  -  MemoryUsage of job (MB)
	176608  -  ResidentSetSize of job (KB)
...
040 (1354901.000.000) 02/17 07:29:19 Started transferring output files
...
040 (1354901.000.000) 02/17 07:29:19 Finished transferring output files
...
005 (1354901.000.000) 02/17 07:29:19 Job terminated.
	(1) Normal termination (return value 0)
		Usr 0 00:03:16, Sys 0 00:00:02  -  Run Remote Usage
		Usr 0 00:00:00, Sys 0 00:00:00  -  Run Local Usage
		Usr 0 00:03:16, Sys 0 00:00:02  -  Total Remote Usage
		Usr 0 00:00:00, Sys 0 00:00:00  -  Total Local Usage
	12759  -  Run Bytes Sent By Job
	1417  -  Run Bytes Received By Job
	12759  -  Total Bytes Sent By Job
	1417  -  Total Bytes Received By Job
	Partitionable Resources :    Usage  Request Allocated 
	   Cpus                 :     0.83        1         1 
	   Disk (KB)            :    35           2    207616 
	   Memory (MB)          :   173        2000      2000 
...
