000 (1354541.000.000) 02/17 07:00:59 Job submitted from host: <137.138.44.55:9618?addrs=137.138.44.55-9618+[2001-1458-d00-1a--48]-9618&alias=bigbird17.cern.ch&noUDP&sock=schedd_1694_8585_188>
...
040 (1354541.000.000) 02/17 07:06:05 Started transferring input files
	Transferring to host: <188.185.105.102:9618?addrs=188.185.105.102-9618+[2001-1458-d00-3e--100-5e]-9618&alias=b7g50s1347.cern.ch&noUDP&sock=slot1_6_30083_f1e0_10111>
...
040 (1354541.000.000) 02/17 07:06:05 Finished transferring input files
...
001 (1354541.000.000) 02/17 07:06:06 Job executing on host: <188.185.105.102:9618?addrs=188.185.105.102-9618+[2001-1458-d00-3e--100-5e]-9618&alias=b7g50s1347.cern.ch&noUDP&sock=startd_18315_2525>
...
006 (1354541.000.000) 02/17 07:06:14 Image size of job updated: 924068
	290  -  MemoryUsage of job (MB)
	296072  -  ResidentSetSize of job (KB)
...
006 (1354541.000.000) 02/17 07:06:19 Image size of job updated: 924068
	290  -  MemoryUsage of job (MB)
	296196  -  ResidentSetSize of job (KB)
...
040 (1354541.000.000) 02/17 07:06:19 Started transferring output files
...
040 (1354541.000.000) 02/17 07:06:19 Finished transferring output files
...
005 (1354541.000.000) 02/17 07:06:19 Job terminated.
	(1) Normal termination (return value 139)
		Usr 0 00:00:07, Sys 0 00:00:01  -  Run Remote Usage
		Usr 0 00:00:00, Sys 0 00:00:00  -  Run Local Usage
		Usr 0 00:00:07, Sys 0 00:00:01  -  Total Remote Usage
		Usr 0 00:00:00, Sys 0 00:00:00  -  Total Local Usage
	9954  -  Run Bytes Sent By Job
	1554  -  Run Bytes Received By Job
	9954  -  Total Bytes Sent By Job
	1554  -  Total Bytes Received By Job
	Partitionable Resources :    Usage  Request Allocated 
	   Cpus                 :                 1         1 
	   Disk (KB)            :       25        2    573819 
	   Memory (MB)          :      290     2000      2000 
...
