000 (1354604.000.000) 02/17 07:06:00 Job submitted from host: <137.138.44.55:9618?addrs=137.138.44.55-9618+[2001-1458-d00-1a--48]-9618&alias=bigbird17.cern.ch&noUDP&sock=schedd_1694_8585_188>
...
040 (1354604.000.000) 02/17 07:09:24 Started transferring input files
	Transferring to host: <128.142.240.167:9618?addrs=128.142.240.167-9618+[2001-1458-301-9--100-c4]-9618&alias=b7g41n6568.cern.ch&noUDP&sock=slot1_9_11311_5f65_9604>
...
040 (1354604.000.000) 02/17 07:09:24 Finished transferring input files
...
001 (1354604.000.000) 02/17 07:09:25 Job executing on host: <128.142.240.167:9618?addrs=128.142.240.167-9618+[2001-1458-301-9--100-c4]-9618&alias=b7g41n6568.cern.ch&noUDP&sock=startd_6497_fae6>
...
006 (1354604.000.000) 02/17 07:09:33 Image size of job updated: 1061868
	33  -  MemoryUsage of job (MB)
	33352  -  ResidentSetSize of job (KB)
...
040 (1354604.000.000) 02/17 07:12:19 Started transferring output files
...
040 (1354604.000.000) 02/17 07:12:19 Finished transferring output files
...
005 (1354604.000.000) 02/17 07:12:19 Job terminated.
	(1) Normal termination (return value 0)
		Usr 0 00:01:40, Sys 0 00:00:02  -  Run Remote Usage
		Usr 0 00:00:00, Sys 0 00:00:00  -  Run Local Usage
		Usr 0 00:01:40, Sys 0 00:00:02  -  Total Remote Usage
		Usr 0 00:00:00, Sys 0 00:00:00  -  Total Local Usage
	7956  -  Run Bytes Sent By Job
	1555  -  Run Bytes Received By Job
	7956  -  Total Bytes Sent By Job
	1555  -  Total Bytes Received By Job
	Partitionable Resources :    Usage  Request Allocated 
	   Cpus                 :                 1         1 
	   Disk (KB)            :       22        2    323103 
	   Memory (MB)          :       33     2000      2000 
...
