000 (1354436.000.000) 02/17 06:54:06 Job submitted from host: <137.138.44.55:9618?addrs=137.138.44.55-9618+[2001-1458-d00-1a--48]-9618&alias=bigbird17.cern.ch&noUDP&sock=schedd_1694_8585_188>
...
040 (1354436.000.000) 02/17 07:04:21 Started transferring input files
	Transferring to host: <188.185.105.199:9618?addrs=188.185.105.199-9618+[2001-1458-d00-3e--100-2bf]-9618&alias=b7g50s0456.cern.ch&noUDP&sock=slot1_5_11685_e3b4_26436>
...
040 (1354436.000.000) 02/17 07:04:21 Finished transferring input files
...
001 (1354436.000.000) 02/17 07:04:22 Job executing on host: <188.185.105.199:9618?addrs=188.185.105.199-9618+[2001-1458-d00-3e--100-2bf]-9618&alias=b7g50s0456.cern.ch&noUDP&sock=startd_15263_ba19>
...
006 (1354436.000.000) 02/17 07:04:30 Image size of job updated: 622508
	145  -  MemoryUsage of job (MB)
	147760  -  ResidentSetSize of job (KB)
...
006 (1354436.000.000) 02/17 07:06:35 Image size of job updated: 825116
	145  -  MemoryUsage of job (MB)
	147760  -  ResidentSetSize of job (KB)
...
040 (1354436.000.000) 02/17 07:06:35 Started transferring output files
...
040 (1354436.000.000) 02/17 07:06:35 Finished transferring output files
...
005 (1354436.000.000) 02/17 07:06:35 Job terminated.
	(1) Normal termination (return value 0)
		Usr 0 00:01:07, Sys 0 00:00:01  -  Run Remote Usage
		Usr 0 00:00:00, Sys 0 00:00:00  -  Run Local Usage
		Usr 0 00:01:07, Sys 0 00:00:01  -  Total Remote Usage
		Usr 0 00:00:00, Sys 0 00:00:00  -  Total Local Usage
	7926  -  Run Bytes Sent By Job
	1524  -  Run Bytes Received By Job
	7926  -  Total Bytes Sent By Job
	1524  -  Total Bytes Received By Job
	Partitionable Resources :    Usage  Request Allocated 
	   Cpus                 :     0.75        1         1 
	   Disk (KB)            :    29           2    541670 
	   Memory (MB)          :   145        2000      2000 
...
