000 (1355056.000.000) 02/17 07:31:36 Job submitted from host: <137.138.44.55:9618?addrs=137.138.44.55-9618+[2001-1458-d00-1a--48]-9618&alias=bigbird17.cern.ch&noUDP&sock=schedd_1694_8585_188>
...
040 (1355056.000.000) 02/17 07:31:51 Started transferring input files
	Transferring to host: <128.142.116.135:9618?addrs=128.142.116.135-9618+[2001-1458-301-ae--100-417]-9618&noUDP&sock=17900_eb51_56542>
...
040 (1355056.000.000) 02/17 07:31:51 Finished transferring input files
...
001 (1355056.000.000) 02/17 07:31:52 Job executing on host: <128.142.116.135:9618?addrs=128.142.116.135-9618+[2001-1458-301-ae--100-417]-9618&noUDP&sock=17747_8b5a_3>
...
006 (1355056.000.000) 02/17 07:32:01 Image size of job updated: 239572
	175  -  MemoryUsage of job (MB)
	179100  -  ResidentSetSize of job (KB)
...
006 (1355056.000.000) 02/17 07:34:22 Image size of job updated: 334484
	175  -  MemoryUsage of job (MB)
	179100  -  ResidentSetSize of job (KB)
...
040 (1355056.000.000) 02/17 07:34:22 Started transferring output files
...
040 (1355056.000.000) 02/17 07:34:22 Finished transferring output files
...
005 (1355056.000.000) 02/17 07:34:22 Job terminated.
	(1) Normal termination (return value 0)
		Usr 0 00:01:49, Sys 0 00:00:02  -  Run Remote Usage
		Usr 0 00:00:00, Sys 0 00:00:00  -  Run Local Usage
		Usr 0 00:01:49, Sys 0 00:00:02  -  Total Remote Usage
		Usr 0 00:00:00, Sys 0 00:00:00  -  Total Local Usage
	13014  -  Run Bytes Sent By Job
	1523  -  Run Bytes Received By Job
	13014  -  Total Bytes Sent By Job
	1523  -  Total Bytes Received By Job
	Partitionable Resources :    Usage  Request Allocated 
	   Cpus                 :     0.76        1         1 
	   Disk (KB)            :    36           2    208315 
	   Memory (MB)          :   175        2000      2000 
...
