000 (1355156.000.000) 02/17 07:35:53 Job submitted from host: <137.138.44.55:9618?addrs=137.138.44.55-9618+[2001-1458-d00-1a--48]-9618&alias=bigbird17.cern.ch&noUDP&sock=schedd_1694_8585_188>
...
040 (1355156.000.000) 02/17 07:37:00 Started transferring input files
	Transferring to host: <128.142.121.114:9618?addrs=128.142.121.114-9618+[2001-1458-301-b5--100-f3]-9618&noUDP&sock=2604_80e3_160572>
...
040 (1355156.000.000) 02/17 07:37:00 Finished transferring input files
...
001 (1355156.000.000) 02/17 07:37:01 Job executing on host: <128.142.121.114:9618?addrs=128.142.121.114-9618+[2001-1458-301-b5--100-f3]-9618&noUDP&sock=1306_62c6_3>
...
006 (1355156.000.000) 02/17 07:37:10 Image size of job updated: 2168
	2  -  MemoryUsage of job (MB)
	1920  -  ResidentSetSize of job (KB)
...
006 (1355156.000.000) 02/17 07:40:48 Image size of job updated: 361744
	2  -  MemoryUsage of job (MB)
	1920  -  ResidentSetSize of job (KB)
...
040 (1355156.000.000) 02/17 07:40:48 Started transferring output files
...
040 (1355156.000.000) 02/17 07:40:48 Finished transferring output files
...
005 (1355156.000.000) 02/17 07:40:48 Job terminated.
	(1) Normal termination (return value 0)
		Usr 0 00:01:49, Sys 0 00:00:02  -  Run Remote Usage
		Usr 0 00:00:00, Sys 0 00:00:00  -  Run Local Usage
		Usr 0 00:01:49, Sys 0 00:00:02  -  Total Remote Usage
		Usr 0 00:00:00, Sys 0 00:00:00  -  Total Local Usage
	13055  -  Run Bytes Sent By Job
	1564  -  Run Bytes Received By Job
	13055  -  Total Bytes Sent By Job
	1564  -  Total Bytes Received By Job
	Partitionable Resources :    Usage  Request Allocated 
	   Cpus                 :     0.32        1         1 
	   Disk (KB)            :    36           2    207187 
	   Memory (MB)          :     2        2000      2000 
...
