000 (1355058.000.000) 02/17 07:31:39 Job submitted from host: <137.138.44.55:9618?addrs=137.138.44.55-9618+[2001-1458-d00-1a--48]-9618&alias=bigbird17.cern.ch&noUDP&sock=schedd_1694_8585_188>
...
040 (1355058.000.000) 02/17 07:31:55 Started transferring input files
	Transferring to host: <128.142.104.158:9618?addrs=128.142.104.158-9618+[2001-1458-301-8b--100-79]-9618&noUDP&sock=27190_908b_161476>
...
040 (1355058.000.000) 02/17 07:31:55 Finished transferring input files
...
001 (1355058.000.000) 02/17 07:31:56 Job executing on host: <128.142.104.158:9618?addrs=128.142.104.158-9618+[2001-1458-301-8b--100-79]-9618&noUDP&sock=1303_53fe_3>
...
006 (1355058.000.000) 02/17 07:32:05 Image size of job updated: 239720
	176  -  MemoryUsage of job (MB)
	179248  -  ResidentSetSize of job (KB)
...
040 (1355058.000.000) 02/17 07:35:00 Started transferring output files
...
040 (1355058.000.000) 02/17 07:35:00 Finished transferring output files
...
005 (1355058.000.000) 02/17 07:35:00 Job terminated.
	(1) Normal termination (return value 0)
		Usr 0 00:02:06, Sys 0 00:00:02  -  Run Remote Usage
		Usr 0 00:00:00, Sys 0 00:00:00  -  Run Local Usage
		Usr 0 00:02:06, Sys 0 00:00:02  -  Total Remote Usage
		Usr 0 00:00:00, Sys 0 00:00:00  -  Total Local Usage
	13014  -  Run Bytes Sent By Job
	1523  -  Run Bytes Received By Job
	13014  -  Total Bytes Sent By Job
	1523  -  Total Bytes Received By Job
	Partitionable Resources :    Usage  Request Allocated 
	   Cpus                 :     0.63        1         1 
	   Disk (KB)            :    36           2    105888 
	   Memory (MB)          :   176        2000      2000 
...
