000 (1354593.000.000) 02/17 07:04:58 Job submitted from host: <137.138.44.55:9618?addrs=137.138.44.55-9618+[2001-1458-d00-1a--48]-9618&alias=bigbird17.cern.ch&noUDP&sock=schedd_1694_8585_188>
...
040 (1354593.000.000) 02/17 07:07:58 Started transferring input files
	Transferring to host: <128.142.85.76:9618?addrs=128.142.85.76-9618+[2001-1458-301-f6--100-1d8]-9618&noUDP&sock=16775_4143_28832>
...
040 (1354593.000.000) 02/17 07:07:58 Finished transferring input files
...
001 (1354593.000.000) 02/17 07:07:59 Job executing on host: <128.142.85.76:9618?addrs=128.142.85.76-9618+[2001-1458-301-f6--100-1d8]-9618&noUDP&sock=16618_24ed_3>
...
006 (1354593.000.000) 02/17 07:08:09 Image size of job updated: 236744
	173  -  MemoryUsage of job (MB)
	176276  -  ResidentSetSize of job (KB)
...
006 (1354593.000.000) 02/17 07:10:30 Image size of job updated: 390732
	173  -  MemoryUsage of job (MB)
	176276  -  ResidentSetSize of job (KB)
...
040 (1354593.000.000) 02/17 07:10:30 Started transferring output files
...
040 (1354593.000.000) 02/17 07:10:30 Finished transferring output files
...
005 (1354593.000.000) 02/17 07:10:30 Job terminated.
	(1) Normal termination (return value 0)
		Usr 0 00:01:48, Sys 0 00:00:02  -  Run Remote Usage
		Usr 0 00:00:00, Sys 0 00:00:00  -  Run Local Usage
		Usr 0 00:01:48, Sys 0 00:00:02  -  Total Remote Usage
		Usr 0 00:00:00, Sys 0 00:00:00  -  Total Local Usage
	7956  -  Run Bytes Sent By Job
	1555  -  Run Bytes Received By Job
	7956  -  Total Bytes Sent By Job
	1555  -  Total Bytes Received By Job
	Partitionable Resources :    Usage  Request Allocated 
	   Cpus                 :     0.92        1         1 
	   Disk (KB)            :    31           2    260585 
	   Memory (MB)          :   173        2000      2000 
...
