000 (1354877.000.000) 02/17 07:22:44 Job submitted from host: <137.138.44.55:9618?addrs=137.138.44.55-9618+[2001-1458-d00-1a--48]-9618&alias=bigbird17.cern.ch&noUDP&sock=schedd_1694_8585_188>
...
040 (1354877.000.000) 02/17 07:23:08 Started transferring input files
	Transferring to host: <128.142.116.237:9618?addrs=128.142.116.237-9618+[2001-1458-301-ae--100-221]-9618&alias=b7s06n3581.cern.ch&noUDP&sock=slot1_7_20937_c2ac_3927>
...
040 (1354877.000.000) 02/17 07:23:08 Finished transferring input files
...
001 (1354877.000.000) 02/17 07:23:09 Job executing on host: <128.142.116.237:9618?addrs=128.142.116.237-9618+[2001-1458-301-ae--100-221]-9618&alias=b7s06n3581.cern.ch&noUDP&sock=startd_16854_0547>
...
006 (1354877.000.000) 02/17 07:23:18 Image size of job updated: 542780
	172  -  MemoryUsage of job (MB)
	175252  -  ResidentSetSize of job (KB)
...
006 (1354877.000.000) 02/17 07:26:01 Image size of job updated: 826356
	172  -  MemoryUsage of job (MB)
	175252  -  ResidentSetSize of job (KB)
...
040 (1354877.000.000) 02/17 07:26:01 Started transferring output files
...
040 (1354877.000.000) 02/17 07:26:01 Finished transferring output files
...
005 (1354877.000.000) 02/17 07:26:01 Job terminated.
	(1) Normal termination (return value 0)
		Usr 0 00:01:58, Sys 0 00:00:02  -  Run Remote Usage
		Usr 0 00:00:00, Sys 0 00:00:00  -  Run Local Usage
		Usr 0 00:01:58, Sys 0 00:00:02  -  Total Remote Usage
		Usr 0 00:00:00, Sys 0 00:00:00  -  Total Local Usage
	7996  -  Run Bytes Sent By Job
	1594  -  Run Bytes Received By Job
	7996  -  Total Bytes Sent By Job
	1594  -  Total Bytes Received By Job
	Partitionable Resources :    Usage  Request Allocated 
	   Cpus                 :     0.80        1         1 
	   Disk (KB)            :    30           2    174832 
	   Memory (MB)          :   172        2000      2000 
...
