000 (1355282.000.000) 02/17 07:42:28 Job submitted from host: <137.138.44.55:9618?addrs=137.138.44.55-9618+[2001-1458-d00-1a--48]-9618&alias=bigbird17.cern.ch&noUDP&sock=schedd_1694_8585_188>
...
040 (1355282.000.000) 02/17 07:43:21 Started transferring input files
	Transferring to host: <128.142.126.149:9618?addrs=128.142.126.149-9618+[2001-1458-301-c3--100-184]-9618&noUDP&sock=22838_2fda_157138>
...
040 (1355282.000.000) 02/17 07:43:21 Finished transferring input files
...
001 (1355282.000.000) 02/17 07:43:22 Job executing on host: <128.142.126.149:9618?addrs=128.142.126.149-9618+[2001-1458-301-c3--100-184]-9618&noUDP&sock=1310_2127_3>
...
006 (1355282.000.000) 02/17 07:43:31 Image size of job updated: 230808
	167  -  MemoryUsage of job (MB)
	170344  -  ResidentSetSize of job (KB)
...
006 (1355282.000.000) 02/17 07:43:44 Image size of job updated: 247240
	167  -  MemoryUsage of job (MB)
	170344  -  ResidentSetSize of job (KB)
...
040 (1355282.000.000) 02/17 07:43:44 Started transferring output files
...
040 (1355282.000.000) 02/17 07:43:44 Finished transferring output files
...
005 (1355282.000.000) 02/17 07:43:44 Job terminated.
	(1) Normal termination (return value 0)
		Usr 0 00:00:09, Sys 0 00:00:01  -  Run Remote Usage
		Usr 0 00:00:00, Sys 0 00:00:00  -  Run Local Usage
		Usr 0 00:00:09, Sys 0 00:00:01  -  Total Remote Usage
		Usr 0 00:00:00, Sys 0 00:00:00  -  Total Local Usage
	8143  -  Run Bytes Sent By Job
	1488  -  Run Bytes Received By Job
	8143  -  Total Bytes Sent By Job
	1488  -  Total Bytes Received By Job
	Partitionable Resources :    Usage  Request Allocated 
	   Cpus                 :     0.07        1         1 
	   Disk (KB)            :    31           2    200085 
	   Memory (MB)          :   167        2000      2000 
...
