/pool/condor/dir_31535
first entry of known_dtags_info: Data13TeV_SingleElectron2016
first entry of known_dtags_info: Data13TeV_SingleMuon2016
first entry of known_dtags_info: Data2017legacy
first entry of known_dtags_info: MC2016_Summer16_DYJetsToLL_50toInf_madgraph
first entry of known_dtags_info: MC2016_Summer16_QCD_HT-100-200
first entry of known_dtags_info: MC2016_Summer16_QCD_HT-1000-1500
first entry of known_dtags_info: MC2016_Summer16_QCD_HT-1500-2000
first entry of known_dtags_info: MC2016_Summer16_QCD_HT-200-300
first entry of known_dtags_info: MC2016_Summer16_QCD_HT-2000-Inf
first entry of known_dtags_info: MC2016_Summer16_QCD_HT-300-500
first entry of known_dtags_info: MC2016_Summer16_QCD_HT-500-700
first entry of known_dtags_info: MC2016_Summer16_QCD_HT-700-1000
first entry of known_dtags_info: MC2016_Summer16_SingleT_tW_5FS_powheg
first entry of known_dtags_info: MC2016_Summer16_SingleTbar_tW_5FS_powheg
first entry of known_dtags_info: MC2016_Summer16_TTJets_powheg
first entry of known_dtags_info: MC2016_Summer16_W1Jets_madgraph
first entry of known_dtags_info: MC2016_Summer16_W2Jets_madgraph
first entry of known_dtags_info: MC2016_Summer16_W3Jets_madgraph
first entry of known_dtags_info: MC2016_Summer16_W4Jets_madgraph
first entry of known_dtags_info: MC2016_Summer16_WJets_madgraph
first entry of known_dtags_info: MC2017_Fall17_DYJetsToLL_50toInf
first entry of known_dtags_info: MC2017_Fall17_TTTo2L2Nu
first entry of known_dtags_info: MC2017_Fall17_TTToHadronic_13TeV
first entry of known_dtags_info: MC2017_Fall17_TTToSemileptonic_13TeV
