do_WNJets_stitching << " " << output_filename = 0 ./jobsums/distrs//94v27/hists_2//TTToHadronic_TuneCP5_13TeV-powheg-pythia8//5_10.root
main_dtag << " : " << main_dtag_info.cross_section = MC2017_Fall17_TTToHadronic_13TeV : 380.094
Do not know a systematic TAUIDUp
Do not know a systematic TAUIDDown
Do not know a systematic PUUp
Do not know a systematic PUDown
Do not know a systematic bSFUp
Do not know a systematic bSFDown
Do not know a systematic LEPelIDUp
Do not know a systematic LEPelIDDown
Do not know a systematic LEPelTRGUp
Do not know a systematic LEPelTRGDown
Do not know a systematic LEPmuIDUp
Do not know a systematic LEPmuIDDown
Do not know a systematic LEPmuTRGUp
Do not know a systematic LEPmuTRGDown
Do not know a systematic TOPPTDown
Do not know a systematic TOPPTUp
Do not know a systematic FragUp
Do not know a systematic FragDown
Do not know a systematic SemilepBRUp
Do not know a systematic SemilepBRDown
Do not know a systematic PetersonUp
Do not know a systematic PetersonDown
Do not know a systematic MrUp
Do not know a systematic MrDown
Do not know a systematic MfUp
Do not know a systematic MfDown
Do not know a systematic MfrUp
Do not know a systematic MfrDown
Do not know a systematic AlphaSUp
Do not know a systematic AlphaSDown
Do not know a systematic PDFCT14n1Up
Do not know a systematic PDFCT14n2Up
Do not know a systematic PDFCT14n3Up
Do not know a systematic PDFCT14n4Up
Do not know a systematic PDFCT14n5Up
Do not know a systematic PDFCT14n6Up
Do not know a systematic PDFCT14n7Up
Do not know a systematic PDFCT14n8Up
Do not know a systematic PDFCT14n9Up
Do not know a systematic PDFCT14n10Up
Do not know a systematic PDFCT14n11Up
Do not know a systematic PDFCT14n12Up
Do not know a systematic PDFCT14n13Up
Do not know a systematic PDFCT14n14Up
Do not know a systematic PDFCT14n15Up
Do not know a systematic PDFCT14n16Up
Do not know a systematic PDFCT14n17Up
Do not know a systematic PDFCT14n18Up
Do not know a systematic PDFCT14n19Up
Do not know a systematic PDFCT14n20Up
Do not know a systematic PDFCT14n21Up
Do not know a systematic PDFCT14n22Up
Do not know a systematic PDFCT14n23Up
Do not know a systematic PDFCT14n24Up
Do not know a systematic PDFCT14n25Up
Do not know a systematic PDFCT14n26Up
Do not know a systematic PDFCT14n27Up
Do not know a systematic PDFCT14n28Up
Do not know a systematic PDFCT14n29Up
Do not know a systematic PDFCT14n30Up
Do not know a systematic PDFCT14n31Up
Do not know a systematic PDFCT14n32Up
Do not know a systematic PDFCT14n33Up
Do not know a systematic PDFCT14n34Up
Do not know a systematic PDFCT14n35Up
Do not know a systematic PDFCT14n36Up
Do not know a systematic PDFCT14n37Up
Do not know a systematic PDFCT14n38Up
Do not know a systematic PDFCT14n39Up
Do not know a systematic PDFCT14n40Up
Do not know a systematic PDFCT14n41Up
Do not know a systematic PDFCT14n42Up
Do not know a systematic PDFCT14n43Up
Do not know a systematic PDFCT14n44Up
Do not know a systematic PDFCT14n45Up
Do not know a systematic PDFCT14n46Up
Do not know a systematic PDFCT14n47Up
Do not know a systematic PDFCT14n48Up
Do not know a systematic PDFCT14n49Up
Do not know a systematic PDFCT14n50Up
Do not know a systematic PDFCT14n51Up
Do not know a systematic PDFCT14n52Up
Do not know a systematic PDFCT14n53Up
Do not know a systematic PDFCT14n54Up
Do not know a systematic PDFCT14n55Up
Do not know a systematic PDFCT14n56Up
Do not know a systematic PDFCT14n1Down
Do not know a systematic PDFCT14n2Down
Do not know a systematic PDFCT14n3Down
Do not know a systematic PDFCT14n4Down
Do not know a systematic PDFCT14n5Down
Do not know a systematic PDFCT14n6Down
Do not know a systematic PDFCT14n7Down
Do not know a systematic PDFCT14n8Down
Do not know a systematic PDFCT14n9Down
Do not know a systematic PDFCT14n10Down
Do not know a systematic PDFCT14n11Down
Do not know a systematic PDFCT14n12Down
Do not know a systematic PDFCT14n13Down
Do not know a systematic PDFCT14n14Down
Do not know a systematic PDFCT14n15Down
Do not know a systematic PDFCT14n16Down
Do not know a systematic PDFCT14n17Down
Do not know a systematic PDFCT14n18Down
Do not know a systematic PDFCT14n19Down
Do not know a systematic PDFCT14n20Down
Do not know a systematic PDFCT14n21Down
Do not know a systematic PDFCT14n22Down
Do not know a systematic PDFCT14n23Down
Do not know a systematic PDFCT14n24Down
Do not know a systematic PDFCT14n25Down
Do not know a systematic PDFCT14n26Down
Do not know a systematic PDFCT14n27Down
Do not know a systematic PDFCT14n28Down
Do not know a systematic PDFCT14n29Down
Do not know a systematic PDFCT14n30Down
Do not know a systematic PDFCT14n31Down
Do not know a systematic PDFCT14n32Down
Do not know a systematic PDFCT14n33Down
Do not know a systematic PDFCT14n34Down
Do not know a systematic PDFCT14n35Down
Do not know a systematic PDFCT14n36Down
Do not know a systematic PDFCT14n37Down
Do not know a systematic PDFCT14n38Down
Do not know a systematic PDFCT14n39Down
Do not know a systematic PDFCT14n40Down
Do not know a systematic PDFCT14n41Down
Do not know a systematic PDFCT14n42Down
Do not know a systematic PDFCT14n43Down
Do not know a systematic PDFCT14n44Down
Do not know a systematic PDFCT14n45Down
Do not know a systematic PDFCT14n46Down
Do not know a systematic PDFCT14n47Down
Do not know a systematic PDFCT14n48Down
Do not know a systematic PDFCT14n49Down
Do not know a systematic PDFCT14n50Down
Do not know a systematic PDFCT14n51Down
Do not know a systematic PDFCT14n52Down
Do not know a systematic PDFCT14n53Down
Do not know a systematic PDFCT14n54Down
Do not know a systematic PDFCT14n55Down
Do not know a systematic PDFCT14n56Down
n_systs_made << " " << n_chans_made << " " << n_procs_made << " " << n_distrs_made = 7 154 2086 6006
cur_var << " " << input_filename = 0 /eos/user/a/asikdar//94v27/TTToHadronic_TuneCP5_13TeV-powheg-pythia8/Ntupler_94v27_MC2017_Fall17_TTToHadronic_13TeV/210209_100516/0000/MC2017_Fall17_TTToHadronic_13TeV_144.root
cur_var << " " << input_filename = 1 /eos/user/a/asikdar//94v27/TTToHadronic_TuneCP5_13TeV-powheg-pythia8/Ntupler_94v27_MC2017_Fall17_TTToHadronic_13TeV/210209_100516/0000/MC2017_Fall17_TTToHadronic_13TeV_145.root
cur_var << " " << input_filename = 2 /eos/user/a/asikdar//94v27/TTToHadronic_TuneCP5_13TeV-powheg-pythia8/Ntupler_94v27_MC2017_Fall17_TTToHadronic_13TeV/210209_100516/0000/MC2017_Fall17_TTToHadronic_13TeV_146.root
cur_var << " " << input_filename = 3 /eos/user/a/asikdar//94v27/TTToHadronic_TuneCP5_13TeV-powheg-pythia8/Ntupler_94v27_MC2017_Fall17_TTToHadronic_13TeV/210209_100516/0000/MC2017_Fall17_TTToHadronic_13TeV_147.root
cur_var << " " << input_filename = 4 /eos/user/a/asikdar//94v27/TTToHadronic_TuneCP5_13TeV-powheg-pythia8/Ntupler_94v27_MC2017_Fall17_TTToHadronic_13TeV/210209_100516/0000/MC2017_Fall17_TTToHadronic_13TeV_148.root
