do_WNJets_stitching << " " << output_filename = 0 ./jobsums/distrs//94v27/hists_2//DYJetsToLL_M-50_TuneCP5_13TeV-amcatnloFXFX-pythia8//5_155.root
main_dtag << " : " << main_dtag_info.cross_section = MC2017_Fall17_DYJetsToLL_50toInf : 6225.42
Do not know a systematic TAUIDUp
Do not know a systematic TAUIDDown
Do not know a systematic PUUp
Do not know a systematic PUDown
Do not know a systematic bSFUp
Do not know a systematic bSFDown
Do not know a systematic LEPelIDUp
Do not know a systematic LEPelIDDown
Do not know a systematic LEPelTRGUp
Do not know a systematic LEPelTRGDown
Do not know a systematic LEPmuIDUp
Do not know a systematic LEPmuIDDown
Do not know a systematic LEPmuTRGUp
Do not know a systematic LEPmuTRGDown
n_systs_made << " " << n_chans_made << " " << n_procs_made << " " << n_distrs_made = 7 154 1820 3080
cur_var << " " << input_filename = 0 /eos/user/a/asikdar//94v27/DYJetsToLL_M-50_TuneCP5_13TeV-amcatnloFXFX-pythia8/Ntupler_94v27_MC2017_Fall17_DYJetsToLL_50toInf_ext/210209_095616/0000/MC2017_Fall17_DYJetsToLL_50toInf_ext_66.root

 *** Break *** segmentation violation



===========================================================
There was a crash.
This is the entire stack trace of all threads:
===========================================================
#0  0x00002ada70ded4fc in waitpid () from /lib64/libc.so.6
#1  0x00002ada70d6afb2 in do_system () from /lib64/libc.so.6
#2  0x00002ada6f027c9b in TUnixSystem::StackTrace() () from /cvmfs/cms.cern.ch/slc7_amd64_gcc700/cms/cmssw/CMSSW_10_3_3/external/slc7_amd64_gcc700/lib/libCore.so
#3  0x00002ada6f02a2dc in TUnixSystem::DispatchSignals(ESignals) () from /cvmfs/cms.cern.ch/slc7_amd64_gcc700/cms/cmssw/CMSSW_10_3_3/external/slc7_amd64_gcc700/lib/libCore.so
#4  <signal handler called>
#5  0x00002ada6a117ac3 in NT_calc_tau_sv_sign_geom (sys=NOMINAL) at /afs/cern.ch/work/a/asikdar/public/LeptonUniversalityTest/CMSSW_10_3_3/src/UserCode/processing_ntuples/src/ntuple_ntupler.cpp:514
#6  0x00002ada6a117b0d in NT_distr_tau_sv_sign (sys=NOMINAL) at /afs/cern.ch/work/a/asikdar/public/LeptonUniversalityTest/CMSSW_10_3_3/src/UserCode/processing_ntuples/src/ntuple_ntupler.cpp:527
#7  0x0000000000438a8f in event_loop (NT_output_ttree=0x520e900, distrs_to_record=..., skip_nup5_events=false, isMC=true) at /afs/cern.ch/work/a/asikdar/public/LeptonUniversalityTest/CMSSW_10_3_3/src/UserCode/processing_ntuples/bin/sumup_loop.C:688
#8  0x000000000043b9d2 in main (argc=5, argv=0x7ffcbc553410) at /afs/cern.ch/work/a/asikdar/public/LeptonUniversalityTest/CMSSW_10_3_3/src/UserCode/processing_ntuples/bin/sumup_loop.C:1124
===========================================================


The lines below might hint at the cause of the crash.
You may get help by asking at the ROOT forum http://root.cern.ch/forum.
Only if you are really convinced it is a bug in ROOT then please submit a
report at http://root.cern.ch/bugs. Please post the ENTIRE stack trace
from above as an attachment in addition to anything else
that might help us fixing this issue.
===========================================================
#5  0x00002ada6a117ac3 in NT_calc_tau_sv_sign_geom (sys=NOMINAL) at /afs/cern.ch/work/a/asikdar/public/LeptonUniversalityTest/CMSSW_10_3_3/src/UserCode/processing_ntuples/src/ntuple_ntupler.cpp:514
#6  0x00002ada6a117b0d in NT_distr_tau_sv_sign (sys=NOMINAL) at /afs/cern.ch/work/a/asikdar/public/LeptonUniversalityTest/CMSSW_10_3_3/src/UserCode/processing_ntuples/src/ntuple_ntupler.cpp:527
#7  0x0000000000438a8f in event_loop (NT_output_ttree=0x520e900, distrs_to_record=..., skip_nup5_events=false, isMC=true) at /afs/cern.ch/work/a/asikdar/public/LeptonUniversalityTest/CMSSW_10_3_3/src/UserCode/processing_ntuples/bin/sumup_loop.C:688
#8  0x000000000043b9d2 in main (argc=5, argv=0x7ffcbc553410) at /afs/cern.ch/work/a/asikdar/public/LeptonUniversalityTest/CMSSW_10_3_3/src/UserCode/processing_ntuples/bin/sumup_loop.C:1124
===========================================================


